2022-03-22 14:25:36.251 INFO  --- [main] com.mt.demo2.RunApplication : Starting RunApplication on wuhaotiandeMacBook-Pro.local with PID 1756 (/Users/wuhaotian/Desktop/monitor-server/target/classes started by wuhaotian in /Users/wuhaotian/Desktop/monitor-server)
2022-03-22 14:25:36.258 INFO  --- [main] com.mt.demo2.RunApplication : No active profile set, falling back to default profiles: default
2022-03-22 14:25:38.876 INFO  --- [main] org.springframework.boot.web.embedded.tomcat.TomcatWebServer : Tomcat initialized with port(s): 9010 (http)
2022-03-22 14:25:38.888 INFO  --- [main] org.apache.coyote.http11.Http11NioProtocol : Initializing ProtocolHandler ["http-nio-9010"]
2022-03-22 14:25:38.889 INFO  --- [main] org.apache.catalina.core.StandardService : Starting service [Tomcat]
2022-03-22 14:25:38.890 INFO  --- [main] org.apache.catalina.core.StandardEngine : Starting Servlet engine: [Apache Tomcat/9.0.36]
2022-03-22 14:25:39.015 INFO  --- [main] org.apache.catalina.core.ContainerBase.[Tomcat].[localhost].[/] : Initializing Spring embedded WebApplicationContext
2022-03-22 14:25:39.015 INFO  --- [main] org.springframework.boot.web.servlet.context.ServletWebServerApplicationContext : Root WebApplicationContext: initialization completed in 2576 ms
2022-03-22 14:25:39.338 INFO  --- [main] com.zaxxer.hikari.HikariDataSource : base - Starting...
2022-03-22 14:25:40.369 INFO  --- [main] com.zaxxer.hikari.HikariDataSource : base - Start completed.
2022-03-22 14:25:40.370 INFO  --- [main] com.baomidou.dynamic.datasource.DynamicRoutingDataSource : dynamic-datasource - load a datasource named [base] success
2022-03-22 14:25:40.370 INFO  --- [main] com.baomidou.dynamic.datasource.DynamicRoutingDataSource : dynamic-datasource initial loaded [1] datasource,primary datasource named [base]
2022-03-22 14:25:41.003 ERROR --- [main] com.baomidou.mybatisplus.core.MybatisConfiguration : mapper[com.mt.dictionary.mapper.DictionaryMapper.getListOne] is ignored, because it exists, maybe from xml file
2022-03-22 14:25:41.418 INFO  --- [main] org.springframework.scheduling.concurrent.ThreadPoolTaskExecutor : Initializing ExecutorService 'applicationTaskExecutor'
2022-03-22 14:25:41.739 INFO  --- [main] org.quartz.impl.StdSchedulerFactory : Using default implementation for ThreadExecutor
2022-03-22 14:25:41.754 INFO  --- [main] org.quartz.core.SchedulerSignalerImpl : Initialized Scheduler Signaller of type: class org.quartz.core.SchedulerSignalerImpl
2022-03-22 14:25:41.755 INFO  --- [main] org.quartz.core.QuartzScheduler : Quartz Scheduler v.2.3.0 created.
2022-03-22 14:25:41.756 INFO  --- [main] org.quartz.simpl.RAMJobStore : RAMJobStore initialized.
2022-03-22 14:25:41.757 INFO  --- [main] org.quartz.core.QuartzScheduler : Scheduler meta-data: Quartz Scheduler (v2.3.0) 'quartzScheduler' with instanceId 'NON_CLUSTERED'
  Scheduler class: 'org.quartz.core.QuartzScheduler' - running locally.
  NOT STARTED.
  Currently in standby mode.
  Number of jobs executed: 0
  Using thread pool 'org.quartz.simpl.SimpleThreadPool' - with 10 threads.
  Using job-store 'org.quartz.simpl.RAMJobStore' - which does not support persistence. and is not clustered.

2022-03-22 14:25:41.757 INFO  --- [main] org.quartz.impl.StdSchedulerFactory : Quartz scheduler 'quartzScheduler' initialized from an externally provided properties instance.
2022-03-22 14:25:41.757 INFO  --- [main] org.quartz.impl.StdSchedulerFactory : Quartz scheduler version: 2.3.0
2022-03-22 14:25:41.757 INFO  --- [main] org.quartz.core.QuartzScheduler : JobFactory set to: org.springframework.scheduling.quartz.SpringBeanJobFactory@79e7188e
2022-03-22 14:25:41.810 INFO  --- [main] org.springframework.boot.autoconfigure.security.servlet.UserDetailsServiceAutoConfiguration : 

Using generated security password: 966f2789-7bf4-487d-953e-57141522440f

2022-03-22 14:25:42.144 INFO  --- [main] org.springframework.security.web.DefaultSecurityFilterChain : Creating filter chain: any request, [org.springframework.security.web.context.request.async.WebAsyncManagerIntegrationFilter@35e98af, org.springframework.security.web.context.SecurityContextPersistenceFilter@528c8c1, org.springframework.security.web.header.HeaderWriterFilter@5e50df2e, org.springframework.security.web.authentication.logout.LogoutFilter@601eb4af, org.springframework.security.oauth2.provider.authentication.OAuth2AuthenticationProcessingFilter@1f536481, org.springframework.security.web.savedrequest.RequestCacheAwareFilter@1c046c92, org.springframework.security.web.servletapi.SecurityContextHolderAwareRequestFilter@1f84327b, org.springframework.security.web.authentication.AnonymousAuthenticationFilter@781aff8b, org.springframework.security.web.session.SessionManagementFilter@613f7eb7, org.springframework.security.web.access.ExceptionTranslationFilter@3375ebd3, org.springframework.security.web.access.intercept.FilterSecurityInterceptor@1142d377]
2022-03-22 14:25:42.212 INFO  --- [main] org.apache.coyote.http11.Http11NioProtocol : Starting ProtocolHandler ["http-nio-9010"]
2022-03-22 14:25:42.248 INFO  --- [main] org.springframework.boot.web.embedded.tomcat.TomcatWebServer : Tomcat started on port(s): 9010 (http) with context path ''
2022-03-22 14:25:42.250 INFO  --- [main] org.springframework.scheduling.quartz.SchedulerFactoryBean : Starting Quartz Scheduler now
2022-03-22 14:25:42.250 INFO  --- [main] org.quartz.core.QuartzScheduler : Scheduler quartzScheduler_$_NON_CLUSTERED started.
2022-03-22 14:25:42.261 INFO  --- [main] com.mt.demo2.RunApplication : Started RunApplication in 7.975 seconds (JVM running for 10.043)
2022-03-22 14:27:51.736 INFO  --- [http-nio-9010-exec-1] org.apache.catalina.core.ContainerBase.[Tomcat].[localhost].[/] : Initializing Spring DispatcherServlet 'dispatcherServlet'
2022-03-22 14:27:51.739 INFO  --- [http-nio-9010-exec-1] org.springframework.web.servlet.DispatcherServlet : Initializing Servlet 'dispatcherServlet'
2022-03-22 14:27:51.765 INFO  --- [http-nio-9010-exec-1] org.springframework.web.servlet.DispatcherServlet : Completed initialization in 25 ms
2022-03-22 14:30:45.814 INFO  --- [SpringContextShutdownHook] org.quartz.core.QuartzScheduler : Scheduler quartzScheduler_$_NON_CLUSTERED paused.
2022-03-22 14:30:45.963 INFO  --- [SpringContextShutdownHook] org.springframework.scheduling.quartz.SchedulerFactoryBean : Shutting down Quartz Scheduler
2022-03-22 14:30:45.963 INFO  --- [SpringContextShutdownHook] org.quartz.core.QuartzScheduler : Scheduler quartzScheduler_$_NON_CLUSTERED shutting down.
2022-03-22 14:30:45.964 INFO  --- [SpringContextShutdownHook] org.quartz.core.QuartzScheduler : Scheduler quartzScheduler_$_NON_CLUSTERED paused.
2022-03-22 14:30:45.965 INFO  --- [SpringContextShutdownHook] org.quartz.core.QuartzScheduler : Scheduler quartzScheduler_$_NON_CLUSTERED shutdown complete.
2022-03-22 14:30:45.967 INFO  --- [SpringContextShutdownHook] org.springframework.scheduling.concurrent.ThreadPoolTaskExecutor : Shutting down ExecutorService 'applicationTaskExecutor'
2022-03-22 14:30:45.969 INFO  --- [SpringContextShutdownHook] com.baomidou.dynamic.datasource.DynamicRoutingDataSource : dynamic-datasource start closing ....
2022-03-22 14:30:45.969 INFO  --- [SpringContextShutdownHook] com.zaxxer.hikari.HikariDataSource : base - Shutdown initiated...
2022-03-22 14:30:45.986 INFO  --- [SpringContextShutdownHook] com.zaxxer.hikari.HikariDataSource : base - Shutdown completed.
2022-03-22 14:30:45.987 INFO  --- [SpringContextShutdownHook] com.baomidou.dynamic.datasource.DynamicRoutingDataSource : dynamic-datasource all closed success,bye
2022-03-22 14:30:54.561 INFO  --- [main] com.mt.demo2.RunApplication : Starting RunApplication on wuhaotiandeMacBook-Pro.local with PID 1822 (/Users/wuhaotian/Desktop/monitor-server/target/classes started by wuhaotian in /Users/wuhaotian/Desktop/monitor-server)
2022-03-22 14:30:54.564 INFO  --- [main] com.mt.demo2.RunApplication : No active profile set, falling back to default profiles: default
2022-03-22 14:30:56.693 INFO  --- [main] org.springframework.boot.web.embedded.tomcat.TomcatWebServer : Tomcat initialized with port(s): 9010 (http)
2022-03-22 14:30:56.704 INFO  --- [main] org.apache.coyote.http11.Http11NioProtocol : Initializing ProtocolHandler ["http-nio-9010"]
2022-03-22 14:30:56.705 INFO  --- [main] org.apache.catalina.core.StandardService : Starting service [Tomcat]
2022-03-22 14:30:56.705 INFO  --- [main] org.apache.catalina.core.StandardEngine : Starting Servlet engine: [Apache Tomcat/9.0.36]
2022-03-22 14:30:56.817 INFO  --- [main] org.apache.catalina.core.ContainerBase.[Tomcat].[localhost].[/] : Initializing Spring embedded WebApplicationContext
2022-03-22 14:30:56.818 INFO  --- [main] org.springframework.boot.web.servlet.context.ServletWebServerApplicationContext : Root WebApplicationContext: initialization completed in 2184 ms
2022-03-22 14:30:57.180 INFO  --- [main] com.zaxxer.hikari.HikariDataSource : base - Starting...
2022-03-22 14:30:58.027 INFO  --- [main] com.zaxxer.hikari.HikariDataSource : base - Start completed.
2022-03-22 14:30:58.028 INFO  --- [main] com.baomidou.dynamic.datasource.DynamicRoutingDataSource : dynamic-datasource - load a datasource named [base] success
2022-03-22 14:30:58.028 INFO  --- [main] com.baomidou.dynamic.datasource.DynamicRoutingDataSource : dynamic-datasource initial loaded [1] datasource,primary datasource named [base]
2022-03-22 14:30:58.714 ERROR --- [main] com.baomidou.mybatisplus.core.MybatisConfiguration : mapper[com.mt.dictionary.mapper.DictionaryMapper.getListOne] is ignored, because it exists, maybe from xml file
2022-03-22 14:30:59.146 INFO  --- [main] org.springframework.scheduling.concurrent.ThreadPoolTaskExecutor : Initializing ExecutorService 'applicationTaskExecutor'
2022-03-22 14:30:59.460 INFO  --- [main] org.quartz.impl.StdSchedulerFactory : Using default implementation for ThreadExecutor
2022-03-22 14:30:59.473 INFO  --- [main] org.quartz.core.SchedulerSignalerImpl : Initialized Scheduler Signaller of type: class org.quartz.core.SchedulerSignalerImpl
2022-03-22 14:30:59.473 INFO  --- [main] org.quartz.core.QuartzScheduler : Quartz Scheduler v.2.3.0 created.
2022-03-22 14:30:59.474 INFO  --- [main] org.quartz.simpl.RAMJobStore : RAMJobStore initialized.
2022-03-22 14:30:59.475 INFO  --- [main] org.quartz.core.QuartzScheduler : Scheduler meta-data: Quartz Scheduler (v2.3.0) 'quartzScheduler' with instanceId 'NON_CLUSTERED'
  Scheduler class: 'org.quartz.core.QuartzScheduler' - running locally.
  NOT STARTED.
  Currently in standby mode.
  Number of jobs executed: 0
  Using thread pool 'org.quartz.simpl.SimpleThreadPool' - with 10 threads.
  Using job-store 'org.quartz.simpl.RAMJobStore' - which does not support persistence. and is not clustered.

2022-03-22 14:30:59.476 INFO  --- [main] org.quartz.impl.StdSchedulerFactory : Quartz scheduler 'quartzScheduler' initialized from an externally provided properties instance.
2022-03-22 14:30:59.476 INFO  --- [main] org.quartz.impl.StdSchedulerFactory : Quartz scheduler version: 2.3.0
2022-03-22 14:30:59.476 INFO  --- [main] org.quartz.core.QuartzScheduler : JobFactory set to: org.springframework.scheduling.quartz.SpringBeanJobFactory@61c87f1b
2022-03-22 14:30:59.536 INFO  --- [main] org.springframework.boot.autoconfigure.security.servlet.UserDetailsServiceAutoConfiguration : 

Using generated security password: 37d166c8-26ab-4e4b-8179-53a05762da17

2022-03-22 14:30:59.882 INFO  --- [main] org.springframework.security.web.DefaultSecurityFilterChain : Creating filter chain: any request, [org.springframework.security.web.context.request.async.WebAsyncManagerIntegrationFilter@2b90cc1, org.springframework.security.web.context.SecurityContextPersistenceFilter@6ae6d078, org.springframework.security.web.header.HeaderWriterFilter@1e95f584, org.springframework.security.web.authentication.logout.LogoutFilter@591e5fd4, org.springframework.security.oauth2.provider.authentication.OAuth2AuthenticationProcessingFilter@acd3460, org.springframework.security.web.savedrequest.RequestCacheAwareFilter@1a67f8b4, org.springframework.security.web.servletapi.SecurityContextHolderAwareRequestFilter@430aae8e, org.springframework.security.web.authentication.AnonymousAuthenticationFilter@5a2f401a, org.springframework.security.web.session.SessionManagementFilter@55c46ec1, org.springframework.security.web.access.ExceptionTranslationFilter@18e8eb59, org.springframework.security.web.access.intercept.FilterSecurityInterceptor@1450ffa3]
2022-03-22 14:30:59.954 INFO  --- [main] org.apache.coyote.http11.Http11NioProtocol : Starting ProtocolHandler ["http-nio-9010"]
2022-03-22 14:30:59.992 INFO  --- [main] org.springframework.boot.web.embedded.tomcat.TomcatWebServer : Tomcat started on port(s): 9010 (http) with context path ''
2022-03-22 14:30:59.994 INFO  --- [main] org.springframework.scheduling.quartz.SchedulerFactoryBean : Starting Quartz Scheduler now
2022-03-22 14:30:59.995 INFO  --- [main] org.quartz.core.QuartzScheduler : Scheduler quartzScheduler_$_NON_CLUSTERED started.
2022-03-22 14:31:00.010 INFO  --- [main] com.mt.demo2.RunApplication : Started RunApplication in 6.171 seconds (JVM running for 9.795)
2022-03-22 14:31:05.101 INFO  --- [http-nio-9010-exec-1] org.apache.catalina.core.ContainerBase.[Tomcat].[localhost].[/] : Initializing Spring DispatcherServlet 'dispatcherServlet'
2022-03-22 14:31:05.102 INFO  --- [http-nio-9010-exec-1] org.springframework.web.servlet.DispatcherServlet : Initializing Servlet 'dispatcherServlet'
2022-03-22 14:31:05.115 INFO  --- [http-nio-9010-exec-1] org.springframework.web.servlet.DispatcherServlet : Completed initialization in 13 ms
2022-03-22 14:31:35.821 INFO  --- [SpringContextShutdownHook] org.quartz.core.QuartzScheduler : Scheduler quartzScheduler_$_NON_CLUSTERED paused.
2022-03-22 14:31:36.684 INFO  --- [SpringContextShutdownHook] org.springframework.scheduling.quartz.SchedulerFactoryBean : Shutting down Quartz Scheduler
2022-03-22 14:31:36.684 INFO  --- [SpringContextShutdownHook] org.quartz.core.QuartzScheduler : Scheduler quartzScheduler_$_NON_CLUSTERED shutting down.
2022-03-22 14:31:36.684 INFO  --- [SpringContextShutdownHook] org.quartz.core.QuartzScheduler : Scheduler quartzScheduler_$_NON_CLUSTERED paused.
2022-03-22 14:31:36.685 INFO  --- [SpringContextShutdownHook] org.quartz.core.QuartzScheduler : Scheduler quartzScheduler_$_NON_CLUSTERED shutdown complete.
2022-03-22 14:31:36.688 INFO  --- [SpringContextShutdownHook] org.springframework.scheduling.concurrent.ThreadPoolTaskExecutor : Shutting down ExecutorService 'applicationTaskExecutor'
2022-03-22 14:31:36.691 INFO  --- [SpringContextShutdownHook] com.baomidou.dynamic.datasource.DynamicRoutingDataSource : dynamic-datasource start closing ....
2022-03-22 14:31:36.692 INFO  --- [SpringContextShutdownHook] com.zaxxer.hikari.HikariDataSource : base - Shutdown initiated...
2022-03-22 14:31:36.713 INFO  --- [SpringContextShutdownHook] com.zaxxer.hikari.HikariDataSource : base - Shutdown completed.
2022-03-22 14:31:36.713 INFO  --- [SpringContextShutdownHook] com.baomidou.dynamic.datasource.DynamicRoutingDataSource : dynamic-datasource all closed success,bye
2022-03-22 14:31:53.318 INFO  --- [main] com.mt.demo2.RunApplication : Starting RunApplication on wuhaotiandeMacBook-Pro.local with PID 1829 (/Users/wuhaotian/Desktop/monitor-server/target/classes started by wuhaotian in /Users/wuhaotian/Desktop/monitor-server)
2022-03-22 14:31:53.322 INFO  --- [main] com.mt.demo2.RunApplication : No active profile set, falling back to default profiles: default
2022-03-22 14:31:55.624 INFO  --- [main] org.springframework.boot.web.embedded.tomcat.TomcatWebServer : Tomcat initialized with port(s): 9010 (http)
2022-03-22 14:31:55.636 INFO  --- [main] org.apache.coyote.http11.Http11NioProtocol : Initializing ProtocolHandler ["http-nio-9010"]
2022-03-22 14:31:55.637 INFO  --- [main] org.apache.catalina.core.StandardService : Starting service [Tomcat]
2022-03-22 14:31:55.637 INFO  --- [main] org.apache.catalina.core.StandardEngine : Starting Servlet engine: [Apache Tomcat/9.0.36]
2022-03-22 14:31:55.743 INFO  --- [main] org.apache.catalina.core.ContainerBase.[Tomcat].[localhost].[/] : Initializing Spring embedded WebApplicationContext
2022-03-22 14:31:55.743 INFO  --- [main] org.springframework.boot.web.servlet.context.ServletWebServerApplicationContext : Root WebApplicationContext: initialization completed in 2317 ms
2022-03-22 14:31:56.064 INFO  --- [main] com.zaxxer.hikari.HikariDataSource : base - Starting...
2022-03-22 14:31:56.954 INFO  --- [main] com.zaxxer.hikari.HikariDataSource : base - Start completed.
2022-03-22 14:31:56.955 INFO  --- [main] com.baomidou.dynamic.datasource.DynamicRoutingDataSource : dynamic-datasource - load a datasource named [base] success
2022-03-22 14:31:56.957 INFO  --- [main] com.baomidou.dynamic.datasource.DynamicRoutingDataSource : dynamic-datasource initial loaded [1] datasource,primary datasource named [base]
2022-03-22 14:31:57.668 ERROR --- [main] com.baomidou.mybatisplus.core.MybatisConfiguration : mapper[com.mt.dictionary.mapper.DictionaryMapper.getListOne] is ignored, because it exists, maybe from xml file
2022-03-22 14:31:58.114 INFO  --- [main] org.springframework.scheduling.concurrent.ThreadPoolTaskExecutor : Initializing ExecutorService 'applicationTaskExecutor'
2022-03-22 14:31:58.605 INFO  --- [main] org.quartz.impl.StdSchedulerFactory : Using default implementation for ThreadExecutor
2022-03-22 14:31:58.622 INFO  --- [main] org.quartz.core.SchedulerSignalerImpl : Initialized Scheduler Signaller of type: class org.quartz.core.SchedulerSignalerImpl
2022-03-22 14:31:58.623 INFO  --- [main] org.quartz.core.QuartzScheduler : Quartz Scheduler v.2.3.0 created.
2022-03-22 14:31:58.624 INFO  --- [main] org.quartz.simpl.RAMJobStore : RAMJobStore initialized.
2022-03-22 14:31:58.625 INFO  --- [main] org.quartz.core.QuartzScheduler : Scheduler meta-data: Quartz Scheduler (v2.3.0) 'quartzScheduler' with instanceId 'NON_CLUSTERED'
  Scheduler class: 'org.quartz.core.QuartzScheduler' - running locally.
  NOT STARTED.
  Currently in standby mode.
  Number of jobs executed: 0
  Using thread pool 'org.quartz.simpl.SimpleThreadPool' - with 10 threads.
  Using job-store 'org.quartz.simpl.RAMJobStore' - which does not support persistence. and is not clustered.

2022-03-22 14:31:58.625 INFO  --- [main] org.quartz.impl.StdSchedulerFactory : Quartz scheduler 'quartzScheduler' initialized from an externally provided properties instance.
2022-03-22 14:31:58.625 INFO  --- [main] org.quartz.impl.StdSchedulerFactory : Quartz scheduler version: 2.3.0
2022-03-22 14:31:58.626 INFO  --- [main] org.quartz.core.QuartzScheduler : JobFactory set to: org.springframework.scheduling.quartz.SpringBeanJobFactory@18d610e1
2022-03-22 14:31:58.707 INFO  --- [main] org.springframework.boot.autoconfigure.security.servlet.UserDetailsServiceAutoConfiguration : 

Using generated security password: 6f025878-ca86-4ce0-9cc3-3fdc8d045c08

2022-03-22 14:31:59.114 INFO  --- [main] org.springframework.security.web.DefaultSecurityFilterChain : Creating filter chain: any request, [org.springframework.security.web.context.request.async.WebAsyncManagerIntegrationFilter@7b29cdea, org.springframework.security.web.context.SecurityContextPersistenceFilter@6cde0c69, org.springframework.security.web.header.HeaderWriterFilter@62054faf, org.springframework.security.web.authentication.logout.LogoutFilter@43fe2008, org.springframework.security.oauth2.provider.authentication.OAuth2AuthenticationProcessingFilter@39695803, org.springframework.security.web.savedrequest.RequestCacheAwareFilter@22361e23, org.springframework.security.web.servletapi.SecurityContextHolderAwareRequestFilter@70439c3, org.springframework.security.web.authentication.AnonymousAuthenticationFilter@f08d676, org.springframework.security.web.session.SessionManagementFilter@2fcc5f49, org.springframework.security.web.access.ExceptionTranslationFilter@4e5364a3, org.springframework.security.web.access.intercept.FilterSecurityInterceptor@c5a2d5]
2022-03-22 14:31:59.227 INFO  --- [main] org.apache.coyote.http11.Http11NioProtocol : Starting ProtocolHandler ["http-nio-9010"]
2022-03-22 14:31:59.363 INFO  --- [main] org.springframework.boot.web.embedded.tomcat.TomcatWebServer : Tomcat started on port(s): 9010 (http) with context path ''
2022-03-22 14:31:59.365 INFO  --- [main] org.springframework.scheduling.quartz.SchedulerFactoryBean : Starting Quartz Scheduler now
2022-03-22 14:31:59.367 INFO  --- [main] org.quartz.core.QuartzScheduler : Scheduler quartzScheduler_$_NON_CLUSTERED started.
2022-03-22 14:31:59.386 INFO  --- [main] com.mt.demo2.RunApplication : Started RunApplication in 7.527 seconds (JVM running for 10.081)
2022-03-22 14:32:02.699 INFO  --- [http-nio-9010-exec-1] org.apache.catalina.core.ContainerBase.[Tomcat].[localhost].[/] : Initializing Spring DispatcherServlet 'dispatcherServlet'
2022-03-22 14:32:02.700 INFO  --- [http-nio-9010-exec-1] org.springframework.web.servlet.DispatcherServlet : Initializing Servlet 'dispatcherServlet'
2022-03-22 14:32:02.721 INFO  --- [http-nio-9010-exec-1] org.springframework.web.servlet.DispatcherServlet : Completed initialization in 19 ms
2022-03-22 15:01:59.671 INFO  --- [SpringContextShutdownHook] org.quartz.core.QuartzScheduler : Scheduler quartzScheduler_$_NON_CLUSTERED paused.
2022-03-22 15:01:59.754 INFO  --- [SpringContextShutdownHook] org.springframework.scheduling.quartz.SchedulerFactoryBean : Shutting down Quartz Scheduler
2022-03-22 15:01:59.755 INFO  --- [SpringContextShutdownHook] org.quartz.core.QuartzScheduler : Scheduler quartzScheduler_$_NON_CLUSTERED shutting down.
2022-03-22 15:01:59.755 INFO  --- [SpringContextShutdownHook] org.quartz.core.QuartzScheduler : Scheduler quartzScheduler_$_NON_CLUSTERED paused.
2022-03-22 15:01:59.756 INFO  --- [SpringContextShutdownHook] org.quartz.core.QuartzScheduler : Scheduler quartzScheduler_$_NON_CLUSTERED shutdown complete.
2022-03-22 15:01:59.759 INFO  --- [SpringContextShutdownHook] org.springframework.scheduling.concurrent.ThreadPoolTaskExecutor : Shutting down ExecutorService 'applicationTaskExecutor'
2022-03-22 15:01:59.762 INFO  --- [SpringContextShutdownHook] com.baomidou.dynamic.datasource.DynamicRoutingDataSource : dynamic-datasource start closing ....
2022-03-22 15:01:59.764 INFO  --- [SpringContextShutdownHook] com.zaxxer.hikari.HikariDataSource : base - Shutdown initiated...
2022-03-22 15:01:59.774 INFO  --- [SpringContextShutdownHook] com.zaxxer.hikari.HikariDataSource : base - Shutdown completed.
2022-03-22 15:01:59.775 INFO  --- [SpringContextShutdownHook] com.baomidou.dynamic.datasource.DynamicRoutingDataSource : dynamic-datasource all closed success,bye
2022-03-22 15:02:08.370 INFO  --- [main] com.mt.demo2.RunApplication : Starting RunApplication on wuhaotiandeMacBook-Pro.local with PID 1962 (/Users/wuhaotian/Desktop/monitor-server/target/classes started by wuhaotian in /Users/wuhaotian/Desktop/monitor-server)
2022-03-22 15:02:08.375 INFO  --- [main] com.mt.demo2.RunApplication : No active profile set, falling back to default profiles: default
2022-03-22 15:02:10.865 INFO  --- [main] org.springframework.boot.web.embedded.tomcat.TomcatWebServer : Tomcat initialized with port(s): 9010 (http)
2022-03-22 15:02:10.882 INFO  --- [main] org.apache.coyote.http11.Http11NioProtocol : Initializing ProtocolHandler ["http-nio-9010"]
2022-03-22 15:02:10.884 INFO  --- [main] org.apache.catalina.core.StandardService : Starting service [Tomcat]
2022-03-22 15:02:10.884 INFO  --- [main] org.apache.catalina.core.StandardEngine : Starting Servlet engine: [Apache Tomcat/9.0.36]
2022-03-22 15:02:11.007 INFO  --- [main] org.apache.catalina.core.ContainerBase.[Tomcat].[localhost].[/] : Initializing Spring embedded WebApplicationContext
2022-03-22 15:02:11.007 INFO  --- [main] org.springframework.boot.web.servlet.context.ServletWebServerApplicationContext : Root WebApplicationContext: initialization completed in 2509 ms
2022-03-22 15:02:11.367 INFO  --- [main] com.zaxxer.hikari.HikariDataSource : base - Starting...
2022-03-22 15:02:12.395 INFO  --- [main] com.zaxxer.hikari.HikariDataSource : base - Start completed.
2022-03-22 15:02:12.399 INFO  --- [main] com.baomidou.dynamic.datasource.DynamicRoutingDataSource : dynamic-datasource - load a datasource named [base] success
2022-03-22 15:02:12.399 INFO  --- [main] com.baomidou.dynamic.datasource.DynamicRoutingDataSource : dynamic-datasource initial loaded [1] datasource,primary datasource named [base]
2022-03-22 15:02:13.243 ERROR --- [main] com.baomidou.mybatisplus.core.MybatisConfiguration : mapper[com.mt.dictionary.mapper.DictionaryMapper.getListOne] is ignored, because it exists, maybe from xml file
2022-03-22 15:02:13.768 INFO  --- [main] org.springframework.scheduling.concurrent.ThreadPoolTaskExecutor : Initializing ExecutorService 'applicationTaskExecutor'
2022-03-22 15:02:14.246 INFO  --- [main] org.quartz.impl.StdSchedulerFactory : Using default implementation for ThreadExecutor
2022-03-22 15:02:14.267 INFO  --- [main] org.quartz.core.SchedulerSignalerImpl : Initialized Scheduler Signaller of type: class org.quartz.core.SchedulerSignalerImpl
2022-03-22 15:02:14.267 INFO  --- [main] org.quartz.core.QuartzScheduler : Quartz Scheduler v.2.3.0 created.
2022-03-22 15:02:14.269 INFO  --- [main] org.quartz.simpl.RAMJobStore : RAMJobStore initialized.
2022-03-22 15:02:14.272 INFO  --- [main] org.quartz.core.QuartzScheduler : Scheduler meta-data: Quartz Scheduler (v2.3.0) 'quartzScheduler' with instanceId 'NON_CLUSTERED'
  Scheduler class: 'org.quartz.core.QuartzScheduler' - running locally.
  NOT STARTED.
  Currently in standby mode.
  Number of jobs executed: 0
  Using thread pool 'org.quartz.simpl.SimpleThreadPool' - with 10 threads.
  Using job-store 'org.quartz.simpl.RAMJobStore' - which does not support persistence. and is not clustered.

2022-03-22 15:02:14.272 INFO  --- [main] org.quartz.impl.StdSchedulerFactory : Quartz scheduler 'quartzScheduler' initialized from an externally provided properties instance.
2022-03-22 15:02:14.273 INFO  --- [main] org.quartz.impl.StdSchedulerFactory : Quartz scheduler version: 2.3.0
2022-03-22 15:02:14.273 INFO  --- [main] org.quartz.core.QuartzScheduler : JobFactory set to: org.springframework.scheduling.quartz.SpringBeanJobFactory@6c70b7c3
2022-03-22 15:02:14.441 INFO  --- [main] org.springframework.boot.autoconfigure.security.servlet.UserDetailsServiceAutoConfiguration : 

Using generated security password: edaf7971-5cbe-4a44-be46-80ab5950792a

2022-03-22 15:02:14.848 INFO  --- [main] org.springframework.security.web.DefaultSecurityFilterChain : Creating filter chain: any request, [org.springframework.security.web.context.request.async.WebAsyncManagerIntegrationFilter@41f7c02d, org.springframework.security.web.context.SecurityContextPersistenceFilter@65262308, org.springframework.security.web.header.HeaderWriterFilter@1b4ba615, org.springframework.security.web.authentication.logout.LogoutFilter@430aae8e, org.springframework.security.oauth2.provider.authentication.OAuth2AuthenticationProcessingFilter@1b485c8b, org.springframework.security.web.savedrequest.RequestCacheAwareFilter@511d5e6e, org.springframework.security.web.servletapi.SecurityContextHolderAwareRequestFilter@189633f2, org.springframework.security.web.authentication.AnonymousAuthenticationFilter@66314fee, org.springframework.security.web.session.SessionManagementFilter@1607d391, org.springframework.security.web.access.ExceptionTranslationFilter@2a65e237, org.springframework.security.web.access.intercept.FilterSecurityInterceptor@6ad112de]
2022-03-22 15:02:14.935 INFO  --- [main] org.apache.coyote.http11.Http11NioProtocol : Starting ProtocolHandler ["http-nio-9010"]
2022-03-22 15:02:14.978 INFO  --- [main] org.springframework.boot.web.embedded.tomcat.TomcatWebServer : Tomcat started on port(s): 9010 (http) with context path ''
2022-03-22 15:02:14.981 INFO  --- [main] org.springframework.scheduling.quartz.SchedulerFactoryBean : Starting Quartz Scheduler now
2022-03-22 15:02:14.981 INFO  --- [main] org.quartz.core.QuartzScheduler : Scheduler quartzScheduler_$_NON_CLUSTERED started.
2022-03-22 15:02:14.996 INFO  --- [main] com.mt.demo2.RunApplication : Started RunApplication in 7.504 seconds (JVM running for 9.36)
2022-03-22 15:02:49.139 INFO  --- [http-nio-9010-exec-1] org.apache.catalina.core.ContainerBase.[Tomcat].[localhost].[/] : Initializing Spring DispatcherServlet 'dispatcherServlet'
2022-03-22 15:02:49.141 INFO  --- [http-nio-9010-exec-1] org.springframework.web.servlet.DispatcherServlet : Initializing Servlet 'dispatcherServlet'
2022-03-22 15:02:49.160 INFO  --- [http-nio-9010-exec-1] org.springframework.web.servlet.DispatcherServlet : Completed initialization in 19 ms
2022-03-22 15:03:13.707 ERROR --- [http-nio-9010-exec-4] com.mt.common.exception.RRExceptionHandler : nested exception is org.apache.ibatis.exceptions.PersistenceException: 
### Error querying database.  Cause: com.baomidou.mybatisplus.core.exceptions.MybatisPlusException: Error: Method queryTotal execution error of sql : 
 SELECT COUNT(1) FROM ( SELECT  Id,CenterId,SiteId,SiteStartupTime,HeadStartupTime,StopTime  FROM dic_center ) TOTAL 

### The error may exist in com/mt/CenEAISiteRealtime/dao/CenEAISiteStartupHistoryDao.java (best guess)
### The error may involve defaultParameterMap
### The error occurred while setting parameters
### Cause: com.baomidou.mybatisplus.core.exceptions.MybatisPlusException: Error: Method queryTotal execution error of sql : 
 SELECT COUNT(1) FROM ( SELECT  Id,CenterId,SiteId,SiteStartupTime,HeadStartupTime,StopTime  FROM dic_center ) TOTAL 

org.mybatis.spring.MyBatisSystemException: nested exception is org.apache.ibatis.exceptions.PersistenceException: 
### Error querying database.  Cause: com.baomidou.mybatisplus.core.exceptions.MybatisPlusException: Error: Method queryTotal execution error of sql : 
 SELECT COUNT(1) FROM ( SELECT  Id,CenterId,SiteId,SiteStartupTime,HeadStartupTime,StopTime  FROM dic_center ) TOTAL 

### The error may exist in com/mt/CenEAISiteRealtime/dao/CenEAISiteStartupHistoryDao.java (best guess)
### The error may involve defaultParameterMap
### The error occurred while setting parameters
### Cause: com.baomidou.mybatisplus.core.exceptions.MybatisPlusException: Error: Method queryTotal execution error of sql : 
 SELECT COUNT(1) FROM ( SELECT  Id,CenterId,SiteId,SiteStartupTime,HeadStartupTime,StopTime  FROM dic_center ) TOTAL 

	at org.mybatis.spring.MyBatisExceptionTranslator.translateExceptionIfPossible(MyBatisExceptionTranslator.java:92)
	at org.mybatis.spring.SqlSessionTemplate$SqlSessionInterceptor.invoke(SqlSessionTemplate.java:440)
	at com.sun.proxy.$Proxy75.selectList(Unknown Source)
	at org.mybatis.spring.SqlSessionTemplate.selectList(SqlSessionTemplate.java:223)
	at com.baomidou.mybatisplus.core.override.MybatisMapperMethod.executeForIPage(MybatisMapperMethod.java:134)
	at com.baomidou.mybatisplus.core.override.MybatisMapperMethod.execute(MybatisMapperMethod.java:96)
	at com.baomidou.mybatisplus.core.override.MybatisMapperProxy.invoke(MybatisMapperProxy.java:96)
	at com.sun.proxy.$Proxy104.selectPage(Unknown Source)
	at com.mt.CenEAISiteRealtime.service.impl.CenEAISiteStartupHistoryServiceImpl.selectPage(CenEAISiteStartupHistoryServiceImpl.java:37)
	at com.mt.CenEAISiteRealtime.service.impl.CenEAISiteStartupHistoryServiceImpl$$FastClassBySpringCGLIB$$91386042.invoke(<generated>)
	at org.springframework.cglib.proxy.MethodProxy.invoke(MethodProxy.java:218)
	at org.springframework.aop.framework.CglibAopProxy$DynamicAdvisedInterceptor.intercept(CglibAopProxy.java:687)
	at com.mt.CenEAISiteRealtime.service.impl.CenEAISiteStartupHistoryServiceImpl$$EnhancerBySpringCGLIB$$4a7788f8.selectPage(<generated>)
	at com.mt.CenEAISiteRealtime.controller.CenEAISiteStartupHistoryController.list(CenEAISiteStartupHistoryController.java:43)
	at sun.reflect.NativeMethodAccessorImpl.invoke0(Native Method)
	at sun.reflect.NativeMethodAccessorImpl.invoke(NativeMethodAccessorImpl.java:62)
	at sun.reflect.DelegatingMethodAccessorImpl.invoke(DelegatingMethodAccessorImpl.java:43)
	at java.lang.reflect.Method.invoke(Method.java:498)
	at org.springframework.web.method.support.InvocableHandlerMethod.doInvoke(InvocableHandlerMethod.java:190)
	at org.springframework.web.method.support.InvocableHandlerMethod.invokeForRequest(InvocableHandlerMethod.java:138)
	at org.springframework.web.servlet.mvc.method.annotation.ServletInvocableHandlerMethod.invokeAndHandle(ServletInvocableHandlerMethod.java:105)
	at org.springframework.web.servlet.mvc.method.annotation.RequestMappingHandlerAdapter.invokeHandlerMethod(RequestMappingHandlerAdapter.java:879)
	at org.springframework.web.servlet.mvc.method.annotation.RequestMappingHandlerAdapter.handleInternal(RequestMappingHandlerAdapter.java:793)
	at org.springframework.web.servlet.mvc.method.AbstractHandlerMethodAdapter.handle(AbstractHandlerMethodAdapter.java:87)
	at org.springframework.web.servlet.DispatcherServlet.doDispatch(DispatcherServlet.java:1040)
	at org.springframework.web.servlet.DispatcherServlet.doService(DispatcherServlet.java:943)
	at org.springframework.web.servlet.FrameworkServlet.processRequest(FrameworkServlet.java:1006)
	at org.springframework.web.servlet.FrameworkServlet.doGet(FrameworkServlet.java:898)
	at javax.servlet.http.HttpServlet.service(HttpServlet.java:634)
	at org.springframework.web.servlet.FrameworkServlet.service(FrameworkServlet.java:883)
	at javax.servlet.http.HttpServlet.service(HttpServlet.java:741)
	at org.apache.catalina.core.ApplicationFilterChain.internalDoFilter(ApplicationFilterChain.java:231)
	at org.apache.catalina.core.ApplicationFilterChain.doFilter(ApplicationFilterChain.java:166)
	at org.apache.tomcat.websocket.server.WsFilter.doFilter(WsFilter.java:53)
	at org.apache.catalina.core.ApplicationFilterChain.internalDoFilter(ApplicationFilterChain.java:193)
	at org.apache.catalina.core.ApplicationFilterChain.doFilter(ApplicationFilterChain.java:166)
	at org.springframework.security.web.FilterChainProxy$VirtualFilterChain.doFilter(FilterChainProxy.java:320)
	at org.springframework.security.web.access.intercept.FilterSecurityInterceptor.invoke(FilterSecurityInterceptor.java:126)
	at org.springframework.security.web.access.intercept.FilterSecurityInterceptor.doFilter(FilterSecurityInterceptor.java:90)
	at org.springframework.security.web.FilterChainProxy$VirtualFilterChain.doFilter(FilterChainProxy.java:334)
	at org.springframework.security.web.access.ExceptionTranslationFilter.doFilter(ExceptionTranslationFilter.java:118)
	at org.springframework.security.web.FilterChainProxy$VirtualFilterChain.doFilter(FilterChainProxy.java:334)
	at org.springframework.security.web.session.SessionManagementFilter.doFilter(SessionManagementFilter.java:137)
	at org.springframework.security.web.FilterChainProxy$VirtualFilterChain.doFilter(FilterChainProxy.java:334)
	at org.springframework.security.web.authentication.AnonymousAuthenticationFilter.doFilter(AnonymousAuthenticationFilter.java:111)
	at org.springframework.security.web.FilterChainProxy$VirtualFilterChain.doFilter(FilterChainProxy.java:334)
	at org.springframework.security.web.servletapi.SecurityContextHolderAwareRequestFilter.doFilter(SecurityContextHolderAwareRequestFilter.java:158)
	at org.springframework.security.web.FilterChainProxy$VirtualFilterChain.doFilter(FilterChainProxy.java:334)
	at org.springframework.security.web.savedrequest.RequestCacheAwareFilter.doFilter(RequestCacheAwareFilter.java:63)
	at org.springframework.security.web.FilterChainProxy$VirtualFilterChain.doFilter(FilterChainProxy.java:334)
	at org.springframework.security.oauth2.provider.authentication.OAuth2AuthenticationProcessingFilter.doFilter(OAuth2AuthenticationProcessingFilter.java:176)
	at org.springframework.security.web.FilterChainProxy$VirtualFilterChain.doFilter(FilterChainProxy.java:334)
	at org.springframework.security.web.authentication.logout.LogoutFilter.doFilter(LogoutFilter.java:116)
	at org.springframework.security.web.FilterChainProxy$VirtualFilterChain.doFilter(FilterChainProxy.java:334)
	at org.springframework.security.web.header.HeaderWriterFilter.doHeadersAfter(HeaderWriterFilter.java:92)
	at org.springframework.security.web.header.HeaderWriterFilter.doFilterInternal(HeaderWriterFilter.java:77)
	at org.springframework.web.filter.OncePerRequestFilter.doFilter(OncePerRequestFilter.java:119)
	at org.springframework.security.web.FilterChainProxy$VirtualFilterChain.doFilter(FilterChainProxy.java:334)
	at org.springframework.security.web.context.SecurityContextPersistenceFilter.doFilter(SecurityContextPersistenceFilter.java:105)
	at org.springframework.security.web.FilterChainProxy$VirtualFilterChain.doFilter(FilterChainProxy.java:334)
	at org.springframework.security.web.context.request.async.WebAsyncManagerIntegrationFilter.doFilterInternal(WebAsyncManagerIntegrationFilter.java:56)
	at org.springframework.web.filter.OncePerRequestFilter.doFilter(OncePerRequestFilter.java:119)
	at org.springframework.security.web.FilterChainProxy$VirtualFilterChain.doFilter(FilterChainProxy.java:334)
	at org.springframework.security.web.FilterChainProxy.doFilterInternal(FilterChainProxy.java:215)
	at org.springframework.security.web.FilterChainProxy.doFilter(FilterChainProxy.java:178)
	at org.springframework.web.filter.DelegatingFilterProxy.invokeDelegate(DelegatingFilterProxy.java:358)
	at org.springframework.web.filter.DelegatingFilterProxy.doFilter(DelegatingFilterProxy.java:271)
	at org.apache.catalina.core.ApplicationFilterChain.internalDoFilter(ApplicationFilterChain.java:193)
	at org.apache.catalina.core.ApplicationFilterChain.doFilter(ApplicationFilterChain.java:166)
	at org.springframework.web.filter.RequestContextFilter.doFilterInternal(RequestContextFilter.java:100)
	at org.springframework.web.filter.OncePerRequestFilter.doFilter(OncePerRequestFilter.java:119)
	at org.apache.catalina.core.ApplicationFilterChain.internalDoFilter(ApplicationFilterChain.java:193)
	at org.apache.catalina.core.ApplicationFilterChain.doFilter(ApplicationFilterChain.java:166)
	at org.springframework.web.filter.FormContentFilter.doFilterInternal(FormContentFilter.java:93)
	at org.springframework.web.filter.OncePerRequestFilter.doFilter(OncePerRequestFilter.java:119)
	at org.apache.catalina.core.ApplicationFilterChain.internalDoFilter(ApplicationFilterChain.java:193)
	at org.apache.catalina.core.ApplicationFilterChain.doFilter(ApplicationFilterChain.java:166)
	at org.springframework.web.filter.CharacterEncodingFilter.doFilterInternal(CharacterEncodingFilter.java:201)
	at org.springframework.web.filter.OncePerRequestFilter.doFilter(OncePerRequestFilter.java:119)
	at org.apache.catalina.core.ApplicationFilterChain.internalDoFilter(ApplicationFilterChain.java:193)
	at org.apache.catalina.core.ApplicationFilterChain.doFilter(ApplicationFilterChain.java:166)
	at com.mt.auth.config.CorsFilter.doFilter(CorsFilter.java:34)
	at org.apache.catalina.core.ApplicationFilterChain.internalDoFilter(ApplicationFilterChain.java:193)
	at org.apache.catalina.core.ApplicationFilterChain.doFilter(ApplicationFilterChain.java:166)
	at org.apache.catalina.core.StandardWrapperValve.invoke(StandardWrapperValve.java:202)
	at org.apache.catalina.core.StandardContextValve.invoke(StandardContextValve.java:96)
	at org.apache.catalina.authenticator.AuthenticatorBase.invoke(AuthenticatorBase.java:541)
	at org.apache.catalina.core.StandardHostValve.invoke(StandardHostValve.java:139)
	at org.apache.catalina.valves.ErrorReportValve.invoke(ErrorReportValve.java:92)
	at org.apache.catalina.core.StandardEngineValve.invoke(StandardEngineValve.java:74)
	at org.apache.catalina.connector.CoyoteAdapter.service(CoyoteAdapter.java:343)
	at org.apache.coyote.http11.Http11Processor.service(Http11Processor.java:373)
	at org.apache.coyote.AbstractProcessorLight.process(AbstractProcessorLight.java:65)
	at org.apache.coyote.AbstractProtocol$ConnectionHandler.process(AbstractProtocol.java:868)
	at org.apache.tomcat.util.net.NioEndpoint$SocketProcessor.doRun(NioEndpoint.java:1590)
	at org.apache.tomcat.util.net.SocketProcessorBase.run(SocketProcessorBase.java:49)
	at java.util.concurrent.ThreadPoolExecutor.runWorker(ThreadPoolExecutor.java:1149)
	at java.util.concurrent.ThreadPoolExecutor$Worker.run(ThreadPoolExecutor.java:624)
	at org.apache.tomcat.util.threads.TaskThread$WrappingRunnable.run(TaskThread.java:61)
	at java.lang.Thread.run(Thread.java:748)
Caused by: org.apache.ibatis.exceptions.PersistenceException: 
### Error querying database.  Cause: com.baomidou.mybatisplus.core.exceptions.MybatisPlusException: Error: Method queryTotal execution error of sql : 
 SELECT COUNT(1) FROM ( SELECT  Id,CenterId,SiteId,SiteStartupTime,HeadStartupTime,StopTime  FROM dic_center ) TOTAL 

### The error may exist in com/mt/CenEAISiteRealtime/dao/CenEAISiteStartupHistoryDao.java (best guess)
### The error may involve defaultParameterMap
### The error occurred while setting parameters
### Cause: com.baomidou.mybatisplus.core.exceptions.MybatisPlusException: Error: Method queryTotal execution error of sql : 
 SELECT COUNT(1) FROM ( SELECT  Id,CenterId,SiteId,SiteStartupTime,HeadStartupTime,StopTime  FROM dic_center ) TOTAL 

	at org.apache.ibatis.exceptions.ExceptionFactory.wrapException(ExceptionFactory.java:30)
	at org.apache.ibatis.session.defaults.DefaultSqlSession.selectList(DefaultSqlSession.java:149)
	at org.apache.ibatis.session.defaults.DefaultSqlSession.selectList(DefaultSqlSession.java:140)
	at sun.reflect.NativeMethodAccessorImpl.invoke0(Native Method)
	at sun.reflect.NativeMethodAccessorImpl.invoke(NativeMethodAccessorImpl.java:62)
	at sun.reflect.DelegatingMethodAccessorImpl.invoke(DelegatingMethodAccessorImpl.java:43)
	at java.lang.reflect.Method.invoke(Method.java:498)
	at org.mybatis.spring.SqlSessionTemplate$SqlSessionInterceptor.invoke(SqlSessionTemplate.java:426)
	... 98 common frames omitted
Caused by: com.baomidou.mybatisplus.core.exceptions.MybatisPlusException: Error: Method queryTotal execution error of sql : 
 SELECT COUNT(1) FROM ( SELECT  Id,CenterId,SiteId,SiteStartupTime,HeadStartupTime,StopTime  FROM dic_center ) TOTAL 

	at com.baomidou.mybatisplus.core.toolkit.ExceptionUtils.mpe(ExceptionUtils.java:39)
	at com.baomidou.mybatisplus.extension.plugins.PaginationInterceptor.queryTotal(PaginationInterceptor.java:270)
	at com.baomidou.mybatisplus.extension.plugins.PaginationInterceptor.intercept(PaginationInterceptor.java:218)
	at org.apache.ibatis.plugin.Plugin.invoke(Plugin.java:61)
	at com.sun.proxy.$Proxy129.prepare(Unknown Source)
	at com.baomidou.mybatisplus.core.executor.MybatisSimpleExecutor.prepareStatement(MybatisSimpleExecutor.java:92)
	at com.baomidou.mybatisplus.core.executor.MybatisSimpleExecutor.doQuery(MybatisSimpleExecutor.java:66)
	at org.apache.ibatis.executor.BaseExecutor.queryFromDatabase(BaseExecutor.java:324)
	at org.apache.ibatis.executor.BaseExecutor.query(BaseExecutor.java:156)
	at com.baomidou.mybatisplus.core.executor.MybatisCachingExecutor.query(MybatisCachingExecutor.java:163)
	at com.baomidou.mybatisplus.core.executor.MybatisCachingExecutor.query(MybatisCachingExecutor.java:90)
	at org.apache.ibatis.session.defaults.DefaultSqlSession.selectList(DefaultSqlSession.java:147)
	... 104 common frames omitted
Caused by: java.sql.SQLSyntaxErrorException: Unknown column 'Id' in 'field list'
	at com.mysql.cj.jdbc.exceptions.SQLError.createSQLException(SQLError.java:120)
	at com.mysql.cj.jdbc.exceptions.SQLError.createSQLException(SQLError.java:97)
	at com.mysql.cj.jdbc.exceptions.SQLExceptionsMapping.translateException(SQLExceptionsMapping.java:122)
	at com.mysql.cj.jdbc.ClientPreparedStatement.executeInternal(ClientPreparedStatement.java:953)
	at com.mysql.cj.jdbc.ClientPreparedStatement.executeQuery(ClientPreparedStatement.java:1003)
	at com.zaxxer.hikari.pool.ProxyPreparedStatement.executeQuery(ProxyPreparedStatement.java:52)
	at com.zaxxer.hikari.pool.HikariProxyPreparedStatement.executeQuery(HikariProxyPreparedStatement.java)
	at sun.reflect.NativeMethodAccessorImpl.invoke0(Native Method)
	at sun.reflect.NativeMethodAccessorImpl.invoke(NativeMethodAccessorImpl.java:62)
	at sun.reflect.DelegatingMethodAccessorImpl.invoke(DelegatingMethodAccessorImpl.java:43)
	at java.lang.reflect.Method.invoke(Method.java:498)
	at org.apache.ibatis.logging.jdbc.PreparedStatementLogger.invoke(PreparedStatementLogger.java:56)
	at com.sun.proxy.$Proxy131.executeQuery(Unknown Source)
	at com.baomidou.mybatisplus.extension.plugins.PaginationInterceptor.queryTotal(PaginationInterceptor.java:259)
	... 114 common frames omitted
2022-03-22 15:03:56.560 INFO  --- [SpringContextShutdownHook] org.quartz.core.QuartzScheduler : Scheduler quartzScheduler_$_NON_CLUSTERED paused.
2022-03-22 15:03:56.601 INFO  --- [SpringContextShutdownHook] org.springframework.scheduling.quartz.SchedulerFactoryBean : Shutting down Quartz Scheduler
2022-03-22 15:03:56.602 INFO  --- [SpringContextShutdownHook] org.quartz.core.QuartzScheduler : Scheduler quartzScheduler_$_NON_CLUSTERED shutting down.
2022-03-22 15:03:56.605 INFO  --- [SpringContextShutdownHook] org.quartz.core.QuartzScheduler : Scheduler quartzScheduler_$_NON_CLUSTERED paused.
2022-03-22 15:03:56.611 INFO  --- [SpringContextShutdownHook] org.quartz.core.QuartzScheduler : Scheduler quartzScheduler_$_NON_CLUSTERED shutdown complete.
2022-03-22 15:03:56.617 INFO  --- [SpringContextShutdownHook] org.springframework.scheduling.concurrent.ThreadPoolTaskExecutor : Shutting down ExecutorService 'applicationTaskExecutor'
2022-03-22 15:03:56.620 INFO  --- [SpringContextShutdownHook] com.baomidou.dynamic.datasource.DynamicRoutingDataSource : dynamic-datasource start closing ....
2022-03-22 15:03:56.621 INFO  --- [SpringContextShutdownHook] com.zaxxer.hikari.HikariDataSource : base - Shutdown initiated...
2022-03-22 15:03:56.638 INFO  --- [SpringContextShutdownHook] com.zaxxer.hikari.HikariDataSource : base - Shutdown completed.
2022-03-22 15:03:56.638 INFO  --- [SpringContextShutdownHook] com.baomidou.dynamic.datasource.DynamicRoutingDataSource : dynamic-datasource all closed success,bye
2022-03-22 15:04:06.928 INFO  --- [main] com.mt.demo2.RunApplication : Starting RunApplication on wuhaotiandeMacBook-Pro.local with PID 1983 (/Users/wuhaotian/Desktop/monitor-server/target/classes started by wuhaotian in /Users/wuhaotian/Desktop/monitor-server)
2022-03-22 15:04:06.934 INFO  --- [main] com.mt.demo2.RunApplication : No active profile set, falling back to default profiles: default
2022-03-22 15:04:09.333 INFO  --- [main] org.springframework.boot.web.embedded.tomcat.TomcatWebServer : Tomcat initialized with port(s): 9010 (http)
2022-03-22 15:04:09.356 INFO  --- [main] org.apache.coyote.http11.Http11NioProtocol : Initializing ProtocolHandler ["http-nio-9010"]
2022-03-22 15:04:09.361 INFO  --- [main] org.apache.catalina.core.StandardService : Starting service [Tomcat]
2022-03-22 15:04:09.362 INFO  --- [main] org.apache.catalina.core.StandardEngine : Starting Servlet engine: [Apache Tomcat/9.0.36]
2022-03-22 15:04:09.597 INFO  --- [main] org.apache.catalina.core.ContainerBase.[Tomcat].[localhost].[/] : Initializing Spring embedded WebApplicationContext
2022-03-22 15:04:09.597 INFO  --- [main] org.springframework.boot.web.servlet.context.ServletWebServerApplicationContext : Root WebApplicationContext: initialization completed in 2537 ms
2022-03-22 15:04:10.049 INFO  --- [main] com.zaxxer.hikari.HikariDataSource : base - Starting...
2022-03-22 15:04:10.922 INFO  --- [main] com.zaxxer.hikari.HikariDataSource : base - Start completed.
2022-03-22 15:04:10.923 INFO  --- [main] com.baomidou.dynamic.datasource.DynamicRoutingDataSource : dynamic-datasource - load a datasource named [base] success
2022-03-22 15:04:10.923 INFO  --- [main] com.baomidou.dynamic.datasource.DynamicRoutingDataSource : dynamic-datasource initial loaded [1] datasource,primary datasource named [base]
2022-03-22 15:04:11.623 ERROR --- [main] com.baomidou.mybatisplus.core.MybatisConfiguration : mapper[com.mt.dictionary.mapper.DictionaryMapper.getListOne] is ignored, because it exists, maybe from xml file
2022-03-22 15:04:12.068 INFO  --- [main] org.springframework.scheduling.concurrent.ThreadPoolTaskExecutor : Initializing ExecutorService 'applicationTaskExecutor'
2022-03-22 15:04:12.562 INFO  --- [main] org.quartz.impl.StdSchedulerFactory : Using default implementation for ThreadExecutor
2022-03-22 15:04:12.589 INFO  --- [main] org.quartz.core.SchedulerSignalerImpl : Initialized Scheduler Signaller of type: class org.quartz.core.SchedulerSignalerImpl
2022-03-22 15:04:12.590 INFO  --- [main] org.quartz.core.QuartzScheduler : Quartz Scheduler v.2.3.0 created.
2022-03-22 15:04:12.594 INFO  --- [main] org.quartz.simpl.RAMJobStore : RAMJobStore initialized.
2022-03-22 15:04:12.595 INFO  --- [main] org.quartz.core.QuartzScheduler : Scheduler meta-data: Quartz Scheduler (v2.3.0) 'quartzScheduler' with instanceId 'NON_CLUSTERED'
  Scheduler class: 'org.quartz.core.QuartzScheduler' - running locally.
  NOT STARTED.
  Currently in standby mode.
  Number of jobs executed: 0
  Using thread pool 'org.quartz.simpl.SimpleThreadPool' - with 10 threads.
  Using job-store 'org.quartz.simpl.RAMJobStore' - which does not support persistence. and is not clustered.

2022-03-22 15:04:12.596 INFO  --- [main] org.quartz.impl.StdSchedulerFactory : Quartz scheduler 'quartzScheduler' initialized from an externally provided properties instance.
2022-03-22 15:04:12.597 INFO  --- [main] org.quartz.impl.StdSchedulerFactory : Quartz scheduler version: 2.3.0
2022-03-22 15:04:12.598 INFO  --- [main] org.quartz.core.QuartzScheduler : JobFactory set to: org.springframework.scheduling.quartz.SpringBeanJobFactory@5f6e2ad9
2022-03-22 15:04:12.661 INFO  --- [main] org.springframework.boot.autoconfigure.security.servlet.UserDetailsServiceAutoConfiguration : 

Using generated security password: 33c03db3-af54-426a-8b75-09bbb0d66e14

2022-03-22 15:04:13.038 INFO  --- [main] org.springframework.security.web.DefaultSecurityFilterChain : Creating filter chain: any request, [org.springframework.security.web.context.request.async.WebAsyncManagerIntegrationFilter@304068, org.springframework.security.web.context.SecurityContextPersistenceFilter@76dc36e5, org.springframework.security.web.header.HeaderWriterFilter@6475e778, org.springframework.security.web.authentication.logout.LogoutFilter@4fafd27e, org.springframework.security.oauth2.provider.authentication.OAuth2AuthenticationProcessingFilter@4e5364a3, org.springframework.security.web.savedrequest.RequestCacheAwareFilter@31533eb1, org.springframework.security.web.servletapi.SecurityContextHolderAwareRequestFilter@73a49597, org.springframework.security.web.authentication.AnonymousAuthenticationFilter@54d60fa1, org.springframework.security.web.session.SessionManagementFilter@762da62b, org.springframework.security.web.access.ExceptionTranslationFilter@538e74fc, org.springframework.security.web.access.intercept.FilterSecurityInterceptor@3de45b6c]
2022-03-22 15:04:13.106 INFO  --- [main] org.apache.coyote.http11.Http11NioProtocol : Starting ProtocolHandler ["http-nio-9010"]
2022-03-22 15:04:13.146 INFO  --- [main] org.springframework.boot.web.embedded.tomcat.TomcatWebServer : Tomcat started on port(s): 9010 (http) with context path ''
2022-03-22 15:04:13.148 INFO  --- [main] org.springframework.scheduling.quartz.SchedulerFactoryBean : Starting Quartz Scheduler now
2022-03-22 15:04:13.148 INFO  --- [main] org.quartz.core.QuartzScheduler : Scheduler quartzScheduler_$_NON_CLUSTERED started.
2022-03-22 15:04:13.161 INFO  --- [main] com.mt.demo2.RunApplication : Started RunApplication in 7.353 seconds (JVM running for 9.987)
2022-03-22 15:04:26.806 INFO  --- [http-nio-9010-exec-2] org.apache.catalina.core.ContainerBase.[Tomcat].[localhost].[/] : Initializing Spring DispatcherServlet 'dispatcherServlet'
2022-03-22 15:04:26.808 INFO  --- [http-nio-9010-exec-2] org.springframework.web.servlet.DispatcherServlet : Initializing Servlet 'dispatcherServlet'
2022-03-22 15:04:26.825 INFO  --- [http-nio-9010-exec-2] org.springframework.web.servlet.DispatcherServlet : Completed initialization in 17 ms
2022-03-22 15:17:21.892 INFO  --- [SpringContextShutdownHook] org.quartz.core.QuartzScheduler : Scheduler quartzScheduler_$_NON_CLUSTERED paused.
2022-03-22 15:17:21.982 INFO  --- [SpringContextShutdownHook] org.springframework.scheduling.quartz.SchedulerFactoryBean : Shutting down Quartz Scheduler
2022-03-22 15:17:21.985 INFO  --- [SpringContextShutdownHook] org.quartz.core.QuartzScheduler : Scheduler quartzScheduler_$_NON_CLUSTERED shutting down.
2022-03-22 15:17:21.985 INFO  --- [SpringContextShutdownHook] org.quartz.core.QuartzScheduler : Scheduler quartzScheduler_$_NON_CLUSTERED paused.
2022-03-22 15:17:21.988 INFO  --- [SpringContextShutdownHook] org.quartz.core.QuartzScheduler : Scheduler quartzScheduler_$_NON_CLUSTERED shutdown complete.
2022-03-22 15:17:21.998 INFO  --- [SpringContextShutdownHook] org.springframework.scheduling.concurrent.ThreadPoolTaskExecutor : Shutting down ExecutorService 'applicationTaskExecutor'
2022-03-22 15:17:22.004 INFO  --- [SpringContextShutdownHook] com.baomidou.dynamic.datasource.DynamicRoutingDataSource : dynamic-datasource start closing ....
2022-03-22 15:17:22.009 INFO  --- [SpringContextShutdownHook] com.zaxxer.hikari.HikariDataSource : base - Shutdown initiated...
2022-03-22 15:17:22.295 INFO  --- [SpringContextShutdownHook] com.zaxxer.hikari.HikariDataSource : base - Shutdown completed.
2022-03-22 15:17:22.300 INFO  --- [SpringContextShutdownHook] com.baomidou.dynamic.datasource.DynamicRoutingDataSource : dynamic-datasource all closed success,bye
2022-03-22 15:17:33.992 INFO  --- [main] com.mt.demo2.RunApplication : Starting RunApplication on wuhaotiandeMacBook-Pro.local with PID 2028 (/Users/wuhaotian/Desktop/monitor-server/target/classes started by wuhaotian in /Users/wuhaotian/Desktop/monitor-server)
2022-03-22 15:17:33.997 INFO  --- [main] com.mt.demo2.RunApplication : No active profile set, falling back to default profiles: default
2022-03-22 15:17:36.221 INFO  --- [main] org.springframework.boot.web.embedded.tomcat.TomcatWebServer : Tomcat initialized with port(s): 9010 (http)
2022-03-22 15:17:36.234 INFO  --- [main] org.apache.coyote.http11.Http11NioProtocol : Initializing ProtocolHandler ["http-nio-9010"]
2022-03-22 15:17:36.235 INFO  --- [main] org.apache.catalina.core.StandardService : Starting service [Tomcat]
2022-03-22 15:17:36.235 INFO  --- [main] org.apache.catalina.core.StandardEngine : Starting Servlet engine: [Apache Tomcat/9.0.36]
2022-03-22 15:17:36.354 INFO  --- [main] org.apache.catalina.core.ContainerBase.[Tomcat].[localhost].[/] : Initializing Spring embedded WebApplicationContext
2022-03-22 15:17:36.355 INFO  --- [main] org.springframework.boot.web.servlet.context.ServletWebServerApplicationContext : Root WebApplicationContext: initialization completed in 2277 ms
2022-03-22 15:17:36.652 INFO  --- [main] com.zaxxer.hikari.HikariDataSource : base - Starting...
2022-03-22 15:17:37.451 INFO  --- [main] com.zaxxer.hikari.HikariDataSource : base - Start completed.
2022-03-22 15:17:37.453 INFO  --- [main] com.baomidou.dynamic.datasource.DynamicRoutingDataSource : dynamic-datasource - load a datasource named [base] success
2022-03-22 15:17:37.453 INFO  --- [main] com.baomidou.dynamic.datasource.DynamicRoutingDataSource : dynamic-datasource initial loaded [1] datasource,primary datasource named [base]
2022-03-22 15:17:38.155 ERROR --- [main] com.baomidou.mybatisplus.core.MybatisConfiguration : mapper[com.mt.dictionary.mapper.DictionaryMapper.getListOne] is ignored, because it exists, maybe from xml file
2022-03-22 15:17:38.608 INFO  --- [main] org.springframework.scheduling.concurrent.ThreadPoolTaskExecutor : Initializing ExecutorService 'applicationTaskExecutor'
2022-03-22 15:17:38.936 INFO  --- [main] org.quartz.impl.StdSchedulerFactory : Using default implementation for ThreadExecutor
2022-03-22 15:17:38.950 INFO  --- [main] org.quartz.core.SchedulerSignalerImpl : Initialized Scheduler Signaller of type: class org.quartz.core.SchedulerSignalerImpl
2022-03-22 15:17:38.950 INFO  --- [main] org.quartz.core.QuartzScheduler : Quartz Scheduler v.2.3.0 created.
2022-03-22 15:17:38.951 INFO  --- [main] org.quartz.simpl.RAMJobStore : RAMJobStore initialized.
2022-03-22 15:17:38.952 INFO  --- [main] org.quartz.core.QuartzScheduler : Scheduler meta-data: Quartz Scheduler (v2.3.0) 'quartzScheduler' with instanceId 'NON_CLUSTERED'
  Scheduler class: 'org.quartz.core.QuartzScheduler' - running locally.
  NOT STARTED.
  Currently in standby mode.
  Number of jobs executed: 0
  Using thread pool 'org.quartz.simpl.SimpleThreadPool' - with 10 threads.
  Using job-store 'org.quartz.simpl.RAMJobStore' - which does not support persistence. and is not clustered.

2022-03-22 15:17:38.952 INFO  --- [main] org.quartz.impl.StdSchedulerFactory : Quartz scheduler 'quartzScheduler' initialized from an externally provided properties instance.
2022-03-22 15:17:38.953 INFO  --- [main] org.quartz.impl.StdSchedulerFactory : Quartz scheduler version: 2.3.0
2022-03-22 15:17:38.953 INFO  --- [main] org.quartz.core.QuartzScheduler : JobFactory set to: org.springframework.scheduling.quartz.SpringBeanJobFactory@14e3d439
2022-03-22 15:17:39.011 INFO  --- [main] org.springframework.boot.autoconfigure.security.servlet.UserDetailsServiceAutoConfiguration : 

Using generated security password: 01975dbc-28bd-4428-b000-8c7ef8814009

2022-03-22 15:17:39.306 INFO  --- [main] org.springframework.security.web.DefaultSecurityFilterChain : Creating filter chain: any request, [org.springframework.security.web.context.request.async.WebAsyncManagerIntegrationFilter@6f4d2294, org.springframework.security.web.context.SecurityContextPersistenceFilter@261a66b8, org.springframework.security.web.header.HeaderWriterFilter@1b19712f, org.springframework.security.web.authentication.logout.LogoutFilter@492c9892, org.springframework.security.oauth2.provider.authentication.OAuth2AuthenticationProcessingFilter@2a54c92e, org.springframework.security.web.savedrequest.RequestCacheAwareFilter@adc8683, org.springframework.security.web.servletapi.SecurityContextHolderAwareRequestFilter@1b28cff, org.springframework.security.web.authentication.AnonymousAuthenticationFilter@22361e23, org.springframework.security.web.session.SessionManagementFilter@60e47aab, org.springframework.security.web.access.ExceptionTranslationFilter@287ad0da, org.springframework.security.web.access.intercept.FilterSecurityInterceptor@69bc4024]
2022-03-22 15:17:39.376 INFO  --- [main] org.apache.coyote.http11.Http11NioProtocol : Starting ProtocolHandler ["http-nio-9010"]
2022-03-22 15:17:39.420 INFO  --- [main] org.springframework.boot.web.embedded.tomcat.TomcatWebServer : Tomcat started on port(s): 9010 (http) with context path ''
2022-03-22 15:17:39.422 INFO  --- [main] org.springframework.scheduling.quartz.SchedulerFactoryBean : Starting Quartz Scheduler now
2022-03-22 15:17:39.422 INFO  --- [main] org.quartz.core.QuartzScheduler : Scheduler quartzScheduler_$_NON_CLUSTERED started.
2022-03-22 15:17:39.435 INFO  --- [main] com.mt.demo2.RunApplication : Started RunApplication in 6.338 seconds (JVM running for 8.608)
2022-03-22 15:18:30.101 INFO  --- [http-nio-9010-exec-1] org.apache.catalina.core.ContainerBase.[Tomcat].[localhost].[/] : Initializing Spring DispatcherServlet 'dispatcherServlet'
2022-03-22 15:18:30.102 INFO  --- [http-nio-9010-exec-1] org.springframework.web.servlet.DispatcherServlet : Initializing Servlet 'dispatcherServlet'
2022-03-22 15:18:30.123 INFO  --- [http-nio-9010-exec-1] org.springframework.web.servlet.DispatcherServlet : Completed initialization in 21 ms
2022-03-22 15:33:07.990 INFO  --- [SpringContextShutdownHook] org.quartz.core.QuartzScheduler : Scheduler quartzScheduler_$_NON_CLUSTERED paused.
2022-03-22 15:33:08.064 INFO  --- [SpringContextShutdownHook] org.springframework.scheduling.quartz.SchedulerFactoryBean : Shutting down Quartz Scheduler
2022-03-22 15:33:08.065 INFO  --- [SpringContextShutdownHook] org.quartz.core.QuartzScheduler : Scheduler quartzScheduler_$_NON_CLUSTERED shutting down.
2022-03-22 15:33:08.066 INFO  --- [SpringContextShutdownHook] org.quartz.core.QuartzScheduler : Scheduler quartzScheduler_$_NON_CLUSTERED paused.
2022-03-22 15:33:08.067 INFO  --- [SpringContextShutdownHook] org.quartz.core.QuartzScheduler : Scheduler quartzScheduler_$_NON_CLUSTERED shutdown complete.
2022-03-22 15:33:08.074 INFO  --- [SpringContextShutdownHook] org.springframework.scheduling.concurrent.ThreadPoolTaskExecutor : Shutting down ExecutorService 'applicationTaskExecutor'
2022-03-22 15:33:08.079 INFO  --- [SpringContextShutdownHook] com.baomidou.dynamic.datasource.DynamicRoutingDataSource : dynamic-datasource start closing ....
2022-03-22 15:33:08.083 INFO  --- [SpringContextShutdownHook] com.zaxxer.hikari.HikariDataSource : base - Shutdown initiated...
2022-03-22 15:33:08.129 INFO  --- [SpringContextShutdownHook] com.zaxxer.hikari.HikariDataSource : base - Shutdown completed.
2022-03-22 15:33:08.130 INFO  --- [SpringContextShutdownHook] com.baomidou.dynamic.datasource.DynamicRoutingDataSource : dynamic-datasource all closed success,bye
2022-03-22 15:33:18.770 INFO  --- [main] com.mt.demo2.RunApplication : Starting RunApplication on wuhaotiandeMacBook-Pro.local with PID 2100 (/Users/wuhaotian/Desktop/monitor-server/target/classes started by wuhaotian in /Users/wuhaotian/Desktop/monitor-server)
2022-03-22 15:33:18.775 INFO  --- [main] com.mt.demo2.RunApplication : No active profile set, falling back to default profiles: default
2022-03-22 15:33:21.062 INFO  --- [main] org.springframework.boot.web.embedded.tomcat.TomcatWebServer : Tomcat initialized with port(s): 9010 (http)
2022-03-22 15:33:21.079 INFO  --- [main] org.apache.coyote.http11.Http11NioProtocol : Initializing ProtocolHandler ["http-nio-9010"]
2022-03-22 15:33:21.080 INFO  --- [main] org.apache.catalina.core.StandardService : Starting service [Tomcat]
2022-03-22 15:33:21.080 INFO  --- [main] org.apache.catalina.core.StandardEngine : Starting Servlet engine: [Apache Tomcat/9.0.36]
2022-03-22 15:33:21.203 INFO  --- [main] org.apache.catalina.core.ContainerBase.[Tomcat].[localhost].[/] : Initializing Spring embedded WebApplicationContext
2022-03-22 15:33:21.204 INFO  --- [main] org.springframework.boot.web.servlet.context.ServletWebServerApplicationContext : Root WebApplicationContext: initialization completed in 2329 ms
2022-03-22 15:33:21.525 INFO  --- [main] com.zaxxer.hikari.HikariDataSource : base - Starting...
2022-03-22 15:33:22.306 INFO  --- [main] com.zaxxer.hikari.HikariDataSource : base - Start completed.
2022-03-22 15:33:22.308 INFO  --- [main] com.baomidou.dynamic.datasource.DynamicRoutingDataSource : dynamic-datasource - load a datasource named [base] success
2022-03-22 15:33:22.308 INFO  --- [main] com.baomidou.dynamic.datasource.DynamicRoutingDataSource : dynamic-datasource initial loaded [1] datasource,primary datasource named [base]
2022-03-22 15:33:22.978 ERROR --- [main] com.baomidou.mybatisplus.core.MybatisConfiguration : mapper[com.mt.dictionary.mapper.DictionaryMapper.getListOne] is ignored, because it exists, maybe from xml file
2022-03-22 15:33:23.567 INFO  --- [main] org.springframework.scheduling.concurrent.ThreadPoolTaskExecutor : Initializing ExecutorService 'applicationTaskExecutor'
2022-03-22 15:33:23.997 INFO  --- [main] org.quartz.impl.StdSchedulerFactory : Using default implementation for ThreadExecutor
2022-03-22 15:33:24.010 INFO  --- [main] org.quartz.core.SchedulerSignalerImpl : Initialized Scheduler Signaller of type: class org.quartz.core.SchedulerSignalerImpl
2022-03-22 15:33:24.010 INFO  --- [main] org.quartz.core.QuartzScheduler : Quartz Scheduler v.2.3.0 created.
2022-03-22 15:33:24.011 INFO  --- [main] org.quartz.simpl.RAMJobStore : RAMJobStore initialized.
2022-03-22 15:33:24.012 INFO  --- [main] org.quartz.core.QuartzScheduler : Scheduler meta-data: Quartz Scheduler (v2.3.0) 'quartzScheduler' with instanceId 'NON_CLUSTERED'
  Scheduler class: 'org.quartz.core.QuartzScheduler' - running locally.
  NOT STARTED.
  Currently in standby mode.
  Number of jobs executed: 0
  Using thread pool 'org.quartz.simpl.SimpleThreadPool' - with 10 threads.
  Using job-store 'org.quartz.simpl.RAMJobStore' - which does not support persistence. and is not clustered.

2022-03-22 15:33:24.013 INFO  --- [main] org.quartz.impl.StdSchedulerFactory : Quartz scheduler 'quartzScheduler' initialized from an externally provided properties instance.
2022-03-22 15:33:24.013 INFO  --- [main] org.quartz.impl.StdSchedulerFactory : Quartz scheduler version: 2.3.0
2022-03-22 15:33:24.013 INFO  --- [main] org.quartz.core.QuartzScheduler : JobFactory set to: org.springframework.scheduling.quartz.SpringBeanJobFactory@53b7bf01
2022-03-22 15:33:24.069 INFO  --- [main] org.springframework.boot.autoconfigure.security.servlet.UserDetailsServiceAutoConfiguration : 

Using generated security password: 17e4f710-ee21-4caa-9593-c6c0f53543db

2022-03-22 15:33:24.493 INFO  --- [main] org.springframework.security.web.DefaultSecurityFilterChain : Creating filter chain: any request, [org.springframework.security.web.context.request.async.WebAsyncManagerIntegrationFilter@7c47e077, org.springframework.security.web.context.SecurityContextPersistenceFilter@4a0c3aa8, org.springframework.security.web.header.HeaderWriterFilter@2b90cc1, org.springframework.security.web.authentication.logout.LogoutFilter@1f4d38f9, org.springframework.security.oauth2.provider.authentication.OAuth2AuthenticationProcessingFilter@51d88c38, org.springframework.security.web.savedrequest.RequestCacheAwareFilter@3534651a, org.springframework.security.web.servletapi.SecurityContextHolderAwareRequestFilter@2591d23a, org.springframework.security.web.authentication.AnonymousAuthenticationFilter@41bd6a0f, org.springframework.security.web.session.SessionManagementFilter@3d59933, org.springframework.security.web.access.ExceptionTranslationFilter@45ad3cd8, org.springframework.security.web.access.intercept.FilterSecurityInterceptor@43d6262c]
2022-03-22 15:33:24.569 INFO  --- [main] org.apache.coyote.http11.Http11NioProtocol : Starting ProtocolHandler ["http-nio-9010"]
2022-03-22 15:33:24.620 INFO  --- [main] org.springframework.boot.web.embedded.tomcat.TomcatWebServer : Tomcat started on port(s): 9010 (http) with context path ''
2022-03-22 15:33:24.624 INFO  --- [main] org.springframework.scheduling.quartz.SchedulerFactoryBean : Starting Quartz Scheduler now
2022-03-22 15:33:24.624 INFO  --- [main] org.quartz.core.QuartzScheduler : Scheduler quartzScheduler_$_NON_CLUSTERED started.
2022-03-22 15:33:24.644 INFO  --- [main] com.mt.demo2.RunApplication : Started RunApplication in 6.713 seconds (JVM running for 9.045)
2022-03-22 15:34:03.405 INFO  --- [http-nio-9010-exec-2] org.apache.catalina.core.ContainerBase.[Tomcat].[localhost].[/] : Initializing Spring DispatcherServlet 'dispatcherServlet'
2022-03-22 15:34:03.406 INFO  --- [http-nio-9010-exec-2] org.springframework.web.servlet.DispatcherServlet : Initializing Servlet 'dispatcherServlet'
2022-03-22 15:34:03.420 INFO  --- [http-nio-9010-exec-2] org.springframework.web.servlet.DispatcherServlet : Completed initialization in 14 ms
2022-03-22 18:01:35.283 INFO  --- [SpringContextShutdownHook] org.quartz.core.QuartzScheduler : Scheduler quartzScheduler_$_NON_CLUSTERED paused.
2022-03-22 18:01:35.346 INFO  --- [SpringContextShutdownHook] org.springframework.scheduling.quartz.SchedulerFactoryBean : Shutting down Quartz Scheduler
2022-03-22 18:01:35.347 INFO  --- [SpringContextShutdownHook] org.quartz.core.QuartzScheduler : Scheduler quartzScheduler_$_NON_CLUSTERED shutting down.
2022-03-22 18:01:35.347 INFO  --- [SpringContextShutdownHook] org.quartz.core.QuartzScheduler : Scheduler quartzScheduler_$_NON_CLUSTERED paused.
2022-03-22 18:01:35.348 INFO  --- [SpringContextShutdownHook] org.quartz.core.QuartzScheduler : Scheduler quartzScheduler_$_NON_CLUSTERED shutdown complete.
2022-03-22 18:01:35.351 INFO  --- [SpringContextShutdownHook] org.springframework.scheduling.concurrent.ThreadPoolTaskExecutor : Shutting down ExecutorService 'applicationTaskExecutor'
2022-03-22 18:01:35.359 INFO  --- [SpringContextShutdownHook] com.baomidou.dynamic.datasource.DynamicRoutingDataSource : dynamic-datasource start closing ....
2022-03-22 18:01:35.360 INFO  --- [SpringContextShutdownHook] com.zaxxer.hikari.HikariDataSource : base - Shutdown initiated...
2022-03-22 18:01:35.366 INFO  --- [SpringContextShutdownHook] com.zaxxer.hikari.HikariDataSource : base - Shutdown completed.
2022-03-22 18:01:35.366 INFO  --- [SpringContextShutdownHook] com.baomidou.dynamic.datasource.DynamicRoutingDataSource : dynamic-datasource all closed success,bye
