2021-12-07 17:39:03.536 INFO  --- [main] com.mt.demo2.RunApplication : Starting RunApplication on wuhaotiandeMacBook-Pro.local with PID 6068 (/Users/wuhaotian/Desktop/My/my-server/target/classes started by wuhaotian in /Users/wuhaotian/Desktop/My/my-server)
2021-12-07 17:39:03.760 INFO  --- [main] com.mt.demo2.RunApplication : No active profile set, falling back to default profiles: default
2021-12-07 17:39:15.485 INFO  --- [main] org.springframework.boot.web.embedded.tomcat.TomcatWebServer : Tomcat initialized with port(s): 9010 (http)
2021-12-07 17:39:15.524 INFO  --- [main] org.apache.coyote.http11.Http11NioProtocol : Initializing ProtocolHandler ["http-nio-9010"]
2021-12-07 17:39:15.526 INFO  --- [main] org.apache.catalina.core.StandardService : Starting service [Tomcat]
2021-12-07 17:39:15.528 INFO  --- [main] org.apache.catalina.core.StandardEngine : Starting Servlet engine: [Apache Tomcat/9.0.36]
2021-12-07 17:39:16.021 INFO  --- [main] org.apache.catalina.core.ContainerBase.[Tomcat].[localhost].[/] : Initializing Spring embedded WebApplicationContext
2021-12-07 17:39:16.021 INFO  --- [main] org.springframework.boot.web.servlet.context.ServletWebServerApplicationContext : Root WebApplicationContext: initialization completed in 11926 ms
2021-12-07 17:39:17.045 INFO  --- [main] com.zaxxer.hikari.HikariDataSource : base - Starting...
2021-12-07 17:39:18.944 INFO  --- [main] com.zaxxer.hikari.HikariDataSource : base - Start completed.
2021-12-07 17:39:18.945 INFO  --- [main] com.baomidou.dynamic.datasource.DynamicRoutingDataSource : dynamic-datasource - load a datasource named [base] success
2021-12-07 17:39:18.945 INFO  --- [main] com.baomidou.dynamic.datasource.DynamicRoutingDataSource : dynamic-datasource initial loaded [1] datasource,primary datasource named [base]
2021-12-07 17:39:20.162 ERROR --- [main] com.baomidou.mybatisplus.core.MybatisConfiguration : mapper[com.mt.dictionary.mapper.DictionaryMapper.getListOne] is ignored, because it exists, maybe from xml file
2021-12-07 17:39:23.670 INFO  --- [main] org.springframework.scheduling.concurrent.ThreadPoolTaskExecutor : Initializing ExecutorService 'applicationTaskExecutor'
2021-12-07 17:39:26.145 INFO  --- [main] org.quartz.impl.StdSchedulerFactory : Using default implementation for ThreadExecutor
2021-12-07 17:39:26.176 INFO  --- [main] org.quartz.core.SchedulerSignalerImpl : Initialized Scheduler Signaller of type: class org.quartz.core.SchedulerSignalerImpl
2021-12-07 17:39:26.177 INFO  --- [main] org.quartz.core.QuartzScheduler : Quartz Scheduler v.2.3.0 created.
2021-12-07 17:39:26.178 INFO  --- [main] org.quartz.simpl.RAMJobStore : RAMJobStore initialized.
2021-12-07 17:39:26.181 INFO  --- [main] org.quartz.core.QuartzScheduler : Scheduler meta-data: Quartz Scheduler (v2.3.0) 'quartzScheduler' with instanceId 'NON_CLUSTERED'
  Scheduler class: 'org.quartz.core.QuartzScheduler' - running locally.
  NOT STARTED.
  Currently in standby mode.
  Number of jobs executed: 0
  Using thread pool 'org.quartz.simpl.SimpleThreadPool' - with 10 threads.
  Using job-store 'org.quartz.simpl.RAMJobStore' - which does not support persistence. and is not clustered.

2021-12-07 17:39:26.183 INFO  --- [main] org.quartz.impl.StdSchedulerFactory : Quartz scheduler 'quartzScheduler' initialized from an externally provided properties instance.
2021-12-07 17:39:26.184 INFO  --- [main] org.quartz.impl.StdSchedulerFactory : Quartz scheduler version: 2.3.0
2021-12-07 17:39:26.185 INFO  --- [main] org.quartz.core.QuartzScheduler : JobFactory set to: org.springframework.scheduling.quartz.SpringBeanJobFactory@684e8c9d
2021-12-07 17:39:26.542 INFO  --- [main] org.springframework.boot.autoconfigure.security.servlet.UserDetailsServiceAutoConfiguration : 

Using generated security password: abefdb98-3725-4028-b2ba-13b141d9e445

2021-12-07 17:39:27.874 INFO  --- [main] org.springframework.security.web.DefaultSecurityFilterChain : Creating filter chain: any request, [org.springframework.security.web.context.request.async.WebAsyncManagerIntegrationFilter@71a4f441, org.springframework.security.web.context.SecurityContextPersistenceFilter@415795f3, org.springframework.security.web.header.HeaderWriterFilter@261b9a37, org.springframework.security.web.authentication.logout.LogoutFilter@39549f33, org.springframework.security.oauth2.provider.authentication.OAuth2AuthenticationProcessingFilter@9cfc77, org.springframework.security.web.savedrequest.RequestCacheAwareFilter@3375ebd3, org.springframework.security.web.servletapi.SecurityContextHolderAwareRequestFilter@6f6cc7da, org.springframework.security.web.authentication.AnonymousAuthenticationFilter@24876a7e, org.springframework.security.web.session.SessionManagementFilter@2199e845, org.springframework.security.web.access.ExceptionTranslationFilter@4a70d302, org.springframework.security.web.access.intercept.FilterSecurityInterceptor@446e7065]
2021-12-07 17:39:28.259 INFO  --- [main] org.apache.coyote.http11.Http11NioProtocol : Starting ProtocolHandler ["http-nio-9010"]
2021-12-07 17:39:28.539 INFO  --- [main] org.springframework.boot.web.embedded.tomcat.TomcatWebServer : Tomcat started on port(s): 9010 (http) with context path ''
2021-12-07 17:39:28.547 INFO  --- [main] org.springframework.scheduling.quartz.SchedulerFactoryBean : Starting Quartz Scheduler now
2021-12-07 17:39:28.560 INFO  --- [main] org.quartz.core.QuartzScheduler : Scheduler quartzScheduler_$_NON_CLUSTERED started.
2021-12-07 17:39:28.641 INFO  --- [main] com.mt.demo2.RunApplication : Started RunApplication in 28.643 seconds (JVM running for 31.756)
2021-12-07 17:39:55.230 INFO  --- [http-nio-9010-exec-1] org.apache.catalina.core.ContainerBase.[Tomcat].[localhost].[/] : Initializing Spring DispatcherServlet 'dispatcherServlet'
2021-12-07 17:39:55.238 INFO  --- [http-nio-9010-exec-1] org.springframework.web.servlet.DispatcherServlet : Initializing Servlet 'dispatcherServlet'
2021-12-07 17:39:55.278 INFO  --- [http-nio-9010-exec-1] org.springframework.web.servlet.DispatcherServlet : Completed initialization in 39 ms
2021-12-07 17:39:55.947 ERROR --- [http-nio-9010-exec-1] com.mt.common.exception.RRExceptionHandler : 
### Error querying database.  Cause: java.sql.SQLSyntaxErrorException: Unknown column 'point_class' in 'where clause'
### The error may exist in com/mt/power/dao/PowerDao.java (best guess)
### The error may involve defaultParameterMap
### The error occurred while setting parameters
### SQL: SELECT  code,time,type,value,bomcode,pointclass,equipmentcode,pointmetric,transcode,pointtype  FROM power1121     WHERE (point_class = ?) ORDER BY time ASC
### Cause: java.sql.SQLSyntaxErrorException: Unknown column 'point_class' in 'where clause'
; bad SQL grammar []; nested exception is java.sql.SQLSyntaxErrorException: Unknown column 'point_class' in 'where clause'
org.springframework.jdbc.BadSqlGrammarException: 
### Error querying database.  Cause: java.sql.SQLSyntaxErrorException: Unknown column 'point_class' in 'where clause'
### The error may exist in com/mt/power/dao/PowerDao.java (best guess)
### The error may involve defaultParameterMap
### The error occurred while setting parameters
### SQL: SELECT  code,time,type,value,bomcode,pointclass,equipmentcode,pointmetric,transcode,pointtype  FROM power1121     WHERE (point_class = ?) ORDER BY time ASC
### Cause: java.sql.SQLSyntaxErrorException: Unknown column 'point_class' in 'where clause'
; bad SQL grammar []; nested exception is java.sql.SQLSyntaxErrorException: Unknown column 'point_class' in 'where clause'
	at org.springframework.jdbc.support.SQLErrorCodeSQLExceptionTranslator.doTranslate(SQLErrorCodeSQLExceptionTranslator.java:235)
	at org.springframework.jdbc.support.AbstractFallbackSQLExceptionTranslator.translate(AbstractFallbackSQLExceptionTranslator.java:72)
	at org.mybatis.spring.MyBatisExceptionTranslator.translateExceptionIfPossible(MyBatisExceptionTranslator.java:88)
	at org.mybatis.spring.SqlSessionTemplate$SqlSessionInterceptor.invoke(SqlSessionTemplate.java:440)
	at com.sun.proxy.$Proxy75.selectList(Unknown Source)
	at org.mybatis.spring.SqlSessionTemplate.selectList(SqlSessionTemplate.java:223)
	at com.baomidou.mybatisplus.core.override.MybatisMapperMethod.executeForMany(MybatisMapperMethod.java:177)
	at com.baomidou.mybatisplus.core.override.MybatisMapperMethod.execute(MybatisMapperMethod.java:78)
	at com.baomidou.mybatisplus.core.override.MybatisMapperProxy.invoke(MybatisMapperProxy.java:96)
	at com.sun.proxy.$Proxy108.selectList(Unknown Source)
	at com.mt.power.controller.PowerController.loadRate(PowerController.java:456)
	at sun.reflect.NativeMethodAccessorImpl.invoke0(Native Method)
	at sun.reflect.NativeMethodAccessorImpl.invoke(NativeMethodAccessorImpl.java:62)
	at sun.reflect.DelegatingMethodAccessorImpl.invoke(DelegatingMethodAccessorImpl.java:43)
	at java.lang.reflect.Method.invoke(Method.java:498)
	at org.springframework.web.method.support.InvocableHandlerMethod.doInvoke(InvocableHandlerMethod.java:190)
	at org.springframework.web.method.support.InvocableHandlerMethod.invokeForRequest(InvocableHandlerMethod.java:138)
	at org.springframework.web.servlet.mvc.method.annotation.ServletInvocableHandlerMethod.invokeAndHandle(ServletInvocableHandlerMethod.java:105)
	at org.springframework.web.servlet.mvc.method.annotation.RequestMappingHandlerAdapter.invokeHandlerMethod(RequestMappingHandlerAdapter.java:879)
	at org.springframework.web.servlet.mvc.method.annotation.RequestMappingHandlerAdapter.handleInternal(RequestMappingHandlerAdapter.java:793)
	at org.springframework.web.servlet.mvc.method.AbstractHandlerMethodAdapter.handle(AbstractHandlerMethodAdapter.java:87)
	at org.springframework.web.servlet.DispatcherServlet.doDispatch(DispatcherServlet.java:1040)
	at org.springframework.web.servlet.DispatcherServlet.doService(DispatcherServlet.java:943)
	at org.springframework.web.servlet.FrameworkServlet.processRequest(FrameworkServlet.java:1006)
	at org.springframework.web.servlet.FrameworkServlet.doGet(FrameworkServlet.java:898)
	at javax.servlet.http.HttpServlet.service(HttpServlet.java:634)
	at org.springframework.web.servlet.FrameworkServlet.service(FrameworkServlet.java:883)
	at javax.servlet.http.HttpServlet.service(HttpServlet.java:741)
	at org.apache.catalina.core.ApplicationFilterChain.internalDoFilter(ApplicationFilterChain.java:231)
	at org.apache.catalina.core.ApplicationFilterChain.doFilter(ApplicationFilterChain.java:166)
	at org.apache.tomcat.websocket.server.WsFilter.doFilter(WsFilter.java:53)
	at org.apache.catalina.core.ApplicationFilterChain.internalDoFilter(ApplicationFilterChain.java:193)
	at org.apache.catalina.core.ApplicationFilterChain.doFilter(ApplicationFilterChain.java:166)
	at org.springframework.security.web.FilterChainProxy$VirtualFilterChain.doFilter(FilterChainProxy.java:320)
	at org.springframework.security.web.access.intercept.FilterSecurityInterceptor.invoke(FilterSecurityInterceptor.java:126)
	at org.springframework.security.web.access.intercept.FilterSecurityInterceptor.doFilter(FilterSecurityInterceptor.java:90)
	at org.springframework.security.web.FilterChainProxy$VirtualFilterChain.doFilter(FilterChainProxy.java:334)
	at org.springframework.security.web.access.ExceptionTranslationFilter.doFilter(ExceptionTranslationFilter.java:118)
	at org.springframework.security.web.FilterChainProxy$VirtualFilterChain.doFilter(FilterChainProxy.java:334)
	at org.springframework.security.web.session.SessionManagementFilter.doFilter(SessionManagementFilter.java:137)
	at org.springframework.security.web.FilterChainProxy$VirtualFilterChain.doFilter(FilterChainProxy.java:334)
	at org.springframework.security.web.authentication.AnonymousAuthenticationFilter.doFilter(AnonymousAuthenticationFilter.java:111)
	at org.springframework.security.web.FilterChainProxy$VirtualFilterChain.doFilter(FilterChainProxy.java:334)
	at org.springframework.security.web.servletapi.SecurityContextHolderAwareRequestFilter.doFilter(SecurityContextHolderAwareRequestFilter.java:158)
	at org.springframework.security.web.FilterChainProxy$VirtualFilterChain.doFilter(FilterChainProxy.java:334)
	at org.springframework.security.web.savedrequest.RequestCacheAwareFilter.doFilter(RequestCacheAwareFilter.java:63)
	at org.springframework.security.web.FilterChainProxy$VirtualFilterChain.doFilter(FilterChainProxy.java:334)
	at org.springframework.security.oauth2.provider.authentication.OAuth2AuthenticationProcessingFilter.doFilter(OAuth2AuthenticationProcessingFilter.java:176)
	at org.springframework.security.web.FilterChainProxy$VirtualFilterChain.doFilter(FilterChainProxy.java:334)
	at org.springframework.security.web.authentication.logout.LogoutFilter.doFilter(LogoutFilter.java:116)
	at org.springframework.security.web.FilterChainProxy$VirtualFilterChain.doFilter(FilterChainProxy.java:334)
	at org.springframework.security.web.header.HeaderWriterFilter.doHeadersAfter(HeaderWriterFilter.java:92)
	at org.springframework.security.web.header.HeaderWriterFilter.doFilterInternal(HeaderWriterFilter.java:77)
	at org.springframework.web.filter.OncePerRequestFilter.doFilter(OncePerRequestFilter.java:119)
	at org.springframework.security.web.FilterChainProxy$VirtualFilterChain.doFilter(FilterChainProxy.java:334)
	at org.springframework.security.web.context.SecurityContextPersistenceFilter.doFilter(SecurityContextPersistenceFilter.java:105)
	at org.springframework.security.web.FilterChainProxy$VirtualFilterChain.doFilter(FilterChainProxy.java:334)
	at org.springframework.security.web.context.request.async.WebAsyncManagerIntegrationFilter.doFilterInternal(WebAsyncManagerIntegrationFilter.java:56)
	at org.springframework.web.filter.OncePerRequestFilter.doFilter(OncePerRequestFilter.java:119)
	at org.springframework.security.web.FilterChainProxy$VirtualFilterChain.doFilter(FilterChainProxy.java:334)
	at org.springframework.security.web.FilterChainProxy.doFilterInternal(FilterChainProxy.java:215)
	at org.springframework.security.web.FilterChainProxy.doFilter(FilterChainProxy.java:178)
	at org.springframework.web.filter.DelegatingFilterProxy.invokeDelegate(DelegatingFilterProxy.java:358)
	at org.springframework.web.filter.DelegatingFilterProxy.doFilter(DelegatingFilterProxy.java:271)
	at org.apache.catalina.core.ApplicationFilterChain.internalDoFilter(ApplicationFilterChain.java:193)
	at org.apache.catalina.core.ApplicationFilterChain.doFilter(ApplicationFilterChain.java:166)
	at org.springframework.web.filter.RequestContextFilter.doFilterInternal(RequestContextFilter.java:100)
	at org.springframework.web.filter.OncePerRequestFilter.doFilter(OncePerRequestFilter.java:119)
	at org.apache.catalina.core.ApplicationFilterChain.internalDoFilter(ApplicationFilterChain.java:193)
	at org.apache.catalina.core.ApplicationFilterChain.doFilter(ApplicationFilterChain.java:166)
	at org.springframework.web.filter.FormContentFilter.doFilterInternal(FormContentFilter.java:93)
	at org.springframework.web.filter.OncePerRequestFilter.doFilter(OncePerRequestFilter.java:119)
	at org.apache.catalina.core.ApplicationFilterChain.internalDoFilter(ApplicationFilterChain.java:193)
	at org.apache.catalina.core.ApplicationFilterChain.doFilter(ApplicationFilterChain.java:166)
	at org.springframework.web.filter.CharacterEncodingFilter.doFilterInternal(CharacterEncodingFilter.java:201)
	at org.springframework.web.filter.OncePerRequestFilter.doFilter(OncePerRequestFilter.java:119)
	at org.apache.catalina.core.ApplicationFilterChain.internalDoFilter(ApplicationFilterChain.java:193)
	at org.apache.catalina.core.ApplicationFilterChain.doFilter(ApplicationFilterChain.java:166)
	at com.mt.auth.config.CorsFilter.doFilter(CorsFilter.java:34)
	at org.apache.catalina.core.ApplicationFilterChain.internalDoFilter(ApplicationFilterChain.java:193)
	at org.apache.catalina.core.ApplicationFilterChain.doFilter(ApplicationFilterChain.java:166)
	at org.apache.catalina.core.StandardWrapperValve.invoke(StandardWrapperValve.java:202)
	at org.apache.catalina.core.StandardContextValve.invoke(StandardContextValve.java:96)
	at org.apache.catalina.authenticator.AuthenticatorBase.invoke(AuthenticatorBase.java:541)
	at org.apache.catalina.core.StandardHostValve.invoke(StandardHostValve.java:139)
	at org.apache.catalina.valves.ErrorReportValve.invoke(ErrorReportValve.java:92)
	at org.apache.catalina.core.StandardEngineValve.invoke(StandardEngineValve.java:74)
	at org.apache.catalina.connector.CoyoteAdapter.service(CoyoteAdapter.java:343)
	at org.apache.coyote.http11.Http11Processor.service(Http11Processor.java:373)
	at org.apache.coyote.AbstractProcessorLight.process(AbstractProcessorLight.java:65)
	at org.apache.coyote.AbstractProtocol$ConnectionHandler.process(AbstractProtocol.java:868)
	at org.apache.tomcat.util.net.NioEndpoint$SocketProcessor.doRun(NioEndpoint.java:1590)
	at org.apache.tomcat.util.net.SocketProcessorBase.run(SocketProcessorBase.java:49)
	at java.util.concurrent.ThreadPoolExecutor.runWorker(ThreadPoolExecutor.java:1149)
	at java.util.concurrent.ThreadPoolExecutor$Worker.run(ThreadPoolExecutor.java:624)
	at org.apache.tomcat.util.threads.TaskThread$WrappingRunnable.run(TaskThread.java:61)
	at java.lang.Thread.run(Thread.java:748)
Caused by: java.sql.SQLSyntaxErrorException: Unknown column 'point_class' in 'where clause'
	at com.mysql.cj.jdbc.exceptions.SQLError.createSQLException(SQLError.java:120)
	at com.mysql.cj.jdbc.exceptions.SQLError.createSQLException(SQLError.java:97)
	at com.mysql.cj.jdbc.exceptions.SQLExceptionsMapping.translateException(SQLExceptionsMapping.java:122)
	at com.mysql.cj.jdbc.ClientPreparedStatement.executeInternal(ClientPreparedStatement.java:953)
	at com.mysql.cj.jdbc.ClientPreparedStatement.execute(ClientPreparedStatement.java:370)
	at com.zaxxer.hikari.pool.ProxyPreparedStatement.execute(ProxyPreparedStatement.java:44)
	at com.zaxxer.hikari.pool.HikariProxyPreparedStatement.execute(HikariProxyPreparedStatement.java)
	at sun.reflect.NativeMethodAccessorImpl.invoke0(Native Method)
	at sun.reflect.NativeMethodAccessorImpl.invoke(NativeMethodAccessorImpl.java:62)
	at sun.reflect.DelegatingMethodAccessorImpl.invoke(DelegatingMethodAccessorImpl.java:43)
	at java.lang.reflect.Method.invoke(Method.java:498)
	at org.apache.ibatis.logging.jdbc.PreparedStatementLogger.invoke(PreparedStatementLogger.java:59)
	at com.sun.proxy.$Proxy147.execute(Unknown Source)
	at org.apache.ibatis.executor.statement.PreparedStatementHandler.query(PreparedStatementHandler.java:64)
	at org.apache.ibatis.executor.statement.RoutingStatementHandler.query(RoutingStatementHandler.java:79)
	at sun.reflect.NativeMethodAccessorImpl.invoke0(Native Method)
	at sun.reflect.NativeMethodAccessorImpl.invoke(NativeMethodAccessorImpl.java:62)
	at sun.reflect.DelegatingMethodAccessorImpl.invoke(DelegatingMethodAccessorImpl.java:43)
	at java.lang.reflect.Method.invoke(Method.java:498)
	at org.apache.ibatis.plugin.Plugin.invoke(Plugin.java:63)
	at com.sun.proxy.$Proxy145.query(Unknown Source)
	at com.baomidou.mybatisplus.core.executor.MybatisSimpleExecutor.doQuery(MybatisSimpleExecutor.java:67)
	at org.apache.ibatis.executor.BaseExecutor.queryFromDatabase(BaseExecutor.java:324)
	at org.apache.ibatis.executor.BaseExecutor.query(BaseExecutor.java:156)
	at com.baomidou.mybatisplus.core.executor.MybatisCachingExecutor.query(MybatisCachingExecutor.java:163)
	at com.baomidou.mybatisplus.core.executor.MybatisCachingExecutor.query(MybatisCachingExecutor.java:90)
	at org.apache.ibatis.session.defaults.DefaultSqlSession.selectList(DefaultSqlSession.java:147)
	at org.apache.ibatis.session.defaults.DefaultSqlSession.selectList(DefaultSqlSession.java:140)
	at sun.reflect.NativeMethodAccessorImpl.invoke0(Native Method)
	at sun.reflect.NativeMethodAccessorImpl.invoke(NativeMethodAccessorImpl.java:62)
	at sun.reflect.DelegatingMethodAccessorImpl.invoke(DelegatingMethodAccessorImpl.java:43)
	at java.lang.reflect.Method.invoke(Method.java:498)
	at org.mybatis.spring.SqlSessionTemplate$SqlSessionInterceptor.invoke(SqlSessionTemplate.java:426)
	... 93 common frames omitted
2021-12-07 17:40:34.974 INFO  --- [SpringContextShutdownHook] org.quartz.core.QuartzScheduler : Scheduler quartzScheduler_$_NON_CLUSTERED paused.
2021-12-07 17:40:35.076 INFO  --- [SpringContextShutdownHook] org.springframework.scheduling.quartz.SchedulerFactoryBean : Shutting down Quartz Scheduler
2021-12-07 17:40:35.082 INFO  --- [SpringContextShutdownHook] org.quartz.core.QuartzScheduler : Scheduler quartzScheduler_$_NON_CLUSTERED shutting down.
2021-12-07 17:40:35.085 INFO  --- [SpringContextShutdownHook] org.quartz.core.QuartzScheduler : Scheduler quartzScheduler_$_NON_CLUSTERED paused.
2021-12-07 17:40:35.088 INFO  --- [SpringContextShutdownHook] org.quartz.core.QuartzScheduler : Scheduler quartzScheduler_$_NON_CLUSTERED shutdown complete.
2021-12-07 17:40:35.091 INFO  --- [SpringContextShutdownHook] org.springframework.scheduling.concurrent.ThreadPoolTaskExecutor : Shutting down ExecutorService 'applicationTaskExecutor'
2021-12-07 17:40:35.099 INFO  --- [SpringContextShutdownHook] com.baomidou.dynamic.datasource.DynamicRoutingDataSource : dynamic-datasource start closing ....
2021-12-07 17:40:35.100 INFO  --- [SpringContextShutdownHook] com.zaxxer.hikari.HikariDataSource : base - Shutdown initiated...
2021-12-07 17:40:35.118 INFO  --- [SpringContextShutdownHook] com.zaxxer.hikari.HikariDataSource : base - Shutdown completed.
2021-12-07 17:40:35.122 INFO  --- [SpringContextShutdownHook] com.baomidou.dynamic.datasource.DynamicRoutingDataSource : dynamic-datasource all closed success,bye
2021-12-07 17:40:53.407 INFO  --- [main] com.mt.demo2.RunApplication : Starting RunApplication on wuhaotiandeMacBook-Pro.local with PID 6111 (/Users/wuhaotian/Desktop/My/my-server/target/classes started by wuhaotian in /Users/wuhaotian/Desktop/My/my-server)
2021-12-07 17:40:53.422 INFO  --- [main] com.mt.demo2.RunApplication : No active profile set, falling back to default profiles: default
2021-12-07 17:40:57.314 INFO  --- [main] org.springframework.boot.web.embedded.tomcat.TomcatWebServer : Tomcat initialized with port(s): 9010 (http)
2021-12-07 17:40:57.322 INFO  --- [main] org.apache.coyote.http11.Http11NioProtocol : Initializing ProtocolHandler ["http-nio-9010"]
2021-12-07 17:40:57.323 INFO  --- [main] org.apache.catalina.core.StandardService : Starting service [Tomcat]
2021-12-07 17:40:57.324 INFO  --- [main] org.apache.catalina.core.StandardEngine : Starting Servlet engine: [Apache Tomcat/9.0.36]
2021-12-07 17:40:57.445 INFO  --- [main] org.apache.catalina.core.ContainerBase.[Tomcat].[localhost].[/] : Initializing Spring embedded WebApplicationContext
2021-12-07 17:40:57.445 INFO  --- [main] org.springframework.boot.web.servlet.context.ServletWebServerApplicationContext : Root WebApplicationContext: initialization completed in 3790 ms
2021-12-07 17:40:57.757 INFO  --- [main] com.zaxxer.hikari.HikariDataSource : base - Starting...
2021-12-07 17:40:58.388 INFO  --- [main] com.zaxxer.hikari.HikariDataSource : base - Start completed.
2021-12-07 17:40:58.389 INFO  --- [main] com.baomidou.dynamic.datasource.DynamicRoutingDataSource : dynamic-datasource - load a datasource named [base] success
2021-12-07 17:40:58.389 INFO  --- [main] com.baomidou.dynamic.datasource.DynamicRoutingDataSource : dynamic-datasource initial loaded [1] datasource,primary datasource named [base]
2021-12-07 17:40:59.017 ERROR --- [main] com.baomidou.mybatisplus.core.MybatisConfiguration : mapper[com.mt.dictionary.mapper.DictionaryMapper.getListOne] is ignored, because it exists, maybe from xml file
2021-12-07 17:40:59.777 INFO  --- [main] org.springframework.scheduling.concurrent.ThreadPoolTaskExecutor : Initializing ExecutorService 'applicationTaskExecutor'
2021-12-07 17:41:00.043 INFO  --- [main] org.quartz.impl.StdSchedulerFactory : Using default implementation for ThreadExecutor
2021-12-07 17:41:00.054 INFO  --- [main] org.quartz.core.SchedulerSignalerImpl : Initialized Scheduler Signaller of type: class org.quartz.core.SchedulerSignalerImpl
2021-12-07 17:41:00.054 INFO  --- [main] org.quartz.core.QuartzScheduler : Quartz Scheduler v.2.3.0 created.
2021-12-07 17:41:00.055 INFO  --- [main] org.quartz.simpl.RAMJobStore : RAMJobStore initialized.
2021-12-07 17:41:00.056 INFO  --- [main] org.quartz.core.QuartzScheduler : Scheduler meta-data: Quartz Scheduler (v2.3.0) 'quartzScheduler' with instanceId 'NON_CLUSTERED'
  Scheduler class: 'org.quartz.core.QuartzScheduler' - running locally.
  NOT STARTED.
  Currently in standby mode.
  Number of jobs executed: 0
  Using thread pool 'org.quartz.simpl.SimpleThreadPool' - with 10 threads.
  Using job-store 'org.quartz.simpl.RAMJobStore' - which does not support persistence. and is not clustered.

2021-12-07 17:41:00.056 INFO  --- [main] org.quartz.impl.StdSchedulerFactory : Quartz scheduler 'quartzScheduler' initialized from an externally provided properties instance.
2021-12-07 17:41:00.057 INFO  --- [main] org.quartz.impl.StdSchedulerFactory : Quartz scheduler version: 2.3.0
2021-12-07 17:41:00.057 INFO  --- [main] org.quartz.core.QuartzScheduler : JobFactory set to: org.springframework.scheduling.quartz.SpringBeanJobFactory@6babffb5
2021-12-07 17:41:00.101 INFO  --- [main] org.springframework.boot.autoconfigure.security.servlet.UserDetailsServiceAutoConfiguration : 

Using generated security password: 83384a7b-2f1d-4f60-974b-316bbfba28d7

2021-12-07 17:41:00.332 INFO  --- [main] org.springframework.security.web.DefaultSecurityFilterChain : Creating filter chain: any request, [org.springframework.security.web.context.request.async.WebAsyncManagerIntegrationFilter@54c60202, org.springframework.security.web.context.SecurityContextPersistenceFilter@715fa8c5, org.springframework.security.web.header.HeaderWriterFilter@7cfb0c4c, org.springframework.security.web.authentication.logout.LogoutFilter@2abafa97, org.springframework.security.oauth2.provider.authentication.OAuth2AuthenticationProcessingFilter@2c3158e0, org.springframework.security.web.savedrequest.RequestCacheAwareFilter@4b765e92, org.springframework.security.web.servletapi.SecurityContextHolderAwareRequestFilter@1213ffbc, org.springframework.security.web.authentication.AnonymousAuthenticationFilter@7889b4b9, org.springframework.security.web.session.SessionManagementFilter@1a21f43f, org.springframework.security.web.access.ExceptionTranslationFilter@4017fe2c, org.springframework.security.web.access.intercept.FilterSecurityInterceptor@16d0e521]
2021-12-07 17:41:00.410 INFO  --- [main] org.apache.coyote.http11.Http11NioProtocol : Starting ProtocolHandler ["http-nio-9010"]
2021-12-07 17:41:00.443 INFO  --- [main] org.springframework.boot.web.embedded.tomcat.TomcatWebServer : Tomcat started on port(s): 9010 (http) with context path ''
2021-12-07 17:41:00.445 INFO  --- [main] org.springframework.scheduling.quartz.SchedulerFactoryBean : Starting Quartz Scheduler now
2021-12-07 17:41:00.445 INFO  --- [main] org.quartz.core.QuartzScheduler : Scheduler quartzScheduler_$_NON_CLUSTERED started.
2021-12-07 17:41:00.457 INFO  --- [main] com.mt.demo2.RunApplication : Started RunApplication in 8.795 seconds (JVM running for 11.707)
2021-12-07 17:41:05.585 INFO  --- [http-nio-9010-exec-2] org.apache.catalina.core.ContainerBase.[Tomcat].[localhost].[/] : Initializing Spring DispatcherServlet 'dispatcherServlet'
2021-12-07 17:41:05.586 INFO  --- [http-nio-9010-exec-2] org.springframework.web.servlet.DispatcherServlet : Initializing Servlet 'dispatcherServlet'
2021-12-07 17:41:05.605 INFO  --- [http-nio-9010-exec-2] org.springframework.web.servlet.DispatcherServlet : Completed initialization in 19 ms
2021-12-07 17:49:15.256 INFO  --- [SpringContextShutdownHook] org.quartz.core.QuartzScheduler : Scheduler quartzScheduler_$_NON_CLUSTERED paused.
2021-12-07 17:49:15.663 INFO  --- [SpringContextShutdownHook] org.springframework.scheduling.quartz.SchedulerFactoryBean : Shutting down Quartz Scheduler
2021-12-07 17:49:15.665 INFO  --- [SpringContextShutdownHook] org.quartz.core.QuartzScheduler : Scheduler quartzScheduler_$_NON_CLUSTERED shutting down.
2021-12-07 17:49:15.666 INFO  --- [SpringContextShutdownHook] org.quartz.core.QuartzScheduler : Scheduler quartzScheduler_$_NON_CLUSTERED paused.
2021-12-07 17:49:15.674 INFO  --- [SpringContextShutdownHook] org.quartz.core.QuartzScheduler : Scheduler quartzScheduler_$_NON_CLUSTERED shutdown complete.
2021-12-07 17:49:15.701 INFO  --- [SpringContextShutdownHook] org.springframework.scheduling.concurrent.ThreadPoolTaskExecutor : Shutting down ExecutorService 'applicationTaskExecutor'
2021-12-07 17:49:15.725 INFO  --- [SpringContextShutdownHook] com.baomidou.dynamic.datasource.DynamicRoutingDataSource : dynamic-datasource start closing ....
2021-12-07 17:49:15.727 INFO  --- [SpringContextShutdownHook] com.zaxxer.hikari.HikariDataSource : base - Shutdown initiated...
2021-12-07 17:49:15.872 INFO  --- [SpringContextShutdownHook] com.zaxxer.hikari.HikariDataSource : base - Shutdown completed.
2021-12-07 17:49:15.875 INFO  --- [SpringContextShutdownHook] com.baomidou.dynamic.datasource.DynamicRoutingDataSource : dynamic-datasource all closed success,bye
2021-12-07 17:49:32.499 INFO  --- [main] com.mt.demo2.RunApplication : Starting RunApplication on wuhaotiandeMacBook-Pro.local with PID 6131 (/Users/wuhaotian/Desktop/My/my-server/target/classes started by wuhaotian in /Users/wuhaotian/Desktop/My/my-server)
2021-12-07 17:49:32.503 INFO  --- [main] com.mt.demo2.RunApplication : No active profile set, falling back to default profiles: default
2021-12-07 17:49:40.093 INFO  --- [main] org.springframework.boot.web.embedded.tomcat.TomcatWebServer : Tomcat initialized with port(s): 9010 (http)
2021-12-07 17:49:40.108 INFO  --- [main] org.apache.coyote.http11.Http11NioProtocol : Initializing ProtocolHandler ["http-nio-9010"]
2021-12-07 17:49:40.110 INFO  --- [main] org.apache.catalina.core.StandardService : Starting service [Tomcat]
2021-12-07 17:49:40.111 INFO  --- [main] org.apache.catalina.core.StandardEngine : Starting Servlet engine: [Apache Tomcat/9.0.36]
2021-12-07 17:49:40.290 INFO  --- [main] org.apache.catalina.core.ContainerBase.[Tomcat].[localhost].[/] : Initializing Spring embedded WebApplicationContext
2021-12-07 17:49:40.291 INFO  --- [main] org.springframework.boot.web.servlet.context.ServletWebServerApplicationContext : Root WebApplicationContext: initialization completed in 7254 ms
2021-12-07 17:49:41.189 INFO  --- [main] com.zaxxer.hikari.HikariDataSource : base - Starting...
2021-12-07 17:49:42.396 INFO  --- [main] com.zaxxer.hikari.HikariDataSource : base - Start completed.
2021-12-07 17:49:42.398 INFO  --- [main] com.baomidou.dynamic.datasource.DynamicRoutingDataSource : dynamic-datasource - load a datasource named [base] success
2021-12-07 17:49:42.398 INFO  --- [main] com.baomidou.dynamic.datasource.DynamicRoutingDataSource : dynamic-datasource initial loaded [1] datasource,primary datasource named [base]
2021-12-07 17:49:43.641 ERROR --- [main] com.baomidou.mybatisplus.core.MybatisConfiguration : mapper[com.mt.dictionary.mapper.DictionaryMapper.getListOne] is ignored, because it exists, maybe from xml file
2021-12-07 17:49:44.704 INFO  --- [main] org.springframework.scheduling.concurrent.ThreadPoolTaskExecutor : Initializing ExecutorService 'applicationTaskExecutor'
2021-12-07 17:49:45.119 INFO  --- [main] org.quartz.impl.StdSchedulerFactory : Using default implementation for ThreadExecutor
2021-12-07 17:49:45.134 INFO  --- [main] org.quartz.core.SchedulerSignalerImpl : Initialized Scheduler Signaller of type: class org.quartz.core.SchedulerSignalerImpl
2021-12-07 17:49:45.134 INFO  --- [main] org.quartz.core.QuartzScheduler : Quartz Scheduler v.2.3.0 created.
2021-12-07 17:49:45.135 INFO  --- [main] org.quartz.simpl.RAMJobStore : RAMJobStore initialized.
2021-12-07 17:49:45.136 INFO  --- [main] org.quartz.core.QuartzScheduler : Scheduler meta-data: Quartz Scheduler (v2.3.0) 'quartzScheduler' with instanceId 'NON_CLUSTERED'
  Scheduler class: 'org.quartz.core.QuartzScheduler' - running locally.
  NOT STARTED.
  Currently in standby mode.
  Number of jobs executed: 0
  Using thread pool 'org.quartz.simpl.SimpleThreadPool' - with 10 threads.
  Using job-store 'org.quartz.simpl.RAMJobStore' - which does not support persistence. and is not clustered.

2021-12-07 17:49:45.137 INFO  --- [main] org.quartz.impl.StdSchedulerFactory : Quartz scheduler 'quartzScheduler' initialized from an externally provided properties instance.
2021-12-07 17:49:45.137 INFO  --- [main] org.quartz.impl.StdSchedulerFactory : Quartz scheduler version: 2.3.0
2021-12-07 17:49:45.137 INFO  --- [main] org.quartz.core.QuartzScheduler : JobFactory set to: org.springframework.scheduling.quartz.SpringBeanJobFactory@3a00b15d
2021-12-07 17:49:45.193 INFO  --- [main] org.springframework.boot.autoconfigure.security.servlet.UserDetailsServiceAutoConfiguration : 

Using generated security password: 15d96114-938b-49b9-a67b-d4a46e4f0d3e

2021-12-07 17:49:45.462 INFO  --- [main] org.springframework.security.web.DefaultSecurityFilterChain : Creating filter chain: any request, [org.springframework.security.web.context.request.async.WebAsyncManagerIntegrationFilter@4bf03fee, org.springframework.security.web.context.SecurityContextPersistenceFilter@24dd44f9, org.springframework.security.web.header.HeaderWriterFilter@631c6d11, org.springframework.security.web.authentication.logout.LogoutFilter@592ca48c, org.springframework.security.oauth2.provider.authentication.OAuth2AuthenticationProcessingFilter@377949f1, org.springframework.security.web.savedrequest.RequestCacheAwareFilter@4f1fb828, org.springframework.security.web.servletapi.SecurityContextHolderAwareRequestFilter@53eba4b8, org.springframework.security.web.authentication.AnonymousAuthenticationFilter@31834a2b, org.springframework.security.web.session.SessionManagementFilter@421d54b3, org.springframework.security.web.access.ExceptionTranslationFilter@7ab802f4, org.springframework.security.web.access.intercept.FilterSecurityInterceptor@412ebe64]
2021-12-07 17:49:45.542 INFO  --- [main] org.apache.coyote.http11.Http11NioProtocol : Starting ProtocolHandler ["http-nio-9010"]
2021-12-07 17:49:45.593 INFO  --- [main] org.springframework.boot.web.embedded.tomcat.TomcatWebServer : Tomcat started on port(s): 9010 (http) with context path ''
2021-12-07 17:49:45.596 INFO  --- [main] org.springframework.scheduling.quartz.SchedulerFactoryBean : Starting Quartz Scheduler now
2021-12-07 17:49:45.596 INFO  --- [main] org.quartz.core.QuartzScheduler : Scheduler quartzScheduler_$_NON_CLUSTERED started.
2021-12-07 17:49:45.611 INFO  --- [main] com.mt.demo2.RunApplication : Started RunApplication in 14.987 seconds (JVM running for 18.125)
2021-12-07 17:53:38.631 INFO  --- [http-nio-9010-exec-1] org.apache.catalina.core.ContainerBase.[Tomcat].[localhost].[/] : Initializing Spring DispatcherServlet 'dispatcherServlet'
2021-12-07 17:53:38.632 INFO  --- [http-nio-9010-exec-1] org.springframework.web.servlet.DispatcherServlet : Initializing Servlet 'dispatcherServlet'
2021-12-07 17:53:38.657 INFO  --- [http-nio-9010-exec-1] org.springframework.web.servlet.DispatcherServlet : Completed initialization in 24 ms
2021-12-07 17:55:07.338 INFO  --- [SpringContextShutdownHook] org.quartz.core.QuartzScheduler : Scheduler quartzScheduler_$_NON_CLUSTERED paused.
2021-12-07 17:55:07.406 INFO  --- [SpringContextShutdownHook] org.springframework.scheduling.quartz.SchedulerFactoryBean : Shutting down Quartz Scheduler
2021-12-07 17:55:07.407 INFO  --- [SpringContextShutdownHook] org.quartz.core.QuartzScheduler : Scheduler quartzScheduler_$_NON_CLUSTERED shutting down.
2021-12-07 17:55:07.408 INFO  --- [SpringContextShutdownHook] org.quartz.core.QuartzScheduler : Scheduler quartzScheduler_$_NON_CLUSTERED paused.
2021-12-07 17:55:07.410 INFO  --- [SpringContextShutdownHook] org.quartz.core.QuartzScheduler : Scheduler quartzScheduler_$_NON_CLUSTERED shutdown complete.
2021-12-07 17:55:07.412 INFO  --- [SpringContextShutdownHook] org.springframework.scheduling.concurrent.ThreadPoolTaskExecutor : Shutting down ExecutorService 'applicationTaskExecutor'
2021-12-07 17:55:07.414 INFO  --- [SpringContextShutdownHook] com.baomidou.dynamic.datasource.DynamicRoutingDataSource : dynamic-datasource start closing ....
2021-12-07 17:55:07.415 INFO  --- [SpringContextShutdownHook] com.zaxxer.hikari.HikariDataSource : base - Shutdown initiated...
2021-12-07 17:55:07.443 INFO  --- [SpringContextShutdownHook] com.zaxxer.hikari.HikariDataSource : base - Shutdown completed.
2021-12-07 17:55:07.444 INFO  --- [SpringContextShutdownHook] com.baomidou.dynamic.datasource.DynamicRoutingDataSource : dynamic-datasource all closed success,bye
2021-12-07 17:55:23.166 INFO  --- [main] com.mt.demo2.RunApplication : Starting RunApplication on wuhaotiandeMacBook-Pro.local with PID 6153 (/Users/wuhaotian/Desktop/My/my-server/target/classes started by wuhaotian in /Users/wuhaotian/Desktop/My/my-server)
2021-12-07 17:55:23.189 INFO  --- [main] com.mt.demo2.RunApplication : No active profile set, falling back to default profiles: default
2021-12-07 17:55:26.740 INFO  --- [main] org.springframework.boot.web.embedded.tomcat.TomcatWebServer : Tomcat initialized with port(s): 9010 (http)
2021-12-07 17:55:26.763 INFO  --- [main] org.apache.coyote.http11.Http11NioProtocol : Initializing ProtocolHandler ["http-nio-9010"]
2021-12-07 17:55:26.765 INFO  --- [main] org.apache.catalina.core.StandardService : Starting service [Tomcat]
2021-12-07 17:55:26.766 INFO  --- [main] org.apache.catalina.core.StandardEngine : Starting Servlet engine: [Apache Tomcat/9.0.36]
2021-12-07 17:55:26.965 INFO  --- [main] org.apache.catalina.core.ContainerBase.[Tomcat].[localhost].[/] : Initializing Spring embedded WebApplicationContext
2021-12-07 17:55:26.966 INFO  --- [main] org.springframework.boot.web.servlet.context.ServletWebServerApplicationContext : Root WebApplicationContext: initialization completed in 3485 ms
2021-12-07 17:55:27.281 INFO  --- [main] com.zaxxer.hikari.HikariDataSource : base - Starting...
2021-12-07 17:55:27.961 INFO  --- [main] com.zaxxer.hikari.HikariDataSource : base - Start completed.
2021-12-07 17:55:27.962 INFO  --- [main] com.baomidou.dynamic.datasource.DynamicRoutingDataSource : dynamic-datasource - load a datasource named [base] success
2021-12-07 17:55:27.963 INFO  --- [main] com.baomidou.dynamic.datasource.DynamicRoutingDataSource : dynamic-datasource initial loaded [1] datasource,primary datasource named [base]
2021-12-07 17:55:28.729 ERROR --- [main] com.baomidou.mybatisplus.core.MybatisConfiguration : mapper[com.mt.dictionary.mapper.DictionaryMapper.getListOne] is ignored, because it exists, maybe from xml file
2021-12-07 17:55:29.775 INFO  --- [main] org.springframework.scheduling.concurrent.ThreadPoolTaskExecutor : Initializing ExecutorService 'applicationTaskExecutor'
2021-12-07 17:55:30.142 INFO  --- [main] org.quartz.impl.StdSchedulerFactory : Using default implementation for ThreadExecutor
2021-12-07 17:55:30.155 INFO  --- [main] org.quartz.core.SchedulerSignalerImpl : Initialized Scheduler Signaller of type: class org.quartz.core.SchedulerSignalerImpl
2021-12-07 17:55:30.155 INFO  --- [main] org.quartz.core.QuartzScheduler : Quartz Scheduler v.2.3.0 created.
2021-12-07 17:55:30.156 INFO  --- [main] org.quartz.simpl.RAMJobStore : RAMJobStore initialized.
2021-12-07 17:55:30.157 INFO  --- [main] org.quartz.core.QuartzScheduler : Scheduler meta-data: Quartz Scheduler (v2.3.0) 'quartzScheduler' with instanceId 'NON_CLUSTERED'
  Scheduler class: 'org.quartz.core.QuartzScheduler' - running locally.
  NOT STARTED.
  Currently in standby mode.
  Number of jobs executed: 0
  Using thread pool 'org.quartz.simpl.SimpleThreadPool' - with 10 threads.
  Using job-store 'org.quartz.simpl.RAMJobStore' - which does not support persistence. and is not clustered.

2021-12-07 17:55:30.158 INFO  --- [main] org.quartz.impl.StdSchedulerFactory : Quartz scheduler 'quartzScheduler' initialized from an externally provided properties instance.
2021-12-07 17:55:30.158 INFO  --- [main] org.quartz.impl.StdSchedulerFactory : Quartz scheduler version: 2.3.0
2021-12-07 17:55:30.158 INFO  --- [main] org.quartz.core.QuartzScheduler : JobFactory set to: org.springframework.scheduling.quartz.SpringBeanJobFactory@671d03bb
2021-12-07 17:55:30.218 INFO  --- [main] org.springframework.boot.autoconfigure.security.servlet.UserDetailsServiceAutoConfiguration : 

Using generated security password: f5a35195-c42c-485e-b2b9-5ec84ce48c15

2021-12-07 17:55:30.519 INFO  --- [main] org.springframework.security.web.DefaultSecurityFilterChain : Creating filter chain: any request, [org.springframework.security.web.context.request.async.WebAsyncManagerIntegrationFilter@4fa86cb8, org.springframework.security.web.context.SecurityContextPersistenceFilter@241fbec, org.springframework.security.web.header.HeaderWriterFilter@3e26482, org.springframework.security.web.authentication.logout.LogoutFilter@724bf25f, org.springframework.security.oauth2.provider.authentication.OAuth2AuthenticationProcessingFilter@153cb763, org.springframework.security.web.savedrequest.RequestCacheAwareFilter@644a3add, org.springframework.security.web.servletapi.SecurityContextHolderAwareRequestFilter@55e1192, org.springframework.security.web.authentication.AnonymousAuthenticationFilter@54c60202, org.springframework.security.web.session.SessionManagementFilter@9df564f, org.springframework.security.web.access.ExceptionTranslationFilter@7302ff13, org.springframework.security.web.access.intercept.FilterSecurityInterceptor@2744dcae]
2021-12-07 17:55:30.624 INFO  --- [main] org.apache.coyote.http11.Http11NioProtocol : Starting ProtocolHandler ["http-nio-9010"]
2021-12-07 17:55:30.666 INFO  --- [main] org.springframework.boot.web.embedded.tomcat.TomcatWebServer : Tomcat started on port(s): 9010 (http) with context path ''
2021-12-07 17:55:30.667 INFO  --- [main] org.springframework.scheduling.quartz.SchedulerFactoryBean : Starting Quartz Scheduler now
2021-12-07 17:55:30.668 INFO  --- [main] org.quartz.core.QuartzScheduler : Scheduler quartzScheduler_$_NON_CLUSTERED started.
2021-12-07 17:55:30.682 INFO  --- [main] com.mt.demo2.RunApplication : Started RunApplication in 8.808 seconds (JVM running for 11.5)
2021-12-07 17:55:35.238 INFO  --- [http-nio-9010-exec-2] org.apache.catalina.core.ContainerBase.[Tomcat].[localhost].[/] : Initializing Spring DispatcherServlet 'dispatcherServlet'
2021-12-07 17:55:35.240 INFO  --- [http-nio-9010-exec-2] org.springframework.web.servlet.DispatcherServlet : Initializing Servlet 'dispatcherServlet'
2021-12-07 17:55:35.269 INFO  --- [http-nio-9010-exec-2] org.springframework.web.servlet.DispatcherServlet : Completed initialization in 29 ms
2021-12-07 18:03:37.223 INFO  --- [SpringContextShutdownHook] org.quartz.core.QuartzScheduler : Scheduler quartzScheduler_$_NON_CLUSTERED paused.
2021-12-07 18:03:37.291 INFO  --- [SpringContextShutdownHook] org.springframework.scheduling.quartz.SchedulerFactoryBean : Shutting down Quartz Scheduler
2021-12-07 18:03:37.291 INFO  --- [SpringContextShutdownHook] org.quartz.core.QuartzScheduler : Scheduler quartzScheduler_$_NON_CLUSTERED shutting down.
2021-12-07 18:03:37.292 INFO  --- [SpringContextShutdownHook] org.quartz.core.QuartzScheduler : Scheduler quartzScheduler_$_NON_CLUSTERED paused.
2021-12-07 18:03:37.293 INFO  --- [SpringContextShutdownHook] org.quartz.core.QuartzScheduler : Scheduler quartzScheduler_$_NON_CLUSTERED shutdown complete.
2021-12-07 18:03:37.295 INFO  --- [SpringContextShutdownHook] org.springframework.scheduling.concurrent.ThreadPoolTaskExecutor : Shutting down ExecutorService 'applicationTaskExecutor'
2021-12-07 18:03:37.301 INFO  --- [SpringContextShutdownHook] com.baomidou.dynamic.datasource.DynamicRoutingDataSource : dynamic-datasource start closing ....
2021-12-07 18:03:37.301 INFO  --- [SpringContextShutdownHook] com.zaxxer.hikari.HikariDataSource : base - Shutdown initiated...
2021-12-07 18:03:37.320 INFO  --- [SpringContextShutdownHook] com.zaxxer.hikari.HikariDataSource : base - Shutdown completed.
2021-12-07 18:03:37.322 INFO  --- [SpringContextShutdownHook] com.baomidou.dynamic.datasource.DynamicRoutingDataSource : dynamic-datasource all closed success,bye
