2021-12-22 10:20:09.988 INFO  --- [main] com.mt.demo2.RunApplication : Starting RunApplication on wuhaotiandeMacBook-Pro.local with PID 4619 (/Users/wuhaotian/Desktop/My/my-server/target/classes started by wuhaotian in /Users/wuhaotian/Desktop/My/my-server)
2021-12-22 10:20:09.998 INFO  --- [main] com.mt.demo2.RunApplication : No active profile set, falling back to default profiles: default
2021-12-22 10:20:14.054 INFO  --- [main] org.springframework.boot.web.embedded.tomcat.TomcatWebServer : Tomcat initialized with port(s): 9010 (http)
2021-12-22 10:20:14.069 INFO  --- [main] org.apache.coyote.http11.Http11NioProtocol : Initializing ProtocolHandler ["http-nio-9010"]
2021-12-22 10:20:14.070 INFO  --- [main] org.apache.catalina.core.StandardService : Starting service [Tomcat]
2021-12-22 10:20:14.071 INFO  --- [main] org.apache.catalina.core.StandardEngine : Starting Servlet engine: [Apache Tomcat/9.0.36]
2021-12-22 10:20:14.250 INFO  --- [main] org.apache.catalina.core.ContainerBase.[Tomcat].[localhost].[/] : Initializing Spring embedded WebApplicationContext
2021-12-22 10:20:14.250 INFO  --- [main] org.springframework.boot.web.servlet.context.ServletWebServerApplicationContext : Root WebApplicationContext: initialization completed in 4028 ms
2021-12-22 10:20:14.567 INFO  --- [main] com.zaxxer.hikari.HikariDataSource : base - Starting...
2021-12-22 10:20:15.619 INFO  --- [main] com.zaxxer.hikari.HikariDataSource : base - Start completed.
2021-12-22 10:20:15.621 INFO  --- [main] com.baomidou.dynamic.datasource.DynamicRoutingDataSource : dynamic-datasource - load a datasource named [base] success
2021-12-22 10:20:15.622 INFO  --- [main] com.baomidou.dynamic.datasource.DynamicRoutingDataSource : dynamic-datasource initial loaded [1] datasource,primary datasource named [base]
2021-12-22 10:20:16.474 ERROR --- [main] com.baomidou.mybatisplus.core.MybatisConfiguration : mapper[com.mt.dictionary.mapper.DictionaryMapper.getListOne] is ignored, because it exists, maybe from xml file
2021-12-22 10:20:17.529 INFO  --- [main] org.springframework.scheduling.concurrent.ThreadPoolTaskExecutor : Initializing ExecutorService 'applicationTaskExecutor'
2021-12-22 10:20:17.894 INFO  --- [main] org.quartz.impl.StdSchedulerFactory : Using default implementation for ThreadExecutor
2021-12-22 10:20:17.929 INFO  --- [main] org.quartz.core.SchedulerSignalerImpl : Initialized Scheduler Signaller of type: class org.quartz.core.SchedulerSignalerImpl
2021-12-22 10:20:17.929 INFO  --- [main] org.quartz.core.QuartzScheduler : Quartz Scheduler v.2.3.0 created.
2021-12-22 10:20:17.930 INFO  --- [main] org.quartz.simpl.RAMJobStore : RAMJobStore initialized.
2021-12-22 10:20:17.931 INFO  --- [main] org.quartz.core.QuartzScheduler : Scheduler meta-data: Quartz Scheduler (v2.3.0) 'quartzScheduler' with instanceId 'NON_CLUSTERED'
  Scheduler class: 'org.quartz.core.QuartzScheduler' - running locally.
  NOT STARTED.
  Currently in standby mode.
  Number of jobs executed: 0
  Using thread pool 'org.quartz.simpl.SimpleThreadPool' - with 10 threads.
  Using job-store 'org.quartz.simpl.RAMJobStore' - which does not support persistence. and is not clustered.

2021-12-22 10:20:17.931 INFO  --- [main] org.quartz.impl.StdSchedulerFactory : Quartz scheduler 'quartzScheduler' initialized from an externally provided properties instance.
2021-12-22 10:20:17.931 INFO  --- [main] org.quartz.impl.StdSchedulerFactory : Quartz scheduler version: 2.3.0
2021-12-22 10:20:17.932 INFO  --- [main] org.quartz.core.QuartzScheduler : JobFactory set to: org.springframework.scheduling.quartz.SpringBeanJobFactory@4cb957b8
2021-12-22 10:20:17.995 INFO  --- [main] org.springframework.boot.autoconfigure.security.servlet.UserDetailsServiceAutoConfiguration : 

Using generated security password: afa097be-656c-4c78-8170-c065ddd7d46c

2021-12-22 10:20:18.341 INFO  --- [main] org.springframework.security.web.DefaultSecurityFilterChain : Creating filter chain: any request, [org.springframework.security.web.context.request.async.WebAsyncManagerIntegrationFilter@59018eed, org.springframework.security.web.context.SecurityContextPersistenceFilter@2199e845, org.springframework.security.web.header.HeaderWriterFilter@7fd99443, org.springframework.security.web.authentication.logout.LogoutFilter@412ebe64, org.springframework.security.oauth2.provider.authentication.OAuth2AuthenticationProcessingFilter@22ead351, org.springframework.security.web.savedrequest.RequestCacheAwareFilter@37e0056e, org.springframework.security.web.servletapi.SecurityContextHolderAwareRequestFilter@c2cf597, org.springframework.security.web.authentication.AnonymousAuthenticationFilter@2ee39e73, org.springframework.security.web.session.SessionManagementFilter@1ef31f71, org.springframework.security.web.access.ExceptionTranslationFilter@644a3add, org.springframework.security.web.access.intercept.FilterSecurityInterceptor@76a7fcbd]
2021-12-22 10:20:18.411 INFO  --- [main] org.apache.coyote.http11.Http11NioProtocol : Starting ProtocolHandler ["http-nio-9010"]
2021-12-22 10:20:18.447 INFO  --- [main] org.springframework.boot.web.embedded.tomcat.TomcatWebServer : Tomcat started on port(s): 9010 (http) with context path ''
2021-12-22 10:20:18.448 INFO  --- [main] org.springframework.scheduling.quartz.SchedulerFactoryBean : Starting Quartz Scheduler now
2021-12-22 10:20:18.449 INFO  --- [main] org.quartz.core.QuartzScheduler : Scheduler quartzScheduler_$_NON_CLUSTERED started.
2021-12-22 10:20:18.460 INFO  --- [main] com.mt.demo2.RunApplication : Started RunApplication in 9.957 seconds (JVM running for 13.46)
2021-12-22 10:21:30.613 INFO  --- [http-nio-9010-exec-1] org.apache.catalina.core.ContainerBase.[Tomcat].[localhost].[/] : Initializing Spring DispatcherServlet 'dispatcherServlet'
2021-12-22 10:21:30.614 INFO  --- [http-nio-9010-exec-1] org.springframework.web.servlet.DispatcherServlet : Initializing Servlet 'dispatcherServlet'
2021-12-22 10:21:30.634 INFO  --- [http-nio-9010-exec-1] org.springframework.web.servlet.DispatcherServlet : Completed initialization in 20 ms
2021-12-22 10:24:58.043 INFO  --- [SpringContextShutdownHook] org.quartz.core.QuartzScheduler : Scheduler quartzScheduler_$_NON_CLUSTERED paused.
2021-12-22 10:25:05.229 INFO  --- [SpringContextShutdownHook] org.springframework.scheduling.quartz.SchedulerFactoryBean : Shutting down Quartz Scheduler
2021-12-22 10:25:05.230 INFO  --- [SpringContextShutdownHook] org.quartz.core.QuartzScheduler : Scheduler quartzScheduler_$_NON_CLUSTERED shutting down.
2021-12-22 10:25:05.230 INFO  --- [SpringContextShutdownHook] org.quartz.core.QuartzScheduler : Scheduler quartzScheduler_$_NON_CLUSTERED paused.
2021-12-22 10:25:05.231 INFO  --- [SpringContextShutdownHook] org.quartz.core.QuartzScheduler : Scheduler quartzScheduler_$_NON_CLUSTERED shutdown complete.
2021-12-22 10:25:05.233 INFO  --- [SpringContextShutdownHook] org.springframework.scheduling.concurrent.ThreadPoolTaskExecutor : Shutting down ExecutorService 'applicationTaskExecutor'
2021-12-22 10:25:05.236 INFO  --- [SpringContextShutdownHook] com.baomidou.dynamic.datasource.DynamicRoutingDataSource : dynamic-datasource start closing ....
2021-12-22 10:25:05.236 INFO  --- [SpringContextShutdownHook] com.zaxxer.hikari.HikariDataSource : base - Shutdown initiated...
2021-12-22 10:25:05.260 INFO  --- [SpringContextShutdownHook] com.zaxxer.hikari.HikariDataSource : base - Shutdown completed.
2021-12-22 10:25:05.260 INFO  --- [SpringContextShutdownHook] com.baomidou.dynamic.datasource.DynamicRoutingDataSource : dynamic-datasource all closed success,bye
2021-12-22 10:41:24.479 INFO  --- [main] com.mt.demo2.RunApplication : Starting RunApplication on wuhaotiandeMacBook-Pro.local with PID 4701 (/Users/wuhaotian/Desktop/My/my-server/target/classes started by wuhaotian in /Users/wuhaotian/Desktop/My/my-server)
2021-12-22 10:41:24.485 INFO  --- [main] com.mt.demo2.RunApplication : No active profile set, falling back to default profiles: default
2021-12-22 10:41:27.259 INFO  --- [main] org.springframework.boot.web.embedded.tomcat.TomcatWebServer : Tomcat initialized with port(s): 9010 (http)
2021-12-22 10:41:27.271 INFO  --- [main] org.apache.coyote.http11.Http11NioProtocol : Initializing ProtocolHandler ["http-nio-9010"]
2021-12-22 10:41:27.272 INFO  --- [main] org.apache.catalina.core.StandardService : Starting service [Tomcat]
2021-12-22 10:41:27.273 INFO  --- [main] org.apache.catalina.core.StandardEngine : Starting Servlet engine: [Apache Tomcat/9.0.36]
2021-12-22 10:41:27.379 INFO  --- [main] org.apache.catalina.core.ContainerBase.[Tomcat].[localhost].[/] : Initializing Spring embedded WebApplicationContext
2021-12-22 10:41:27.379 INFO  --- [main] org.springframework.boot.web.servlet.context.ServletWebServerApplicationContext : Root WebApplicationContext: initialization completed in 2755 ms
2021-12-22 10:41:27.656 INFO  --- [main] com.zaxxer.hikari.HikariDataSource : base - Starting...
2021-12-22 10:41:28.403 INFO  --- [main] com.zaxxer.hikari.HikariDataSource : base - Start completed.
2021-12-22 10:41:28.404 INFO  --- [main] com.baomidou.dynamic.datasource.DynamicRoutingDataSource : dynamic-datasource - load a datasource named [base] success
2021-12-22 10:41:28.404 INFO  --- [main] com.baomidou.dynamic.datasource.DynamicRoutingDataSource : dynamic-datasource initial loaded [1] datasource,primary datasource named [base]
2021-12-22 10:41:28.984 ERROR --- [main] com.baomidou.mybatisplus.core.MybatisConfiguration : mapper[com.mt.dictionary.mapper.DictionaryMapper.getListOne] is ignored, because it exists, maybe from xml file
2021-12-22 10:41:30.045 INFO  --- [main] org.springframework.scheduling.concurrent.ThreadPoolTaskExecutor : Initializing ExecutorService 'applicationTaskExecutor'
2021-12-22 10:41:30.362 INFO  --- [main] org.quartz.impl.StdSchedulerFactory : Using default implementation for ThreadExecutor
2021-12-22 10:41:30.377 INFO  --- [main] org.quartz.core.SchedulerSignalerImpl : Initialized Scheduler Signaller of type: class org.quartz.core.SchedulerSignalerImpl
2021-12-22 10:41:30.377 INFO  --- [main] org.quartz.core.QuartzScheduler : Quartz Scheduler v.2.3.0 created.
2021-12-22 10:41:30.378 INFO  --- [main] org.quartz.simpl.RAMJobStore : RAMJobStore initialized.
2021-12-22 10:41:30.379 INFO  --- [main] org.quartz.core.QuartzScheduler : Scheduler meta-data: Quartz Scheduler (v2.3.0) 'quartzScheduler' with instanceId 'NON_CLUSTERED'
  Scheduler class: 'org.quartz.core.QuartzScheduler' - running locally.
  NOT STARTED.
  Currently in standby mode.
  Number of jobs executed: 0
  Using thread pool 'org.quartz.simpl.SimpleThreadPool' - with 10 threads.
  Using job-store 'org.quartz.simpl.RAMJobStore' - which does not support persistence. and is not clustered.

2021-12-22 10:41:30.379 INFO  --- [main] org.quartz.impl.StdSchedulerFactory : Quartz scheduler 'quartzScheduler' initialized from an externally provided properties instance.
2021-12-22 10:41:30.379 INFO  --- [main] org.quartz.impl.StdSchedulerFactory : Quartz scheduler version: 2.3.0
2021-12-22 10:41:30.379 INFO  --- [main] org.quartz.core.QuartzScheduler : JobFactory set to: org.springframework.scheduling.quartz.SpringBeanJobFactory@b5c6a30
2021-12-22 10:41:30.432 INFO  --- [main] org.springframework.boot.autoconfigure.security.servlet.UserDetailsServiceAutoConfiguration : 

Using generated security password: 759185ce-ff31-4f69-8f97-520f5060e060

2021-12-22 10:41:30.750 INFO  --- [main] org.springframework.security.web.DefaultSecurityFilterChain : Creating filter chain: any request, [org.springframework.security.web.context.request.async.WebAsyncManagerIntegrationFilter@619c93ca, org.springframework.security.web.context.SecurityContextPersistenceFilter@650aa077, org.springframework.security.web.header.HeaderWriterFilter@c4d2c44, org.springframework.security.web.authentication.logout.LogoutFilter@42297bdf, org.springframework.security.oauth2.provider.authentication.OAuth2AuthenticationProcessingFilter@58feb6b0, org.springframework.security.web.savedrequest.RequestCacheAwareFilter@457a5b2d, org.springframework.security.web.servletapi.SecurityContextHolderAwareRequestFilter@781aff8b, org.springframework.security.web.authentication.AnonymousAuthenticationFilter@486e9d1d, org.springframework.security.web.session.SessionManagementFilter@5c48b72c, org.springframework.security.web.access.ExceptionTranslationFilter@71a4f441, org.springframework.security.web.access.intercept.FilterSecurityInterceptor@37af24cb]
2021-12-22 10:41:30.821 INFO  --- [main] org.apache.coyote.http11.Http11NioProtocol : Starting ProtocolHandler ["http-nio-9010"]
2021-12-22 10:41:30.859 INFO  --- [main] org.springframework.boot.web.embedded.tomcat.TomcatWebServer : Tomcat started on port(s): 9010 (http) with context path ''
2021-12-22 10:41:30.861 INFO  --- [main] org.springframework.scheduling.quartz.SchedulerFactoryBean : Starting Quartz Scheduler now
2021-12-22 10:41:30.861 INFO  --- [main] org.quartz.core.QuartzScheduler : Scheduler quartzScheduler_$_NON_CLUSTERED started.
2021-12-22 10:41:30.874 INFO  --- [main] com.mt.demo2.RunApplication : Started RunApplication in 7.458 seconds (JVM running for 10.119)
2021-12-22 10:41:35.944 INFO  --- [http-nio-9010-exec-2] org.apache.catalina.core.ContainerBase.[Tomcat].[localhost].[/] : Initializing Spring DispatcherServlet 'dispatcherServlet'
2021-12-22 10:41:35.945 INFO  --- [http-nio-9010-exec-2] org.springframework.web.servlet.DispatcherServlet : Initializing Servlet 'dispatcherServlet'
2021-12-22 10:41:35.960 INFO  --- [http-nio-9010-exec-2] org.springframework.web.servlet.DispatcherServlet : Completed initialization in 15 ms
2021-12-22 10:48:12.882 INFO  --- [SpringContextShutdownHook] org.quartz.core.QuartzScheduler : Scheduler quartzScheduler_$_NON_CLUSTERED paused.
2021-12-22 10:48:12.908 INFO  --- [SpringContextShutdownHook] org.springframework.scheduling.quartz.SchedulerFactoryBean : Shutting down Quartz Scheduler
2021-12-22 10:48:12.908 INFO  --- [SpringContextShutdownHook] org.quartz.core.QuartzScheduler : Scheduler quartzScheduler_$_NON_CLUSTERED shutting down.
2021-12-22 10:48:12.908 INFO  --- [SpringContextShutdownHook] org.quartz.core.QuartzScheduler : Scheduler quartzScheduler_$_NON_CLUSTERED paused.
2021-12-22 10:48:12.909 INFO  --- [SpringContextShutdownHook] org.quartz.core.QuartzScheduler : Scheduler quartzScheduler_$_NON_CLUSTERED shutdown complete.
2021-12-22 10:48:12.910 INFO  --- [SpringContextShutdownHook] org.springframework.scheduling.concurrent.ThreadPoolTaskExecutor : Shutting down ExecutorService 'applicationTaskExecutor'
2021-12-22 10:48:12.914 INFO  --- [SpringContextShutdownHook] com.baomidou.dynamic.datasource.DynamicRoutingDataSource : dynamic-datasource start closing ....
2021-12-22 10:48:12.915 INFO  --- [SpringContextShutdownHook] com.zaxxer.hikari.HikariDataSource : base - Shutdown initiated...
2021-12-22 10:48:12.924 INFO  --- [SpringContextShutdownHook] com.zaxxer.hikari.HikariDataSource : base - Shutdown completed.
2021-12-22 10:48:12.924 INFO  --- [SpringContextShutdownHook] com.baomidou.dynamic.datasource.DynamicRoutingDataSource : dynamic-datasource all closed success,bye
2021-12-22 10:50:27.529 INFO  --- [main] com.mt.demo2.RunApplication : Starting RunApplication on wuhaotiandeMacBook-Pro.local with PID 4740 (/Users/wuhaotian/Desktop/My/my-server/target/classes started by wuhaotian in /Users/wuhaotian/Desktop/My/my-server)
2021-12-22 10:50:27.534 INFO  --- [main] com.mt.demo2.RunApplication : No active profile set, falling back to default profiles: default
2021-12-22 10:50:30.310 INFO  --- [main] org.springframework.boot.web.embedded.tomcat.TomcatWebServer : Tomcat initialized with port(s): 9010 (http)
2021-12-22 10:50:30.320 INFO  --- [main] org.apache.coyote.http11.Http11NioProtocol : Initializing ProtocolHandler ["http-nio-9010"]
2021-12-22 10:50:30.321 INFO  --- [main] org.apache.catalina.core.StandardService : Starting service [Tomcat]
2021-12-22 10:50:30.321 INFO  --- [main] org.apache.catalina.core.StandardEngine : Starting Servlet engine: [Apache Tomcat/9.0.36]
2021-12-22 10:50:30.430 INFO  --- [main] org.apache.catalina.core.ContainerBase.[Tomcat].[localhost].[/] : Initializing Spring embedded WebApplicationContext
2021-12-22 10:50:30.431 INFO  --- [main] org.springframework.boot.web.servlet.context.ServletWebServerApplicationContext : Root WebApplicationContext: initialization completed in 2812 ms
2021-12-22 10:50:30.749 INFO  --- [main] com.zaxxer.hikari.HikariDataSource : base - Starting...
2021-12-22 10:50:31.560 INFO  --- [main] com.zaxxer.hikari.HikariDataSource : base - Start completed.
2021-12-22 10:50:31.561 INFO  --- [main] com.baomidou.dynamic.datasource.DynamicRoutingDataSource : dynamic-datasource - load a datasource named [base] success
2021-12-22 10:50:31.562 INFO  --- [main] com.baomidou.dynamic.datasource.DynamicRoutingDataSource : dynamic-datasource initial loaded [1] datasource,primary datasource named [base]
2021-12-22 10:50:34.795 ERROR --- [main] com.baomidou.mybatisplus.core.MybatisConfiguration : mapper[com.mt.dictionary.mapper.DictionaryMapper.getListOne] is ignored, because it exists, maybe from xml file
2021-12-22 10:50:37.058 INFO  --- [main] org.springframework.scheduling.concurrent.ThreadPoolTaskExecutor : Initializing ExecutorService 'applicationTaskExecutor'
2021-12-22 10:50:37.637 INFO  --- [main] org.quartz.impl.StdSchedulerFactory : Using default implementation for ThreadExecutor
2021-12-22 10:50:37.661 INFO  --- [main] org.quartz.core.SchedulerSignalerImpl : Initialized Scheduler Signaller of type: class org.quartz.core.SchedulerSignalerImpl
2021-12-22 10:50:37.662 INFO  --- [main] org.quartz.core.QuartzScheduler : Quartz Scheduler v.2.3.0 created.
2021-12-22 10:50:37.663 INFO  --- [main] org.quartz.simpl.RAMJobStore : RAMJobStore initialized.
2021-12-22 10:50:37.665 INFO  --- [main] org.quartz.core.QuartzScheduler : Scheduler meta-data: Quartz Scheduler (v2.3.0) 'quartzScheduler' with instanceId 'NON_CLUSTERED'
  Scheduler class: 'org.quartz.core.QuartzScheduler' - running locally.
  NOT STARTED.
  Currently in standby mode.
  Number of jobs executed: 0
  Using thread pool 'org.quartz.simpl.SimpleThreadPool' - with 10 threads.
  Using job-store 'org.quartz.simpl.RAMJobStore' - which does not support persistence. and is not clustered.

2021-12-22 10:50:37.666 INFO  --- [main] org.quartz.impl.StdSchedulerFactory : Quartz scheduler 'quartzScheduler' initialized from an externally provided properties instance.
2021-12-22 10:50:37.666 INFO  --- [main] org.quartz.impl.StdSchedulerFactory : Quartz scheduler version: 2.3.0
2021-12-22 10:50:37.666 INFO  --- [main] org.quartz.core.QuartzScheduler : JobFactory set to: org.springframework.scheduling.quartz.SpringBeanJobFactory@67f63d26
2021-12-22 10:50:37.771 INFO  --- [main] org.springframework.boot.autoconfigure.security.servlet.UserDetailsServiceAutoConfiguration : 

Using generated security password: 7433654c-cfec-4dd2-843f-84a6db0bb40a

2021-12-22 10:50:38.798 INFO  --- [main] org.springframework.security.web.DefaultSecurityFilterChain : Creating filter chain: any request, [org.springframework.security.web.context.request.async.WebAsyncManagerIntegrationFilter@5d124d29, org.springframework.security.web.context.SecurityContextPersistenceFilter@59018eed, org.springframework.security.web.header.HeaderWriterFilter@433ea2ac, org.springframework.security.web.authentication.logout.LogoutFilter@781aff8b, org.springframework.security.oauth2.provider.authentication.OAuth2AuthenticationProcessingFilter@6d293993, org.springframework.security.web.savedrequest.RequestCacheAwareFilter@76973a6, org.springframework.security.web.servletapi.SecurityContextHolderAwareRequestFilter@7fd4e815, org.springframework.security.web.authentication.AnonymousAuthenticationFilter@3c88191b, org.springframework.security.web.session.SessionManagementFilter@73608eb0, org.springframework.security.web.access.ExceptionTranslationFilter@7889b4b9, org.springframework.security.web.access.intercept.FilterSecurityInterceptor@62c3f556]
2021-12-22 10:50:39.308 INFO  --- [main] org.apache.coyote.http11.Http11NioProtocol : Starting ProtocolHandler ["http-nio-9010"]
2021-12-22 10:50:39.439 INFO  --- [main] org.springframework.boot.web.embedded.tomcat.TomcatWebServer : Tomcat started on port(s): 9010 (http) with context path ''
2021-12-22 10:50:39.463 INFO  --- [main] org.springframework.scheduling.quartz.SchedulerFactoryBean : Starting Quartz Scheduler now
2021-12-22 10:50:39.464 INFO  --- [main] org.quartz.core.QuartzScheduler : Scheduler quartzScheduler_$_NON_CLUSTERED started.
2021-12-22 10:50:39.494 INFO  --- [main] com.mt.demo2.RunApplication : Started RunApplication in 12.69 seconds (JVM running for 13.874)
2021-12-22 10:50:52.749 INFO  --- [http-nio-9010-exec-2] org.apache.catalina.core.ContainerBase.[Tomcat].[localhost].[/] : Initializing Spring DispatcherServlet 'dispatcherServlet'
2021-12-22 10:50:52.750 INFO  --- [http-nio-9010-exec-2] org.springframework.web.servlet.DispatcherServlet : Initializing Servlet 'dispatcherServlet'
2021-12-22 10:50:52.783 INFO  --- [http-nio-9010-exec-2] org.springframework.web.servlet.DispatcherServlet : Completed initialization in 33 ms
2021-12-22 10:51:19.718 INFO  --- [SpringContextShutdownHook] org.quartz.core.QuartzScheduler : Scheduler quartzScheduler_$_NON_CLUSTERED paused.
2021-12-22 10:51:26.910 INFO  --- [SpringContextShutdownHook] org.springframework.scheduling.quartz.SchedulerFactoryBean : Shutting down Quartz Scheduler
2021-12-22 10:51:26.912 INFO  --- [SpringContextShutdownHook] org.quartz.core.QuartzScheduler : Scheduler quartzScheduler_$_NON_CLUSTERED shutting down.
2021-12-22 10:51:26.912 INFO  --- [SpringContextShutdownHook] org.quartz.core.QuartzScheduler : Scheduler quartzScheduler_$_NON_CLUSTERED paused.
2021-12-22 10:51:26.912 INFO  --- [SpringContextShutdownHook] org.quartz.core.QuartzScheduler : Scheduler quartzScheduler_$_NON_CLUSTERED shutdown complete.
2021-12-22 10:51:26.914 INFO  --- [SpringContextShutdownHook] org.springframework.scheduling.concurrent.ThreadPoolTaskExecutor : Shutting down ExecutorService 'applicationTaskExecutor'
2021-12-22 10:51:26.916 INFO  --- [SpringContextShutdownHook] com.baomidou.dynamic.datasource.DynamicRoutingDataSource : dynamic-datasource start closing ....
2021-12-22 10:51:26.916 INFO  --- [SpringContextShutdownHook] com.zaxxer.hikari.HikariDataSource : base - Shutdown initiated...
2021-12-22 10:51:26.926 INFO  --- [SpringContextShutdownHook] com.zaxxer.hikari.HikariDataSource : base - Shutdown completed.
2021-12-22 10:51:26.926 INFO  --- [SpringContextShutdownHook] com.baomidou.dynamic.datasource.DynamicRoutingDataSource : dynamic-datasource all closed success,bye
2021-12-22 11:08:01.329 INFO  --- [main] com.mt.demo2.RunApplication : Starting RunApplication on wuhaotiandeMacBook-Pro.local with PID 4840 (/Users/wuhaotian/Desktop/My/my-server/target/classes started by wuhaotian in /Users/wuhaotian/Desktop/My/my-server)
2021-12-22 11:08:01.335 INFO  --- [main] com.mt.demo2.RunApplication : No active profile set, falling back to default profiles: default
2021-12-22 11:08:07.668 INFO  --- [main] org.springframework.boot.web.embedded.tomcat.TomcatWebServer : Tomcat initialized with port(s): 9010 (http)
2021-12-22 11:08:07.722 INFO  --- [main] org.apache.coyote.http11.Http11NioProtocol : Initializing ProtocolHandler ["http-nio-9010"]
2021-12-22 11:08:07.723 INFO  --- [main] org.apache.catalina.core.StandardService : Starting service [Tomcat]
2021-12-22 11:08:07.723 INFO  --- [main] org.apache.catalina.core.StandardEngine : Starting Servlet engine: [Apache Tomcat/9.0.36]
2021-12-22 11:08:08.061 INFO  --- [main] org.apache.catalina.core.ContainerBase.[Tomcat].[localhost].[/] : Initializing Spring embedded WebApplicationContext
2021-12-22 11:08:08.062 INFO  --- [main] org.springframework.boot.web.servlet.context.ServletWebServerApplicationContext : Root WebApplicationContext: initialization completed in 6603 ms
2021-12-22 11:08:08.993 INFO  --- [main] com.zaxxer.hikari.HikariDataSource : base - Starting...
2021-12-22 11:08:10.233 INFO  --- [main] com.zaxxer.hikari.HikariDataSource : base - Start completed.
2021-12-22 11:08:10.236 INFO  --- [main] com.baomidou.dynamic.datasource.DynamicRoutingDataSource : dynamic-datasource - load a datasource named [base] success
2021-12-22 11:08:10.236 INFO  --- [main] com.baomidou.dynamic.datasource.DynamicRoutingDataSource : dynamic-datasource initial loaded [1] datasource,primary datasource named [base]
2021-12-22 11:08:11.426 ERROR --- [main] com.baomidou.mybatisplus.core.MybatisConfiguration : mapper[com.mt.dictionary.mapper.DictionaryMapper.getListOne] is ignored, because it exists, maybe from xml file
2021-12-22 11:08:12.702 INFO  --- [main] org.springframework.scheduling.concurrent.ThreadPoolTaskExecutor : Initializing ExecutorService 'applicationTaskExecutor'
2021-12-22 11:08:13.235 INFO  --- [main] org.quartz.impl.StdSchedulerFactory : Using default implementation for ThreadExecutor
2021-12-22 11:08:13.260 INFO  --- [main] org.quartz.core.SchedulerSignalerImpl : Initialized Scheduler Signaller of type: class org.quartz.core.SchedulerSignalerImpl
2021-12-22 11:08:13.260 INFO  --- [main] org.quartz.core.QuartzScheduler : Quartz Scheduler v.2.3.0 created.
2021-12-22 11:08:13.261 INFO  --- [main] org.quartz.simpl.RAMJobStore : RAMJobStore initialized.
2021-12-22 11:08:13.263 INFO  --- [main] org.quartz.core.QuartzScheduler : Scheduler meta-data: Quartz Scheduler (v2.3.0) 'quartzScheduler' with instanceId 'NON_CLUSTERED'
  Scheduler class: 'org.quartz.core.QuartzScheduler' - running locally.
  NOT STARTED.
  Currently in standby mode.
  Number of jobs executed: 0
  Using thread pool 'org.quartz.simpl.SimpleThreadPool' - with 10 threads.
  Using job-store 'org.quartz.simpl.RAMJobStore' - which does not support persistence. and is not clustered.

2021-12-22 11:08:13.263 INFO  --- [main] org.quartz.impl.StdSchedulerFactory : Quartz scheduler 'quartzScheduler' initialized from an externally provided properties instance.
2021-12-22 11:08:13.263 INFO  --- [main] org.quartz.impl.StdSchedulerFactory : Quartz scheduler version: 2.3.0
2021-12-22 11:08:13.264 INFO  --- [main] org.quartz.core.QuartzScheduler : JobFactory set to: org.springframework.scheduling.quartz.SpringBeanJobFactory@64b70f41
2021-12-22 11:08:13.328 INFO  --- [main] org.springframework.boot.autoconfigure.security.servlet.UserDetailsServiceAutoConfiguration : 

Using generated security password: ce4f535a-1850-42cf-b5c8-148d98e549a5

2021-12-22 11:08:13.775 INFO  --- [main] org.springframework.security.web.DefaultSecurityFilterChain : Creating filter chain: any request, [org.springframework.security.web.context.request.async.WebAsyncManagerIntegrationFilter@31efacad, org.springframework.security.web.context.SecurityContextPersistenceFilter@480cbe2e, org.springframework.security.web.header.HeaderWriterFilter@cbd40c1, org.springframework.security.web.authentication.logout.LogoutFilter@372461a9, org.springframework.security.oauth2.provider.authentication.OAuth2AuthenticationProcessingFilter@58278366, org.springframework.security.web.savedrequest.RequestCacheAwareFilter@110e9982, org.springframework.security.web.servletapi.SecurityContextHolderAwareRequestFilter@24876a7e, org.springframework.security.web.authentication.AnonymousAuthenticationFilter@380ce5a3, org.springframework.security.web.session.SessionManagementFilter@d653e41, org.springframework.security.web.access.ExceptionTranslationFilter@6274f21c, org.springframework.security.web.access.intercept.FilterSecurityInterceptor@8c12524]
2021-12-22 11:08:13.868 INFO  --- [main] org.apache.coyote.http11.Http11NioProtocol : Starting ProtocolHandler ["http-nio-9010"]
2021-12-22 11:08:13.914 INFO  --- [main] org.springframework.boot.web.embedded.tomcat.TomcatWebServer : Tomcat started on port(s): 9010 (http) with context path ''
2021-12-22 11:08:13.915 INFO  --- [main] org.springframework.scheduling.quartz.SchedulerFactoryBean : Starting Quartz Scheduler now
2021-12-22 11:08:13.916 INFO  --- [main] org.quartz.core.QuartzScheduler : Scheduler quartzScheduler_$_NON_CLUSTERED started.
2021-12-22 11:08:13.936 INFO  --- [main] com.mt.demo2.RunApplication : Started RunApplication in 13.847 seconds (JVM running for 15.457)
2021-12-22 11:08:26.939 INFO  --- [http-nio-9010-exec-2] org.apache.catalina.core.ContainerBase.[Tomcat].[localhost].[/] : Initializing Spring DispatcherServlet 'dispatcherServlet'
2021-12-22 11:08:26.940 INFO  --- [http-nio-9010-exec-2] org.springframework.web.servlet.DispatcherServlet : Initializing Servlet 'dispatcherServlet'
2021-12-22 11:08:26.978 INFO  --- [http-nio-9010-exec-2] org.springframework.web.servlet.DispatcherServlet : Completed initialization in 37 ms
2021-12-22 11:12:00.402 INFO  --- [SpringContextShutdownHook] org.quartz.core.QuartzScheduler : Scheduler quartzScheduler_$_NON_CLUSTERED paused.
2021-12-22 11:12:00.568 INFO  --- [SpringContextShutdownHook] org.springframework.scheduling.quartz.SchedulerFactoryBean : Shutting down Quartz Scheduler
2021-12-22 11:12:00.569 INFO  --- [SpringContextShutdownHook] org.quartz.core.QuartzScheduler : Scheduler quartzScheduler_$_NON_CLUSTERED shutting down.
2021-12-22 11:12:00.569 INFO  --- [SpringContextShutdownHook] org.quartz.core.QuartzScheduler : Scheduler quartzScheduler_$_NON_CLUSTERED paused.
2021-12-22 11:12:00.571 INFO  --- [SpringContextShutdownHook] org.quartz.core.QuartzScheduler : Scheduler quartzScheduler_$_NON_CLUSTERED shutdown complete.
2021-12-22 11:12:00.574 INFO  --- [SpringContextShutdownHook] org.springframework.scheduling.concurrent.ThreadPoolTaskExecutor : Shutting down ExecutorService 'applicationTaskExecutor'
2021-12-22 11:12:00.645 INFO  --- [SpringContextShutdownHook] com.baomidou.dynamic.datasource.DynamicRoutingDataSource : dynamic-datasource start closing ....
2021-12-22 11:12:00.648 INFO  --- [SpringContextShutdownHook] com.zaxxer.hikari.HikariDataSource : base - Shutdown initiated...
2021-12-22 11:12:00.673 INFO  --- [SpringContextShutdownHook] com.zaxxer.hikari.HikariDataSource : base - Shutdown completed.
2021-12-22 11:12:00.716 INFO  --- [SpringContextShutdownHook] com.baomidou.dynamic.datasource.DynamicRoutingDataSource : dynamic-datasource all closed success,bye
2021-12-22 11:12:29.303 INFO  --- [main] com.mt.demo2.RunApplication : Starting RunApplication on wuhaotiandeMacBook-Pro.local with PID 4853 (/Users/wuhaotian/Desktop/My/my-server/target/classes started by wuhaotian in /Users/wuhaotian/Desktop/My/my-server)
2021-12-22 11:12:29.308 INFO  --- [main] com.mt.demo2.RunApplication : No active profile set, falling back to default profiles: default
2021-12-22 11:12:34.708 INFO  --- [main] org.springframework.boot.web.embedded.tomcat.TomcatWebServer : Tomcat initialized with port(s): 9010 (http)
2021-12-22 11:12:34.724 INFO  --- [main] org.apache.coyote.http11.Http11NioProtocol : Initializing ProtocolHandler ["http-nio-9010"]
2021-12-22 11:12:34.725 INFO  --- [main] org.apache.catalina.core.StandardService : Starting service [Tomcat]
2021-12-22 11:12:34.726 INFO  --- [main] org.apache.catalina.core.StandardEngine : Starting Servlet engine: [Apache Tomcat/9.0.36]
2021-12-22 11:12:35.008 INFO  --- [main] org.apache.catalina.core.ContainerBase.[Tomcat].[localhost].[/] : Initializing Spring embedded WebApplicationContext
2021-12-22 11:12:35.008 INFO  --- [main] org.springframework.boot.web.servlet.context.ServletWebServerApplicationContext : Root WebApplicationContext: initialization completed in 5352 ms
2021-12-22 11:12:35.415 INFO  --- [main] com.zaxxer.hikari.HikariDataSource : base - Starting...
2021-12-22 11:12:36.423 INFO  --- [main] com.zaxxer.hikari.HikariDataSource : base - Start completed.
2021-12-22 11:12:36.425 INFO  --- [main] com.baomidou.dynamic.datasource.DynamicRoutingDataSource : dynamic-datasource - load a datasource named [base] success
2021-12-22 11:12:36.425 INFO  --- [main] com.baomidou.dynamic.datasource.DynamicRoutingDataSource : dynamic-datasource initial loaded [1] datasource,primary datasource named [base]
2021-12-22 11:12:37.507 ERROR --- [main] com.baomidou.mybatisplus.core.MybatisConfiguration : mapper[com.mt.dictionary.mapper.DictionaryMapper.getListOne] is ignored, because it exists, maybe from xml file
2021-12-22 11:12:38.740 INFO  --- [main] org.springframework.scheduling.concurrent.ThreadPoolTaskExecutor : Initializing ExecutorService 'applicationTaskExecutor'
2021-12-22 11:12:39.144 INFO  --- [main] org.quartz.impl.StdSchedulerFactory : Using default implementation for ThreadExecutor
2021-12-22 11:12:39.176 INFO  --- [main] org.quartz.core.SchedulerSignalerImpl : Initialized Scheduler Signaller of type: class org.quartz.core.SchedulerSignalerImpl
2021-12-22 11:12:39.176 INFO  --- [main] org.quartz.core.QuartzScheduler : Quartz Scheduler v.2.3.0 created.
2021-12-22 11:12:39.177 INFO  --- [main] org.quartz.simpl.RAMJobStore : RAMJobStore initialized.
2021-12-22 11:12:39.178 INFO  --- [main] org.quartz.core.QuartzScheduler : Scheduler meta-data: Quartz Scheduler (v2.3.0) 'quartzScheduler' with instanceId 'NON_CLUSTERED'
  Scheduler class: 'org.quartz.core.QuartzScheduler' - running locally.
  NOT STARTED.
  Currently in standby mode.
  Number of jobs executed: 0
  Using thread pool 'org.quartz.simpl.SimpleThreadPool' - with 10 threads.
  Using job-store 'org.quartz.simpl.RAMJobStore' - which does not support persistence. and is not clustered.

2021-12-22 11:12:39.179 INFO  --- [main] org.quartz.impl.StdSchedulerFactory : Quartz scheduler 'quartzScheduler' initialized from an externally provided properties instance.
2021-12-22 11:12:39.179 INFO  --- [main] org.quartz.impl.StdSchedulerFactory : Quartz scheduler version: 2.3.0
2021-12-22 11:12:39.179 INFO  --- [main] org.quartz.core.QuartzScheduler : JobFactory set to: org.springframework.scheduling.quartz.SpringBeanJobFactory@58324c9f
2021-12-22 11:12:39.270 INFO  --- [main] org.springframework.boot.autoconfigure.security.servlet.UserDetailsServiceAutoConfiguration : 

Using generated security password: eda31b58-a9de-452b-93d1-d3ea7524d21e

2021-12-22 11:12:39.626 INFO  --- [main] org.springframework.security.web.DefaultSecurityFilterChain : Creating filter chain: any request, [org.springframework.security.web.context.request.async.WebAsyncManagerIntegrationFilter@632b305d, org.springframework.security.web.context.SecurityContextPersistenceFilter@7675c171, org.springframework.security.web.header.HeaderWriterFilter@46a795de, org.springframework.security.web.authentication.logout.LogoutFilter@ab4aa5e, org.springframework.security.oauth2.provider.authentication.OAuth2AuthenticationProcessingFilter@433ea2ac, org.springframework.security.web.savedrequest.RequestCacheAwareFilter@51cab489, org.springframework.security.web.servletapi.SecurityContextHolderAwareRequestFilter@2dd1086, org.springframework.security.web.authentication.AnonymousAuthenticationFilter@44598ef7, org.springframework.security.web.session.SessionManagementFilter@7418d76e, org.springframework.security.web.access.ExceptionTranslationFilter@599a9cb2, org.springframework.security.web.access.intercept.FilterSecurityInterceptor@58278366]
2021-12-22 11:12:39.710 INFO  --- [main] org.apache.coyote.http11.Http11NioProtocol : Starting ProtocolHandler ["http-nio-9010"]
2021-12-22 11:12:39.755 INFO  --- [main] org.springframework.boot.web.embedded.tomcat.TomcatWebServer : Tomcat started on port(s): 9010 (http) with context path ''
2021-12-22 11:12:39.758 INFO  --- [main] org.springframework.scheduling.quartz.SchedulerFactoryBean : Starting Quartz Scheduler now
2021-12-22 11:12:39.758 INFO  --- [main] org.quartz.core.QuartzScheduler : Scheduler quartzScheduler_$_NON_CLUSTERED started.
2021-12-22 11:12:39.773 INFO  --- [main] com.mt.demo2.RunApplication : Started RunApplication in 12.861 seconds (JVM running for 17.864)
2021-12-22 11:13:27.944 INFO  --- [http-nio-9010-exec-2] org.apache.catalina.core.ContainerBase.[Tomcat].[localhost].[/] : Initializing Spring DispatcherServlet 'dispatcherServlet'
2021-12-22 11:13:27.945 INFO  --- [http-nio-9010-exec-2] org.springframework.web.servlet.DispatcherServlet : Initializing Servlet 'dispatcherServlet'
2021-12-22 11:13:27.961 INFO  --- [http-nio-9010-exec-2] org.springframework.web.servlet.DispatcherServlet : Completed initialization in 16 ms
2021-12-22 11:43:21.131 INFO  --- [SpringContextShutdownHook] org.quartz.core.QuartzScheduler : Scheduler quartzScheduler_$_NON_CLUSTERED paused.
2021-12-22 11:43:21.201 INFO  --- [SpringContextShutdownHook] org.springframework.scheduling.quartz.SchedulerFactoryBean : Shutting down Quartz Scheduler
2021-12-22 11:43:21.201 INFO  --- [SpringContextShutdownHook] org.quartz.core.QuartzScheduler : Scheduler quartzScheduler_$_NON_CLUSTERED shutting down.
2021-12-22 11:43:21.202 INFO  --- [SpringContextShutdownHook] org.quartz.core.QuartzScheduler : Scheduler quartzScheduler_$_NON_CLUSTERED paused.
2021-12-22 11:43:21.203 INFO  --- [SpringContextShutdownHook] org.quartz.core.QuartzScheduler : Scheduler quartzScheduler_$_NON_CLUSTERED shutdown complete.
2021-12-22 11:43:21.206 INFO  --- [SpringContextShutdownHook] org.springframework.scheduling.concurrent.ThreadPoolTaskExecutor : Shutting down ExecutorService 'applicationTaskExecutor'
2021-12-22 11:43:21.211 INFO  --- [SpringContextShutdownHook] com.baomidou.dynamic.datasource.DynamicRoutingDataSource : dynamic-datasource start closing ....
2021-12-22 11:43:21.212 INFO  --- [SpringContextShutdownHook] com.zaxxer.hikari.HikariDataSource : base - Shutdown initiated...
2021-12-22 11:43:21.216 INFO  --- [SpringContextShutdownHook] com.zaxxer.hikari.HikariDataSource : base - Shutdown completed.
2021-12-22 11:43:21.217 INFO  --- [SpringContextShutdownHook] com.baomidou.dynamic.datasource.DynamicRoutingDataSource : dynamic-datasource all closed success,bye
2021-12-22 11:43:47.200 INFO  --- [main] com.mt.demo2.RunApplication : Starting RunApplication on wuhaotiandeMacBook-Pro.local with PID 4942 (/Users/wuhaotian/Desktop/My/my-server/target/classes started by wuhaotian in /Users/wuhaotian/Desktop/My/my-server)
2021-12-22 11:43:47.207 INFO  --- [main] com.mt.demo2.RunApplication : No active profile set, falling back to default profiles: default
2021-12-22 11:43:51.057 INFO  --- [main] org.springframework.boot.web.embedded.tomcat.TomcatWebServer : Tomcat initialized with port(s): 9010 (http)
2021-12-22 11:43:51.072 INFO  --- [main] org.apache.coyote.http11.Http11NioProtocol : Initializing ProtocolHandler ["http-nio-9010"]
2021-12-22 11:43:51.073 INFO  --- [main] org.apache.catalina.core.StandardService : Starting service [Tomcat]
2021-12-22 11:43:51.074 INFO  --- [main] org.apache.catalina.core.StandardEngine : Starting Servlet engine: [Apache Tomcat/9.0.36]
2021-12-22 11:43:51.239 INFO  --- [main] org.apache.catalina.core.ContainerBase.[Tomcat].[localhost].[/] : Initializing Spring embedded WebApplicationContext
2021-12-22 11:43:51.240 INFO  --- [main] org.springframework.boot.web.servlet.context.ServletWebServerApplicationContext : Root WebApplicationContext: initialization completed in 3794 ms
2021-12-22 11:43:51.754 INFO  --- [main] com.zaxxer.hikari.HikariDataSource : base - Starting...
2021-12-22 11:43:52.743 INFO  --- [main] com.zaxxer.hikari.HikariDataSource : base - Start completed.
2021-12-22 11:43:52.745 INFO  --- [main] com.baomidou.dynamic.datasource.DynamicRoutingDataSource : dynamic-datasource - load a datasource named [base] success
2021-12-22 11:43:52.745 INFO  --- [main] com.baomidou.dynamic.datasource.DynamicRoutingDataSource : dynamic-datasource initial loaded [1] datasource,primary datasource named [base]
2021-12-22 11:43:53.501 ERROR --- [main] com.baomidou.mybatisplus.core.MybatisConfiguration : mapper[com.mt.dictionary.mapper.DictionaryMapper.getListOne] is ignored, because it exists, maybe from xml file
2021-12-22 11:43:54.454 INFO  --- [main] org.springframework.scheduling.concurrent.ThreadPoolTaskExecutor : Initializing ExecutorService 'applicationTaskExecutor'
2021-12-22 11:43:54.750 INFO  --- [main] org.quartz.impl.StdSchedulerFactory : Using default implementation for ThreadExecutor
2021-12-22 11:43:54.762 INFO  --- [main] org.quartz.core.SchedulerSignalerImpl : Initialized Scheduler Signaller of type: class org.quartz.core.SchedulerSignalerImpl
2021-12-22 11:43:54.762 INFO  --- [main] org.quartz.core.QuartzScheduler : Quartz Scheduler v.2.3.0 created.
2021-12-22 11:43:54.763 INFO  --- [main] org.quartz.simpl.RAMJobStore : RAMJobStore initialized.
2021-12-22 11:43:54.764 INFO  --- [main] org.quartz.core.QuartzScheduler : Scheduler meta-data: Quartz Scheduler (v2.3.0) 'quartzScheduler' with instanceId 'NON_CLUSTERED'
  Scheduler class: 'org.quartz.core.QuartzScheduler' - running locally.
  NOT STARTED.
  Currently in standby mode.
  Number of jobs executed: 0
  Using thread pool 'org.quartz.simpl.SimpleThreadPool' - with 10 threads.
  Using job-store 'org.quartz.simpl.RAMJobStore' - which does not support persistence. and is not clustered.

2021-12-22 11:43:54.764 INFO  --- [main] org.quartz.impl.StdSchedulerFactory : Quartz scheduler 'quartzScheduler' initialized from an externally provided properties instance.
2021-12-22 11:43:54.765 INFO  --- [main] org.quartz.impl.StdSchedulerFactory : Quartz scheduler version: 2.3.0
2021-12-22 11:43:54.765 INFO  --- [main] org.quartz.core.QuartzScheduler : JobFactory set to: org.springframework.scheduling.quartz.SpringBeanJobFactory@6cae2e4d
2021-12-22 11:43:54.815 INFO  --- [main] org.springframework.boot.autoconfigure.security.servlet.UserDetailsServiceAutoConfiguration : 

Using generated security password: b8f6abef-154c-480d-9c45-d4a81e2f9ce0

2021-12-22 11:43:55.064 INFO  --- [main] org.springframework.security.web.DefaultSecurityFilterChain : Creating filter chain: any request, [org.springframework.security.web.context.request.async.WebAsyncManagerIntegrationFilter@552fee7a, org.springframework.security.web.context.SecurityContextPersistenceFilter@4bf03fee, org.springframework.security.web.header.HeaderWriterFilter@6f731759, org.springframework.security.web.authentication.logout.LogoutFilter@4776e209, org.springframework.security.oauth2.provider.authentication.OAuth2AuthenticationProcessingFilter@35cec305, org.springframework.security.web.savedrequest.RequestCacheAwareFilter@44f0ff2b, org.springframework.security.web.servletapi.SecurityContextHolderAwareRequestFilter@44e4cb76, org.springframework.security.web.authentication.AnonymousAuthenticationFilter@548e43b1, org.springframework.security.web.session.SessionManagementFilter@46a795de, org.springframework.security.web.access.ExceptionTranslationFilter@26582ca, org.springframework.security.web.access.intercept.FilterSecurityInterceptor@781aff8b]
2021-12-22 11:43:55.134 INFO  --- [main] org.apache.coyote.http11.Http11NioProtocol : Starting ProtocolHandler ["http-nio-9010"]
2021-12-22 11:43:55.170 INFO  --- [main] org.springframework.boot.web.embedded.tomcat.TomcatWebServer : Tomcat started on port(s): 9010 (http) with context path ''
2021-12-22 11:43:55.171 INFO  --- [main] org.springframework.scheduling.quartz.SchedulerFactoryBean : Starting Quartz Scheduler now
2021-12-22 11:43:55.171 INFO  --- [main] org.quartz.core.QuartzScheduler : Scheduler quartzScheduler_$_NON_CLUSTERED started.
2021-12-22 11:43:55.183 INFO  --- [main] com.mt.demo2.RunApplication : Started RunApplication in 9.582 seconds (JVM running for 13.207)
2021-12-22 11:43:59.844 INFO  --- [http-nio-9010-exec-2] org.apache.catalina.core.ContainerBase.[Tomcat].[localhost].[/] : Initializing Spring DispatcherServlet 'dispatcherServlet'
2021-12-22 11:43:59.845 INFO  --- [http-nio-9010-exec-2] org.springframework.web.servlet.DispatcherServlet : Initializing Servlet 'dispatcherServlet'
2021-12-22 11:43:59.863 INFO  --- [http-nio-9010-exec-2] org.springframework.web.servlet.DispatcherServlet : Completed initialization in 18 ms
2021-12-22 11:44:31.005 INFO  --- [SpringContextShutdownHook] org.quartz.core.QuartzScheduler : Scheduler quartzScheduler_$_NON_CLUSTERED paused.
2021-12-22 11:44:31.052 INFO  --- [SpringContextShutdownHook] org.springframework.scheduling.quartz.SchedulerFactoryBean : Shutting down Quartz Scheduler
2021-12-22 11:44:31.053 INFO  --- [SpringContextShutdownHook] org.quartz.core.QuartzScheduler : Scheduler quartzScheduler_$_NON_CLUSTERED shutting down.
2021-12-22 11:44:31.053 INFO  --- [SpringContextShutdownHook] org.quartz.core.QuartzScheduler : Scheduler quartzScheduler_$_NON_CLUSTERED paused.
2021-12-22 11:44:31.056 INFO  --- [SpringContextShutdownHook] org.quartz.core.QuartzScheduler : Scheduler quartzScheduler_$_NON_CLUSTERED shutdown complete.
2021-12-22 11:44:31.060 INFO  --- [SpringContextShutdownHook] org.springframework.scheduling.concurrent.ThreadPoolTaskExecutor : Shutting down ExecutorService 'applicationTaskExecutor'
2021-12-22 11:44:31.064 INFO  --- [SpringContextShutdownHook] com.baomidou.dynamic.datasource.DynamicRoutingDataSource : dynamic-datasource start closing ....
2021-12-22 11:44:31.066 INFO  --- [SpringContextShutdownHook] com.zaxxer.hikari.HikariDataSource : base - Shutdown initiated...
2021-12-22 11:44:31.086 INFO  --- [SpringContextShutdownHook] com.zaxxer.hikari.HikariDataSource : base - Shutdown completed.
2021-12-22 11:44:31.087 INFO  --- [SpringContextShutdownHook] com.baomidou.dynamic.datasource.DynamicRoutingDataSource : dynamic-datasource all closed success,bye
2021-12-22 11:44:48.396 INFO  --- [main] com.mt.demo2.RunApplication : Starting RunApplication on wuhaotiandeMacBook-Pro.local with PID 4947 (/Users/wuhaotian/Desktop/My/my-server/target/classes started by wuhaotian in /Users/wuhaotian/Desktop/My/my-server)
2021-12-22 11:44:48.421 INFO  --- [main] com.mt.demo2.RunApplication : No active profile set, falling back to default profiles: default
2021-12-22 11:44:51.691 INFO  --- [main] org.springframework.boot.web.embedded.tomcat.TomcatWebServer : Tomcat initialized with port(s): 9010 (http)
2021-12-22 11:44:51.701 INFO  --- [main] org.apache.coyote.http11.Http11NioProtocol : Initializing ProtocolHandler ["http-nio-9010"]
2021-12-22 11:44:51.702 INFO  --- [main] org.apache.catalina.core.StandardService : Starting service [Tomcat]
2021-12-22 11:44:51.703 INFO  --- [main] org.apache.catalina.core.StandardEngine : Starting Servlet engine: [Apache Tomcat/9.0.36]
2021-12-22 11:44:51.838 INFO  --- [main] org.apache.catalina.core.ContainerBase.[Tomcat].[localhost].[/] : Initializing Spring embedded WebApplicationContext
2021-12-22 11:44:51.839 INFO  --- [main] org.springframework.boot.web.servlet.context.ServletWebServerApplicationContext : Root WebApplicationContext: initialization completed in 3260 ms
2021-12-22 11:44:52.135 INFO  --- [main] com.zaxxer.hikari.HikariDataSource : base - Starting...
2021-12-22 11:44:52.793 INFO  --- [main] com.zaxxer.hikari.HikariDataSource : base - Start completed.
2021-12-22 11:44:52.794 INFO  --- [main] com.baomidou.dynamic.datasource.DynamicRoutingDataSource : dynamic-datasource - load a datasource named [base] success
2021-12-22 11:44:52.795 INFO  --- [main] com.baomidou.dynamic.datasource.DynamicRoutingDataSource : dynamic-datasource initial loaded [1] datasource,primary datasource named [base]
2021-12-22 11:44:53.470 ERROR --- [main] com.baomidou.mybatisplus.core.MybatisConfiguration : mapper[com.mt.dictionary.mapper.DictionaryMapper.getListOne] is ignored, because it exists, maybe from xml file
2021-12-22 11:44:54.464 INFO  --- [main] org.springframework.scheduling.concurrent.ThreadPoolTaskExecutor : Initializing ExecutorService 'applicationTaskExecutor'
2021-12-22 11:44:54.761 INFO  --- [main] org.quartz.impl.StdSchedulerFactory : Using default implementation for ThreadExecutor
2021-12-22 11:44:54.773 INFO  --- [main] org.quartz.core.SchedulerSignalerImpl : Initialized Scheduler Signaller of type: class org.quartz.core.SchedulerSignalerImpl
2021-12-22 11:44:54.773 INFO  --- [main] org.quartz.core.QuartzScheduler : Quartz Scheduler v.2.3.0 created.
2021-12-22 11:44:54.774 INFO  --- [main] org.quartz.simpl.RAMJobStore : RAMJobStore initialized.
2021-12-22 11:44:54.775 INFO  --- [main] org.quartz.core.QuartzScheduler : Scheduler meta-data: Quartz Scheduler (v2.3.0) 'quartzScheduler' with instanceId 'NON_CLUSTERED'
  Scheduler class: 'org.quartz.core.QuartzScheduler' - running locally.
  NOT STARTED.
  Currently in standby mode.
  Number of jobs executed: 0
  Using thread pool 'org.quartz.simpl.SimpleThreadPool' - with 10 threads.
  Using job-store 'org.quartz.simpl.RAMJobStore' - which does not support persistence. and is not clustered.

2021-12-22 11:44:54.776 INFO  --- [main] org.quartz.impl.StdSchedulerFactory : Quartz scheduler 'quartzScheduler' initialized from an externally provided properties instance.
2021-12-22 11:44:54.776 INFO  --- [main] org.quartz.impl.StdSchedulerFactory : Quartz scheduler version: 2.3.0
2021-12-22 11:44:54.776 INFO  --- [main] org.quartz.core.QuartzScheduler : JobFactory set to: org.springframework.scheduling.quartz.SpringBeanJobFactory@42507640
2021-12-22 11:44:54.823 INFO  --- [main] org.springframework.boot.autoconfigure.security.servlet.UserDetailsServiceAutoConfiguration : 

Using generated security password: aeb385bd-0e14-42ce-b6e5-a411e90e7640

2021-12-22 11:44:55.077 INFO  --- [main] org.springframework.security.web.DefaultSecurityFilterChain : Creating filter chain: any request, [org.springframework.security.web.context.request.async.WebAsyncManagerIntegrationFilter@195113de, org.springframework.security.web.context.SecurityContextPersistenceFilter@6ee88e21, org.springframework.security.web.header.HeaderWriterFilter@68af87ad, org.springframework.security.web.authentication.logout.LogoutFilter@35cec305, org.springframework.security.oauth2.provider.authentication.OAuth2AuthenticationProcessingFilter@6c3f1658, org.springframework.security.web.savedrequest.RequestCacheAwareFilter@626e0c86, org.springframework.security.web.servletapi.SecurityContextHolderAwareRequestFilter@28393e82, org.springframework.security.web.authentication.AnonymousAuthenticationFilter@3ebc955b, org.springframework.security.web.session.SessionManagementFilter@773c2214, org.springframework.security.web.access.ExceptionTranslationFilter@4bf03fee, org.springframework.security.web.access.intercept.FilterSecurityInterceptor@6d293993]
2021-12-22 11:44:55.164 INFO  --- [main] org.apache.coyote.http11.Http11NioProtocol : Starting ProtocolHandler ["http-nio-9010"]
2021-12-22 11:44:55.204 INFO  --- [main] org.springframework.boot.web.embedded.tomcat.TomcatWebServer : Tomcat started on port(s): 9010 (http) with context path ''
2021-12-22 11:44:55.206 INFO  --- [main] org.springframework.scheduling.quartz.SchedulerFactoryBean : Starting Quartz Scheduler now
2021-12-22 11:44:55.206 INFO  --- [main] org.quartz.core.QuartzScheduler : Scheduler quartzScheduler_$_NON_CLUSTERED started.
2021-12-22 11:44:55.220 INFO  --- [main] com.mt.demo2.RunApplication : Started RunApplication in 8.181 seconds (JVM running for 11.189)
2021-12-22 11:44:59.004 INFO  --- [http-nio-9010-exec-2] org.apache.catalina.core.ContainerBase.[Tomcat].[localhost].[/] : Initializing Spring DispatcherServlet 'dispatcherServlet'
2021-12-22 11:44:59.004 INFO  --- [http-nio-9010-exec-2] org.springframework.web.servlet.DispatcherServlet : Initializing Servlet 'dispatcherServlet'
2021-12-22 11:44:59.033 INFO  --- [http-nio-9010-exec-2] org.springframework.web.servlet.DispatcherServlet : Completed initialization in 28 ms
2021-12-22 13:06:38.404 INFO  --- [SpringContextShutdownHook] org.quartz.core.QuartzScheduler : Scheduler quartzScheduler_$_NON_CLUSTERED paused.
2021-12-22 13:06:38.560 INFO  --- [SpringContextShutdownHook] org.springframework.scheduling.quartz.SchedulerFactoryBean : Shutting down Quartz Scheduler
2021-12-22 13:06:38.560 INFO  --- [SpringContextShutdownHook] org.quartz.core.QuartzScheduler : Scheduler quartzScheduler_$_NON_CLUSTERED shutting down.
2021-12-22 13:06:38.561 INFO  --- [SpringContextShutdownHook] org.quartz.core.QuartzScheduler : Scheduler quartzScheduler_$_NON_CLUSTERED paused.
2021-12-22 13:06:38.563 INFO  --- [SpringContextShutdownHook] org.quartz.core.QuartzScheduler : Scheduler quartzScheduler_$_NON_CLUSTERED shutdown complete.
2021-12-22 13:06:38.566 INFO  --- [SpringContextShutdownHook] org.springframework.scheduling.concurrent.ThreadPoolTaskExecutor : Shutting down ExecutorService 'applicationTaskExecutor'
2021-12-22 13:06:38.573 INFO  --- [SpringContextShutdownHook] com.baomidou.dynamic.datasource.DynamicRoutingDataSource : dynamic-datasource start closing ....
2021-12-22 13:06:38.574 INFO  --- [SpringContextShutdownHook] com.zaxxer.hikari.HikariDataSource : base - Shutdown initiated...
2021-12-22 13:06:38.584 INFO  --- [SpringContextShutdownHook] com.zaxxer.hikari.HikariDataSource : base - Shutdown completed.
2021-12-22 13:06:38.593 INFO  --- [SpringContextShutdownHook] com.baomidou.dynamic.datasource.DynamicRoutingDataSource : dynamic-datasource all closed success,bye
2021-12-22 13:06:55.719 INFO  --- [main] com.mt.demo2.RunApplication : Starting RunApplication on wuhaotiandeMacBook-Pro.local with PID 5052 (/Users/wuhaotian/Desktop/My/my-server/target/classes started by wuhaotian in /Users/wuhaotian/Desktop/My/my-server)
2021-12-22 13:06:55.724 INFO  --- [main] com.mt.demo2.RunApplication : No active profile set, falling back to default profiles: default
2021-12-22 13:06:59.254 INFO  --- [main] org.springframework.boot.web.embedded.tomcat.TomcatWebServer : Tomcat initialized with port(s): 9010 (http)
2021-12-22 13:06:59.265 INFO  --- [main] org.apache.coyote.http11.Http11NioProtocol : Initializing ProtocolHandler ["http-nio-9010"]
2021-12-22 13:06:59.266 INFO  --- [main] org.apache.catalina.core.StandardService : Starting service [Tomcat]
2021-12-22 13:06:59.267 INFO  --- [main] org.apache.catalina.core.StandardEngine : Starting Servlet engine: [Apache Tomcat/9.0.36]
2021-12-22 13:06:59.429 INFO  --- [main] org.apache.catalina.core.ContainerBase.[Tomcat].[localhost].[/] : Initializing Spring embedded WebApplicationContext
2021-12-22 13:06:59.430 INFO  --- [main] org.springframework.boot.web.servlet.context.ServletWebServerApplicationContext : Root WebApplicationContext: initialization completed in 3557 ms
2021-12-22 13:06:59.693 INFO  --- [main] com.zaxxer.hikari.HikariDataSource : base - Starting...
2021-12-22 13:07:00.483 INFO  --- [main] com.zaxxer.hikari.HikariDataSource : base - Start completed.
2021-12-22 13:07:00.484 INFO  --- [main] com.baomidou.dynamic.datasource.DynamicRoutingDataSource : dynamic-datasource - load a datasource named [base] success
2021-12-22 13:07:00.484 INFO  --- [main] com.baomidou.dynamic.datasource.DynamicRoutingDataSource : dynamic-datasource initial loaded [1] datasource,primary datasource named [base]
2021-12-22 13:07:01.175 ERROR --- [main] com.baomidou.mybatisplus.core.MybatisConfiguration : mapper[com.mt.dictionary.mapper.DictionaryMapper.getListOne] is ignored, because it exists, maybe from xml file
2021-12-22 13:07:02.153 INFO  --- [main] org.springframework.scheduling.concurrent.ThreadPoolTaskExecutor : Initializing ExecutorService 'applicationTaskExecutor'
2021-12-22 13:07:02.423 INFO  --- [main] org.quartz.impl.StdSchedulerFactory : Using default implementation for ThreadExecutor
2021-12-22 13:07:02.433 INFO  --- [main] org.quartz.core.SchedulerSignalerImpl : Initialized Scheduler Signaller of type: class org.quartz.core.SchedulerSignalerImpl
2021-12-22 13:07:02.433 INFO  --- [main] org.quartz.core.QuartzScheduler : Quartz Scheduler v.2.3.0 created.
2021-12-22 13:07:02.434 INFO  --- [main] org.quartz.simpl.RAMJobStore : RAMJobStore initialized.
2021-12-22 13:07:02.435 INFO  --- [main] org.quartz.core.QuartzScheduler : Scheduler meta-data: Quartz Scheduler (v2.3.0) 'quartzScheduler' with instanceId 'NON_CLUSTERED'
  Scheduler class: 'org.quartz.core.QuartzScheduler' - running locally.
  NOT STARTED.
  Currently in standby mode.
  Number of jobs executed: 0
  Using thread pool 'org.quartz.simpl.SimpleThreadPool' - with 10 threads.
  Using job-store 'org.quartz.simpl.RAMJobStore' - which does not support persistence. and is not clustered.

2021-12-22 13:07:02.435 INFO  --- [main] org.quartz.impl.StdSchedulerFactory : Quartz scheduler 'quartzScheduler' initialized from an externally provided properties instance.
2021-12-22 13:07:02.435 INFO  --- [main] org.quartz.impl.StdSchedulerFactory : Quartz scheduler version: 2.3.0
2021-12-22 13:07:02.435 INFO  --- [main] org.quartz.core.QuartzScheduler : JobFactory set to: org.springframework.scheduling.quartz.SpringBeanJobFactory@576b7c74
2021-12-22 13:07:02.476 INFO  --- [main] org.springframework.boot.autoconfigure.security.servlet.UserDetailsServiceAutoConfiguration : 

Using generated security password: 48f92dae-a3f3-4596-b887-0c5043855e9b

2021-12-22 13:07:02.653 INFO  --- [main] org.springframework.security.web.DefaultSecurityFilterChain : Creating filter chain: any request, [org.springframework.security.web.context.request.async.WebAsyncManagerIntegrationFilter@38883a31, org.springframework.security.web.context.SecurityContextPersistenceFilter@265a094b, org.springframework.security.web.header.HeaderWriterFilter@626e0c86, org.springframework.security.web.authentication.logout.LogoutFilter@7f5614f9, org.springframework.security.oauth2.provider.authentication.OAuth2AuthenticationProcessingFilter@2eda2062, org.springframework.security.web.savedrequest.RequestCacheAwareFilter@5234b61a, org.springframework.security.web.servletapi.SecurityContextHolderAwareRequestFilter@1a7cb3a4, org.springframework.security.web.authentication.AnonymousAuthenticationFilter@27a6fef2, org.springframework.security.web.session.SessionManagementFilter@697a0948, org.springframework.security.web.access.ExceptionTranslationFilter@15e1f8fe, org.springframework.security.web.access.intercept.FilterSecurityInterceptor@3ebc955b]
2021-12-22 13:07:02.756 INFO  --- [main] org.apache.coyote.http11.Http11NioProtocol : Starting ProtocolHandler ["http-nio-9010"]
2021-12-22 13:07:02.791 INFO  --- [main] org.springframework.boot.web.embedded.tomcat.TomcatWebServer : Tomcat started on port(s): 9010 (http) with context path ''
2021-12-22 13:07:02.793 INFO  --- [main] org.springframework.scheduling.quartz.SchedulerFactoryBean : Starting Quartz Scheduler now
2021-12-22 13:07:02.793 INFO  --- [main] org.quartz.core.QuartzScheduler : Scheduler quartzScheduler_$_NON_CLUSTERED started.
2021-12-22 13:07:02.804 INFO  --- [main] com.mt.demo2.RunApplication : Started RunApplication in 8.205 seconds (JVM running for 11.27)
2021-12-22 13:07:10.441 INFO  --- [http-nio-9010-exec-1] org.apache.catalina.core.ContainerBase.[Tomcat].[localhost].[/] : Initializing Spring DispatcherServlet 'dispatcherServlet'
2021-12-22 13:07:10.444 INFO  --- [http-nio-9010-exec-1] org.springframework.web.servlet.DispatcherServlet : Initializing Servlet 'dispatcherServlet'
2021-12-22 13:07:10.471 INFO  --- [http-nio-9010-exec-1] org.springframework.web.servlet.DispatcherServlet : Completed initialization in 26 ms
2021-12-22 13:10:37.532 INFO  --- [SpringContextShutdownHook] org.quartz.core.QuartzScheduler : Scheduler quartzScheduler_$_NON_CLUSTERED paused.
2021-12-22 13:10:37.583 INFO  --- [SpringContextShutdownHook] org.springframework.scheduling.quartz.SchedulerFactoryBean : Shutting down Quartz Scheduler
2021-12-22 13:10:37.585 INFO  --- [SpringContextShutdownHook] org.quartz.core.QuartzScheduler : Scheduler quartzScheduler_$_NON_CLUSTERED shutting down.
2021-12-22 13:10:37.585 INFO  --- [SpringContextShutdownHook] org.quartz.core.QuartzScheduler : Scheduler quartzScheduler_$_NON_CLUSTERED paused.
2021-12-22 13:10:37.587 INFO  --- [SpringContextShutdownHook] org.quartz.core.QuartzScheduler : Scheduler quartzScheduler_$_NON_CLUSTERED shutdown complete.
2021-12-22 13:10:37.591 INFO  --- [SpringContextShutdownHook] org.springframework.scheduling.concurrent.ThreadPoolTaskExecutor : Shutting down ExecutorService 'applicationTaskExecutor'
2021-12-22 13:10:37.597 INFO  --- [SpringContextShutdownHook] com.baomidou.dynamic.datasource.DynamicRoutingDataSource : dynamic-datasource start closing ....
2021-12-22 13:10:37.601 INFO  --- [SpringContextShutdownHook] com.zaxxer.hikari.HikariDataSource : base - Shutdown initiated...
2021-12-22 13:10:37.631 INFO  --- [SpringContextShutdownHook] com.zaxxer.hikari.HikariDataSource : base - Shutdown completed.
2021-12-22 13:10:37.634 INFO  --- [SpringContextShutdownHook] com.baomidou.dynamic.datasource.DynamicRoutingDataSource : dynamic-datasource all closed success,bye
2021-12-22 13:11:00.882 INFO  --- [main] com.mt.demo2.RunApplication : Starting RunApplication on wuhaotiandeMacBook-Pro.local with PID 5068 (/Users/wuhaotian/Desktop/My/my-server/target/classes started by wuhaotian in /Users/wuhaotian/Desktop/My/my-server)
2021-12-22 13:11:00.897 INFO  --- [main] com.mt.demo2.RunApplication : No active profile set, falling back to default profiles: default
2021-12-22 13:11:06.338 INFO  --- [main] org.springframework.boot.web.embedded.tomcat.TomcatWebServer : Tomcat initialized with port(s): 9010 (http)
2021-12-22 13:11:06.388 INFO  --- [main] org.apache.coyote.http11.Http11NioProtocol : Initializing ProtocolHandler ["http-nio-9010"]
2021-12-22 13:11:06.390 INFO  --- [main] org.apache.catalina.core.StandardService : Starting service [Tomcat]
2021-12-22 13:11:06.390 INFO  --- [main] org.apache.catalina.core.StandardEngine : Starting Servlet engine: [Apache Tomcat/9.0.36]
2021-12-22 13:11:06.667 INFO  --- [main] org.apache.catalina.core.ContainerBase.[Tomcat].[localhost].[/] : Initializing Spring embedded WebApplicationContext
2021-12-22 13:11:06.667 INFO  --- [main] org.springframework.boot.web.servlet.context.ServletWebServerApplicationContext : Root WebApplicationContext: initialization completed in 5534 ms
2021-12-22 13:11:07.204 INFO  --- [main] com.zaxxer.hikari.HikariDataSource : base - Starting...
2021-12-22 13:11:08.374 INFO  --- [main] com.zaxxer.hikari.HikariDataSource : base - Start completed.
2021-12-22 13:11:08.379 INFO  --- [main] com.baomidou.dynamic.datasource.DynamicRoutingDataSource : dynamic-datasource - load a datasource named [base] success
2021-12-22 13:11:08.379 INFO  --- [main] com.baomidou.dynamic.datasource.DynamicRoutingDataSource : dynamic-datasource initial loaded [1] datasource,primary datasource named [base]
2021-12-22 13:11:09.256 ERROR --- [main] com.baomidou.mybatisplus.core.MybatisConfiguration : mapper[com.mt.dictionary.mapper.DictionaryMapper.getListOne] is ignored, because it exists, maybe from xml file
2021-12-22 13:11:10.514 INFO  --- [main] org.springframework.scheduling.concurrent.ThreadPoolTaskExecutor : Initializing ExecutorService 'applicationTaskExecutor'
2021-12-22 13:11:11.010 INFO  --- [main] org.quartz.impl.StdSchedulerFactory : Using default implementation for ThreadExecutor
2021-12-22 13:11:11.021 INFO  --- [main] org.quartz.core.SchedulerSignalerImpl : Initialized Scheduler Signaller of type: class org.quartz.core.SchedulerSignalerImpl
2021-12-22 13:11:11.021 INFO  --- [main] org.quartz.core.QuartzScheduler : Quartz Scheduler v.2.3.0 created.
2021-12-22 13:11:11.022 INFO  --- [main] org.quartz.simpl.RAMJobStore : RAMJobStore initialized.
2021-12-22 13:11:11.023 INFO  --- [main] org.quartz.core.QuartzScheduler : Scheduler meta-data: Quartz Scheduler (v2.3.0) 'quartzScheduler' with instanceId 'NON_CLUSTERED'
  Scheduler class: 'org.quartz.core.QuartzScheduler' - running locally.
  NOT STARTED.
  Currently in standby mode.
  Number of jobs executed: 0
  Using thread pool 'org.quartz.simpl.SimpleThreadPool' - with 10 threads.
  Using job-store 'org.quartz.simpl.RAMJobStore' - which does not support persistence. and is not clustered.

2021-12-22 13:11:11.023 INFO  --- [main] org.quartz.impl.StdSchedulerFactory : Quartz scheduler 'quartzScheduler' initialized from an externally provided properties instance.
2021-12-22 13:11:11.023 INFO  --- [main] org.quartz.impl.StdSchedulerFactory : Quartz scheduler version: 2.3.0
2021-12-22 13:11:11.023 INFO  --- [main] org.quartz.core.QuartzScheduler : JobFactory set to: org.springframework.scheduling.quartz.SpringBeanJobFactory@3cdc7b09
2021-12-22 13:11:11.085 INFO  --- [main] org.springframework.boot.autoconfigure.security.servlet.UserDetailsServiceAutoConfiguration : 

Using generated security password: cf5c1aff-0927-4297-afe1-842dd8d5f272

2021-12-22 13:11:11.380 INFO  --- [main] org.springframework.security.web.DefaultSecurityFilterChain : Creating filter chain: any request, [org.springframework.security.web.context.request.async.WebAsyncManagerIntegrationFilter@2ee39e73, org.springframework.security.web.context.SecurityContextPersistenceFilter@27976390, org.springframework.security.web.header.HeaderWriterFilter@622d7e4, org.springframework.security.web.authentication.logout.LogoutFilter@6f731759, org.springframework.security.oauth2.provider.authentication.OAuth2AuthenticationProcessingFilter@68af87ad, org.springframework.security.web.savedrequest.RequestCacheAwareFilter@415795f3, org.springframework.security.web.servletapi.SecurityContextHolderAwareRequestFilter@724bf25f, org.springframework.security.web.authentication.AnonymousAuthenticationFilter@76973a6, org.springframework.security.web.session.SessionManagementFilter@6e8fdd19, org.springframework.security.web.access.ExceptionTranslationFilter@4b765e92, org.springframework.security.web.access.intercept.FilterSecurityInterceptor@433ea2ac]
2021-12-22 13:11:11.461 INFO  --- [main] org.apache.coyote.http11.Http11NioProtocol : Starting ProtocolHandler ["http-nio-9010"]
2021-12-22 13:11:11.501 INFO  --- [main] org.springframework.boot.web.embedded.tomcat.TomcatWebServer : Tomcat started on port(s): 9010 (http) with context path ''
2021-12-22 13:11:11.502 INFO  --- [main] org.springframework.scheduling.quartz.SchedulerFactoryBean : Starting Quartz Scheduler now
2021-12-22 13:11:11.503 INFO  --- [main] org.quartz.core.QuartzScheduler : Scheduler quartzScheduler_$_NON_CLUSTERED started.
2021-12-22 13:11:11.516 INFO  --- [main] com.mt.demo2.RunApplication : Started RunApplication in 12.061 seconds (JVM running for 15.278)
2021-12-22 13:11:14.499 INFO  --- [http-nio-9010-exec-2] org.apache.catalina.core.ContainerBase.[Tomcat].[localhost].[/] : Initializing Spring DispatcherServlet 'dispatcherServlet'
2021-12-22 13:11:14.500 INFO  --- [http-nio-9010-exec-2] org.springframework.web.servlet.DispatcherServlet : Initializing Servlet 'dispatcherServlet'
2021-12-22 13:11:14.520 INFO  --- [http-nio-9010-exec-2] org.springframework.web.servlet.DispatcherServlet : Completed initialization in 19 ms
2021-12-22 13:34:13.056 INFO  --- [SpringContextShutdownHook] org.quartz.core.QuartzScheduler : Scheduler quartzScheduler_$_NON_CLUSTERED paused.
2021-12-22 13:34:13.131 INFO  --- [SpringContextShutdownHook] org.springframework.scheduling.quartz.SchedulerFactoryBean : Shutting down Quartz Scheduler
2021-12-22 13:34:13.132 INFO  --- [SpringContextShutdownHook] org.quartz.core.QuartzScheduler : Scheduler quartzScheduler_$_NON_CLUSTERED shutting down.
2021-12-22 13:34:13.132 INFO  --- [SpringContextShutdownHook] org.quartz.core.QuartzScheduler : Scheduler quartzScheduler_$_NON_CLUSTERED paused.
2021-12-22 13:34:13.133 INFO  --- [SpringContextShutdownHook] org.quartz.core.QuartzScheduler : Scheduler quartzScheduler_$_NON_CLUSTERED shutdown complete.
2021-12-22 13:34:13.136 INFO  --- [SpringContextShutdownHook] org.springframework.scheduling.concurrent.ThreadPoolTaskExecutor : Shutting down ExecutorService 'applicationTaskExecutor'
2021-12-22 13:34:13.143 INFO  --- [SpringContextShutdownHook] com.baomidou.dynamic.datasource.DynamicRoutingDataSource : dynamic-datasource start closing ....
2021-12-22 13:34:13.145 INFO  --- [SpringContextShutdownHook] com.zaxxer.hikari.HikariDataSource : base - Shutdown initiated...
2021-12-22 13:34:13.280 INFO  --- [SpringContextShutdownHook] com.zaxxer.hikari.HikariDataSource : base - Shutdown completed.
2021-12-22 13:34:13.320 INFO  --- [SpringContextShutdownHook] com.baomidou.dynamic.datasource.DynamicRoutingDataSource : dynamic-datasource all closed success,bye
2021-12-22 13:34:31.431 INFO  --- [main] com.mt.demo2.RunApplication : Starting RunApplication on wuhaotiandeMacBook-Pro.local with PID 5138 (/Users/wuhaotian/Desktop/My/my-server/target/classes started by wuhaotian in /Users/wuhaotian/Desktop/My/my-server)
2021-12-22 13:34:31.435 INFO  --- [main] com.mt.demo2.RunApplication : No active profile set, falling back to default profiles: default
2021-12-22 13:34:34.410 INFO  --- [main] org.springframework.boot.web.embedded.tomcat.TomcatWebServer : Tomcat initialized with port(s): 9010 (http)
2021-12-22 13:34:34.420 INFO  --- [main] org.apache.coyote.http11.Http11NioProtocol : Initializing ProtocolHandler ["http-nio-9010"]
2021-12-22 13:34:34.422 INFO  --- [main] org.apache.catalina.core.StandardService : Starting service [Tomcat]
2021-12-22 13:34:34.422 INFO  --- [main] org.apache.catalina.core.StandardEngine : Starting Servlet engine: [Apache Tomcat/9.0.36]
2021-12-22 13:34:34.549 INFO  --- [main] org.apache.catalina.core.ContainerBase.[Tomcat].[localhost].[/] : Initializing Spring embedded WebApplicationContext
2021-12-22 13:34:34.550 INFO  --- [main] org.springframework.boot.web.servlet.context.ServletWebServerApplicationContext : Root WebApplicationContext: initialization completed in 2879 ms
2021-12-22 13:34:34.855 INFO  --- [main] com.zaxxer.hikari.HikariDataSource : base - Starting...
2021-12-22 13:34:35.572 INFO  --- [main] com.zaxxer.hikari.HikariDataSource : base - Start completed.
2021-12-22 13:34:35.573 INFO  --- [main] com.baomidou.dynamic.datasource.DynamicRoutingDataSource : dynamic-datasource - load a datasource named [base] success
2021-12-22 13:34:35.573 INFO  --- [main] com.baomidou.dynamic.datasource.DynamicRoutingDataSource : dynamic-datasource initial loaded [1] datasource,primary datasource named [base]
2021-12-22 13:34:36.281 ERROR --- [main] com.baomidou.mybatisplus.core.MybatisConfiguration : mapper[com.mt.dictionary.mapper.DictionaryMapper.getListOne] is ignored, because it exists, maybe from xml file
2021-12-22 13:34:37.301 INFO  --- [main] org.springframework.scheduling.concurrent.ThreadPoolTaskExecutor : Initializing ExecutorService 'applicationTaskExecutor'
2021-12-22 13:34:37.577 INFO  --- [main] org.quartz.impl.StdSchedulerFactory : Using default implementation for ThreadExecutor
2021-12-22 13:34:37.587 INFO  --- [main] org.quartz.core.SchedulerSignalerImpl : Initialized Scheduler Signaller of type: class org.quartz.core.SchedulerSignalerImpl
2021-12-22 13:34:37.587 INFO  --- [main] org.quartz.core.QuartzScheduler : Quartz Scheduler v.2.3.0 created.
2021-12-22 13:34:37.588 INFO  --- [main] org.quartz.simpl.RAMJobStore : RAMJobStore initialized.
2021-12-22 13:34:37.589 INFO  --- [main] org.quartz.core.QuartzScheduler : Scheduler meta-data: Quartz Scheduler (v2.3.0) 'quartzScheduler' with instanceId 'NON_CLUSTERED'
  Scheduler class: 'org.quartz.core.QuartzScheduler' - running locally.
  NOT STARTED.
  Currently in standby mode.
  Number of jobs executed: 0
  Using thread pool 'org.quartz.simpl.SimpleThreadPool' - with 10 threads.
  Using job-store 'org.quartz.simpl.RAMJobStore' - which does not support persistence. and is not clustered.

2021-12-22 13:34:37.589 INFO  --- [main] org.quartz.impl.StdSchedulerFactory : Quartz scheduler 'quartzScheduler' initialized from an externally provided properties instance.
2021-12-22 13:34:37.589 INFO  --- [main] org.quartz.impl.StdSchedulerFactory : Quartz scheduler version: 2.3.0
2021-12-22 13:34:37.589 INFO  --- [main] org.quartz.core.QuartzScheduler : JobFactory set to: org.springframework.scheduling.quartz.SpringBeanJobFactory@4dfe8b37
2021-12-22 13:34:37.634 INFO  --- [main] org.springframework.boot.autoconfigure.security.servlet.UserDetailsServiceAutoConfiguration : 

Using generated security password: 6b0e24da-b67a-4131-9c3f-581a7471b6a5

2021-12-22 13:34:37.854 INFO  --- [main] org.springframework.security.web.DefaultSecurityFilterChain : Creating filter chain: any request, [org.springframework.security.web.context.request.async.WebAsyncManagerIntegrationFilter@3ebc955b, org.springframework.security.web.context.SecurityContextPersistenceFilter@78d23d6a, org.springframework.security.web.header.HeaderWriterFilter@43d65a81, org.springframework.security.web.authentication.logout.LogoutFilter@237add, org.springframework.security.oauth2.provider.authentication.OAuth2AuthenticationProcessingFilter@110e9982, org.springframework.security.web.savedrequest.RequestCacheAwareFilter@28ee0a3c, org.springframework.security.web.servletapi.SecurityContextHolderAwareRequestFilter@697a0948, org.springframework.security.web.authentication.AnonymousAuthenticationFilter@21a46ff1, org.springframework.security.web.session.SessionManagementFilter@15e1f8fe, org.springframework.security.web.access.ExceptionTranslationFilter@31834a2b, org.springframework.security.web.access.intercept.FilterSecurityInterceptor@475f5672]
2021-12-22 13:34:37.965 INFO  --- [main] org.apache.coyote.http11.Http11NioProtocol : Starting ProtocolHandler ["http-nio-9010"]
2021-12-22 13:34:37.999 INFO  --- [main] org.springframework.boot.web.embedded.tomcat.TomcatWebServer : Tomcat started on port(s): 9010 (http) with context path ''
2021-12-22 13:34:38.001 INFO  --- [main] org.springframework.scheduling.quartz.SchedulerFactoryBean : Starting Quartz Scheduler now
2021-12-22 13:34:38.001 INFO  --- [main] org.quartz.core.QuartzScheduler : Scheduler quartzScheduler_$_NON_CLUSTERED started.
2021-12-22 13:34:38.012 INFO  --- [main] com.mt.demo2.RunApplication : Started RunApplication in 7.857 seconds (JVM running for 11.235)
2021-12-22 13:47:01.695 INFO  --- [http-nio-9010-exec-2] org.apache.catalina.core.ContainerBase.[Tomcat].[localhost].[/] : Initializing Spring DispatcherServlet 'dispatcherServlet'
2021-12-22 13:47:01.700 INFO  --- [http-nio-9010-exec-2] org.springframework.web.servlet.DispatcherServlet : Initializing Servlet 'dispatcherServlet'
2021-12-22 13:47:01.736 INFO  --- [http-nio-9010-exec-2] org.springframework.web.servlet.DispatcherServlet : Completed initialization in 35 ms
2021-12-22 13:47:37.879 INFO  --- [SpringContextShutdownHook] org.quartz.core.QuartzScheduler : Scheduler quartzScheduler_$_NON_CLUSTERED paused.
2021-12-22 13:47:37.998 INFO  --- [SpringContextShutdownHook] org.springframework.scheduling.quartz.SchedulerFactoryBean : Shutting down Quartz Scheduler
2021-12-22 13:47:37.999 INFO  --- [SpringContextShutdownHook] org.quartz.core.QuartzScheduler : Scheduler quartzScheduler_$_NON_CLUSTERED shutting down.
2021-12-22 13:47:37.999 INFO  --- [SpringContextShutdownHook] org.quartz.core.QuartzScheduler : Scheduler quartzScheduler_$_NON_CLUSTERED paused.
2021-12-22 13:47:38.000 INFO  --- [SpringContextShutdownHook] org.quartz.core.QuartzScheduler : Scheduler quartzScheduler_$_NON_CLUSTERED shutdown complete.
2021-12-22 13:47:38.003 INFO  --- [SpringContextShutdownHook] org.springframework.scheduling.concurrent.ThreadPoolTaskExecutor : Shutting down ExecutorService 'applicationTaskExecutor'
2021-12-22 13:47:38.053 INFO  --- [SpringContextShutdownHook] com.baomidou.dynamic.datasource.DynamicRoutingDataSource : dynamic-datasource start closing ....
2021-12-22 13:47:38.054 INFO  --- [SpringContextShutdownHook] com.zaxxer.hikari.HikariDataSource : base - Shutdown initiated...
2021-12-22 13:47:38.066 INFO  --- [SpringContextShutdownHook] com.zaxxer.hikari.HikariDataSource : base - Shutdown completed.
2021-12-22 13:47:38.066 INFO  --- [SpringContextShutdownHook] com.baomidou.dynamic.datasource.DynamicRoutingDataSource : dynamic-datasource all closed success,bye
2021-12-22 13:47:55.872 INFO  --- [main] com.mt.demo2.RunApplication : Starting RunApplication on wuhaotiandeMacBook-Pro.local with PID 5160 (/Users/wuhaotian/Desktop/My/my-server/target/classes started by wuhaotian in /Users/wuhaotian/Desktop/My/my-server)
2021-12-22 13:47:55.881 INFO  --- [main] com.mt.demo2.RunApplication : No active profile set, falling back to default profiles: default
2021-12-22 13:47:58.974 INFO  --- [main] org.springframework.boot.web.embedded.tomcat.TomcatWebServer : Tomcat initialized with port(s): 9010 (http)
2021-12-22 13:47:58.984 INFO  --- [main] org.apache.coyote.http11.Http11NioProtocol : Initializing ProtocolHandler ["http-nio-9010"]
2021-12-22 13:47:58.985 INFO  --- [main] org.apache.catalina.core.StandardService : Starting service [Tomcat]
2021-12-22 13:47:58.986 INFO  --- [main] org.apache.catalina.core.StandardEngine : Starting Servlet engine: [Apache Tomcat/9.0.36]
2021-12-22 13:47:59.110 INFO  --- [main] org.apache.catalina.core.ContainerBase.[Tomcat].[localhost].[/] : Initializing Spring embedded WebApplicationContext
2021-12-22 13:47:59.110 INFO  --- [main] org.springframework.boot.web.servlet.context.ServletWebServerApplicationContext : Root WebApplicationContext: initialization completed in 3043 ms
2021-12-22 13:47:59.417 INFO  --- [main] com.zaxxer.hikari.HikariDataSource : base - Starting...
2021-12-22 13:48:00.035 INFO  --- [main] com.zaxxer.hikari.HikariDataSource : base - Start completed.
2021-12-22 13:48:00.037 INFO  --- [main] com.baomidou.dynamic.datasource.DynamicRoutingDataSource : dynamic-datasource - load a datasource named [base] success
2021-12-22 13:48:00.038 INFO  --- [main] com.baomidou.dynamic.datasource.DynamicRoutingDataSource : dynamic-datasource initial loaded [1] datasource,primary datasource named [base]
2021-12-22 13:48:00.742 ERROR --- [main] com.baomidou.mybatisplus.core.MybatisConfiguration : mapper[com.mt.dictionary.mapper.DictionaryMapper.getListOne] is ignored, because it exists, maybe from xml file
2021-12-22 13:48:01.631 INFO  --- [main] org.springframework.scheduling.concurrent.ThreadPoolTaskExecutor : Initializing ExecutorService 'applicationTaskExecutor'
2021-12-22 13:48:01.912 INFO  --- [main] org.quartz.impl.StdSchedulerFactory : Using default implementation for ThreadExecutor
2021-12-22 13:48:01.921 INFO  --- [main] org.quartz.core.SchedulerSignalerImpl : Initialized Scheduler Signaller of type: class org.quartz.core.SchedulerSignalerImpl
2021-12-22 13:48:01.922 INFO  --- [main] org.quartz.core.QuartzScheduler : Quartz Scheduler v.2.3.0 created.
2021-12-22 13:48:01.923 INFO  --- [main] org.quartz.simpl.RAMJobStore : RAMJobStore initialized.
2021-12-22 13:48:01.923 INFO  --- [main] org.quartz.core.QuartzScheduler : Scheduler meta-data: Quartz Scheduler (v2.3.0) 'quartzScheduler' with instanceId 'NON_CLUSTERED'
  Scheduler class: 'org.quartz.core.QuartzScheduler' - running locally.
  NOT STARTED.
  Currently in standby mode.
  Number of jobs executed: 0
  Using thread pool 'org.quartz.simpl.SimpleThreadPool' - with 10 threads.
  Using job-store 'org.quartz.simpl.RAMJobStore' - which does not support persistence. and is not clustered.

2021-12-22 13:48:01.924 INFO  --- [main] org.quartz.impl.StdSchedulerFactory : Quartz scheduler 'quartzScheduler' initialized from an externally provided properties instance.
2021-12-22 13:48:01.924 INFO  --- [main] org.quartz.impl.StdSchedulerFactory : Quartz scheduler version: 2.3.0
2021-12-22 13:48:01.924 INFO  --- [main] org.quartz.core.QuartzScheduler : JobFactory set to: org.springframework.scheduling.quartz.SpringBeanJobFactory@abad89c
2021-12-22 13:48:01.971 INFO  --- [main] org.springframework.boot.autoconfigure.security.servlet.UserDetailsServiceAutoConfiguration : 

Using generated security password: 0c64df72-f45a-4b7a-915e-3c17b1063532

2021-12-22 13:48:02.185 INFO  --- [main] org.springframework.security.web.DefaultSecurityFilterChain : Creating filter chain: any request, [org.springframework.security.web.context.request.async.WebAsyncManagerIntegrationFilter@25974207, org.springframework.security.web.context.SecurityContextPersistenceFilter@15e1f8fe, org.springframework.security.web.header.HeaderWriterFilter@44f0ff2b, org.springframework.security.web.authentication.logout.LogoutFilter@1d6a8386, org.springframework.security.oauth2.provider.authentication.OAuth2AuthenticationProcessingFilter@7f5614f9, org.springframework.security.web.savedrequest.RequestCacheAwareFilter@6ee88e21, org.springframework.security.web.servletapi.SecurityContextHolderAwareRequestFilter@4aebee4b, org.springframework.security.web.authentication.AnonymousAuthenticationFilter@1f15e689, org.springframework.security.web.session.SessionManagementFilter@51cab489, org.springframework.security.web.access.ExceptionTranslationFilter@256a0d95, org.springframework.security.web.access.intercept.FilterSecurityInterceptor@548e43b1]
2021-12-22 13:48:02.273 INFO  --- [main] org.apache.coyote.http11.Http11NioProtocol : Starting ProtocolHandler ["http-nio-9010"]
2021-12-22 13:48:02.308 INFO  --- [main] org.springframework.boot.web.embedded.tomcat.TomcatWebServer : Tomcat started on port(s): 9010 (http) with context path ''
2021-12-22 13:48:02.310 INFO  --- [main] org.springframework.scheduling.quartz.SchedulerFactoryBean : Starting Quartz Scheduler now
2021-12-22 13:48:02.310 INFO  --- [main] org.quartz.core.QuartzScheduler : Scheduler quartzScheduler_$_NON_CLUSTERED started.
2021-12-22 13:48:02.322 INFO  --- [main] com.mt.demo2.RunApplication : Started RunApplication in 7.695 seconds (JVM running for 10.901)
2021-12-22 13:48:06.005 INFO  --- [http-nio-9010-exec-2] org.apache.catalina.core.ContainerBase.[Tomcat].[localhost].[/] : Initializing Spring DispatcherServlet 'dispatcherServlet'
2021-12-22 13:48:06.006 INFO  --- [http-nio-9010-exec-2] org.springframework.web.servlet.DispatcherServlet : Initializing Servlet 'dispatcherServlet'
2021-12-22 13:48:06.023 INFO  --- [http-nio-9010-exec-2] org.springframework.web.servlet.DispatcherServlet : Completed initialization in 17 ms
2021-12-22 13:48:37.443 INFO  --- [SpringContextShutdownHook] org.quartz.core.QuartzScheduler : Scheduler quartzScheduler_$_NON_CLUSTERED paused.
2021-12-22 13:48:37.516 INFO  --- [SpringContextShutdownHook] org.springframework.scheduling.quartz.SchedulerFactoryBean : Shutting down Quartz Scheduler
2021-12-22 13:48:37.519 INFO  --- [SpringContextShutdownHook] org.quartz.core.QuartzScheduler : Scheduler quartzScheduler_$_NON_CLUSTERED shutting down.
2021-12-22 13:48:37.521 INFO  --- [SpringContextShutdownHook] org.quartz.core.QuartzScheduler : Scheduler quartzScheduler_$_NON_CLUSTERED paused.
2021-12-22 13:48:37.524 INFO  --- [SpringContextShutdownHook] org.quartz.core.QuartzScheduler : Scheduler quartzScheduler_$_NON_CLUSTERED shutdown complete.
2021-12-22 13:48:37.529 INFO  --- [SpringContextShutdownHook] org.springframework.scheduling.concurrent.ThreadPoolTaskExecutor : Shutting down ExecutorService 'applicationTaskExecutor'
2021-12-22 13:48:37.549 INFO  --- [SpringContextShutdownHook] com.baomidou.dynamic.datasource.DynamicRoutingDataSource : dynamic-datasource start closing ....
2021-12-22 13:48:37.553 INFO  --- [SpringContextShutdownHook] com.zaxxer.hikari.HikariDataSource : base - Shutdown initiated...
2021-12-22 13:48:37.615 INFO  --- [SpringContextShutdownHook] com.zaxxer.hikari.HikariDataSource : base - Shutdown completed.
2021-12-22 13:48:37.616 INFO  --- [SpringContextShutdownHook] com.baomidou.dynamic.datasource.DynamicRoutingDataSource : dynamic-datasource all closed success,bye
2021-12-22 13:49:06.086 INFO  --- [main] com.mt.demo2.RunApplication : Starting RunApplication on wuhaotiandeMacBook-Pro.local with PID 5167 (/Users/wuhaotian/Desktop/My/my-server/target/classes started by wuhaotian in /Users/wuhaotian/Desktop/My/my-server)
2021-12-22 13:49:06.097 INFO  --- [main] com.mt.demo2.RunApplication : No active profile set, falling back to default profiles: default
2021-12-22 13:49:13.994 INFO  --- [main] org.springframework.boot.web.embedded.tomcat.TomcatWebServer : Tomcat initialized with port(s): 9010 (http)
2021-12-22 13:49:14.024 INFO  --- [main] org.apache.coyote.http11.Http11NioProtocol : Initializing ProtocolHandler ["http-nio-9010"]
2021-12-22 13:49:14.030 INFO  --- [main] org.apache.catalina.core.StandardService : Starting service [Tomcat]
2021-12-22 13:49:14.033 INFO  --- [main] org.apache.catalina.core.StandardEngine : Starting Servlet engine: [Apache Tomcat/9.0.36]
2021-12-22 13:49:14.499 INFO  --- [main] org.apache.catalina.core.ContainerBase.[Tomcat].[localhost].[/] : Initializing Spring embedded WebApplicationContext
2021-12-22 13:49:14.500 INFO  --- [main] org.springframework.boot.web.servlet.context.ServletWebServerApplicationContext : Root WebApplicationContext: initialization completed in 8000 ms
2021-12-22 13:49:15.304 INFO  --- [main] com.zaxxer.hikari.HikariDataSource : base - Starting...
2021-12-22 13:49:16.837 INFO  --- [main] com.zaxxer.hikari.HikariDataSource : base - Start completed.
2021-12-22 13:49:16.838 INFO  --- [main] com.baomidou.dynamic.datasource.DynamicRoutingDataSource : dynamic-datasource - load a datasource named [base] success
2021-12-22 13:49:16.839 INFO  --- [main] com.baomidou.dynamic.datasource.DynamicRoutingDataSource : dynamic-datasource initial loaded [1] datasource,primary datasource named [base]
2021-12-22 13:49:18.248 ERROR --- [main] com.baomidou.mybatisplus.core.MybatisConfiguration : mapper[com.mt.dictionary.mapper.DictionaryMapper.getListOne] is ignored, because it exists, maybe from xml file
2021-12-22 13:49:19.957 INFO  --- [main] org.springframework.scheduling.concurrent.ThreadPoolTaskExecutor : Initializing ExecutorService 'applicationTaskExecutor'
2021-12-22 13:49:20.398 INFO  --- [main] org.quartz.impl.StdSchedulerFactory : Using default implementation for ThreadExecutor
2021-12-22 13:49:20.415 INFO  --- [main] org.quartz.core.SchedulerSignalerImpl : Initialized Scheduler Signaller of type: class org.quartz.core.SchedulerSignalerImpl
2021-12-22 13:49:20.416 INFO  --- [main] org.quartz.core.QuartzScheduler : Quartz Scheduler v.2.3.0 created.
2021-12-22 13:49:20.418 INFO  --- [main] org.quartz.simpl.RAMJobStore : RAMJobStore initialized.
2021-12-22 13:49:20.420 INFO  --- [main] org.quartz.core.QuartzScheduler : Scheduler meta-data: Quartz Scheduler (v2.3.0) 'quartzScheduler' with instanceId 'NON_CLUSTERED'
  Scheduler class: 'org.quartz.core.QuartzScheduler' - running locally.
  NOT STARTED.
  Currently in standby mode.
  Number of jobs executed: 0
  Using thread pool 'org.quartz.simpl.SimpleThreadPool' - with 10 threads.
  Using job-store 'org.quartz.simpl.RAMJobStore' - which does not support persistence. and is not clustered.

2021-12-22 13:49:20.421 INFO  --- [main] org.quartz.impl.StdSchedulerFactory : Quartz scheduler 'quartzScheduler' initialized from an externally provided properties instance.
2021-12-22 13:49:20.421 INFO  --- [main] org.quartz.impl.StdSchedulerFactory : Quartz scheduler version: 2.3.0
2021-12-22 13:49:20.422 INFO  --- [main] org.quartz.core.QuartzScheduler : JobFactory set to: org.springframework.scheduling.quartz.SpringBeanJobFactory@5d7d8613
2021-12-22 13:49:20.489 INFO  --- [main] org.springframework.boot.autoconfigure.security.servlet.UserDetailsServiceAutoConfiguration : 

Using generated security password: f066e72b-1582-4b60-bc7c-a73755f68bd6

2021-12-22 13:49:20.807 INFO  --- [main] org.springframework.security.web.DefaultSecurityFilterChain : Creating filter chain: any request, [org.springframework.security.web.context.request.async.WebAsyncManagerIntegrationFilter@44598ef7, org.springframework.security.web.context.SecurityContextPersistenceFilter@44e4cb76, org.springframework.security.web.header.HeaderWriterFilter@256a0d95, org.springframework.security.web.authentication.logout.LogoutFilter@b14b60a, org.springframework.security.oauth2.provider.authentication.OAuth2AuthenticationProcessingFilter@7f977fba, org.springframework.security.web.savedrequest.RequestCacheAwareFilter@2f9a10df, org.springframework.security.web.servletapi.SecurityContextHolderAwareRequestFilter@6b8d54da, org.springframework.security.web.authentication.AnonymousAuthenticationFilter@57fdb8a4, org.springframework.security.web.session.SessionManagementFilter@601eb4af, org.springframework.security.web.access.ExceptionTranslationFilter@3a1b36a1, org.springframework.security.web.access.intercept.FilterSecurityInterceptor@7f5fcfe9]
2021-12-22 13:49:20.895 INFO  --- [main] org.apache.coyote.http11.Http11NioProtocol : Starting ProtocolHandler ["http-nio-9010"]
2021-12-22 13:49:20.950 INFO  --- [main] org.springframework.boot.web.embedded.tomcat.TomcatWebServer : Tomcat started on port(s): 9010 (http) with context path ''
2021-12-22 13:49:20.953 INFO  --- [main] org.springframework.scheduling.quartz.SchedulerFactoryBean : Starting Quartz Scheduler now
2021-12-22 13:49:20.954 INFO  --- [main] org.quartz.core.QuartzScheduler : Scheduler quartzScheduler_$_NON_CLUSTERED started.
2021-12-22 13:49:20.973 INFO  --- [main] com.mt.demo2.RunApplication : Started RunApplication in 18.229 seconds (JVM running for 23.861)
2021-12-22 13:49:57.843 INFO  --- [http-nio-9010-exec-2] org.apache.catalina.core.ContainerBase.[Tomcat].[localhost].[/] : Initializing Spring DispatcherServlet 'dispatcherServlet'
2021-12-22 13:49:57.850 INFO  --- [http-nio-9010-exec-2] org.springframework.web.servlet.DispatcherServlet : Initializing Servlet 'dispatcherServlet'
2021-12-22 13:49:57.915 INFO  --- [http-nio-9010-exec-2] org.springframework.web.servlet.DispatcherServlet : Completed initialization in 58 ms
2021-12-22 16:22:24.090 WARN  --- [base housekeeper] com.zaxxer.hikari.pool.HikariPool : base - Thread starvation or clock leap detected (housekeeper delta=2m36s128ms).
2021-12-22 16:52:13.693 WARN  --- [base housekeeper] com.zaxxer.hikari.pool.HikariPool : base - Thread starvation or clock leap detected (housekeeper delta=15m49s513ms).
2021-12-22 18:16:28.865 INFO  --- [SpringContextShutdownHook] org.quartz.core.QuartzScheduler : Scheduler quartzScheduler_$_NON_CLUSTERED paused.
2021-12-22 18:16:29.047 INFO  --- [SpringContextShutdownHook] org.springframework.scheduling.quartz.SchedulerFactoryBean : Shutting down Quartz Scheduler
2021-12-22 18:16:29.048 INFO  --- [SpringContextShutdownHook] org.quartz.core.QuartzScheduler : Scheduler quartzScheduler_$_NON_CLUSTERED shutting down.
2021-12-22 18:16:29.050 INFO  --- [SpringContextShutdownHook] org.quartz.core.QuartzScheduler : Scheduler quartzScheduler_$_NON_CLUSTERED paused.
2021-12-22 18:16:29.055 INFO  --- [SpringContextShutdownHook] org.quartz.core.QuartzScheduler : Scheduler quartzScheduler_$_NON_CLUSTERED shutdown complete.
2021-12-22 18:16:29.059 INFO  --- [SpringContextShutdownHook] org.springframework.scheduling.concurrent.ThreadPoolTaskExecutor : Shutting down ExecutorService 'applicationTaskExecutor'
2021-12-22 18:16:29.065 INFO  --- [SpringContextShutdownHook] com.baomidou.dynamic.datasource.DynamicRoutingDataSource : dynamic-datasource start closing ....
2021-12-22 18:16:29.068 INFO  --- [SpringContextShutdownHook] com.zaxxer.hikari.HikariDataSource : base - Shutdown initiated...
2021-12-22 18:16:29.082 INFO  --- [SpringContextShutdownHook] com.zaxxer.hikari.HikariDataSource : base - Shutdown completed.
2021-12-22 18:16:29.083 INFO  --- [SpringContextShutdownHook] com.baomidou.dynamic.datasource.DynamicRoutingDataSource : dynamic-datasource all closed success,bye
