2021-12-01 16:03:21.111 INFO  --- [main] com.mt.demo2.RunApplication : Starting RunApplication on wuhaotiandeMacBook-Pro.local with PID 30902 (/Users/wuhaotian/Desktop/My/my-server/target/classes started by wuhaotian in /Users/wuhaotian/Desktop/My/my-server)
2021-12-01 16:03:21.159 INFO  --- [main] com.mt.demo2.RunApplication : No active profile set, falling back to default profiles: default
2021-12-01 16:03:28.192 INFO  --- [main] org.springframework.boot.web.embedded.tomcat.TomcatWebServer : Tomcat initialized with port(s): 9010 (http)
2021-12-01 16:03:28.261 INFO  --- [main] org.apache.coyote.http11.Http11NioProtocol : Initializing ProtocolHandler ["http-nio-9010"]
2021-12-01 16:03:28.262 INFO  --- [main] org.apache.catalina.core.StandardService : Starting service [Tomcat]
2021-12-01 16:03:28.263 INFO  --- [main] org.apache.catalina.core.StandardEngine : Starting Servlet engine: [Apache Tomcat/9.0.36]
2021-12-01 16:03:28.608 INFO  --- [main] org.apache.catalina.core.ContainerBase.[Tomcat].[localhost].[/] : Initializing Spring embedded WebApplicationContext
2021-12-01 16:03:28.608 INFO  --- [main] org.springframework.boot.web.servlet.context.ServletWebServerApplicationContext : Root WebApplicationContext: initialization completed in 7127 ms
2021-12-01 16:03:29.484 INFO  --- [main] com.zaxxer.hikari.HikariDataSource : base - Starting...
2021-12-01 16:03:31.925 INFO  --- [main] com.zaxxer.hikari.HikariDataSource : base - Start completed.
2021-12-01 16:03:31.928 INFO  --- [main] com.baomidou.dynamic.datasource.DynamicRoutingDataSource : dynamic-datasource - load a datasource named [base] success
2021-12-01 16:03:31.929 INFO  --- [main] com.baomidou.dynamic.datasource.DynamicRoutingDataSource : dynamic-datasource initial loaded [1] datasource,primary datasource named [base]
2021-12-01 16:03:35.118 ERROR --- [main] com.baomidou.mybatisplus.core.MybatisConfiguration : mapper[com.mt.dictionary.mapper.DictionaryMapper.getListOne] is ignored, because it exists, maybe from xml file
2021-12-01 16:03:38.165 INFO  --- [main] org.springframework.scheduling.concurrent.ThreadPoolTaskExecutor : Initializing ExecutorService 'applicationTaskExecutor'
2021-12-01 16:03:39.654 INFO  --- [main] org.quartz.impl.StdSchedulerFactory : Using default implementation for ThreadExecutor
2021-12-01 16:03:39.725 INFO  --- [main] org.quartz.core.SchedulerSignalerImpl : Initialized Scheduler Signaller of type: class org.quartz.core.SchedulerSignalerImpl
2021-12-01 16:03:39.726 INFO  --- [main] org.quartz.core.QuartzScheduler : Quartz Scheduler v.2.3.0 created.
2021-12-01 16:03:39.729 INFO  --- [main] org.quartz.simpl.RAMJobStore : RAMJobStore initialized.
2021-12-01 16:03:39.747 INFO  --- [main] org.quartz.core.QuartzScheduler : Scheduler meta-data: Quartz Scheduler (v2.3.0) 'quartzScheduler' with instanceId 'NON_CLUSTERED'
  Scheduler class: 'org.quartz.core.QuartzScheduler' - running locally.
  NOT STARTED.
  Currently in standby mode.
  Number of jobs executed: 0
  Using thread pool 'org.quartz.simpl.SimpleThreadPool' - with 10 threads.
  Using job-store 'org.quartz.simpl.RAMJobStore' - which does not support persistence. and is not clustered.

2021-12-01 16:03:39.749 INFO  --- [main] org.quartz.impl.StdSchedulerFactory : Quartz scheduler 'quartzScheduler' initialized from an externally provided properties instance.
2021-12-01 16:03:39.749 INFO  --- [main] org.quartz.impl.StdSchedulerFactory : Quartz scheduler version: 2.3.0
2021-12-01 16:03:39.786 INFO  --- [main] org.quartz.core.QuartzScheduler : JobFactory set to: org.springframework.scheduling.quartz.SpringBeanJobFactory@779228dc
2021-12-01 16:03:40.064 INFO  --- [main] org.springframework.boot.autoconfigure.security.servlet.UserDetailsServiceAutoConfiguration : 

Using generated security password: d686ca5e-7887-4f4a-bced-115472562341

2021-12-01 16:03:41.098 INFO  --- [main] org.springframework.security.web.DefaultSecurityFilterChain : Creating filter chain: any request, [org.springframework.security.web.context.request.async.WebAsyncManagerIntegrationFilter@2fcc5f49, org.springframework.security.web.context.SecurityContextPersistenceFilter@1a819901, org.springframework.security.web.header.HeaderWriterFilter@7a730479, org.springframework.security.web.authentication.logout.LogoutFilter@49d543a9, org.springframework.security.oauth2.provider.authentication.OAuth2AuthenticationProcessingFilter@343d1d25, org.springframework.security.web.savedrequest.RequestCacheAwareFilter@eb91027, org.springframework.security.web.servletapi.SecurityContextHolderAwareRequestFilter@3b2db389, org.springframework.security.web.authentication.AnonymousAuthenticationFilter@28e48b65, org.springframework.security.web.session.SessionManagementFilter@4ef31221, org.springframework.security.web.access.ExceptionTranslationFilter@39b85a73, org.springframework.security.web.access.intercept.FilterSecurityInterceptor@75d539b9]
2021-12-01 16:03:41.402 INFO  --- [main] org.apache.coyote.http11.Http11NioProtocol : Starting ProtocolHandler ["http-nio-9010"]
2021-12-01 16:03:41.621 INFO  --- [main] org.springframework.boot.web.embedded.tomcat.TomcatWebServer : Tomcat started on port(s): 9010 (http) with context path ''
2021-12-01 16:03:41.624 INFO  --- [main] org.springframework.scheduling.quartz.SchedulerFactoryBean : Starting Quartz Scheduler now
2021-12-01 16:03:41.625 INFO  --- [main] org.quartz.core.QuartzScheduler : Scheduler quartzScheduler_$_NON_CLUSTERED started.
2021-12-01 16:03:41.665 INFO  --- [main] com.mt.demo2.RunApplication : Started RunApplication in 22.496 seconds (JVM running for 29.598)
2021-12-01 16:04:23.265 INFO  --- [http-nio-9010-exec-1] org.apache.catalina.core.ContainerBase.[Tomcat].[localhost].[/] : Initializing Spring DispatcherServlet 'dispatcherServlet'
2021-12-01 16:04:23.266 INFO  --- [http-nio-9010-exec-1] org.springframework.web.servlet.DispatcherServlet : Initializing Servlet 'dispatcherServlet'
2021-12-01 16:04:23.299 INFO  --- [http-nio-9010-exec-1] org.springframework.web.servlet.DispatcherServlet : Completed initialization in 33 ms
2021-12-01 16:26:40.558 INFO  --- [SpringContextShutdownHook] org.quartz.core.QuartzScheduler : Scheduler quartzScheduler_$_NON_CLUSTERED paused.
2021-12-01 16:26:40.639 INFO  --- [SpringContextShutdownHook] org.springframework.scheduling.quartz.SchedulerFactoryBean : Shutting down Quartz Scheduler
2021-12-01 16:26:40.639 INFO  --- [SpringContextShutdownHook] org.quartz.core.QuartzScheduler : Scheduler quartzScheduler_$_NON_CLUSTERED shutting down.
2021-12-01 16:26:40.640 INFO  --- [SpringContextShutdownHook] org.quartz.core.QuartzScheduler : Scheduler quartzScheduler_$_NON_CLUSTERED paused.
2021-12-01 16:26:40.641 INFO  --- [SpringContextShutdownHook] org.quartz.core.QuartzScheduler : Scheduler quartzScheduler_$_NON_CLUSTERED shutdown complete.
2021-12-01 16:26:40.649 INFO  --- [SpringContextShutdownHook] org.springframework.scheduling.concurrent.ThreadPoolTaskExecutor : Shutting down ExecutorService 'applicationTaskExecutor'
2021-12-01 16:26:40.656 INFO  --- [SpringContextShutdownHook] com.baomidou.dynamic.datasource.DynamicRoutingDataSource : dynamic-datasource start closing ....
2021-12-01 16:26:40.658 INFO  --- [SpringContextShutdownHook] com.zaxxer.hikari.HikariDataSource : base - Shutdown initiated...
2021-12-01 16:26:40.691 INFO  --- [SpringContextShutdownHook] com.zaxxer.hikari.HikariDataSource : base - Shutdown completed.
2021-12-01 16:26:40.691 INFO  --- [SpringContextShutdownHook] com.baomidou.dynamic.datasource.DynamicRoutingDataSource : dynamic-datasource all closed success,bye
2021-12-01 16:26:54.661 INFO  --- [main] com.mt.demo2.RunApplication : Starting RunApplication on wuhaotiandeMacBook-Pro.local with PID 31048 (/Users/wuhaotian/Desktop/My/my-server/target/classes started by wuhaotian in /Users/wuhaotian/Desktop/My/my-server)
2021-12-01 16:26:54.686 INFO  --- [main] com.mt.demo2.RunApplication : No active profile set, falling back to default profiles: default
2021-12-01 16:26:55.266 WARN  --- [main] org.springframework.boot.web.servlet.context.AnnotationConfigServletWebServerApplicationContext : Exception encountered during context initialization - cancelling refresh attempt: org.springframework.beans.factory.BeanDefinitionStoreException: Failed to parse configuration class [com.mt.demo2.RunApplication]; nested exception is org.springframework.context.annotation.ConflictingBeanDefinitionException: Annotation-specified bean name 'powerService' for bean class [com.mt.power.service.impl.AlertServiceImpl] conflicts with existing, non-compatible bean definition of same name and class [com.mt.power.service.impl.AlertRuleServiceImpl]
2021-12-01 16:26:55.304 ERROR --- [main] org.springframework.boot.SpringApplication : Application run failed
org.springframework.beans.factory.BeanDefinitionStoreException: Failed to parse configuration class [com.mt.demo2.RunApplication]; nested exception is org.springframework.context.annotation.ConflictingBeanDefinitionException: Annotation-specified bean name 'powerService' for bean class [com.mt.power.service.impl.AlertServiceImpl] conflicts with existing, non-compatible bean definition of same name and class [com.mt.power.service.impl.AlertRuleServiceImpl]
	at org.springframework.context.annotation.ConfigurationClassParser.parse(ConfigurationClassParser.java:188)
	at org.springframework.context.annotation.ConfigurationClassPostProcessor.processConfigBeanDefinitions(ConfigurationClassPostProcessor.java:319)
	at org.springframework.context.annotation.ConfigurationClassPostProcessor.postProcessBeanDefinitionRegistry(ConfigurationClassPostProcessor.java:236)
	at org.springframework.context.support.PostProcessorRegistrationDelegate.invokeBeanDefinitionRegistryPostProcessors(PostProcessorRegistrationDelegate.java:280)
	at org.springframework.context.support.PostProcessorRegistrationDelegate.invokeBeanFactoryPostProcessors(PostProcessorRegistrationDelegate.java:96)
	at org.springframework.context.support.AbstractApplicationContext.invokeBeanFactoryPostProcessors(AbstractApplicationContext.java:707)
	at org.springframework.context.support.AbstractApplicationContext.refresh(AbstractApplicationContext.java:533)
	at org.springframework.boot.web.servlet.context.ServletWebServerApplicationContext.refresh(ServletWebServerApplicationContext.java:143)
	at org.springframework.boot.SpringApplication.refresh(SpringApplication.java:758)
	at org.springframework.boot.SpringApplication.refresh(SpringApplication.java:750)
	at org.springframework.boot.SpringApplication.refreshContext(SpringApplication.java:397)
	at org.springframework.boot.SpringApplication.run(SpringApplication.java:315)
	at org.springframework.boot.SpringApplication.run(SpringApplication.java:1237)
	at org.springframework.boot.SpringApplication.run(SpringApplication.java:1226)
	at com.mt.demo2.RunApplication.main(RunApplication.java:19)
Caused by: org.springframework.context.annotation.ConflictingBeanDefinitionException: Annotation-specified bean name 'powerService' for bean class [com.mt.power.service.impl.AlertServiceImpl] conflicts with existing, non-compatible bean definition of same name and class [com.mt.power.service.impl.AlertRuleServiceImpl]
	at org.springframework.context.annotation.ClassPathBeanDefinitionScanner.checkCandidate(ClassPathBeanDefinitionScanner.java:349)
	at org.springframework.context.annotation.ClassPathBeanDefinitionScanner.doScan(ClassPathBeanDefinitionScanner.java:287)
	at org.springframework.context.annotation.ComponentScanAnnotationParser.parse(ComponentScanAnnotationParser.java:132)
	at org.springframework.context.annotation.ConfigurationClassParser.doProcessConfigurationClass(ConfigurationClassParser.java:295)
	at org.springframework.context.annotation.ConfigurationClassParser.processConfigurationClass(ConfigurationClassParser.java:249)
	at org.springframework.context.annotation.ConfigurationClassParser.parse(ConfigurationClassParser.java:206)
	at org.springframework.context.annotation.ConfigurationClassParser.parse(ConfigurationClassParser.java:174)
	... 14 common frames omitted
2021-12-01 16:28:23.201 INFO  --- [main] com.mt.demo2.RunApplication : Starting RunApplication on wuhaotiandeMacBook-Pro.local with PID 31071 (/Users/wuhaotian/Desktop/My/my-server/target/classes started by wuhaotian in /Users/wuhaotian/Desktop/My/my-server)
2021-12-01 16:28:23.207 INFO  --- [main] com.mt.demo2.RunApplication : No active profile set, falling back to default profiles: default
2021-12-01 16:28:23.720 WARN  --- [main] org.springframework.boot.web.servlet.context.AnnotationConfigServletWebServerApplicationContext : Exception encountered during context initialization - cancelling refresh attempt: org.springframework.beans.factory.BeanDefinitionStoreException: Failed to parse configuration class [com.mt.demo2.RunApplication]; nested exception is org.springframework.context.annotation.ConflictingBeanDefinitionException: Annotation-specified bean name 'powerService' for bean class [com.mt.power.service.impl.AlertServiceImpl] conflicts with existing, non-compatible bean definition of same name and class [com.mt.power.service.impl.AlertRuleServiceImpl]
2021-12-01 16:28:23.744 ERROR --- [main] org.springframework.boot.SpringApplication : Application run failed
org.springframework.beans.factory.BeanDefinitionStoreException: Failed to parse configuration class [com.mt.demo2.RunApplication]; nested exception is org.springframework.context.annotation.ConflictingBeanDefinitionException: Annotation-specified bean name 'powerService' for bean class [com.mt.power.service.impl.AlertServiceImpl] conflicts with existing, non-compatible bean definition of same name and class [com.mt.power.service.impl.AlertRuleServiceImpl]
	at org.springframework.context.annotation.ConfigurationClassParser.parse(ConfigurationClassParser.java:188)
	at org.springframework.context.annotation.ConfigurationClassPostProcessor.processConfigBeanDefinitions(ConfigurationClassPostProcessor.java:319)
	at org.springframework.context.annotation.ConfigurationClassPostProcessor.postProcessBeanDefinitionRegistry(ConfigurationClassPostProcessor.java:236)
	at org.springframework.context.support.PostProcessorRegistrationDelegate.invokeBeanDefinitionRegistryPostProcessors(PostProcessorRegistrationDelegate.java:280)
	at org.springframework.context.support.PostProcessorRegistrationDelegate.invokeBeanFactoryPostProcessors(PostProcessorRegistrationDelegate.java:96)
	at org.springframework.context.support.AbstractApplicationContext.invokeBeanFactoryPostProcessors(AbstractApplicationContext.java:707)
	at org.springframework.context.support.AbstractApplicationContext.refresh(AbstractApplicationContext.java:533)
	at org.springframework.boot.web.servlet.context.ServletWebServerApplicationContext.refresh(ServletWebServerApplicationContext.java:143)
	at org.springframework.boot.SpringApplication.refresh(SpringApplication.java:758)
	at org.springframework.boot.SpringApplication.refresh(SpringApplication.java:750)
	at org.springframework.boot.SpringApplication.refreshContext(SpringApplication.java:397)
	at org.springframework.boot.SpringApplication.run(SpringApplication.java:315)
	at org.springframework.boot.SpringApplication.run(SpringApplication.java:1237)
	at org.springframework.boot.SpringApplication.run(SpringApplication.java:1226)
	at com.mt.demo2.RunApplication.main(RunApplication.java:19)
Caused by: org.springframework.context.annotation.ConflictingBeanDefinitionException: Annotation-specified bean name 'powerService' for bean class [com.mt.power.service.impl.AlertServiceImpl] conflicts with existing, non-compatible bean definition of same name and class [com.mt.power.service.impl.AlertRuleServiceImpl]
	at org.springframework.context.annotation.ClassPathBeanDefinitionScanner.checkCandidate(ClassPathBeanDefinitionScanner.java:349)
	at org.springframework.context.annotation.ClassPathBeanDefinitionScanner.doScan(ClassPathBeanDefinitionScanner.java:287)
	at org.springframework.context.annotation.ComponentScanAnnotationParser.parse(ComponentScanAnnotationParser.java:132)
	at org.springframework.context.annotation.ConfigurationClassParser.doProcessConfigurationClass(ConfigurationClassParser.java:295)
	at org.springframework.context.annotation.ConfigurationClassParser.processConfigurationClass(ConfigurationClassParser.java:249)
	at org.springframework.context.annotation.ConfigurationClassParser.parse(ConfigurationClassParser.java:206)
	at org.springframework.context.annotation.ConfigurationClassParser.parse(ConfigurationClassParser.java:174)
	... 14 common frames omitted
2021-12-01 16:28:42.290 INFO  --- [main] com.mt.demo2.RunApplication : Starting RunApplication on wuhaotiandeMacBook-Pro.local with PID 31073 (/Users/wuhaotian/Desktop/My/my-server/target/classes started by wuhaotian in /Users/wuhaotian/Desktop/My/my-server)
2021-12-01 16:28:42.298 INFO  --- [main] com.mt.demo2.RunApplication : No active profile set, falling back to default profiles: default
2021-12-01 16:28:42.971 WARN  --- [main] org.springframework.boot.web.servlet.context.AnnotationConfigServletWebServerApplicationContext : Exception encountered during context initialization - cancelling refresh attempt: org.springframework.beans.factory.BeanDefinitionStoreException: Failed to parse configuration class [com.mt.demo2.RunApplication]; nested exception is org.springframework.context.annotation.ConflictingBeanDefinitionException: Annotation-specified bean name 'powerService' for bean class [com.mt.power.service.impl.AlertServiceImpl] conflicts with existing, non-compatible bean definition of same name and class [com.mt.power.service.impl.AlertRuleServiceImpl]
2021-12-01 16:28:42.996 ERROR --- [main] org.springframework.boot.SpringApplication : Application run failed
org.springframework.beans.factory.BeanDefinitionStoreException: Failed to parse configuration class [com.mt.demo2.RunApplication]; nested exception is org.springframework.context.annotation.ConflictingBeanDefinitionException: Annotation-specified bean name 'powerService' for bean class [com.mt.power.service.impl.AlertServiceImpl] conflicts with existing, non-compatible bean definition of same name and class [com.mt.power.service.impl.AlertRuleServiceImpl]
	at org.springframework.context.annotation.ConfigurationClassParser.parse(ConfigurationClassParser.java:188)
	at org.springframework.context.annotation.ConfigurationClassPostProcessor.processConfigBeanDefinitions(ConfigurationClassPostProcessor.java:319)
	at org.springframework.context.annotation.ConfigurationClassPostProcessor.postProcessBeanDefinitionRegistry(ConfigurationClassPostProcessor.java:236)
	at org.springframework.context.support.PostProcessorRegistrationDelegate.invokeBeanDefinitionRegistryPostProcessors(PostProcessorRegistrationDelegate.java:280)
	at org.springframework.context.support.PostProcessorRegistrationDelegate.invokeBeanFactoryPostProcessors(PostProcessorRegistrationDelegate.java:96)
	at org.springframework.context.support.AbstractApplicationContext.invokeBeanFactoryPostProcessors(AbstractApplicationContext.java:707)
	at org.springframework.context.support.AbstractApplicationContext.refresh(AbstractApplicationContext.java:533)
	at org.springframework.boot.web.servlet.context.ServletWebServerApplicationContext.refresh(ServletWebServerApplicationContext.java:143)
	at org.springframework.boot.SpringApplication.refresh(SpringApplication.java:758)
	at org.springframework.boot.SpringApplication.refresh(SpringApplication.java:750)
	at org.springframework.boot.SpringApplication.refreshContext(SpringApplication.java:397)
	at org.springframework.boot.SpringApplication.run(SpringApplication.java:315)
	at org.springframework.boot.SpringApplication.run(SpringApplication.java:1237)
	at org.springframework.boot.SpringApplication.run(SpringApplication.java:1226)
	at com.mt.demo2.RunApplication.main(RunApplication.java:19)
Caused by: org.springframework.context.annotation.ConflictingBeanDefinitionException: Annotation-specified bean name 'powerService' for bean class [com.mt.power.service.impl.AlertServiceImpl] conflicts with existing, non-compatible bean definition of same name and class [com.mt.power.service.impl.AlertRuleServiceImpl]
	at org.springframework.context.annotation.ClassPathBeanDefinitionScanner.checkCandidate(ClassPathBeanDefinitionScanner.java:349)
	at org.springframework.context.annotation.ClassPathBeanDefinitionScanner.doScan(ClassPathBeanDefinitionScanner.java:287)
	at org.springframework.context.annotation.ComponentScanAnnotationParser.parse(ComponentScanAnnotationParser.java:132)
	at org.springframework.context.annotation.ConfigurationClassParser.doProcessConfigurationClass(ConfigurationClassParser.java:295)
	at org.springframework.context.annotation.ConfigurationClassParser.processConfigurationClass(ConfigurationClassParser.java:249)
	at org.springframework.context.annotation.ConfigurationClassParser.parse(ConfigurationClassParser.java:206)
	at org.springframework.context.annotation.ConfigurationClassParser.parse(ConfigurationClassParser.java:174)
	... 14 common frames omitted
2021-12-01 16:30:46.915 INFO  --- [main] com.mt.demo2.RunApplication : Starting RunApplication on wuhaotiandeMacBook-Pro.local with PID 31085 (/Users/wuhaotian/Desktop/My/my-server/target/classes started by wuhaotian in /Users/wuhaotian/Desktop/My/my-server)
2021-12-01 16:30:46.922 INFO  --- [main] com.mt.demo2.RunApplication : No active profile set, falling back to default profiles: default
2021-12-01 16:30:49.968 INFO  --- [main] org.springframework.boot.web.embedded.tomcat.TomcatWebServer : Tomcat initialized with port(s): 9010 (http)
2021-12-01 16:30:49.980 INFO  --- [main] org.apache.coyote.http11.Http11NioProtocol : Initializing ProtocolHandler ["http-nio-9010"]
2021-12-01 16:30:49.981 INFO  --- [main] org.apache.catalina.core.StandardService : Starting service [Tomcat]
2021-12-01 16:30:49.982 INFO  --- [main] org.apache.catalina.core.StandardEngine : Starting Servlet engine: [Apache Tomcat/9.0.36]
2021-12-01 16:30:50.110 INFO  --- [main] org.apache.catalina.core.ContainerBase.[Tomcat].[localhost].[/] : Initializing Spring embedded WebApplicationContext
2021-12-01 16:30:50.110 INFO  --- [main] org.springframework.boot.web.servlet.context.ServletWebServerApplicationContext : Root WebApplicationContext: initialization completed in 3086 ms
2021-12-01 16:30:50.419 INFO  --- [main] com.zaxxer.hikari.HikariDataSource : base - Starting...
2021-12-01 16:30:51.759 INFO  --- [main] com.zaxxer.hikari.HikariDataSource : base - Start completed.
2021-12-01 16:30:51.760 INFO  --- [main] com.baomidou.dynamic.datasource.DynamicRoutingDataSource : dynamic-datasource - load a datasource named [base] success
2021-12-01 16:30:51.761 INFO  --- [main] com.baomidou.dynamic.datasource.DynamicRoutingDataSource : dynamic-datasource initial loaded [1] datasource,primary datasource named [base]
2021-12-01 16:30:52.800 ERROR --- [main] com.baomidou.mybatisplus.core.MybatisConfiguration : mapper[com.mt.dictionary.mapper.DictionaryMapper.getListOne] is ignored, because it exists, maybe from xml file
2021-12-01 16:30:53.918 INFO  --- [main] org.springframework.scheduling.concurrent.ThreadPoolTaskExecutor : Initializing ExecutorService 'applicationTaskExecutor'
2021-12-01 16:30:54.440 INFO  --- [main] org.quartz.impl.StdSchedulerFactory : Using default implementation for ThreadExecutor
2021-12-01 16:30:54.460 INFO  --- [main] org.quartz.core.SchedulerSignalerImpl : Initialized Scheduler Signaller of type: class org.quartz.core.SchedulerSignalerImpl
2021-12-01 16:30:54.460 INFO  --- [main] org.quartz.core.QuartzScheduler : Quartz Scheduler v.2.3.0 created.
2021-12-01 16:30:54.462 INFO  --- [main] org.quartz.simpl.RAMJobStore : RAMJobStore initialized.
2021-12-01 16:30:54.465 INFO  --- [main] org.quartz.core.QuartzScheduler : Scheduler meta-data: Quartz Scheduler (v2.3.0) 'quartzScheduler' with instanceId 'NON_CLUSTERED'
  Scheduler class: 'org.quartz.core.QuartzScheduler' - running locally.
  NOT STARTED.
  Currently in standby mode.
  Number of jobs executed: 0
  Using thread pool 'org.quartz.simpl.SimpleThreadPool' - with 10 threads.
  Using job-store 'org.quartz.simpl.RAMJobStore' - which does not support persistence. and is not clustered.

2021-12-01 16:30:54.469 INFO  --- [main] org.quartz.impl.StdSchedulerFactory : Quartz scheduler 'quartzScheduler' initialized from an externally provided properties instance.
2021-12-01 16:30:54.469 INFO  --- [main] org.quartz.impl.StdSchedulerFactory : Quartz scheduler version: 2.3.0
2021-12-01 16:30:54.470 INFO  --- [main] org.quartz.core.QuartzScheduler : JobFactory set to: org.springframework.scheduling.quartz.SpringBeanJobFactory@c1050f2
2021-12-01 16:30:54.583 INFO  --- [main] org.springframework.boot.autoconfigure.security.servlet.UserDetailsServiceAutoConfiguration : 

Using generated security password: 4f438d7c-a3e9-4919-b519-40781e547388

2021-12-01 16:30:55.200 INFO  --- [main] org.springframework.security.web.DefaultSecurityFilterChain : Creating filter chain: any request, [org.springframework.security.web.context.request.async.WebAsyncManagerIntegrationFilter@4cffd3fd, org.springframework.security.web.context.SecurityContextPersistenceFilter@6f6cc7da, org.springframework.security.web.header.HeaderWriterFilter@27976390, org.springframework.security.web.authentication.logout.LogoutFilter@4bf03fee, org.springframework.security.oauth2.provider.authentication.OAuth2AuthenticationProcessingFilter@6ee88e21, org.springframework.security.web.savedrequest.RequestCacheAwareFilter@29f3c438, org.springframework.security.web.servletapi.SecurityContextHolderAwareRequestFilter@27960b1e, org.springframework.security.web.authentication.AnonymousAuthenticationFilter@14b31e37, org.springframework.security.web.session.SessionManagementFilter@c2cf597, org.springframework.security.web.access.ExceptionTranslationFilter@1ef31f71, org.springframework.security.web.access.intercept.FilterSecurityInterceptor@59018eed]
2021-12-01 16:30:55.319 INFO  --- [main] org.apache.coyote.http11.Http11NioProtocol : Starting ProtocolHandler ["http-nio-9010"]
2021-12-01 16:30:55.365 INFO  --- [main] org.springframework.boot.web.embedded.tomcat.TomcatWebServer : Tomcat started on port(s): 9010 (http) with context path ''
2021-12-01 16:30:55.367 INFO  --- [main] org.springframework.scheduling.quartz.SchedulerFactoryBean : Starting Quartz Scheduler now
2021-12-01 16:30:55.368 INFO  --- [main] org.quartz.core.QuartzScheduler : Scheduler quartzScheduler_$_NON_CLUSTERED started.
2021-12-01 16:30:55.384 INFO  --- [main] com.mt.demo2.RunApplication : Started RunApplication in 10.016 seconds (JVM running for 13.194)
2021-12-01 16:31:04.572 INFO  --- [http-nio-9010-exec-1] org.apache.catalina.core.ContainerBase.[Tomcat].[localhost].[/] : Initializing Spring DispatcherServlet 'dispatcherServlet'
2021-12-01 16:31:04.573 INFO  --- [http-nio-9010-exec-1] org.springframework.web.servlet.DispatcherServlet : Initializing Servlet 'dispatcherServlet'
2021-12-01 16:31:04.591 INFO  --- [http-nio-9010-exec-1] org.springframework.web.servlet.DispatcherServlet : Completed initialization in 18 ms
2021-12-01 18:13:10.444 INFO  --- [SpringContextShutdownHook] org.quartz.core.QuartzScheduler : Scheduler quartzScheduler_$_NON_CLUSTERED paused.
2021-12-01 18:13:10.490 INFO  --- [SpringContextShutdownHook] org.springframework.scheduling.quartz.SchedulerFactoryBean : Shutting down Quartz Scheduler
2021-12-01 18:13:10.490 INFO  --- [SpringContextShutdownHook] org.quartz.core.QuartzScheduler : Scheduler quartzScheduler_$_NON_CLUSTERED shutting down.
2021-12-01 18:13:10.490 INFO  --- [SpringContextShutdownHook] org.quartz.core.QuartzScheduler : Scheduler quartzScheduler_$_NON_CLUSTERED paused.
2021-12-01 18:13:10.491 INFO  --- [SpringContextShutdownHook] org.quartz.core.QuartzScheduler : Scheduler quartzScheduler_$_NON_CLUSTERED shutdown complete.
2021-12-01 18:13:10.493 INFO  --- [SpringContextShutdownHook] org.springframework.scheduling.concurrent.ThreadPoolTaskExecutor : Shutting down ExecutorService 'applicationTaskExecutor'
2021-12-01 18:13:10.496 INFO  --- [SpringContextShutdownHook] com.baomidou.dynamic.datasource.DynamicRoutingDataSource : dynamic-datasource start closing ....
2021-12-01 18:13:10.496 INFO  --- [SpringContextShutdownHook] com.zaxxer.hikari.HikariDataSource : base - Shutdown initiated...
2021-12-01 18:13:10.505 INFO  --- [SpringContextShutdownHook] com.zaxxer.hikari.HikariDataSource : base - Shutdown completed.
2021-12-01 18:13:10.506 INFO  --- [SpringContextShutdownHook] com.baomidou.dynamic.datasource.DynamicRoutingDataSource : dynamic-datasource all closed success,bye
