2022-03-23 10:31:26.522 INFO  --- [main] com.mt.demo2.RunApplication : Starting RunApplication on wuhaotiandeMacBook-Pro.local with PID 2990 (/Users/wuhaotian/Desktop/monitor-server/target/classes started by wuhaotian in /Users/wuhaotian/Desktop/monitor-server)
2022-03-23 10:31:26.531 INFO  --- [main] com.mt.demo2.RunApplication : No active profile set, falling back to default profiles: default
2022-03-23 10:31:28.724 INFO  --- [main] org.springframework.boot.web.embedded.tomcat.TomcatWebServer : Tomcat initialized with port(s): 9010 (http)
2022-03-23 10:31:28.735 INFO  --- [main] org.apache.coyote.http11.Http11NioProtocol : Initializing ProtocolHandler ["http-nio-9010"]
2022-03-23 10:31:28.736 INFO  --- [main] org.apache.catalina.core.StandardService : Starting service [Tomcat]
2022-03-23 10:31:28.736 INFO  --- [main] org.apache.catalina.core.StandardEngine : Starting Servlet engine: [Apache Tomcat/9.0.36]
2022-03-23 10:31:28.855 INFO  --- [main] org.apache.catalina.core.ContainerBase.[Tomcat].[localhost].[/] : Initializing Spring embedded WebApplicationContext
2022-03-23 10:31:28.855 INFO  --- [main] org.springframework.boot.web.servlet.context.ServletWebServerApplicationContext : Root WebApplicationContext: initialization completed in 2185 ms
2022-03-23 10:31:29.178 INFO  --- [main] com.zaxxer.hikari.HikariDataSource : base - Starting...
2022-03-23 10:31:30.149 INFO  --- [main] com.zaxxer.hikari.HikariDataSource : base - Start completed.
2022-03-23 10:31:30.150 INFO  --- [main] com.baomidou.dynamic.datasource.DynamicRoutingDataSource : dynamic-datasource - load a datasource named [base] success
2022-03-23 10:31:30.151 INFO  --- [main] com.baomidou.dynamic.datasource.DynamicRoutingDataSource : dynamic-datasource initial loaded [1] datasource,primary datasource named [base]
2022-03-23 10:31:30.722 ERROR --- [main] com.baomidou.mybatisplus.core.MybatisConfiguration : mapper[com.mt.dictionary.mapper.DictionaryMapper.getListOne] is ignored, because it exists, maybe from xml file
2022-03-23 10:31:31.248 INFO  --- [main] org.springframework.scheduling.concurrent.ThreadPoolTaskExecutor : Initializing ExecutorService 'applicationTaskExecutor'
2022-03-23 10:31:31.540 INFO  --- [main] org.quartz.impl.StdSchedulerFactory : Using default implementation for ThreadExecutor
2022-03-23 10:31:31.554 INFO  --- [main] org.quartz.core.SchedulerSignalerImpl : Initialized Scheduler Signaller of type: class org.quartz.core.SchedulerSignalerImpl
2022-03-23 10:31:31.554 INFO  --- [main] org.quartz.core.QuartzScheduler : Quartz Scheduler v.2.3.0 created.
2022-03-23 10:31:31.555 INFO  --- [main] org.quartz.simpl.RAMJobStore : RAMJobStore initialized.
2022-03-23 10:31:31.556 INFO  --- [main] org.quartz.core.QuartzScheduler : Scheduler meta-data: Quartz Scheduler (v2.3.0) 'quartzScheduler' with instanceId 'NON_CLUSTERED'
  Scheduler class: 'org.quartz.core.QuartzScheduler' - running locally.
  NOT STARTED.
  Currently in standby mode.
  Number of jobs executed: 0
  Using thread pool 'org.quartz.simpl.SimpleThreadPool' - with 10 threads.
  Using job-store 'org.quartz.simpl.RAMJobStore' - which does not support persistence. and is not clustered.

2022-03-23 10:31:31.557 INFO  --- [main] org.quartz.impl.StdSchedulerFactory : Quartz scheduler 'quartzScheduler' initialized from an externally provided properties instance.
2022-03-23 10:31:31.557 INFO  --- [main] org.quartz.impl.StdSchedulerFactory : Quartz scheduler version: 2.3.0
2022-03-23 10:31:31.557 INFO  --- [main] org.quartz.core.QuartzScheduler : JobFactory set to: org.springframework.scheduling.quartz.SpringBeanJobFactory@60743cdb
2022-03-23 10:31:31.607 INFO  --- [main] org.springframework.boot.autoconfigure.security.servlet.UserDetailsServiceAutoConfiguration : 

Using generated security password: e1103915-a474-4340-927b-3116e35bb238

2022-03-23 10:31:31.909 INFO  --- [main] org.springframework.security.web.DefaultSecurityFilterChain : Creating filter chain: any request, [org.springframework.security.web.context.request.async.WebAsyncManagerIntegrationFilter@9cfc77, org.springframework.security.web.context.SecurityContextPersistenceFilter@77b5148c, org.springframework.security.web.header.HeaderWriterFilter@6c538eb2, org.springframework.security.web.authentication.logout.LogoutFilter@1961d75a, org.springframework.security.oauth2.provider.authentication.OAuth2AuthenticationProcessingFilter@644a3add, org.springframework.security.web.savedrequest.RequestCacheAwareFilter@1ab14636, org.springframework.security.web.servletapi.SecurityContextHolderAwareRequestFilter@7197b07f, org.springframework.security.web.authentication.AnonymousAuthenticationFilter@7418d76e, org.springframework.security.web.session.SessionManagementFilter@6ee5f485, org.springframework.security.web.access.ExceptionTranslationFilter@62ade015, org.springframework.security.web.access.intercept.FilterSecurityInterceptor@44aa2e13]
2022-03-23 10:31:31.997 INFO  --- [main] org.apache.coyote.http11.Http11NioProtocol : Starting ProtocolHandler ["http-nio-9010"]
2022-03-23 10:31:32.031 INFO  --- [main] org.springframework.boot.web.embedded.tomcat.TomcatWebServer : Tomcat started on port(s): 9010 (http) with context path ''
2022-03-23 10:31:32.032 INFO  --- [main] org.springframework.scheduling.quartz.SchedulerFactoryBean : Starting Quartz Scheduler now
2022-03-23 10:31:32.032 INFO  --- [main] org.quartz.core.QuartzScheduler : Scheduler quartzScheduler_$_NON_CLUSTERED started.
2022-03-23 10:31:32.044 INFO  --- [main] com.mt.demo2.RunApplication : Started RunApplication in 6.454 seconds (JVM running for 8.546)
2022-03-23 10:31:53.236 INFO  --- [SpringContextShutdownHook] org.quartz.core.QuartzScheduler : Scheduler quartzScheduler_$_NON_CLUSTERED paused.
2022-03-23 10:31:53.311 INFO  --- [SpringContextShutdownHook] org.springframework.scheduling.quartz.SchedulerFactoryBean : Shutting down Quartz Scheduler
2022-03-23 10:31:53.313 INFO  --- [SpringContextShutdownHook] org.quartz.core.QuartzScheduler : Scheduler quartzScheduler_$_NON_CLUSTERED shutting down.
2022-03-23 10:31:53.315 INFO  --- [SpringContextShutdownHook] org.quartz.core.QuartzScheduler : Scheduler quartzScheduler_$_NON_CLUSTERED paused.
2022-03-23 10:31:53.321 INFO  --- [SpringContextShutdownHook] org.quartz.core.QuartzScheduler : Scheduler quartzScheduler_$_NON_CLUSTERED shutdown complete.
2022-03-23 10:31:53.329 INFO  --- [SpringContextShutdownHook] org.springframework.scheduling.concurrent.ThreadPoolTaskExecutor : Shutting down ExecutorService 'applicationTaskExecutor'
2022-03-23 10:31:53.337 INFO  --- [SpringContextShutdownHook] com.baomidou.dynamic.datasource.DynamicRoutingDataSource : dynamic-datasource start closing ....
2022-03-23 10:31:53.347 INFO  --- [SpringContextShutdownHook] com.zaxxer.hikari.HikariDataSource : base - Shutdown initiated...
2022-03-23 10:31:53.425 INFO  --- [SpringContextShutdownHook] com.zaxxer.hikari.HikariDataSource : base - Shutdown completed.
2022-03-23 10:31:53.426 INFO  --- [SpringContextShutdownHook] com.baomidou.dynamic.datasource.DynamicRoutingDataSource : dynamic-datasource all closed success,bye
2022-03-23 10:32:11.189 INFO  --- [main] com.mt.demo2.RunApplication : Starting RunApplication on wuhaotiandeMacBook-Pro.local with PID 2997 (/Users/wuhaotian/Desktop/monitor-server/target/classes started by wuhaotian in /Users/wuhaotian/Desktop/monitor-server)
2022-03-23 10:32:11.193 INFO  --- [main] com.mt.demo2.RunApplication : No active profile set, falling back to default profiles: default
2022-03-23 10:32:16.408 INFO  --- [main] org.springframework.boot.web.embedded.tomcat.TomcatWebServer : Tomcat initialized with port(s): 9010 (http)
2022-03-23 10:32:16.475 INFO  --- [main] org.apache.coyote.http11.Http11NioProtocol : Initializing ProtocolHandler ["http-nio-9010"]
2022-03-23 10:32:16.477 INFO  --- [main] org.apache.catalina.core.StandardService : Starting service [Tomcat]
2022-03-23 10:32:16.478 INFO  --- [main] org.apache.catalina.core.StandardEngine : Starting Servlet engine: [Apache Tomcat/9.0.36]
2022-03-23 10:32:16.787 INFO  --- [main] org.apache.catalina.core.ContainerBase.[Tomcat].[localhost].[/] : Initializing Spring embedded WebApplicationContext
2022-03-23 10:32:16.788 INFO  --- [main] org.springframework.boot.web.servlet.context.ServletWebServerApplicationContext : Root WebApplicationContext: initialization completed in 5405 ms
2022-03-23 10:32:17.464 INFO  --- [main] com.zaxxer.hikari.HikariDataSource : base - Starting...
2022-03-23 10:32:18.835 INFO  --- [main] com.zaxxer.hikari.HikariDataSource : base - Start completed.
2022-03-23 10:32:18.837 INFO  --- [main] com.baomidou.dynamic.datasource.DynamicRoutingDataSource : dynamic-datasource - load a datasource named [base] success
2022-03-23 10:32:18.838 INFO  --- [main] com.baomidou.dynamic.datasource.DynamicRoutingDataSource : dynamic-datasource initial loaded [1] datasource,primary datasource named [base]
2022-03-23 10:32:19.535 ERROR --- [main] com.baomidou.mybatisplus.core.MybatisConfiguration : mapper[com.mt.dictionary.mapper.DictionaryMapper.getListOne] is ignored, because it exists, maybe from xml file
2022-03-23 10:32:20.022 INFO  --- [main] org.springframework.scheduling.concurrent.ThreadPoolTaskExecutor : Initializing ExecutorService 'applicationTaskExecutor'
2022-03-23 10:32:20.286 INFO  --- [main] org.quartz.impl.StdSchedulerFactory : Using default implementation for ThreadExecutor
2022-03-23 10:32:20.296 INFO  --- [main] org.quartz.core.SchedulerSignalerImpl : Initialized Scheduler Signaller of type: class org.quartz.core.SchedulerSignalerImpl
2022-03-23 10:32:20.296 INFO  --- [main] org.quartz.core.QuartzScheduler : Quartz Scheduler v.2.3.0 created.
2022-03-23 10:32:20.297 INFO  --- [main] org.quartz.simpl.RAMJobStore : RAMJobStore initialized.
2022-03-23 10:32:20.298 INFO  --- [main] org.quartz.core.QuartzScheduler : Scheduler meta-data: Quartz Scheduler (v2.3.0) 'quartzScheduler' with instanceId 'NON_CLUSTERED'
  Scheduler class: 'org.quartz.core.QuartzScheduler' - running locally.
  NOT STARTED.
  Currently in standby mode.
  Number of jobs executed: 0
  Using thread pool 'org.quartz.simpl.SimpleThreadPool' - with 10 threads.
  Using job-store 'org.quartz.simpl.RAMJobStore' - which does not support persistence. and is not clustered.

2022-03-23 10:32:20.298 INFO  --- [main] org.quartz.impl.StdSchedulerFactory : Quartz scheduler 'quartzScheduler' initialized from an externally provided properties instance.
2022-03-23 10:32:20.298 INFO  --- [main] org.quartz.impl.StdSchedulerFactory : Quartz scheduler version: 2.3.0
2022-03-23 10:32:20.299 INFO  --- [main] org.quartz.core.QuartzScheduler : JobFactory set to: org.springframework.scheduling.quartz.SpringBeanJobFactory@72906e
2022-03-23 10:32:20.343 INFO  --- [main] org.springframework.boot.autoconfigure.security.servlet.UserDetailsServiceAutoConfiguration : 

Using generated security password: 674bbf4f-97f3-4c26-9cb1-c53d83ae7664

2022-03-23 10:32:20.621 INFO  --- [main] org.springframework.security.web.DefaultSecurityFilterChain : Creating filter chain: any request, [org.springframework.security.web.context.request.async.WebAsyncManagerIntegrationFilter@9df564f, org.springframework.security.web.context.SecurityContextPersistenceFilter@19dc0d32, org.springframework.security.web.header.HeaderWriterFilter@2a87ba34, org.springframework.security.web.authentication.logout.LogoutFilter@b5b9333, org.springframework.security.oauth2.provider.authentication.OAuth2AuthenticationProcessingFilter@6cbb175, org.springframework.security.web.savedrequest.RequestCacheAwareFilter@7c96c85, org.springframework.security.web.servletapi.SecurityContextHolderAwareRequestFilter@184823ed, org.springframework.security.web.authentication.AnonymousAuthenticationFilter@1a21f43f, org.springframework.security.web.session.SessionManagementFilter@2c18a3ea, org.springframework.security.web.access.ExceptionTranslationFilter@65c17e38, org.springframework.security.web.access.intercept.FilterSecurityInterceptor@7302ff13]
2022-03-23 10:32:20.685 INFO  --- [main] org.apache.coyote.http11.Http11NioProtocol : Starting ProtocolHandler ["http-nio-9010"]
2022-03-23 10:32:20.718 INFO  --- [main] org.springframework.boot.web.embedded.tomcat.TomcatWebServer : Tomcat started on port(s): 9010 (http) with context path ''
2022-03-23 10:32:20.720 INFO  --- [main] org.springframework.scheduling.quartz.SchedulerFactoryBean : Starting Quartz Scheduler now
2022-03-23 10:32:20.720 INFO  --- [main] org.quartz.core.QuartzScheduler : Scheduler quartzScheduler_$_NON_CLUSTERED started.
2022-03-23 10:32:20.731 INFO  --- [main] com.mt.demo2.RunApplication : Started RunApplication in 11.269 seconds (JVM running for 14.006)
2022-03-23 10:32:25.199 INFO  --- [http-nio-9010-exec-2] org.apache.catalina.core.ContainerBase.[Tomcat].[localhost].[/] : Initializing Spring DispatcherServlet 'dispatcherServlet'
2022-03-23 10:32:25.200 INFO  --- [http-nio-9010-exec-2] org.springframework.web.servlet.DispatcherServlet : Initializing Servlet 'dispatcherServlet'
2022-03-23 10:32:25.211 INFO  --- [http-nio-9010-exec-2] org.springframework.web.servlet.DispatcherServlet : Completed initialization in 11 ms
2022-03-23 11:09:19.001 WARN  --- [base housekeeper] com.zaxxer.hikari.pool.HikariPool : base - Retrograde clock change detected (housekeeper delta=29s770ms), soft-evicting connections from pool.
2022-03-23 11:47:21.823 WARN  --- [base housekeeper] com.zaxxer.hikari.pool.HikariPool : base - Thread starvation or clock leap detected (housekeeper delta=55s565ms).
2022-03-23 11:47:50.589 WARN  --- [base housekeeper] com.zaxxer.hikari.pool.HikariPool : base - Retrograde clock change detected (housekeeper delta=28s768ms), soft-evicting connections from pool.
2022-03-23 12:04:24.423 WARN  --- [base housekeeper] com.zaxxer.hikari.pool.HikariPool : base - Thread starvation or clock leap detected (housekeeper delta=16m33s832ms).
2022-03-23 12:12:12.271 WARN  --- [base housekeeper] com.zaxxer.hikari.pool.HikariPool : base - Thread starvation or clock leap detected (housekeeper delta=7m17s838ms).
2022-03-23 12:30:20.720 WARN  --- [base housekeeper] com.zaxxer.hikari.pool.HikariPool : base - Thread starvation or clock leap detected (housekeeper delta=18m8s449ms).
2022-03-23 12:30:50.470 WARN  --- [base housekeeper] com.zaxxer.hikari.pool.HikariPool : base - Retrograde clock change detected (housekeeper delta=29s750ms), soft-evicting connections from pool.
2022-03-23 12:47:56.796 WARN  --- [base housekeeper] com.zaxxer.hikari.pool.HikariPool : base - Thread starvation or clock leap detected (housekeeper delta=17m6s326ms).
2022-03-23 13:03:52.695 WARN  --- [base housekeeper] com.zaxxer.hikari.pool.HikariPool : base - Thread starvation or clock leap detected (housekeeper delta=15m25s893ms).
2022-03-23 13:26:34.641 INFO  --- [SpringContextShutdownHook] org.quartz.core.QuartzScheduler : Scheduler quartzScheduler_$_NON_CLUSTERED paused.
2022-03-23 13:26:34.940 INFO  --- [SpringContextShutdownHook] org.springframework.scheduling.quartz.SchedulerFactoryBean : Shutting down Quartz Scheduler
2022-03-23 13:26:34.942 INFO  --- [SpringContextShutdownHook] org.quartz.core.QuartzScheduler : Scheduler quartzScheduler_$_NON_CLUSTERED shutting down.
2022-03-23 13:26:34.943 INFO  --- [SpringContextShutdownHook] org.quartz.core.QuartzScheduler : Scheduler quartzScheduler_$_NON_CLUSTERED paused.
2022-03-23 13:26:34.948 INFO  --- [SpringContextShutdownHook] org.quartz.core.QuartzScheduler : Scheduler quartzScheduler_$_NON_CLUSTERED shutdown complete.
2022-03-23 13:26:34.952 INFO  --- [SpringContextShutdownHook] org.springframework.scheduling.concurrent.ThreadPoolTaskExecutor : Shutting down ExecutorService 'applicationTaskExecutor'
2022-03-23 13:26:34.958 INFO  --- [SpringContextShutdownHook] com.baomidou.dynamic.datasource.DynamicRoutingDataSource : dynamic-datasource start closing ....
2022-03-23 13:26:34.960 INFO  --- [SpringContextShutdownHook] com.zaxxer.hikari.HikariDataSource : base - Shutdown initiated...
2022-03-23 13:26:34.981 INFO  --- [SpringContextShutdownHook] com.zaxxer.hikari.HikariDataSource : base - Shutdown completed.
2022-03-23 13:26:34.981 INFO  --- [SpringContextShutdownHook] com.baomidou.dynamic.datasource.DynamicRoutingDataSource : dynamic-datasource all closed success,bye
2022-03-23 13:26:45.289 INFO  --- [main] com.mt.demo2.RunApplication : Starting RunApplication on wuhaotiandeMacBook-Pro.local with PID 3475 (/Users/wuhaotian/Desktop/monitor-server/target/classes started by wuhaotian in /Users/wuhaotian/Desktop/monitor-server)
2022-03-23 13:26:45.299 INFO  --- [main] com.mt.demo2.RunApplication : No active profile set, falling back to default profiles: default
2022-03-23 13:26:48.903 INFO  --- [main] org.springframework.boot.web.embedded.tomcat.TomcatWebServer : Tomcat initialized with port(s): 9010 (http)
2022-03-23 13:26:48.918 INFO  --- [main] org.apache.coyote.http11.Http11NioProtocol : Initializing ProtocolHandler ["http-nio-9010"]
2022-03-23 13:26:48.919 INFO  --- [main] org.apache.catalina.core.StandardService : Starting service [Tomcat]
2022-03-23 13:26:48.919 INFO  --- [main] org.apache.catalina.core.StandardEngine : Starting Servlet engine: [Apache Tomcat/9.0.36]
2022-03-23 13:26:49.056 INFO  --- [main] org.apache.catalina.core.ContainerBase.[Tomcat].[localhost].[/] : Initializing Spring embedded WebApplicationContext
2022-03-23 13:26:49.056 INFO  --- [main] org.springframework.boot.web.servlet.context.ServletWebServerApplicationContext : Root WebApplicationContext: initialization completed in 3541 ms
2022-03-23 13:26:49.489 INFO  --- [main] com.zaxxer.hikari.HikariDataSource : base - Starting...
2022-03-23 13:26:50.462 INFO  --- [main] com.zaxxer.hikari.HikariDataSource : base - Start completed.
2022-03-23 13:26:50.464 INFO  --- [main] com.baomidou.dynamic.datasource.DynamicRoutingDataSource : dynamic-datasource - load a datasource named [base] success
2022-03-23 13:26:50.464 INFO  --- [main] com.baomidou.dynamic.datasource.DynamicRoutingDataSource : dynamic-datasource initial loaded [1] datasource,primary datasource named [base]
2022-03-23 13:26:51.187 ERROR --- [main] com.baomidou.mybatisplus.core.MybatisConfiguration : mapper[com.mt.dictionary.mapper.DictionaryMapper.getListOne] is ignored, because it exists, maybe from xml file
2022-03-23 13:26:51.729 INFO  --- [main] org.springframework.scheduling.concurrent.ThreadPoolTaskExecutor : Initializing ExecutorService 'applicationTaskExecutor'
2022-03-23 13:26:52.106 INFO  --- [main] org.quartz.impl.StdSchedulerFactory : Using default implementation for ThreadExecutor
2022-03-23 13:26:52.127 INFO  --- [main] org.quartz.core.SchedulerSignalerImpl : Initialized Scheduler Signaller of type: class org.quartz.core.SchedulerSignalerImpl
2022-03-23 13:26:52.127 INFO  --- [main] org.quartz.core.QuartzScheduler : Quartz Scheduler v.2.3.0 created.
2022-03-23 13:26:52.128 INFO  --- [main] org.quartz.simpl.RAMJobStore : RAMJobStore initialized.
2022-03-23 13:26:52.129 INFO  --- [main] org.quartz.core.QuartzScheduler : Scheduler meta-data: Quartz Scheduler (v2.3.0) 'quartzScheduler' with instanceId 'NON_CLUSTERED'
  Scheduler class: 'org.quartz.core.QuartzScheduler' - running locally.
  NOT STARTED.
  Currently in standby mode.
  Number of jobs executed: 0
  Using thread pool 'org.quartz.simpl.SimpleThreadPool' - with 10 threads.
  Using job-store 'org.quartz.simpl.RAMJobStore' - which does not support persistence. and is not clustered.

2022-03-23 13:26:52.130 INFO  --- [main] org.quartz.impl.StdSchedulerFactory : Quartz scheduler 'quartzScheduler' initialized from an externally provided properties instance.
2022-03-23 13:26:52.130 INFO  --- [main] org.quartz.impl.StdSchedulerFactory : Quartz scheduler version: 2.3.0
2022-03-23 13:26:52.130 INFO  --- [main] org.quartz.core.QuartzScheduler : JobFactory set to: org.springframework.scheduling.quartz.SpringBeanJobFactory@2807cf3
2022-03-23 13:26:52.199 INFO  --- [main] org.springframework.boot.autoconfigure.security.servlet.UserDetailsServiceAutoConfiguration : 

Using generated security password: 1d1aa933-fad3-4113-ab95-c1e25e93ae9e

2022-03-23 13:26:52.648 INFO  --- [main] org.springframework.security.web.DefaultSecurityFilterChain : Creating filter chain: any request, [org.springframework.security.web.context.request.async.WebAsyncManagerIntegrationFilter@1eb6037d, org.springframework.security.web.context.SecurityContextPersistenceFilter@4ab9d160, org.springframework.security.web.header.HeaderWriterFilter@5d297d4d, org.springframework.security.web.authentication.logout.LogoutFilter@6550ce46, org.springframework.security.oauth2.provider.authentication.OAuth2AuthenticationProcessingFilter@432a6a69, org.springframework.security.web.savedrequest.RequestCacheAwareFilter@35554635, org.springframework.security.web.servletapi.SecurityContextHolderAwareRequestFilter@1cb849b2, org.springframework.security.web.authentication.AnonymousAuthenticationFilter@335b3d6, org.springframework.security.web.session.SessionManagementFilter@37caecda, org.springframework.security.web.access.ExceptionTranslationFilter@457692cb, org.springframework.security.web.access.intercept.FilterSecurityInterceptor@6da646b8]
2022-03-23 13:26:52.769 INFO  --- [main] org.apache.coyote.http11.Http11NioProtocol : Starting ProtocolHandler ["http-nio-9010"]
2022-03-23 13:26:52.817 INFO  --- [main] org.springframework.boot.web.embedded.tomcat.TomcatWebServer : Tomcat started on port(s): 9010 (http) with context path ''
2022-03-23 13:26:52.820 INFO  --- [main] org.springframework.scheduling.quartz.SchedulerFactoryBean : Starting Quartz Scheduler now
2022-03-23 13:26:52.821 INFO  --- [main] org.quartz.core.QuartzScheduler : Scheduler quartzScheduler_$_NON_CLUSTERED started.
2022-03-23 13:26:52.835 INFO  --- [main] com.mt.demo2.RunApplication : Started RunApplication in 8.774 seconds (JVM running for 11.246)
2022-03-23 13:29:11.237 INFO  --- [SpringContextShutdownHook] org.quartz.core.QuartzScheduler : Scheduler quartzScheduler_$_NON_CLUSTERED paused.
2022-03-23 13:29:11.279 INFO  --- [SpringContextShutdownHook] org.springframework.scheduling.quartz.SchedulerFactoryBean : Shutting down Quartz Scheduler
2022-03-23 13:29:11.280 INFO  --- [SpringContextShutdownHook] org.quartz.core.QuartzScheduler : Scheduler quartzScheduler_$_NON_CLUSTERED shutting down.
2022-03-23 13:29:11.285 INFO  --- [SpringContextShutdownHook] org.quartz.core.QuartzScheduler : Scheduler quartzScheduler_$_NON_CLUSTERED paused.
2022-03-23 13:29:11.286 INFO  --- [SpringContextShutdownHook] org.quartz.core.QuartzScheduler : Scheduler quartzScheduler_$_NON_CLUSTERED shutdown complete.
2022-03-23 13:29:11.291 INFO  --- [SpringContextShutdownHook] org.springframework.scheduling.concurrent.ThreadPoolTaskExecutor : Shutting down ExecutorService 'applicationTaskExecutor'
2022-03-23 13:29:11.299 INFO  --- [SpringContextShutdownHook] com.baomidou.dynamic.datasource.DynamicRoutingDataSource : dynamic-datasource start closing ....
2022-03-23 13:29:11.301 INFO  --- [SpringContextShutdownHook] com.zaxxer.hikari.HikariDataSource : base - Shutdown initiated...
2022-03-23 13:29:11.359 INFO  --- [SpringContextShutdownHook] com.zaxxer.hikari.HikariDataSource : base - Shutdown completed.
2022-03-23 13:29:11.360 INFO  --- [SpringContextShutdownHook] com.baomidou.dynamic.datasource.DynamicRoutingDataSource : dynamic-datasource all closed success,bye
2022-03-23 13:29:20.225 INFO  --- [main] com.mt.demo2.RunApplication : Starting RunApplication on wuhaotiandeMacBook-Pro.local with PID 3485 (/Users/wuhaotian/Desktop/monitor-server/target/classes started by wuhaotian in /Users/wuhaotian/Desktop/monitor-server)
2022-03-23 13:29:20.230 INFO  --- [main] com.mt.demo2.RunApplication : No active profile set, falling back to default profiles: default
2022-03-23 13:29:22.516 INFO  --- [main] org.springframework.boot.web.embedded.tomcat.TomcatWebServer : Tomcat initialized with port(s): 9010 (http)
2022-03-23 13:29:22.527 INFO  --- [main] org.apache.coyote.http11.Http11NioProtocol : Initializing ProtocolHandler ["http-nio-9010"]
2022-03-23 13:29:22.529 INFO  --- [main] org.apache.catalina.core.StandardService : Starting service [Tomcat]
2022-03-23 13:29:22.529 INFO  --- [main] org.apache.catalina.core.StandardEngine : Starting Servlet engine: [Apache Tomcat/9.0.36]
2022-03-23 13:29:22.634 INFO  --- [main] org.apache.catalina.core.ContainerBase.[Tomcat].[localhost].[/] : Initializing Spring embedded WebApplicationContext
2022-03-23 13:29:22.634 INFO  --- [main] org.springframework.boot.web.servlet.context.ServletWebServerApplicationContext : Root WebApplicationContext: initialization completed in 2300 ms
2022-03-23 13:29:22.945 INFO  --- [main] com.zaxxer.hikari.HikariDataSource : base - Starting...
2022-03-23 13:29:23.851 INFO  --- [main] com.zaxxer.hikari.HikariDataSource : base - Start completed.
2022-03-23 13:29:23.852 INFO  --- [main] com.baomidou.dynamic.datasource.DynamicRoutingDataSource : dynamic-datasource - load a datasource named [base] success
2022-03-23 13:29:23.853 INFO  --- [main] com.baomidou.dynamic.datasource.DynamicRoutingDataSource : dynamic-datasource initial loaded [1] datasource,primary datasource named [base]
2022-03-23 13:29:24.531 ERROR --- [main] com.baomidou.mybatisplus.core.MybatisConfiguration : mapper[com.mt.dictionary.mapper.DictionaryMapper.getListOne] is ignored, because it exists, maybe from xml file
2022-03-23 13:29:25.052 INFO  --- [main] org.springframework.scheduling.concurrent.ThreadPoolTaskExecutor : Initializing ExecutorService 'applicationTaskExecutor'
2022-03-23 13:29:25.368 INFO  --- [main] org.quartz.impl.StdSchedulerFactory : Using default implementation for ThreadExecutor
2022-03-23 13:29:25.381 INFO  --- [main] org.quartz.core.SchedulerSignalerImpl : Initialized Scheduler Signaller of type: class org.quartz.core.SchedulerSignalerImpl
2022-03-23 13:29:25.382 INFO  --- [main] org.quartz.core.QuartzScheduler : Quartz Scheduler v.2.3.0 created.
2022-03-23 13:29:25.383 INFO  --- [main] org.quartz.simpl.RAMJobStore : RAMJobStore initialized.
2022-03-23 13:29:25.384 INFO  --- [main] org.quartz.core.QuartzScheduler : Scheduler meta-data: Quartz Scheduler (v2.3.0) 'quartzScheduler' with instanceId 'NON_CLUSTERED'
  Scheduler class: 'org.quartz.core.QuartzScheduler' - running locally.
  NOT STARTED.
  Currently in standby mode.
  Number of jobs executed: 0
  Using thread pool 'org.quartz.simpl.SimpleThreadPool' - with 10 threads.
  Using job-store 'org.quartz.simpl.RAMJobStore' - which does not support persistence. and is not clustered.

2022-03-23 13:29:25.384 INFO  --- [main] org.quartz.impl.StdSchedulerFactory : Quartz scheduler 'quartzScheduler' initialized from an externally provided properties instance.
2022-03-23 13:29:25.384 INFO  --- [main] org.quartz.impl.StdSchedulerFactory : Quartz scheduler version: 2.3.0
2022-03-23 13:29:25.384 INFO  --- [main] org.quartz.core.QuartzScheduler : JobFactory set to: org.springframework.scheduling.quartz.SpringBeanJobFactory@7752c0e7
2022-03-23 13:29:25.439 INFO  --- [main] org.springframework.boot.autoconfigure.security.servlet.UserDetailsServiceAutoConfiguration : 

Using generated security password: 14981aaf-b1d2-4783-aeec-61a8d8e293f1

2022-03-23 13:29:25.778 INFO  --- [main] org.springframework.security.web.DefaultSecurityFilterChain : Creating filter chain: any request, [org.springframework.security.web.context.request.async.WebAsyncManagerIntegrationFilter@e8c84eb, org.springframework.security.web.context.SecurityContextPersistenceFilter@45c408a4, org.springframework.security.web.header.HeaderWriterFilter@398f0516, org.springframework.security.web.authentication.logout.LogoutFilter@4c6fc3e7, org.springframework.security.oauth2.provider.authentication.OAuth2AuthenticationProcessingFilter@2cdb5974, org.springframework.security.web.savedrequest.RequestCacheAwareFilter@369a95a5, org.springframework.security.web.servletapi.SecurityContextHolderAwareRequestFilter@21c99abf, org.springframework.security.web.authentication.AnonymousAuthenticationFilter@f44d033, org.springframework.security.web.session.SessionManagementFilter@26495639, org.springframework.security.web.access.ExceptionTranslationFilter@295d54d6, org.springframework.security.web.access.intercept.FilterSecurityInterceptor@e7e455d]
2022-03-23 13:29:25.840 INFO  --- [main] org.apache.coyote.http11.Http11NioProtocol : Starting ProtocolHandler ["http-nio-9010"]
2022-03-23 13:29:25.880 INFO  --- [main] org.springframework.boot.web.embedded.tomcat.TomcatWebServer : Tomcat started on port(s): 9010 (http) with context path ''
2022-03-23 13:29:25.882 INFO  --- [main] org.springframework.scheduling.quartz.SchedulerFactoryBean : Starting Quartz Scheduler now
2022-03-23 13:29:25.882 INFO  --- [main] org.quartz.core.QuartzScheduler : Scheduler quartzScheduler_$_NON_CLUSTERED started.
2022-03-23 13:29:25.895 INFO  --- [main] com.mt.demo2.RunApplication : Started RunApplication in 6.702 seconds (JVM running for 8.973)
2022-03-23 13:30:11.507 INFO  --- [http-nio-9010-exec-2] org.apache.catalina.core.ContainerBase.[Tomcat].[localhost].[/] : Initializing Spring DispatcherServlet 'dispatcherServlet'
2022-03-23 13:30:11.509 INFO  --- [http-nio-9010-exec-2] org.springframework.web.servlet.DispatcherServlet : Initializing Servlet 'dispatcherServlet'
2022-03-23 13:30:11.539 INFO  --- [http-nio-9010-exec-2] org.springframework.web.servlet.DispatcherServlet : Completed initialization in 30 ms
2022-03-23 13:30:53.796 INFO  --- [SpringContextShutdownHook] org.quartz.core.QuartzScheduler : Scheduler quartzScheduler_$_NON_CLUSTERED paused.
2022-03-23 13:31:00.996 INFO  --- [SpringContextShutdownHook] org.springframework.scheduling.quartz.SchedulerFactoryBean : Shutting down Quartz Scheduler
2022-03-23 13:31:00.997 INFO  --- [SpringContextShutdownHook] org.quartz.core.QuartzScheduler : Scheduler quartzScheduler_$_NON_CLUSTERED shutting down.
2022-03-23 13:31:00.997 INFO  --- [SpringContextShutdownHook] org.quartz.core.QuartzScheduler : Scheduler quartzScheduler_$_NON_CLUSTERED paused.
2022-03-23 13:31:00.997 INFO  --- [SpringContextShutdownHook] org.quartz.core.QuartzScheduler : Scheduler quartzScheduler_$_NON_CLUSTERED shutdown complete.
2022-03-23 13:31:01.001 INFO  --- [SpringContextShutdownHook] org.springframework.scheduling.concurrent.ThreadPoolTaskExecutor : Shutting down ExecutorService 'applicationTaskExecutor'
2022-03-23 13:31:01.003 INFO  --- [SpringContextShutdownHook] com.baomidou.dynamic.datasource.DynamicRoutingDataSource : dynamic-datasource start closing ....
2022-03-23 13:31:01.004 INFO  --- [SpringContextShutdownHook] com.zaxxer.hikari.HikariDataSource : base - Shutdown initiated...
2022-03-23 13:31:01.016 INFO  --- [SpringContextShutdownHook] com.zaxxer.hikari.HikariDataSource : base - Shutdown completed.
2022-03-23 13:31:01.016 INFO  --- [SpringContextShutdownHook] com.baomidou.dynamic.datasource.DynamicRoutingDataSource : dynamic-datasource all closed success,bye
2022-03-23 13:32:26.491 INFO  --- [main] com.mt.demo2.RunApplication : Starting RunApplication on wuhaotiandeMacBook-Pro.local with PID 3504 (/Users/wuhaotian/Desktop/monitor-server/target/classes started by wuhaotian in /Users/wuhaotian/Desktop/monitor-server)
2022-03-23 13:32:26.496 INFO  --- [main] com.mt.demo2.RunApplication : No active profile set, falling back to default profiles: default
2022-03-23 13:32:28.662 INFO  --- [main] org.springframework.boot.web.embedded.tomcat.TomcatWebServer : Tomcat initialized with port(s): 9010 (http)
2022-03-23 13:32:28.673 INFO  --- [main] org.apache.coyote.http11.Http11NioProtocol : Initializing ProtocolHandler ["http-nio-9010"]
2022-03-23 13:32:28.674 INFO  --- [main] org.apache.catalina.core.StandardService : Starting service [Tomcat]
2022-03-23 13:32:28.674 INFO  --- [main] org.apache.catalina.core.StandardEngine : Starting Servlet engine: [Apache Tomcat/9.0.36]
2022-03-23 13:32:28.783 INFO  --- [main] org.apache.catalina.core.ContainerBase.[Tomcat].[localhost].[/] : Initializing Spring embedded WebApplicationContext
2022-03-23 13:32:28.783 INFO  --- [main] org.springframework.boot.web.servlet.context.ServletWebServerApplicationContext : Root WebApplicationContext: initialization completed in 2189 ms
2022-03-23 13:32:29.097 INFO  --- [main] com.zaxxer.hikari.HikariDataSource : base - Starting...
2022-03-23 13:32:29.875 INFO  --- [main] com.zaxxer.hikari.HikariDataSource : base - Start completed.
2022-03-23 13:32:29.877 INFO  --- [main] com.baomidou.dynamic.datasource.DynamicRoutingDataSource : dynamic-datasource - load a datasource named [base] success
2022-03-23 13:32:29.878 INFO  --- [main] com.baomidou.dynamic.datasource.DynamicRoutingDataSource : dynamic-datasource initial loaded [1] datasource,primary datasource named [base]
2022-03-23 13:32:30.573 ERROR --- [main] com.baomidou.mybatisplus.core.MybatisConfiguration : mapper[com.mt.dictionary.mapper.DictionaryMapper.getListOne] is ignored, because it exists, maybe from xml file
2022-03-23 13:32:31.113 INFO  --- [main] org.springframework.scheduling.concurrent.ThreadPoolTaskExecutor : Initializing ExecutorService 'applicationTaskExecutor'
2022-03-23 13:32:31.433 INFO  --- [main] org.quartz.impl.StdSchedulerFactory : Using default implementation for ThreadExecutor
2022-03-23 13:32:31.448 INFO  --- [main] org.quartz.core.SchedulerSignalerImpl : Initialized Scheduler Signaller of type: class org.quartz.core.SchedulerSignalerImpl
2022-03-23 13:32:31.448 INFO  --- [main] org.quartz.core.QuartzScheduler : Quartz Scheduler v.2.3.0 created.
2022-03-23 13:32:31.450 INFO  --- [main] org.quartz.simpl.RAMJobStore : RAMJobStore initialized.
2022-03-23 13:32:31.451 INFO  --- [main] org.quartz.core.QuartzScheduler : Scheduler meta-data: Quartz Scheduler (v2.3.0) 'quartzScheduler' with instanceId 'NON_CLUSTERED'
  Scheduler class: 'org.quartz.core.QuartzScheduler' - running locally.
  NOT STARTED.
  Currently in standby mode.
  Number of jobs executed: 0
  Using thread pool 'org.quartz.simpl.SimpleThreadPool' - with 10 threads.
  Using job-store 'org.quartz.simpl.RAMJobStore' - which does not support persistence. and is not clustered.

2022-03-23 13:32:31.451 INFO  --- [main] org.quartz.impl.StdSchedulerFactory : Quartz scheduler 'quartzScheduler' initialized from an externally provided properties instance.
2022-03-23 13:32:31.451 INFO  --- [main] org.quartz.impl.StdSchedulerFactory : Quartz scheduler version: 2.3.0
2022-03-23 13:32:31.451 INFO  --- [main] org.quartz.core.QuartzScheduler : JobFactory set to: org.springframework.scheduling.quartz.SpringBeanJobFactory@503556cb
2022-03-23 13:32:31.506 INFO  --- [main] org.springframework.boot.autoconfigure.security.servlet.UserDetailsServiceAutoConfiguration : 

Using generated security password: 682a5b8d-013c-4a0e-a778-7384042878c5

2022-03-23 13:32:31.905 INFO  --- [main] org.springframework.security.web.DefaultSecurityFilterChain : Creating filter chain: any request, [org.springframework.security.web.context.request.async.WebAsyncManagerIntegrationFilter@44485db, org.springframework.security.web.context.SecurityContextPersistenceFilter@1eb6037d, org.springframework.security.web.header.HeaderWriterFilter@12266084, org.springframework.security.web.authentication.logout.LogoutFilter@326706d, org.springframework.security.oauth2.provider.authentication.OAuth2AuthenticationProcessingFilter@1a66be41, org.springframework.security.web.savedrequest.RequestCacheAwareFilter@335b3d6, org.springframework.security.web.servletapi.SecurityContextHolderAwareRequestFilter@23bd2f6e, org.springframework.security.web.authentication.AnonymousAuthenticationFilter@1f6f0fe2, org.springframework.security.web.session.SessionManagementFilter@2444c3df, org.springframework.security.web.access.ExceptionTranslationFilter@2676d96a, org.springframework.security.web.access.intercept.FilterSecurityInterceptor@4c13ca07]
2022-03-23 13:32:31.975 INFO  --- [main] org.apache.coyote.http11.Http11NioProtocol : Starting ProtocolHandler ["http-nio-9010"]
2022-03-23 13:32:32.059 INFO  --- [main] org.springframework.boot.web.embedded.tomcat.TomcatWebServer : Tomcat started on port(s): 9010 (http) with context path ''
2022-03-23 13:32:32.061 INFO  --- [main] org.springframework.scheduling.quartz.SchedulerFactoryBean : Starting Quartz Scheduler now
2022-03-23 13:32:32.061 INFO  --- [main] org.quartz.core.QuartzScheduler : Scheduler quartzScheduler_$_NON_CLUSTERED started.
2022-03-23 13:32:32.075 INFO  --- [main] com.mt.demo2.RunApplication : Started RunApplication in 6.48 seconds (JVM running for 8.83)
2022-03-23 13:32:46.654 INFO  --- [http-nio-9010-exec-1] org.apache.catalina.core.ContainerBase.[Tomcat].[localhost].[/] : Initializing Spring DispatcherServlet 'dispatcherServlet'
2022-03-23 13:32:46.655 INFO  --- [http-nio-9010-exec-1] org.springframework.web.servlet.DispatcherServlet : Initializing Servlet 'dispatcherServlet'
2022-03-23 13:32:46.667 INFO  --- [http-nio-9010-exec-1] org.springframework.web.servlet.DispatcherServlet : Completed initialization in 12 ms
2022-03-23 13:35:45.825 WARN  --- [base housekeeper] com.zaxxer.hikari.pool.HikariPool : base - Thread starvation or clock leap detected (housekeeper delta=1m15s843ms).
2022-03-23 13:36:28.000 INFO  --- [SpringContextShutdownHook] org.quartz.core.QuartzScheduler : Scheduler quartzScheduler_$_NON_CLUSTERED paused.
2022-03-23 13:36:35.193 INFO  --- [SpringContextShutdownHook] org.springframework.scheduling.quartz.SchedulerFactoryBean : Shutting down Quartz Scheduler
2022-03-23 13:36:35.194 INFO  --- [SpringContextShutdownHook] org.quartz.core.QuartzScheduler : Scheduler quartzScheduler_$_NON_CLUSTERED shutting down.
2022-03-23 13:36:35.194 INFO  --- [SpringContextShutdownHook] org.quartz.core.QuartzScheduler : Scheduler quartzScheduler_$_NON_CLUSTERED paused.
2022-03-23 13:36:35.195 INFO  --- [SpringContextShutdownHook] org.quartz.core.QuartzScheduler : Scheduler quartzScheduler_$_NON_CLUSTERED shutdown complete.
2022-03-23 13:36:35.196 INFO  --- [SpringContextShutdownHook] org.springframework.scheduling.concurrent.ThreadPoolTaskExecutor : Shutting down ExecutorService 'applicationTaskExecutor'
2022-03-23 13:36:35.197 INFO  --- [SpringContextShutdownHook] com.baomidou.dynamic.datasource.DynamicRoutingDataSource : dynamic-datasource start closing ....
2022-03-23 13:36:35.198 INFO  --- [SpringContextShutdownHook] com.zaxxer.hikari.HikariDataSource : base - Shutdown initiated...
2022-03-23 13:36:35.208 INFO  --- [SpringContextShutdownHook] com.zaxxer.hikari.HikariDataSource : base - Shutdown completed.
2022-03-23 13:36:35.208 INFO  --- [SpringContextShutdownHook] com.baomidou.dynamic.datasource.DynamicRoutingDataSource : dynamic-datasource all closed success,bye
2022-03-23 13:36:46.117 INFO  --- [main] com.mt.demo2.RunApplication : Starting RunApplication on wuhaotiandeMacBook-Pro.local with PID 3530 (/Users/wuhaotian/Desktop/monitor-server/target/classes started by wuhaotian in /Users/wuhaotian/Desktop/monitor-server)
2022-03-23 13:36:46.122 INFO  --- [main] com.mt.demo2.RunApplication : No active profile set, falling back to default profiles: default
2022-03-23 13:36:48.334 INFO  --- [main] org.springframework.boot.web.embedded.tomcat.TomcatWebServer : Tomcat initialized with port(s): 9010 (http)
2022-03-23 13:36:48.346 INFO  --- [main] org.apache.coyote.http11.Http11NioProtocol : Initializing ProtocolHandler ["http-nio-9010"]
2022-03-23 13:36:48.348 INFO  --- [main] org.apache.catalina.core.StandardService : Starting service [Tomcat]
2022-03-23 13:36:48.348 INFO  --- [main] org.apache.catalina.core.StandardEngine : Starting Servlet engine: [Apache Tomcat/9.0.36]
2022-03-23 13:36:48.456 INFO  --- [main] org.apache.catalina.core.ContainerBase.[Tomcat].[localhost].[/] : Initializing Spring embedded WebApplicationContext
2022-03-23 13:36:48.456 INFO  --- [main] org.springframework.boot.web.servlet.context.ServletWebServerApplicationContext : Root WebApplicationContext: initialization completed in 2258 ms
2022-03-23 13:36:48.784 INFO  --- [main] com.zaxxer.hikari.HikariDataSource : base - Starting...
2022-03-23 13:36:49.524 INFO  --- [main] com.zaxxer.hikari.HikariDataSource : base - Start completed.
2022-03-23 13:36:49.526 INFO  --- [main] com.baomidou.dynamic.datasource.DynamicRoutingDataSource : dynamic-datasource - load a datasource named [base] success
2022-03-23 13:36:49.526 INFO  --- [main] com.baomidou.dynamic.datasource.DynamicRoutingDataSource : dynamic-datasource initial loaded [1] datasource,primary datasource named [base]
2022-03-23 13:36:50.220 ERROR --- [main] com.baomidou.mybatisplus.core.MybatisConfiguration : mapper[com.mt.dictionary.mapper.DictionaryMapper.getListOne] is ignored, because it exists, maybe from xml file
2022-03-23 13:36:50.734 INFO  --- [main] org.springframework.scheduling.concurrent.ThreadPoolTaskExecutor : Initializing ExecutorService 'applicationTaskExecutor'
2022-03-23 13:36:51.070 INFO  --- [main] org.quartz.impl.StdSchedulerFactory : Using default implementation for ThreadExecutor
2022-03-23 13:36:51.084 INFO  --- [main] org.quartz.core.SchedulerSignalerImpl : Initialized Scheduler Signaller of type: class org.quartz.core.SchedulerSignalerImpl
2022-03-23 13:36:51.084 INFO  --- [main] org.quartz.core.QuartzScheduler : Quartz Scheduler v.2.3.0 created.
2022-03-23 13:36:51.085 INFO  --- [main] org.quartz.simpl.RAMJobStore : RAMJobStore initialized.
2022-03-23 13:36:51.086 INFO  --- [main] org.quartz.core.QuartzScheduler : Scheduler meta-data: Quartz Scheduler (v2.3.0) 'quartzScheduler' with instanceId 'NON_CLUSTERED'
  Scheduler class: 'org.quartz.core.QuartzScheduler' - running locally.
  NOT STARTED.
  Currently in standby mode.
  Number of jobs executed: 0
  Using thread pool 'org.quartz.simpl.SimpleThreadPool' - with 10 threads.
  Using job-store 'org.quartz.simpl.RAMJobStore' - which does not support persistence. and is not clustered.

2022-03-23 13:36:51.087 INFO  --- [main] org.quartz.impl.StdSchedulerFactory : Quartz scheduler 'quartzScheduler' initialized from an externally provided properties instance.
2022-03-23 13:36:51.087 INFO  --- [main] org.quartz.impl.StdSchedulerFactory : Quartz scheduler version: 2.3.0
2022-03-23 13:36:51.087 INFO  --- [main] org.quartz.core.QuartzScheduler : JobFactory set to: org.springframework.scheduling.quartz.SpringBeanJobFactory@7d537616
2022-03-23 13:36:51.143 INFO  --- [main] org.springframework.boot.autoconfigure.security.servlet.UserDetailsServiceAutoConfiguration : 

Using generated security password: 548ad107-c8fc-43f2-9d1e-9abb32853fb8

2022-03-23 13:36:51.483 INFO  --- [main] org.springframework.security.web.DefaultSecurityFilterChain : Creating filter chain: any request, [org.springframework.security.web.context.request.async.WebAsyncManagerIntegrationFilter@7434ee13, org.springframework.security.web.context.SecurityContextPersistenceFilter@69f69078, org.springframework.security.web.header.HeaderWriterFilter@55881f40, org.springframework.security.web.authentication.logout.LogoutFilter@c5a2d5, org.springframework.security.oauth2.provider.authentication.OAuth2AuthenticationProcessingFilter@77020328, org.springframework.security.web.savedrequest.RequestCacheAwareFilter@25589735, org.springframework.security.web.servletapi.SecurityContextHolderAwareRequestFilter@2b8cf049, org.springframework.security.web.authentication.AnonymousAuthenticationFilter@44a14de0, org.springframework.security.web.session.SessionManagementFilter@590dea35, org.springframework.security.web.access.ExceptionTranslationFilter@34eaf9c1, org.springframework.security.web.access.intercept.FilterSecurityInterceptor@13374ca6]
2022-03-23 13:36:51.557 INFO  --- [main] org.apache.coyote.http11.Http11NioProtocol : Starting ProtocolHandler ["http-nio-9010"]
2022-03-23 13:36:51.599 INFO  --- [main] org.springframework.boot.web.embedded.tomcat.TomcatWebServer : Tomcat started on port(s): 9010 (http) with context path ''
2022-03-23 13:36:51.601 INFO  --- [main] org.springframework.scheduling.quartz.SchedulerFactoryBean : Starting Quartz Scheduler now
2022-03-23 13:36:51.601 INFO  --- [main] org.quartz.core.QuartzScheduler : Scheduler quartzScheduler_$_NON_CLUSTERED started.
2022-03-23 13:36:51.614 INFO  --- [main] com.mt.demo2.RunApplication : Started RunApplication in 6.422 seconds (JVM running for 8.349)
2022-03-23 13:37:57.967 INFO  --- [http-nio-9010-exec-2] org.apache.catalina.core.ContainerBase.[Tomcat].[localhost].[/] : Initializing Spring DispatcherServlet 'dispatcherServlet'
2022-03-23 13:37:57.968 INFO  --- [http-nio-9010-exec-2] org.springframework.web.servlet.DispatcherServlet : Initializing Servlet 'dispatcherServlet'
2022-03-23 13:37:57.988 INFO  --- [http-nio-9010-exec-2] org.springframework.web.servlet.DispatcherServlet : Completed initialization in 20 ms
2022-03-23 13:42:03.996 WARN  --- [base housekeeper] com.zaxxer.hikari.pool.HikariPool : base - Thread starvation or clock leap detected (housekeeper delta=2m14s359ms).
2022-03-23 13:47:56.960 WARN  --- [base housekeeper] com.zaxxer.hikari.pool.HikariPool : base - Thread starvation or clock leap detected (housekeeper delta=5m22s323ms).
2022-03-23 13:48:48.477 WARN  --- [base housekeeper] com.zaxxer.hikari.pool.HikariPool : base - Thread starvation or clock leap detected (housekeeper delta=51s523ms).
2022-03-23 13:51:06.017 WARN  --- [base housekeeper] com.zaxxer.hikari.pool.HikariPool : base - Thread starvation or clock leap detected (housekeeper delta=47s532ms).
2022-03-23 13:54:16.120 INFO  --- [SpringContextShutdownHook] org.quartz.core.QuartzScheduler : Scheduler quartzScheduler_$_NON_CLUSTERED paused.
2022-03-23 13:54:16.161 INFO  --- [SpringContextShutdownHook] org.springframework.scheduling.quartz.SchedulerFactoryBean : Shutting down Quartz Scheduler
2022-03-23 13:54:16.161 INFO  --- [SpringContextShutdownHook] org.quartz.core.QuartzScheduler : Scheduler quartzScheduler_$_NON_CLUSTERED shutting down.
2022-03-23 13:54:16.161 INFO  --- [SpringContextShutdownHook] org.quartz.core.QuartzScheduler : Scheduler quartzScheduler_$_NON_CLUSTERED paused.
2022-03-23 13:54:16.162 INFO  --- [SpringContextShutdownHook] org.quartz.core.QuartzScheduler : Scheduler quartzScheduler_$_NON_CLUSTERED shutdown complete.
2022-03-23 13:54:16.165 INFO  --- [SpringContextShutdownHook] org.springframework.scheduling.concurrent.ThreadPoolTaskExecutor : Shutting down ExecutorService 'applicationTaskExecutor'
2022-03-23 13:54:16.167 INFO  --- [SpringContextShutdownHook] com.baomidou.dynamic.datasource.DynamicRoutingDataSource : dynamic-datasource start closing ....
2022-03-23 13:54:16.167 INFO  --- [SpringContextShutdownHook] com.zaxxer.hikari.HikariDataSource : base - Shutdown initiated...
2022-03-23 13:54:16.179 INFO  --- [SpringContextShutdownHook] com.zaxxer.hikari.HikariDataSource : base - Shutdown completed.
2022-03-23 13:54:16.179 INFO  --- [SpringContextShutdownHook] com.baomidou.dynamic.datasource.DynamicRoutingDataSource : dynamic-datasource all closed success,bye
2022-03-23 13:54:26.611 INFO  --- [main] com.mt.demo2.RunApplication : Starting RunApplication on wuhaotiandeMacBook-Pro.local with PID 3599 (/Users/wuhaotian/Desktop/monitor-server/target/classes started by wuhaotian in /Users/wuhaotian/Desktop/monitor-server)
2022-03-23 13:54:26.621 INFO  --- [main] com.mt.demo2.RunApplication : No active profile set, falling back to default profiles: default
2022-03-23 13:54:28.924 INFO  --- [main] org.springframework.boot.web.embedded.tomcat.TomcatWebServer : Tomcat initialized with port(s): 9010 (http)
2022-03-23 13:54:28.934 INFO  --- [main] org.apache.coyote.http11.Http11NioProtocol : Initializing ProtocolHandler ["http-nio-9010"]
2022-03-23 13:54:28.935 INFO  --- [main] org.apache.catalina.core.StandardService : Starting service [Tomcat]
2022-03-23 13:54:28.936 INFO  --- [main] org.apache.catalina.core.StandardEngine : Starting Servlet engine: [Apache Tomcat/9.0.36]
2022-03-23 13:54:29.048 INFO  --- [main] org.apache.catalina.core.ContainerBase.[Tomcat].[localhost].[/] : Initializing Spring embedded WebApplicationContext
2022-03-23 13:54:29.048 INFO  --- [main] org.springframework.boot.web.servlet.context.ServletWebServerApplicationContext : Root WebApplicationContext: initialization completed in 2281 ms
2022-03-23 13:54:29.362 INFO  --- [main] com.zaxxer.hikari.HikariDataSource : base - Starting...
2022-03-23 13:54:30.171 INFO  --- [main] com.zaxxer.hikari.HikariDataSource : base - Start completed.
2022-03-23 13:54:30.172 INFO  --- [main] com.baomidou.dynamic.datasource.DynamicRoutingDataSource : dynamic-datasource - load a datasource named [base] success
2022-03-23 13:54:30.172 INFO  --- [main] com.baomidou.dynamic.datasource.DynamicRoutingDataSource : dynamic-datasource initial loaded [1] datasource,primary datasource named [base]
2022-03-23 13:54:30.987 ERROR --- [main] com.baomidou.mybatisplus.core.MybatisConfiguration : mapper[com.mt.dictionary.mapper.DictionaryMapper.getListOne] is ignored, because it exists, maybe from xml file
2022-03-23 13:54:31.472 INFO  --- [main] org.springframework.scheduling.concurrent.ThreadPoolTaskExecutor : Initializing ExecutorService 'applicationTaskExecutor'
2022-03-23 13:54:31.790 INFO  --- [main] org.quartz.impl.StdSchedulerFactory : Using default implementation for ThreadExecutor
2022-03-23 13:54:31.803 INFO  --- [main] org.quartz.core.SchedulerSignalerImpl : Initialized Scheduler Signaller of type: class org.quartz.core.SchedulerSignalerImpl
2022-03-23 13:54:31.803 INFO  --- [main] org.quartz.core.QuartzScheduler : Quartz Scheduler v.2.3.0 created.
2022-03-23 13:54:31.804 INFO  --- [main] org.quartz.simpl.RAMJobStore : RAMJobStore initialized.
2022-03-23 13:54:31.805 INFO  --- [main] org.quartz.core.QuartzScheduler : Scheduler meta-data: Quartz Scheduler (v2.3.0) 'quartzScheduler' with instanceId 'NON_CLUSTERED'
  Scheduler class: 'org.quartz.core.QuartzScheduler' - running locally.
  NOT STARTED.
  Currently in standby mode.
  Number of jobs executed: 0
  Using thread pool 'org.quartz.simpl.SimpleThreadPool' - with 10 threads.
  Using job-store 'org.quartz.simpl.RAMJobStore' - which does not support persistence. and is not clustered.

2022-03-23 13:54:31.806 INFO  --- [main] org.quartz.impl.StdSchedulerFactory : Quartz scheduler 'quartzScheduler' initialized from an externally provided properties instance.
2022-03-23 13:54:31.806 INFO  --- [main] org.quartz.impl.StdSchedulerFactory : Quartz scheduler version: 2.3.0
2022-03-23 13:54:31.806 INFO  --- [main] org.quartz.core.QuartzScheduler : JobFactory set to: org.springframework.scheduling.quartz.SpringBeanJobFactory@f48a080
2022-03-23 13:54:31.894 INFO  --- [main] org.springframework.boot.autoconfigure.security.servlet.UserDetailsServiceAutoConfiguration : 

Using generated security password: ad274998-ccba-4b3e-a839-5d5af1c3ab28

2022-03-23 13:54:32.226 INFO  --- [main] org.springframework.security.web.DefaultSecurityFilterChain : Creating filter chain: any request, [org.springframework.security.web.context.request.async.WebAsyncManagerIntegrationFilter@49a06087, org.springframework.security.web.context.SecurityContextPersistenceFilter@3ec7eb5, org.springframework.security.web.header.HeaderWriterFilter@35f760a4, org.springframework.security.web.authentication.logout.LogoutFilter@1b98355f, org.springframework.security.oauth2.provider.authentication.OAuth2AuthenticationProcessingFilter@26a33cf, org.springframework.security.web.savedrequest.RequestCacheAwareFilter@4c6fc3e7, org.springframework.security.web.servletapi.SecurityContextHolderAwareRequestFilter@6d4502ca, org.springframework.security.web.authentication.AnonymousAuthenticationFilter@2c15034f, org.springframework.security.web.session.SessionManagementFilter@5d68954d, org.springframework.security.web.access.ExceptionTranslationFilter@4e1a3d5a, org.springframework.security.web.access.intercept.FilterSecurityInterceptor@65015a49]
2022-03-23 13:54:32.288 INFO  --- [main] org.apache.coyote.http11.Http11NioProtocol : Starting ProtocolHandler ["http-nio-9010"]
2022-03-23 13:54:32.327 INFO  --- [main] org.springframework.boot.web.embedded.tomcat.TomcatWebServer : Tomcat started on port(s): 9010 (http) with context path ''
2022-03-23 13:54:32.329 INFO  --- [main] org.springframework.scheduling.quartz.SchedulerFactoryBean : Starting Quartz Scheduler now
2022-03-23 13:54:32.329 INFO  --- [main] org.quartz.core.QuartzScheduler : Scheduler quartzScheduler_$_NON_CLUSTERED started.
2022-03-23 13:54:32.341 INFO  --- [main] com.mt.demo2.RunApplication : Started RunApplication in 7.101 seconds (JVM running for 9.039)
2022-03-23 13:54:52.267 INFO  --- [http-nio-9010-exec-2] org.apache.catalina.core.ContainerBase.[Tomcat].[localhost].[/] : Initializing Spring DispatcherServlet 'dispatcherServlet'
2022-03-23 13:54:52.267 INFO  --- [http-nio-9010-exec-2] org.springframework.web.servlet.DispatcherServlet : Initializing Servlet 'dispatcherServlet'
2022-03-23 13:54:52.280 INFO  --- [http-nio-9010-exec-2] org.springframework.web.servlet.DispatcherServlet : Completed initialization in 12 ms
2022-03-23 13:55:25.891 WARN  --- [base housekeeper] com.zaxxer.hikari.pool.HikariPool : base - Thread starvation or clock leap detected (housekeeper delta=55s616ms).
2022-03-23 13:55:25.968 INFO  --- [SpringContextShutdownHook] org.quartz.core.QuartzScheduler : Scheduler quartzScheduler_$_NON_CLUSTERED paused.
2022-03-23 13:55:33.205 INFO  --- [SpringContextShutdownHook] org.springframework.scheduling.quartz.SchedulerFactoryBean : Shutting down Quartz Scheduler
2022-03-23 13:55:33.205 INFO  --- [SpringContextShutdownHook] org.quartz.core.QuartzScheduler : Scheduler quartzScheduler_$_NON_CLUSTERED shutting down.
2022-03-23 13:55:33.205 INFO  --- [SpringContextShutdownHook] org.quartz.core.QuartzScheduler : Scheduler quartzScheduler_$_NON_CLUSTERED paused.
2022-03-23 13:55:33.206 INFO  --- [SpringContextShutdownHook] org.quartz.core.QuartzScheduler : Scheduler quartzScheduler_$_NON_CLUSTERED shutdown complete.
2022-03-23 13:55:33.209 INFO  --- [SpringContextShutdownHook] org.springframework.scheduling.concurrent.ThreadPoolTaskExecutor : Shutting down ExecutorService 'applicationTaskExecutor'
2022-03-23 13:55:33.210 INFO  --- [SpringContextShutdownHook] com.baomidou.dynamic.datasource.DynamicRoutingDataSource : dynamic-datasource start closing ....
2022-03-23 13:55:33.211 INFO  --- [SpringContextShutdownHook] com.zaxxer.hikari.HikariDataSource : base - Shutdown initiated...
2022-03-23 13:55:33.226 INFO  --- [SpringContextShutdownHook] com.zaxxer.hikari.HikariDataSource : base - Shutdown completed.
2022-03-23 13:55:33.227 INFO  --- [SpringContextShutdownHook] com.baomidou.dynamic.datasource.DynamicRoutingDataSource : dynamic-datasource all closed success,bye
2022-03-23 13:56:00.679 INFO  --- [main] com.mt.demo2.RunApplication : Starting RunApplication on wuhaotiandeMacBook-Pro.local with PID 3610 (/Users/wuhaotian/Desktop/monitor-server/target/classes started by wuhaotian in /Users/wuhaotian/Desktop/monitor-server)
2022-03-23 13:56:00.690 INFO  --- [main] com.mt.demo2.RunApplication : No active profile set, falling back to default profiles: default
2022-03-23 13:56:02.718 INFO  --- [main] org.springframework.boot.web.embedded.tomcat.TomcatWebServer : Tomcat initialized with port(s): 9010 (http)
2022-03-23 13:56:02.729 INFO  --- [main] org.apache.coyote.http11.Http11NioProtocol : Initializing ProtocolHandler ["http-nio-9010"]
2022-03-23 13:56:02.730 INFO  --- [main] org.apache.catalina.core.StandardService : Starting service [Tomcat]
2022-03-23 13:56:02.731 INFO  --- [main] org.apache.catalina.core.StandardEngine : Starting Servlet engine: [Apache Tomcat/9.0.36]
2022-03-23 13:56:02.836 INFO  --- [main] org.apache.catalina.core.ContainerBase.[Tomcat].[localhost].[/] : Initializing Spring embedded WebApplicationContext
2022-03-23 13:56:02.836 INFO  --- [main] org.springframework.boot.web.servlet.context.ServletWebServerApplicationContext : Root WebApplicationContext: initialization completed in 2063 ms
2022-03-23 13:56:03.173 INFO  --- [main] com.zaxxer.hikari.HikariDataSource : base - Starting...
2022-03-23 13:56:04.093 INFO  --- [main] com.zaxxer.hikari.HikariDataSource : base - Start completed.
2022-03-23 13:56:04.094 INFO  --- [main] com.baomidou.dynamic.datasource.DynamicRoutingDataSource : dynamic-datasource - load a datasource named [base] success
2022-03-23 13:56:04.094 INFO  --- [main] com.baomidou.dynamic.datasource.DynamicRoutingDataSource : dynamic-datasource initial loaded [1] datasource,primary datasource named [base]
2022-03-23 13:56:04.751 ERROR --- [main] com.baomidou.mybatisplus.core.MybatisConfiguration : mapper[com.mt.dictionary.mapper.DictionaryMapper.getListOne] is ignored, because it exists, maybe from xml file
2022-03-23 13:56:05.340 INFO  --- [main] org.springframework.scheduling.concurrent.ThreadPoolTaskExecutor : Initializing ExecutorService 'applicationTaskExecutor'
2022-03-23 13:56:05.661 INFO  --- [main] org.quartz.impl.StdSchedulerFactory : Using default implementation for ThreadExecutor
2022-03-23 13:56:05.675 INFO  --- [main] org.quartz.core.SchedulerSignalerImpl : Initialized Scheduler Signaller of type: class org.quartz.core.SchedulerSignalerImpl
2022-03-23 13:56:05.675 INFO  --- [main] org.quartz.core.QuartzScheduler : Quartz Scheduler v.2.3.0 created.
2022-03-23 13:56:05.676 INFO  --- [main] org.quartz.simpl.RAMJobStore : RAMJobStore initialized.
2022-03-23 13:56:05.677 INFO  --- [main] org.quartz.core.QuartzScheduler : Scheduler meta-data: Quartz Scheduler (v2.3.0) 'quartzScheduler' with instanceId 'NON_CLUSTERED'
  Scheduler class: 'org.quartz.core.QuartzScheduler' - running locally.
  NOT STARTED.
  Currently in standby mode.
  Number of jobs executed: 0
  Using thread pool 'org.quartz.simpl.SimpleThreadPool' - with 10 threads.
  Using job-store 'org.quartz.simpl.RAMJobStore' - which does not support persistence. and is not clustered.

2022-03-23 13:56:05.678 INFO  --- [main] org.quartz.impl.StdSchedulerFactory : Quartz scheduler 'quartzScheduler' initialized from an externally provided properties instance.
2022-03-23 13:56:05.678 INFO  --- [main] org.quartz.impl.StdSchedulerFactory : Quartz scheduler version: 2.3.0
2022-03-23 13:56:05.678 INFO  --- [main] org.quartz.core.QuartzScheduler : JobFactory set to: org.springframework.scheduling.quartz.SpringBeanJobFactory@6ba0ee4a
2022-03-23 13:56:05.732 INFO  --- [main] org.springframework.boot.autoconfigure.security.servlet.UserDetailsServiceAutoConfiguration : 

Using generated security password: 1dca1d99-bf29-4186-b5af-352cb89257cc

2022-03-23 13:56:06.082 INFO  --- [main] org.springframework.security.web.DefaultSecurityFilterChain : Creating filter chain: any request, [org.springframework.security.web.context.request.async.WebAsyncManagerIntegrationFilter@6e668322, org.springframework.security.web.context.SecurityContextPersistenceFilter@e6e5da4, org.springframework.security.web.header.HeaderWriterFilter@7b29cdea, org.springframework.security.web.authentication.logout.LogoutFilter@2444c3df, org.springframework.security.oauth2.provider.authentication.OAuth2AuthenticationProcessingFilter@7402c49f, org.springframework.security.web.savedrequest.RequestCacheAwareFilter@720c8f80, org.springframework.security.web.servletapi.SecurityContextHolderAwareRequestFilter@36d7a68a, org.springframework.security.web.authentication.AnonymousAuthenticationFilter@75ee6f89, org.springframework.security.web.session.SessionManagementFilter@1dcca426, org.springframework.security.web.access.ExceptionTranslationFilter@6bc25ac2, org.springframework.security.web.access.intercept.FilterSecurityInterceptor@b2da3a5]
2022-03-23 13:56:06.154 INFO  --- [main] org.apache.coyote.http11.Http11NioProtocol : Starting ProtocolHandler ["http-nio-9010"]
2022-03-23 13:56:06.194 INFO  --- [main] org.springframework.boot.web.embedded.tomcat.TomcatWebServer : Tomcat started on port(s): 9010 (http) with context path ''
2022-03-23 13:56:06.196 INFO  --- [main] org.springframework.scheduling.quartz.SchedulerFactoryBean : Starting Quartz Scheduler now
2022-03-23 13:56:06.197 INFO  --- [main] org.quartz.core.QuartzScheduler : Scheduler quartzScheduler_$_NON_CLUSTERED started.
2022-03-23 13:56:06.210 INFO  --- [main] com.mt.demo2.RunApplication : Started RunApplication in 6.316 seconds (JVM running for 8.613)
2022-03-23 13:56:12.835 INFO  --- [http-nio-9010-exec-2] org.apache.catalina.core.ContainerBase.[Tomcat].[localhost].[/] : Initializing Spring DispatcherServlet 'dispatcherServlet'
2022-03-23 13:56:12.836 INFO  --- [http-nio-9010-exec-2] org.springframework.web.servlet.DispatcherServlet : Initializing Servlet 'dispatcherServlet'
2022-03-23 13:56:12.847 INFO  --- [http-nio-9010-exec-2] org.springframework.web.servlet.DispatcherServlet : Completed initialization in 11 ms
2022-03-23 14:04:31.106 WARN  --- [base housekeeper] com.zaxxer.hikari.pool.HikariPool : base - Thread starvation or clock leap detected (housekeeper delta=8m26s913ms).
2022-03-23 14:04:31.194 INFO  --- [SpringContextShutdownHook] org.quartz.core.QuartzScheduler : Scheduler quartzScheduler_$_NON_CLUSTERED paused.
2022-03-23 14:04:38.458 INFO  --- [SpringContextShutdownHook] org.springframework.scheduling.quartz.SchedulerFactoryBean : Shutting down Quartz Scheduler
2022-03-23 14:04:38.459 INFO  --- [SpringContextShutdownHook] org.quartz.core.QuartzScheduler : Scheduler quartzScheduler_$_NON_CLUSTERED shutting down.
2022-03-23 14:04:38.461 INFO  --- [SpringContextShutdownHook] org.quartz.core.QuartzScheduler : Scheduler quartzScheduler_$_NON_CLUSTERED paused.
2022-03-23 14:04:38.474 INFO  --- [SpringContextShutdownHook] org.quartz.core.QuartzScheduler : Scheduler quartzScheduler_$_NON_CLUSTERED shutdown complete.
2022-03-23 14:04:38.476 INFO  --- [SpringContextShutdownHook] org.springframework.scheduling.concurrent.ThreadPoolTaskExecutor : Shutting down ExecutorService 'applicationTaskExecutor'
2022-03-23 14:04:38.478 INFO  --- [SpringContextShutdownHook] com.baomidou.dynamic.datasource.DynamicRoutingDataSource : dynamic-datasource start closing ....
2022-03-23 14:04:38.479 INFO  --- [SpringContextShutdownHook] com.zaxxer.hikari.HikariDataSource : base - Shutdown initiated...
2022-03-23 14:04:38.560 INFO  --- [SpringContextShutdownHook] com.zaxxer.hikari.HikariDataSource : base - Shutdown completed.
2022-03-23 14:04:38.561 INFO  --- [SpringContextShutdownHook] com.baomidou.dynamic.datasource.DynamicRoutingDataSource : dynamic-datasource all closed success,bye
2022-03-23 14:05:17.808 INFO  --- [main] com.mt.demo2.RunApplication : Starting RunApplication on wuhaotiandeMacBook-Pro.local with PID 3653 (/Users/wuhaotian/Desktop/monitor-server/target/classes started by wuhaotian in /Users/wuhaotian/Desktop/monitor-server)
2022-03-23 14:05:17.813 INFO  --- [main] com.mt.demo2.RunApplication : No active profile set, falling back to default profiles: default
2022-03-23 14:05:20.015 INFO  --- [main] org.springframework.boot.web.embedded.tomcat.TomcatWebServer : Tomcat initialized with port(s): 9010 (http)
2022-03-23 14:05:20.024 INFO  --- [main] org.apache.coyote.http11.Http11NioProtocol : Initializing ProtocolHandler ["http-nio-9010"]
2022-03-23 14:05:20.026 INFO  --- [main] org.apache.catalina.core.StandardService : Starting service [Tomcat]
2022-03-23 14:05:20.026 INFO  --- [main] org.apache.catalina.core.StandardEngine : Starting Servlet engine: [Apache Tomcat/9.0.36]
2022-03-23 14:05:20.129 INFO  --- [main] org.apache.catalina.core.ContainerBase.[Tomcat].[localhost].[/] : Initializing Spring embedded WebApplicationContext
2022-03-23 14:05:20.130 INFO  --- [main] org.springframework.boot.web.servlet.context.ServletWebServerApplicationContext : Root WebApplicationContext: initialization completed in 2224 ms
2022-03-23 14:05:20.444 INFO  --- [main] com.zaxxer.hikari.HikariDataSource : base - Starting...
2022-03-23 14:05:21.369 INFO  --- [main] com.zaxxer.hikari.HikariDataSource : base - Start completed.
2022-03-23 14:05:21.371 INFO  --- [main] com.baomidou.dynamic.datasource.DynamicRoutingDataSource : dynamic-datasource - load a datasource named [base] success
2022-03-23 14:05:21.371 INFO  --- [main] com.baomidou.dynamic.datasource.DynamicRoutingDataSource : dynamic-datasource initial loaded [1] datasource,primary datasource named [base]
2022-03-23 14:05:22.027 ERROR --- [main] com.baomidou.mybatisplus.core.MybatisConfiguration : mapper[com.mt.dictionary.mapper.DictionaryMapper.getListOne] is ignored, because it exists, maybe from xml file
2022-03-23 14:05:22.552 INFO  --- [main] org.springframework.scheduling.concurrent.ThreadPoolTaskExecutor : Initializing ExecutorService 'applicationTaskExecutor'
2022-03-23 14:05:22.973 INFO  --- [main] org.quartz.impl.StdSchedulerFactory : Using default implementation for ThreadExecutor
2022-03-23 14:05:23.002 INFO  --- [main] org.quartz.core.SchedulerSignalerImpl : Initialized Scheduler Signaller of type: class org.quartz.core.SchedulerSignalerImpl
2022-03-23 14:05:23.002 INFO  --- [main] org.quartz.core.QuartzScheduler : Quartz Scheduler v.2.3.0 created.
2022-03-23 14:05:23.004 INFO  --- [main] org.quartz.simpl.RAMJobStore : RAMJobStore initialized.
2022-03-23 14:05:23.006 INFO  --- [main] org.quartz.core.QuartzScheduler : Scheduler meta-data: Quartz Scheduler (v2.3.0) 'quartzScheduler' with instanceId 'NON_CLUSTERED'
  Scheduler class: 'org.quartz.core.QuartzScheduler' - running locally.
  NOT STARTED.
  Currently in standby mode.
  Number of jobs executed: 0
  Using thread pool 'org.quartz.simpl.SimpleThreadPool' - with 10 threads.
  Using job-store 'org.quartz.simpl.RAMJobStore' - which does not support persistence. and is not clustered.

2022-03-23 14:05:23.006 INFO  --- [main] org.quartz.impl.StdSchedulerFactory : Quartz scheduler 'quartzScheduler' initialized from an externally provided properties instance.
2022-03-23 14:05:23.006 INFO  --- [main] org.quartz.impl.StdSchedulerFactory : Quartz scheduler version: 2.3.0
2022-03-23 14:05:23.006 INFO  --- [main] org.quartz.core.QuartzScheduler : JobFactory set to: org.springframework.scheduling.quartz.SpringBeanJobFactory@338d47b
2022-03-23 14:05:23.084 INFO  --- [main] org.springframework.boot.autoconfigure.security.servlet.UserDetailsServiceAutoConfiguration : 

Using generated security password: 06429f4a-e7c8-490f-9e1a-d7a55ea0fb4b

2022-03-23 14:05:23.575 INFO  --- [main] org.springframework.security.web.DefaultSecurityFilterChain : Creating filter chain: any request, [org.springframework.security.web.context.request.async.WebAsyncManagerIntegrationFilter@4e52d2f2, org.springframework.security.web.context.SecurityContextPersistenceFilter@79295932, org.springframework.security.web.header.HeaderWriterFilter@4ac19bc6, org.springframework.security.web.authentication.logout.LogoutFilter@702b656a, org.springframework.security.oauth2.provider.authentication.OAuth2AuthenticationProcessingFilter@39afe59f, org.springframework.security.web.savedrequest.RequestCacheAwareFilter@76e00bdb, org.springframework.security.web.servletapi.SecurityContextHolderAwareRequestFilter@4dac40b, org.springframework.security.web.authentication.AnonymousAuthenticationFilter@12608986, org.springframework.security.web.session.SessionManagementFilter@5f20b6fe, org.springframework.security.web.access.ExceptionTranslationFilter@49d543a9, org.springframework.security.web.access.intercept.FilterSecurityInterceptor@6ca33187]
2022-03-23 14:05:23.653 INFO  --- [main] org.apache.coyote.http11.Http11NioProtocol : Starting ProtocolHandler ["http-nio-9010"]
2022-03-23 14:05:23.697 INFO  --- [main] org.springframework.boot.web.embedded.tomcat.TomcatWebServer : Tomcat started on port(s): 9010 (http) with context path ''
2022-03-23 14:05:23.700 INFO  --- [main] org.springframework.scheduling.quartz.SchedulerFactoryBean : Starting Quartz Scheduler now
2022-03-23 14:05:23.701 INFO  --- [main] org.quartz.core.QuartzScheduler : Scheduler quartzScheduler_$_NON_CLUSTERED started.
2022-03-23 14:05:23.715 INFO  --- [main] com.mt.demo2.RunApplication : Started RunApplication in 6.746 seconds (JVM running for 9.681)
2022-03-23 14:05:27.898 INFO  --- [http-nio-9010-exec-2] org.apache.catalina.core.ContainerBase.[Tomcat].[localhost].[/] : Initializing Spring DispatcherServlet 'dispatcherServlet'
2022-03-23 14:05:27.898 INFO  --- [http-nio-9010-exec-2] org.springframework.web.servlet.DispatcherServlet : Initializing Servlet 'dispatcherServlet'
2022-03-23 14:05:27.906 INFO  --- [http-nio-9010-exec-2] org.springframework.web.servlet.DispatcherServlet : Completed initialization in 8 ms
2022-03-23 14:06:40.422 WARN  --- [base housekeeper] com.zaxxer.hikari.pool.HikariPool : base - Thread starvation or clock leap detected (housekeeper delta=1m18s951ms).
2022-03-23 14:06:40.514 INFO  --- [SpringContextShutdownHook] org.quartz.core.QuartzScheduler : Scheduler quartzScheduler_$_NON_CLUSTERED paused.
2022-03-23 14:06:47.748 INFO  --- [SpringContextShutdownHook] org.springframework.scheduling.quartz.SchedulerFactoryBean : Shutting down Quartz Scheduler
2022-03-23 14:06:47.749 INFO  --- [SpringContextShutdownHook] org.quartz.core.QuartzScheduler : Scheduler quartzScheduler_$_NON_CLUSTERED shutting down.
2022-03-23 14:06:47.749 INFO  --- [SpringContextShutdownHook] org.quartz.core.QuartzScheduler : Scheduler quartzScheduler_$_NON_CLUSTERED paused.
2022-03-23 14:06:47.750 INFO  --- [SpringContextShutdownHook] org.quartz.core.QuartzScheduler : Scheduler quartzScheduler_$_NON_CLUSTERED shutdown complete.
2022-03-23 14:06:47.751 INFO  --- [SpringContextShutdownHook] org.springframework.scheduling.concurrent.ThreadPoolTaskExecutor : Shutting down ExecutorService 'applicationTaskExecutor'
2022-03-23 14:06:47.753 INFO  --- [SpringContextShutdownHook] com.baomidou.dynamic.datasource.DynamicRoutingDataSource : dynamic-datasource start closing ....
2022-03-23 14:06:47.754 INFO  --- [SpringContextShutdownHook] com.zaxxer.hikari.HikariDataSource : base - Shutdown initiated...
2022-03-23 14:06:47.765 INFO  --- [SpringContextShutdownHook] com.zaxxer.hikari.HikariDataSource : base - Shutdown completed.
2022-03-23 14:06:47.765 INFO  --- [SpringContextShutdownHook] com.baomidou.dynamic.datasource.DynamicRoutingDataSource : dynamic-datasource all closed success,bye
2022-03-23 14:10:44.208 INFO  --- [main] com.mt.demo2.RunApplication : Starting RunApplication on wuhaotiandeMacBook-Pro.local with PID 3673 (/Users/wuhaotian/Desktop/monitor-server/target/classes started by wuhaotian in /Users/wuhaotian/Desktop/monitor-server)
2022-03-23 14:10:44.213 INFO  --- [main] com.mt.demo2.RunApplication : No active profile set, falling back to default profiles: default
2022-03-23 14:10:46.937 INFO  --- [main] org.springframework.boot.web.embedded.tomcat.TomcatWebServer : Tomcat initialized with port(s): 9010 (http)
2022-03-23 14:10:46.950 INFO  --- [main] org.apache.coyote.http11.Http11NioProtocol : Initializing ProtocolHandler ["http-nio-9010"]
2022-03-23 14:10:46.951 INFO  --- [main] org.apache.catalina.core.StandardService : Starting service [Tomcat]
2022-03-23 14:10:46.952 INFO  --- [main] org.apache.catalina.core.StandardEngine : Starting Servlet engine: [Apache Tomcat/9.0.36]
2022-03-23 14:10:47.071 INFO  --- [main] org.apache.catalina.core.ContainerBase.[Tomcat].[localhost].[/] : Initializing Spring embedded WebApplicationContext
2022-03-23 14:10:47.072 INFO  --- [main] org.springframework.boot.web.servlet.context.ServletWebServerApplicationContext : Root WebApplicationContext: initialization completed in 2788 ms
2022-03-23 14:10:47.395 INFO  --- [main] com.zaxxer.hikari.HikariDataSource : base - Starting...
2022-03-23 14:10:48.138 INFO  --- [main] com.zaxxer.hikari.HikariDataSource : base - Start completed.
2022-03-23 14:10:48.139 INFO  --- [main] com.baomidou.dynamic.datasource.DynamicRoutingDataSource : dynamic-datasource - load a datasource named [base] success
2022-03-23 14:10:48.139 INFO  --- [main] com.baomidou.dynamic.datasource.DynamicRoutingDataSource : dynamic-datasource initial loaded [1] datasource,primary datasource named [base]
2022-03-23 14:10:48.844 ERROR --- [main] com.baomidou.mybatisplus.core.MybatisConfiguration : mapper[com.mt.dictionary.mapper.DictionaryMapper.getListOne] is ignored, because it exists, maybe from xml file
2022-03-23 14:10:49.307 INFO  --- [main] org.springframework.scheduling.concurrent.ThreadPoolTaskExecutor : Initializing ExecutorService 'applicationTaskExecutor'
2022-03-23 14:10:49.606 INFO  --- [main] org.quartz.impl.StdSchedulerFactory : Using default implementation for ThreadExecutor
2022-03-23 14:10:49.619 INFO  --- [main] org.quartz.core.SchedulerSignalerImpl : Initialized Scheduler Signaller of type: class org.quartz.core.SchedulerSignalerImpl
2022-03-23 14:10:49.619 INFO  --- [main] org.quartz.core.QuartzScheduler : Quartz Scheduler v.2.3.0 created.
2022-03-23 14:10:49.620 INFO  --- [main] org.quartz.simpl.RAMJobStore : RAMJobStore initialized.
2022-03-23 14:10:49.621 INFO  --- [main] org.quartz.core.QuartzScheduler : Scheduler meta-data: Quartz Scheduler (v2.3.0) 'quartzScheduler' with instanceId 'NON_CLUSTERED'
  Scheduler class: 'org.quartz.core.QuartzScheduler' - running locally.
  NOT STARTED.
  Currently in standby mode.
  Number of jobs executed: 0
  Using thread pool 'org.quartz.simpl.SimpleThreadPool' - with 10 threads.
  Using job-store 'org.quartz.simpl.RAMJobStore' - which does not support persistence. and is not clustered.

2022-03-23 14:10:49.621 INFO  --- [main] org.quartz.impl.StdSchedulerFactory : Quartz scheduler 'quartzScheduler' initialized from an externally provided properties instance.
2022-03-23 14:10:49.621 INFO  --- [main] org.quartz.impl.StdSchedulerFactory : Quartz scheduler version: 2.3.0
2022-03-23 14:10:49.621 INFO  --- [main] org.quartz.core.QuartzScheduler : JobFactory set to: org.springframework.scheduling.quartz.SpringBeanJobFactory@72a3462f
2022-03-23 14:10:49.699 INFO  --- [main] org.springframework.boot.autoconfigure.security.servlet.UserDetailsServiceAutoConfiguration : 

Using generated security password: 37184f62-04b6-4bc6-9586-1c1d966708a7

2022-03-23 14:10:50.009 INFO  --- [main] org.springframework.security.web.DefaultSecurityFilterChain : Creating filter chain: any request, [org.springframework.security.web.context.request.async.WebAsyncManagerIntegrationFilter@3a8b9458, org.springframework.security.web.context.SecurityContextPersistenceFilter@4e1a3d5a, org.springframework.security.web.header.HeaderWriterFilter@16f4a3c0, org.springframework.security.web.authentication.logout.LogoutFilter@66314fee, org.springframework.security.oauth2.provider.authentication.OAuth2AuthenticationProcessingFilter@45ad3cd8, org.springframework.security.web.savedrequest.RequestCacheAwareFilter@35f760a4, org.springframework.security.web.servletapi.SecurityContextHolderAwareRequestFilter@352c3d70, org.springframework.security.web.authentication.AnonymousAuthenticationFilter@7497a554, org.springframework.security.web.session.SessionManagementFilter@6d6f6ca9, org.springframework.security.web.access.ExceptionTranslationFilter@acd3460, org.springframework.security.web.access.intercept.FilterSecurityInterceptor@25e95af1]
2022-03-23 14:10:50.070 INFO  --- [main] org.apache.coyote.http11.Http11NioProtocol : Starting ProtocolHandler ["http-nio-9010"]
2022-03-23 14:10:50.113 INFO  --- [main] org.springframework.boot.web.embedded.tomcat.TomcatWebServer : Tomcat started on port(s): 9010 (http) with context path ''
2022-03-23 14:10:50.115 INFO  --- [main] org.springframework.scheduling.quartz.SchedulerFactoryBean : Starting Quartz Scheduler now
2022-03-23 14:10:50.115 INFO  --- [main] org.quartz.core.QuartzScheduler : Scheduler quartzScheduler_$_NON_CLUSTERED started.
2022-03-23 14:10:50.127 INFO  --- [main] com.mt.demo2.RunApplication : Started RunApplication in 6.798 seconds (JVM running for 8.422)
2022-03-23 14:11:04.021 INFO  --- [http-nio-9010-exec-2] org.apache.catalina.core.ContainerBase.[Tomcat].[localhost].[/] : Initializing Spring DispatcherServlet 'dispatcherServlet'
2022-03-23 14:11:04.021 INFO  --- [http-nio-9010-exec-2] org.springframework.web.servlet.DispatcherServlet : Initializing Servlet 'dispatcherServlet'
2022-03-23 14:11:04.031 INFO  --- [http-nio-9010-exec-2] org.springframework.web.servlet.DispatcherServlet : Completed initialization in 9 ms
2022-03-23 14:12:07.910 INFO  --- [SpringContextShutdownHook] org.quartz.core.QuartzScheduler : Scheduler quartzScheduler_$_NON_CLUSTERED paused.
2022-03-23 14:12:07.955 INFO  --- [SpringContextShutdownHook] org.springframework.scheduling.quartz.SchedulerFactoryBean : Shutting down Quartz Scheduler
2022-03-23 14:12:07.957 INFO  --- [SpringContextShutdownHook] org.quartz.core.QuartzScheduler : Scheduler quartzScheduler_$_NON_CLUSTERED shutting down.
2022-03-23 14:12:07.961 INFO  --- [SpringContextShutdownHook] org.quartz.core.QuartzScheduler : Scheduler quartzScheduler_$_NON_CLUSTERED paused.
2022-03-23 14:12:07.965 INFO  --- [SpringContextShutdownHook] org.quartz.core.QuartzScheduler : Scheduler quartzScheduler_$_NON_CLUSTERED shutdown complete.
2022-03-23 14:12:07.969 INFO  --- [SpringContextShutdownHook] org.springframework.scheduling.concurrent.ThreadPoolTaskExecutor : Shutting down ExecutorService 'applicationTaskExecutor'
2022-03-23 14:12:07.972 INFO  --- [SpringContextShutdownHook] com.baomidou.dynamic.datasource.DynamicRoutingDataSource : dynamic-datasource start closing ....
2022-03-23 14:12:07.973 INFO  --- [SpringContextShutdownHook] com.zaxxer.hikari.HikariDataSource : base - Shutdown initiated...
2022-03-23 14:12:07.999 INFO  --- [SpringContextShutdownHook] com.zaxxer.hikari.HikariDataSource : base - Shutdown completed.
2022-03-23 14:12:08.000 INFO  --- [SpringContextShutdownHook] com.baomidou.dynamic.datasource.DynamicRoutingDataSource : dynamic-datasource all closed success,bye
2022-03-23 14:12:15.290 INFO  --- [main] com.mt.demo2.RunApplication : Starting RunApplication on wuhaotiandeMacBook-Pro.local with PID 3680 (/Users/wuhaotian/Desktop/monitor-server/target/classes started by wuhaotian in /Users/wuhaotian/Desktop/monitor-server)
2022-03-23 14:12:15.294 INFO  --- [main] com.mt.demo2.RunApplication : No active profile set, falling back to default profiles: default
2022-03-23 14:12:17.478 INFO  --- [main] org.springframework.boot.web.embedded.tomcat.TomcatWebServer : Tomcat initialized with port(s): 9010 (http)
2022-03-23 14:12:17.489 INFO  --- [main] org.apache.coyote.http11.Http11NioProtocol : Initializing ProtocolHandler ["http-nio-9010"]
2022-03-23 14:12:17.491 INFO  --- [main] org.apache.catalina.core.StandardService : Starting service [Tomcat]
2022-03-23 14:12:17.491 INFO  --- [main] org.apache.catalina.core.StandardEngine : Starting Servlet engine: [Apache Tomcat/9.0.36]
2022-03-23 14:12:17.605 INFO  --- [main] org.apache.catalina.core.ContainerBase.[Tomcat].[localhost].[/] : Initializing Spring embedded WebApplicationContext
2022-03-23 14:12:17.606 INFO  --- [main] org.springframework.boot.web.servlet.context.ServletWebServerApplicationContext : Root WebApplicationContext: initialization completed in 2206 ms
2022-03-23 14:12:17.907 INFO  --- [main] com.zaxxer.hikari.HikariDataSource : base - Starting...
2022-03-23 14:12:18.744 INFO  --- [main] com.zaxxer.hikari.HikariDataSource : base - Start completed.
2022-03-23 14:12:18.745 INFO  --- [main] com.baomidou.dynamic.datasource.DynamicRoutingDataSource : dynamic-datasource - load a datasource named [base] success
2022-03-23 14:12:18.746 INFO  --- [main] com.baomidou.dynamic.datasource.DynamicRoutingDataSource : dynamic-datasource initial loaded [1] datasource,primary datasource named [base]
2022-03-23 14:12:19.395 ERROR --- [main] com.baomidou.mybatisplus.core.MybatisConfiguration : mapper[com.mt.dictionary.mapper.DictionaryMapper.getListOne] is ignored, because it exists, maybe from xml file
2022-03-23 14:12:19.912 INFO  --- [main] org.springframework.scheduling.concurrent.ThreadPoolTaskExecutor : Initializing ExecutorService 'applicationTaskExecutor'
2022-03-23 14:12:20.235 INFO  --- [main] org.quartz.impl.StdSchedulerFactory : Using default implementation for ThreadExecutor
2022-03-23 14:12:20.248 INFO  --- [main] org.quartz.core.SchedulerSignalerImpl : Initialized Scheduler Signaller of type: class org.quartz.core.SchedulerSignalerImpl
2022-03-23 14:12:20.248 INFO  --- [main] org.quartz.core.QuartzScheduler : Quartz Scheduler v.2.3.0 created.
2022-03-23 14:12:20.249 INFO  --- [main] org.quartz.simpl.RAMJobStore : RAMJobStore initialized.
2022-03-23 14:12:20.250 INFO  --- [main] org.quartz.core.QuartzScheduler : Scheduler meta-data: Quartz Scheduler (v2.3.0) 'quartzScheduler' with instanceId 'NON_CLUSTERED'
  Scheduler class: 'org.quartz.core.QuartzScheduler' - running locally.
  NOT STARTED.
  Currently in standby mode.
  Number of jobs executed: 0
  Using thread pool 'org.quartz.simpl.SimpleThreadPool' - with 10 threads.
  Using job-store 'org.quartz.simpl.RAMJobStore' - which does not support persistence. and is not clustered.

2022-03-23 14:12:20.251 INFO  --- [main] org.quartz.impl.StdSchedulerFactory : Quartz scheduler 'quartzScheduler' initialized from an externally provided properties instance.
2022-03-23 14:12:20.251 INFO  --- [main] org.quartz.impl.StdSchedulerFactory : Quartz scheduler version: 2.3.0
2022-03-23 14:12:20.252 INFO  --- [main] org.quartz.core.QuartzScheduler : JobFactory set to: org.springframework.scheduling.quartz.SpringBeanJobFactory@4809c771
2022-03-23 14:12:20.352 INFO  --- [main] org.springframework.boot.autoconfigure.security.servlet.UserDetailsServiceAutoConfiguration : 

Using generated security password: 7b1c061d-a4db-4d61-a2a0-1c028e9a4e24

2022-03-23 14:12:20.738 INFO  --- [main] org.springframework.security.web.DefaultSecurityFilterChain : Creating filter chain: any request, [org.springframework.security.web.context.request.async.WebAsyncManagerIntegrationFilter@5af40e45, org.springframework.security.web.context.SecurityContextPersistenceFilter@6d4502ca, org.springframework.security.web.header.HeaderWriterFilter@7d17906, org.springframework.security.web.authentication.logout.LogoutFilter@3c87e851, org.springframework.security.oauth2.provider.authentication.OAuth2AuthenticationProcessingFilter@73ddb7ef, org.springframework.security.web.savedrequest.RequestCacheAwareFilter@2a11ae0b, org.springframework.security.web.servletapi.SecurityContextHolderAwareRequestFilter@2cdb5974, org.springframework.security.web.authentication.AnonymousAuthenticationFilter@1a06602f, org.springframework.security.web.session.SessionManagementFilter@22604c7e, org.springframework.security.web.access.ExceptionTranslationFilter@352c3d70, org.springframework.security.web.access.intercept.FilterSecurityInterceptor@77f4038c]
2022-03-23 14:12:20.821 INFO  --- [main] org.apache.coyote.http11.Http11NioProtocol : Starting ProtocolHandler ["http-nio-9010"]
2022-03-23 14:12:20.863 INFO  --- [main] org.springframework.boot.web.embedded.tomcat.TomcatWebServer : Tomcat started on port(s): 9010 (http) with context path ''
2022-03-23 14:12:20.864 INFO  --- [main] org.springframework.scheduling.quartz.SchedulerFactoryBean : Starting Quartz Scheduler now
2022-03-23 14:12:20.865 INFO  --- [main] org.quartz.core.QuartzScheduler : Scheduler quartzScheduler_$_NON_CLUSTERED started.
2022-03-23 14:12:20.878 INFO  --- [main] com.mt.demo2.RunApplication : Started RunApplication in 6.424 seconds (JVM running for 8.166)
2022-03-23 14:12:24.073 INFO  --- [http-nio-9010-exec-1] org.apache.catalina.core.ContainerBase.[Tomcat].[localhost].[/] : Initializing Spring DispatcherServlet 'dispatcherServlet'
2022-03-23 14:12:24.075 INFO  --- [http-nio-9010-exec-1] org.springframework.web.servlet.DispatcherServlet : Initializing Servlet 'dispatcherServlet'
2022-03-23 14:12:24.086 INFO  --- [http-nio-9010-exec-1] org.springframework.web.servlet.DispatcherServlet : Completed initialization in 10 ms
2022-03-23 14:13:00.143 INFO  --- [SpringContextShutdownHook] org.quartz.core.QuartzScheduler : Scheduler quartzScheduler_$_NON_CLUSTERED paused.
2022-03-23 14:13:00.182 INFO  --- [SpringContextShutdownHook] org.springframework.scheduling.quartz.SchedulerFactoryBean : Shutting down Quartz Scheduler
2022-03-23 14:13:00.182 INFO  --- [SpringContextShutdownHook] org.quartz.core.QuartzScheduler : Scheduler quartzScheduler_$_NON_CLUSTERED shutting down.
2022-03-23 14:13:00.183 INFO  --- [SpringContextShutdownHook] org.quartz.core.QuartzScheduler : Scheduler quartzScheduler_$_NON_CLUSTERED paused.
2022-03-23 14:13:00.184 INFO  --- [SpringContextShutdownHook] org.quartz.core.QuartzScheduler : Scheduler quartzScheduler_$_NON_CLUSTERED shutdown complete.
2022-03-23 14:13:00.185 INFO  --- [SpringContextShutdownHook] org.springframework.scheduling.concurrent.ThreadPoolTaskExecutor : Shutting down ExecutorService 'applicationTaskExecutor'
2022-03-23 14:13:00.191 INFO  --- [SpringContextShutdownHook] com.baomidou.dynamic.datasource.DynamicRoutingDataSource : dynamic-datasource start closing ....
2022-03-23 14:13:00.196 INFO  --- [SpringContextShutdownHook] com.zaxxer.hikari.HikariDataSource : base - Shutdown initiated...
2022-03-23 14:13:00.219 INFO  --- [SpringContextShutdownHook] com.zaxxer.hikari.HikariDataSource : base - Shutdown completed.
2022-03-23 14:13:00.219 INFO  --- [SpringContextShutdownHook] com.baomidou.dynamic.datasource.DynamicRoutingDataSource : dynamic-datasource all closed success,bye
2022-03-23 14:13:07.228 INFO  --- [main] com.mt.demo2.RunApplication : Starting RunApplication on wuhaotiandeMacBook-Pro.local with PID 3688 (/Users/wuhaotian/Desktop/monitor-server/target/classes started by wuhaotian in /Users/wuhaotian/Desktop/monitor-server)
2022-03-23 14:13:07.235 INFO  --- [main] com.mt.demo2.RunApplication : No active profile set, falling back to default profiles: default
2022-03-23 14:13:09.380 INFO  --- [main] org.springframework.boot.web.embedded.tomcat.TomcatWebServer : Tomcat initialized with port(s): 9010 (http)
2022-03-23 14:13:09.389 INFO  --- [main] org.apache.coyote.http11.Http11NioProtocol : Initializing ProtocolHandler ["http-nio-9010"]
2022-03-23 14:13:09.391 INFO  --- [main] org.apache.catalina.core.StandardService : Starting service [Tomcat]
2022-03-23 14:13:09.391 INFO  --- [main] org.apache.catalina.core.StandardEngine : Starting Servlet engine: [Apache Tomcat/9.0.36]
2022-03-23 14:13:09.492 INFO  --- [main] org.apache.catalina.core.ContainerBase.[Tomcat].[localhost].[/] : Initializing Spring embedded WebApplicationContext
2022-03-23 14:13:09.492 INFO  --- [main] org.springframework.boot.web.servlet.context.ServletWebServerApplicationContext : Root WebApplicationContext: initialization completed in 2179 ms
2022-03-23 14:13:09.797 INFO  --- [main] com.zaxxer.hikari.HikariDataSource : base - Starting...
2022-03-23 14:13:10.653 INFO  --- [main] com.zaxxer.hikari.HikariDataSource : base - Start completed.
2022-03-23 14:13:10.654 INFO  --- [main] com.baomidou.dynamic.datasource.DynamicRoutingDataSource : dynamic-datasource - load a datasource named [base] success
2022-03-23 14:13:10.655 INFO  --- [main] com.baomidou.dynamic.datasource.DynamicRoutingDataSource : dynamic-datasource initial loaded [1] datasource,primary datasource named [base]
2022-03-23 14:13:11.366 ERROR --- [main] com.baomidou.mybatisplus.core.MybatisConfiguration : mapper[com.mt.dictionary.mapper.DictionaryMapper.getListOne] is ignored, because it exists, maybe from xml file
2022-03-23 14:13:11.967 INFO  --- [main] org.springframework.scheduling.concurrent.ThreadPoolTaskExecutor : Initializing ExecutorService 'applicationTaskExecutor'
2022-03-23 14:13:12.402 INFO  --- [main] org.quartz.impl.StdSchedulerFactory : Using default implementation for ThreadExecutor
2022-03-23 14:13:12.444 INFO  --- [main] org.quartz.core.SchedulerSignalerImpl : Initialized Scheduler Signaller of type: class org.quartz.core.SchedulerSignalerImpl
2022-03-23 14:13:12.445 INFO  --- [main] org.quartz.core.QuartzScheduler : Quartz Scheduler v.2.3.0 created.
2022-03-23 14:13:12.446 INFO  --- [main] org.quartz.simpl.RAMJobStore : RAMJobStore initialized.
2022-03-23 14:13:12.447 INFO  --- [main] org.quartz.core.QuartzScheduler : Scheduler meta-data: Quartz Scheduler (v2.3.0) 'quartzScheduler' with instanceId 'NON_CLUSTERED'
  Scheduler class: 'org.quartz.core.QuartzScheduler' - running locally.
  NOT STARTED.
  Currently in standby mode.
  Number of jobs executed: 0
  Using thread pool 'org.quartz.simpl.SimpleThreadPool' - with 10 threads.
  Using job-store 'org.quartz.simpl.RAMJobStore' - which does not support persistence. and is not clustered.

2022-03-23 14:13:12.447 INFO  --- [main] org.quartz.impl.StdSchedulerFactory : Quartz scheduler 'quartzScheduler' initialized from an externally provided properties instance.
2022-03-23 14:13:12.447 INFO  --- [main] org.quartz.impl.StdSchedulerFactory : Quartz scheduler version: 2.3.0
2022-03-23 14:13:12.447 INFO  --- [main] org.quartz.core.QuartzScheduler : JobFactory set to: org.springframework.scheduling.quartz.SpringBeanJobFactory@47797401
2022-03-23 14:13:12.509 INFO  --- [main] org.springframework.boot.autoconfigure.security.servlet.UserDetailsServiceAutoConfiguration : 

Using generated security password: 3db1fe55-dcde-4c38-a1f9-085808ebaa7b

2022-03-23 14:13:12.859 INFO  --- [main] org.springframework.security.web.DefaultSecurityFilterChain : Creating filter chain: any request, [org.springframework.security.web.context.request.async.WebAsyncManagerIntegrationFilter@459e120b, org.springframework.security.web.context.SecurityContextPersistenceFilter@795faad, org.springframework.security.web.header.HeaderWriterFilter@51d88c38, org.springframework.security.web.authentication.logout.LogoutFilter@2a661215, org.springframework.security.oauth2.provider.authentication.OAuth2AuthenticationProcessingFilter@5a2035e1, org.springframework.security.web.savedrequest.RequestCacheAwareFilter@69f3e556, org.springframework.security.web.servletapi.SecurityContextHolderAwareRequestFilter@5ee581db, org.springframework.security.web.authentication.AnonymousAuthenticationFilter@fd69983, org.springframework.security.web.session.SessionManagementFilter@28dacf31, org.springframework.security.web.access.ExceptionTranslationFilter@319b1c77, org.springframework.security.web.access.intercept.FilterSecurityInterceptor@2a2798a2]
2022-03-23 14:13:12.939 INFO  --- [main] org.apache.coyote.http11.Http11NioProtocol : Starting ProtocolHandler ["http-nio-9010"]
2022-03-23 14:13:12.978 INFO  --- [main] org.springframework.boot.web.embedded.tomcat.TomcatWebServer : Tomcat started on port(s): 9010 (http) with context path ''
2022-03-23 14:13:12.980 INFO  --- [main] org.springframework.scheduling.quartz.SchedulerFactoryBean : Starting Quartz Scheduler now
2022-03-23 14:13:12.980 INFO  --- [main] org.quartz.core.QuartzScheduler : Scheduler quartzScheduler_$_NON_CLUSTERED started.
2022-03-23 14:13:12.995 INFO  --- [main] com.mt.demo2.RunApplication : Started RunApplication in 6.608 seconds (JVM running for 8.337)
2022-03-23 14:13:19.244 INFO  --- [http-nio-9010-exec-2] org.apache.catalina.core.ContainerBase.[Tomcat].[localhost].[/] : Initializing Spring DispatcherServlet 'dispatcherServlet'
2022-03-23 14:13:19.245 INFO  --- [http-nio-9010-exec-2] org.springframework.web.servlet.DispatcherServlet : Initializing Servlet 'dispatcherServlet'
2022-03-23 14:13:19.260 INFO  --- [http-nio-9010-exec-2] org.springframework.web.servlet.DispatcherServlet : Completed initialization in 15 ms
2022-03-23 15:31:10.662 INFO  --- [SpringContextShutdownHook] org.quartz.core.QuartzScheduler : Scheduler quartzScheduler_$_NON_CLUSTERED paused.
2022-03-23 15:31:10.702 INFO  --- [SpringContextShutdownHook] org.springframework.scheduling.quartz.SchedulerFactoryBean : Shutting down Quartz Scheduler
2022-03-23 15:31:10.703 INFO  --- [SpringContextShutdownHook] org.quartz.core.QuartzScheduler : Scheduler quartzScheduler_$_NON_CLUSTERED shutting down.
2022-03-23 15:31:10.703 INFO  --- [SpringContextShutdownHook] org.quartz.core.QuartzScheduler : Scheduler quartzScheduler_$_NON_CLUSTERED paused.
2022-03-23 15:31:10.704 INFO  --- [SpringContextShutdownHook] org.quartz.core.QuartzScheduler : Scheduler quartzScheduler_$_NON_CLUSTERED shutdown complete.
2022-03-23 15:31:10.707 INFO  --- [SpringContextShutdownHook] org.springframework.scheduling.concurrent.ThreadPoolTaskExecutor : Shutting down ExecutorService 'applicationTaskExecutor'
2022-03-23 15:31:10.710 INFO  --- [SpringContextShutdownHook] com.baomidou.dynamic.datasource.DynamicRoutingDataSource : dynamic-datasource start closing ....
2022-03-23 15:31:10.711 INFO  --- [SpringContextShutdownHook] com.zaxxer.hikari.HikariDataSource : base - Shutdown initiated...
2022-03-23 15:31:10.722 INFO  --- [SpringContextShutdownHook] com.zaxxer.hikari.HikariDataSource : base - Shutdown completed.
2022-03-23 15:31:10.723 INFO  --- [SpringContextShutdownHook] com.baomidou.dynamic.datasource.DynamicRoutingDataSource : dynamic-datasource all closed success,bye
