2021-12-08 09:38:17.740 INFO  --- [main] com.mt.demo2.RunApplication : Starting RunApplication on wuhaotiandeMacBook-Pro.local with PID 1016 (/Users/wuhaotian/Desktop/My/my-server/target/classes started by wuhaotian in /Users/wuhaotian/Desktop/My/my-server)
2021-12-08 09:38:17.804 INFO  --- [main] com.mt.demo2.RunApplication : No active profile set, falling back to default profiles: default
2021-12-08 09:38:27.611 INFO  --- [main] org.springframework.boot.web.embedded.tomcat.TomcatWebServer : Tomcat initialized with port(s): 9010 (http)
2021-12-08 09:38:27.635 INFO  --- [main] org.apache.coyote.http11.Http11NioProtocol : Initializing ProtocolHandler ["http-nio-9010"]
2021-12-08 09:38:27.637 INFO  --- [main] org.apache.catalina.core.StandardService : Starting service [Tomcat]
2021-12-08 09:38:27.638 INFO  --- [main] org.apache.catalina.core.StandardEngine : Starting Servlet engine: [Apache Tomcat/9.0.36]
2021-12-08 09:38:28.444 INFO  --- [main] org.apache.catalina.core.ContainerBase.[Tomcat].[localhost].[/] : Initializing Spring embedded WebApplicationContext
2021-12-08 09:38:28.447 INFO  --- [main] org.springframework.boot.web.servlet.context.ServletWebServerApplicationContext : Root WebApplicationContext: initialization completed in 10239 ms
2021-12-08 09:38:30.065 INFO  --- [main] com.zaxxer.hikari.HikariDataSource : base - Starting...
2021-12-08 09:38:32.710 INFO  --- [main] com.zaxxer.hikari.HikariDataSource : base - Start completed.
2021-12-08 09:38:32.712 INFO  --- [main] com.baomidou.dynamic.datasource.DynamicRoutingDataSource : dynamic-datasource - load a datasource named [base] success
2021-12-08 09:38:32.713 INFO  --- [main] com.baomidou.dynamic.datasource.DynamicRoutingDataSource : dynamic-datasource initial loaded [1] datasource,primary datasource named [base]
2021-12-08 09:38:35.460 ERROR --- [main] com.baomidou.mybatisplus.core.MybatisConfiguration : mapper[com.mt.dictionary.mapper.DictionaryMapper.getListOne] is ignored, because it exists, maybe from xml file
2021-12-08 09:38:39.729 INFO  --- [main] org.springframework.scheduling.concurrent.ThreadPoolTaskExecutor : Initializing ExecutorService 'applicationTaskExecutor'
2021-12-08 09:38:41.452 INFO  --- [main] org.quartz.impl.StdSchedulerFactory : Using default implementation for ThreadExecutor
2021-12-08 09:38:41.532 INFO  --- [main] org.quartz.core.SchedulerSignalerImpl : Initialized Scheduler Signaller of type: class org.quartz.core.SchedulerSignalerImpl
2021-12-08 09:38:41.532 INFO  --- [main] org.quartz.core.QuartzScheduler : Quartz Scheduler v.2.3.0 created.
2021-12-08 09:38:41.534 INFO  --- [main] org.quartz.simpl.RAMJobStore : RAMJobStore initialized.
2021-12-08 09:38:41.535 INFO  --- [main] org.quartz.core.QuartzScheduler : Scheduler meta-data: Quartz Scheduler (v2.3.0) 'quartzScheduler' with instanceId 'NON_CLUSTERED'
  Scheduler class: 'org.quartz.core.QuartzScheduler' - running locally.
  NOT STARTED.
  Currently in standby mode.
  Number of jobs executed: 0
  Using thread pool 'org.quartz.simpl.SimpleThreadPool' - with 10 threads.
  Using job-store 'org.quartz.simpl.RAMJobStore' - which does not support persistence. and is not clustered.

2021-12-08 09:38:41.536 INFO  --- [main] org.quartz.impl.StdSchedulerFactory : Quartz scheduler 'quartzScheduler' initialized from an externally provided properties instance.
2021-12-08 09:38:41.536 INFO  --- [main] org.quartz.impl.StdSchedulerFactory : Quartz scheduler version: 2.3.0
2021-12-08 09:38:41.537 INFO  --- [main] org.quartz.core.QuartzScheduler : JobFactory set to: org.springframework.scheduling.quartz.SpringBeanJobFactory@4aac81ca
2021-12-08 09:38:41.916 INFO  --- [main] org.springframework.boot.autoconfigure.security.servlet.UserDetailsServiceAutoConfiguration : 

Using generated security password: ec59f434-ff42-4930-9f8d-4461c1a7694d

2021-12-08 09:38:42.942 INFO  --- [main] org.springframework.security.web.DefaultSecurityFilterChain : Creating filter chain: any request, [org.springframework.security.web.context.request.async.WebAsyncManagerIntegrationFilter@4bff28e7, org.springframework.security.web.context.SecurityContextPersistenceFilter@61d09475, org.springframework.security.web.header.HeaderWriterFilter@7434ee13, org.springframework.security.web.authentication.logout.LogoutFilter@3ea9a091, org.springframework.security.oauth2.provider.authentication.OAuth2AuthenticationProcessingFilter@4cef0747, org.springframework.security.web.savedrequest.RequestCacheAwareFilter@12d44a2a, org.springframework.security.web.servletapi.SecurityContextHolderAwareRequestFilter@59b98ad1, org.springframework.security.web.authentication.AnonymousAuthenticationFilter@39e7e040, org.springframework.security.web.session.SessionManagementFilter@23a78c77, org.springframework.security.web.access.ExceptionTranslationFilter@76fc5687, org.springframework.security.web.access.intercept.FilterSecurityInterceptor@380e33c2]
2021-12-08 09:38:43.373 INFO  --- [main] org.apache.coyote.http11.Http11NioProtocol : Starting ProtocolHandler ["http-nio-9010"]
2021-12-08 09:38:43.602 INFO  --- [main] org.springframework.boot.web.embedded.tomcat.TomcatWebServer : Tomcat started on port(s): 9010 (http) with context path ''
2021-12-08 09:38:43.647 INFO  --- [main] org.springframework.scheduling.quartz.SchedulerFactoryBean : Starting Quartz Scheduler now
2021-12-08 09:38:43.648 INFO  --- [main] org.quartz.core.QuartzScheduler : Scheduler quartzScheduler_$_NON_CLUSTERED started.
2021-12-08 09:38:43.678 INFO  --- [main] com.mt.demo2.RunApplication : Started RunApplication in 27.997 seconds (JVM running for 37.254)
2021-12-08 09:46:32.670 WARN  --- [base housekeeper] com.zaxxer.hikari.pool.HikariPool : base - Retrograde clock change detected (housekeeper delta=29s793ms), soft-evicting connections from pool.
2021-12-08 09:50:53.322 INFO  --- [http-nio-9010-exec-1] org.apache.catalina.core.ContainerBase.[Tomcat].[localhost].[/] : Initializing Spring DispatcherServlet 'dispatcherServlet'
2021-12-08 09:50:53.322 INFO  --- [http-nio-9010-exec-1] org.springframework.web.servlet.DispatcherServlet : Initializing Servlet 'dispatcherServlet'
2021-12-08 09:50:53.347 INFO  --- [http-nio-9010-exec-1] org.springframework.web.servlet.DispatcherServlet : Completed initialization in 24 ms
2021-12-08 11:43:20.113 WARN  --- [base housekeeper] com.zaxxer.hikari.pool.HikariPool : base - Thread starvation or clock leap detected (housekeeper delta=1h52m47s419ms).
2021-12-08 11:43:20.344 INFO  --- [SpringContextShutdownHook] org.quartz.core.QuartzScheduler : Scheduler quartzScheduler_$_NON_CLUSTERED paused.
2021-12-08 11:43:20.650 INFO  --- [SpringContextShutdownHook] org.springframework.scheduling.quartz.SchedulerFactoryBean : Shutting down Quartz Scheduler
2021-12-08 11:43:20.651 INFO  --- [SpringContextShutdownHook] org.quartz.core.QuartzScheduler : Scheduler quartzScheduler_$_NON_CLUSTERED shutting down.
2021-12-08 11:43:20.651 INFO  --- [SpringContextShutdownHook] org.quartz.core.QuartzScheduler : Scheduler quartzScheduler_$_NON_CLUSTERED paused.
2021-12-08 11:43:20.652 INFO  --- [SpringContextShutdownHook] org.quartz.core.QuartzScheduler : Scheduler quartzScheduler_$_NON_CLUSTERED shutdown complete.
2021-12-08 11:43:20.657 INFO  --- [SpringContextShutdownHook] org.springframework.scheduling.concurrent.ThreadPoolTaskExecutor : Shutting down ExecutorService 'applicationTaskExecutor'
2021-12-08 11:43:20.675 INFO  --- [SpringContextShutdownHook] com.baomidou.dynamic.datasource.DynamicRoutingDataSource : dynamic-datasource start closing ....
2021-12-08 11:43:20.680 INFO  --- [SpringContextShutdownHook] com.zaxxer.hikari.HikariDataSource : base - Shutdown initiated...
2021-12-08 11:43:20.710 INFO  --- [SpringContextShutdownHook] com.zaxxer.hikari.HikariDataSource : base - Shutdown completed.
2021-12-08 11:43:20.711 INFO  --- [SpringContextShutdownHook] com.baomidou.dynamic.datasource.DynamicRoutingDataSource : dynamic-datasource all closed success,bye
2021-12-08 13:38:42.312 INFO  --- [main] com.mt.demo2.RunApplication : Starting RunApplication on wuhaotiandeMacBook-Pro.local with PID 2105 (/Users/wuhaotian/Desktop/My/my-server/target/classes started by wuhaotian in /Users/wuhaotian/Desktop/My/my-server)
2021-12-08 13:38:42.319 INFO  --- [main] com.mt.demo2.RunApplication : No active profile set, falling back to default profiles: default
2021-12-08 13:38:45.642 INFO  --- [main] org.springframework.boot.web.embedded.tomcat.TomcatWebServer : Tomcat initialized with port(s): 9010 (http)
2021-12-08 13:38:45.659 INFO  --- [main] org.apache.coyote.http11.Http11NioProtocol : Initializing ProtocolHandler ["http-nio-9010"]
2021-12-08 13:38:45.661 INFO  --- [main] org.apache.catalina.core.StandardService : Starting service [Tomcat]
2021-12-08 13:38:45.662 INFO  --- [main] org.apache.catalina.core.StandardEngine : Starting Servlet engine: [Apache Tomcat/9.0.36]
2021-12-08 13:38:45.793 INFO  --- [main] org.apache.catalina.core.ContainerBase.[Tomcat].[localhost].[/] : Initializing Spring embedded WebApplicationContext
2021-12-08 13:38:45.794 INFO  --- [main] org.springframework.boot.web.servlet.context.ServletWebServerApplicationContext : Root WebApplicationContext: initialization completed in 3167 ms
2021-12-08 13:38:46.155 INFO  --- [main] com.zaxxer.hikari.HikariDataSource : base - Starting...
2021-12-08 13:38:46.975 INFO  --- [main] com.zaxxer.hikari.HikariDataSource : base - Start completed.
2021-12-08 13:38:46.976 INFO  --- [main] com.baomidou.dynamic.datasource.DynamicRoutingDataSource : dynamic-datasource - load a datasource named [base] success
2021-12-08 13:38:46.977 INFO  --- [main] com.baomidou.dynamic.datasource.DynamicRoutingDataSource : dynamic-datasource initial loaded [1] datasource,primary datasource named [base]
2021-12-08 13:38:47.704 ERROR --- [main] com.baomidou.mybatisplus.core.MybatisConfiguration : mapper[com.mt.dictionary.mapper.DictionaryMapper.getListOne] is ignored, because it exists, maybe from xml file
2021-12-08 13:38:48.573 INFO  --- [main] org.springframework.scheduling.concurrent.ThreadPoolTaskExecutor : Initializing ExecutorService 'applicationTaskExecutor'
2021-12-08 13:38:48.974 INFO  --- [main] org.quartz.impl.StdSchedulerFactory : Using default implementation for ThreadExecutor
2021-12-08 13:38:48.992 INFO  --- [main] org.quartz.core.SchedulerSignalerImpl : Initialized Scheduler Signaller of type: class org.quartz.core.SchedulerSignalerImpl
2021-12-08 13:38:48.992 INFO  --- [main] org.quartz.core.QuartzScheduler : Quartz Scheduler v.2.3.0 created.
2021-12-08 13:38:48.994 INFO  --- [main] org.quartz.simpl.RAMJobStore : RAMJobStore initialized.
2021-12-08 13:38:48.995 INFO  --- [main] org.quartz.core.QuartzScheduler : Scheduler meta-data: Quartz Scheduler (v2.3.0) 'quartzScheduler' with instanceId 'NON_CLUSTERED'
  Scheduler class: 'org.quartz.core.QuartzScheduler' - running locally.
  NOT STARTED.
  Currently in standby mode.
  Number of jobs executed: 0
  Using thread pool 'org.quartz.simpl.SimpleThreadPool' - with 10 threads.
  Using job-store 'org.quartz.simpl.RAMJobStore' - which does not support persistence. and is not clustered.

2021-12-08 13:38:48.996 INFO  --- [main] org.quartz.impl.StdSchedulerFactory : Quartz scheduler 'quartzScheduler' initialized from an externally provided properties instance.
2021-12-08 13:38:48.996 INFO  --- [main] org.quartz.impl.StdSchedulerFactory : Quartz scheduler version: 2.3.0
2021-12-08 13:38:48.996 INFO  --- [main] org.quartz.core.QuartzScheduler : JobFactory set to: org.springframework.scheduling.quartz.SpringBeanJobFactory@26101efc
2021-12-08 13:38:49.066 INFO  --- [main] org.springframework.boot.autoconfigure.security.servlet.UserDetailsServiceAutoConfiguration : 

Using generated security password: dda5da57-5393-48fa-9946-a8b4b17f5abf

2021-12-08 13:38:49.467 INFO  --- [main] org.springframework.security.web.DefaultSecurityFilterChain : Creating filter chain: any request, [org.springframework.security.web.context.request.async.WebAsyncManagerIntegrationFilter@2b90cc1, org.springframework.security.web.context.SecurityContextPersistenceFilter@6ae6d078, org.springframework.security.web.header.HeaderWriterFilter@1e95f584, org.springframework.security.web.authentication.logout.LogoutFilter@591e5fd4, org.springframework.security.oauth2.provider.authentication.OAuth2AuthenticationProcessingFilter@acd3460, org.springframework.security.web.savedrequest.RequestCacheAwareFilter@1a67f8b4, org.springframework.security.web.servletapi.SecurityContextHolderAwareRequestFilter@430aae8e, org.springframework.security.web.authentication.AnonymousAuthenticationFilter@5a2f401a, org.springframework.security.web.session.SessionManagementFilter@55c46ec1, org.springframework.security.web.access.ExceptionTranslationFilter@18e8eb59, org.springframework.security.web.access.intercept.FilterSecurityInterceptor@1450ffa3]
2021-12-08 13:38:49.543 INFO  --- [main] org.apache.coyote.http11.Http11NioProtocol : Starting ProtocolHandler ["http-nio-9010"]
2021-12-08 13:38:49.591 INFO  --- [main] org.springframework.boot.web.embedded.tomcat.TomcatWebServer : Tomcat started on port(s): 9010 (http) with context path ''
2021-12-08 13:38:49.593 INFO  --- [main] org.springframework.scheduling.quartz.SchedulerFactoryBean : Starting Quartz Scheduler now
2021-12-08 13:38:49.593 INFO  --- [main] org.quartz.core.QuartzScheduler : Scheduler quartzScheduler_$_NON_CLUSTERED started.
2021-12-08 13:38:49.608 INFO  --- [main] com.mt.demo2.RunApplication : Started RunApplication in 8.971 seconds (JVM running for 12.455)
2021-12-08 13:38:54.617 INFO  --- [http-nio-9010-exec-1] org.apache.catalina.core.ContainerBase.[Tomcat].[localhost].[/] : Initializing Spring DispatcherServlet 'dispatcherServlet'
2021-12-08 13:38:54.617 INFO  --- [http-nio-9010-exec-1] org.springframework.web.servlet.DispatcherServlet : Initializing Servlet 'dispatcherServlet'
2021-12-08 13:38:54.633 INFO  --- [http-nio-9010-exec-1] org.springframework.web.servlet.DispatcherServlet : Completed initialization in 16 ms
2021-12-08 13:42:36.035 INFO  --- [SpringContextShutdownHook] org.quartz.core.QuartzScheduler : Scheduler quartzScheduler_$_NON_CLUSTERED paused.
2021-12-08 13:42:36.100 INFO  --- [SpringContextShutdownHook] org.springframework.scheduling.quartz.SchedulerFactoryBean : Shutting down Quartz Scheduler
2021-12-08 13:42:36.101 INFO  --- [SpringContextShutdownHook] org.quartz.core.QuartzScheduler : Scheduler quartzScheduler_$_NON_CLUSTERED shutting down.
2021-12-08 13:42:36.101 INFO  --- [SpringContextShutdownHook] org.quartz.core.QuartzScheduler : Scheduler quartzScheduler_$_NON_CLUSTERED paused.
2021-12-08 13:42:36.102 INFO  --- [SpringContextShutdownHook] org.quartz.core.QuartzScheduler : Scheduler quartzScheduler_$_NON_CLUSTERED shutdown complete.
2021-12-08 13:42:36.104 INFO  --- [SpringContextShutdownHook] org.springframework.scheduling.concurrent.ThreadPoolTaskExecutor : Shutting down ExecutorService 'applicationTaskExecutor'
2021-12-08 13:42:36.111 INFO  --- [SpringContextShutdownHook] com.baomidou.dynamic.datasource.DynamicRoutingDataSource : dynamic-datasource start closing ....
2021-12-08 13:42:36.112 INFO  --- [SpringContextShutdownHook] com.zaxxer.hikari.HikariDataSource : base - Shutdown initiated...
2021-12-08 13:42:36.150 INFO  --- [SpringContextShutdownHook] com.zaxxer.hikari.HikariDataSource : base - Shutdown completed.
2021-12-08 13:42:36.150 INFO  --- [SpringContextShutdownHook] com.baomidou.dynamic.datasource.DynamicRoutingDataSource : dynamic-datasource all closed success,bye
2021-12-08 13:43:03.849 INFO  --- [main] com.mt.demo2.RunApplication : Starting RunApplication on wuhaotiandeMacBook-Pro.local with PID 2136 (/Users/wuhaotian/Desktop/My/my-server/target/classes started by wuhaotian in /Users/wuhaotian/Desktop/My/my-server)
2021-12-08 13:43:03.854 INFO  --- [main] com.mt.demo2.RunApplication : No active profile set, falling back to default profiles: default
2021-12-08 13:43:06.325 INFO  --- [main] org.springframework.boot.web.embedded.tomcat.TomcatWebServer : Tomcat initialized with port(s): 9010 (http)
2021-12-08 13:43:06.333 INFO  --- [main] org.apache.coyote.http11.Http11NioProtocol : Initializing ProtocolHandler ["http-nio-9010"]
2021-12-08 13:43:06.334 INFO  --- [main] org.apache.catalina.core.StandardService : Starting service [Tomcat]
2021-12-08 13:43:06.334 INFO  --- [main] org.apache.catalina.core.StandardEngine : Starting Servlet engine: [Apache Tomcat/9.0.36]
2021-12-08 13:43:06.422 INFO  --- [main] org.apache.catalina.core.ContainerBase.[Tomcat].[localhost].[/] : Initializing Spring embedded WebApplicationContext
2021-12-08 13:43:06.422 INFO  --- [main] org.springframework.boot.web.servlet.context.ServletWebServerApplicationContext : Root WebApplicationContext: initialization completed in 2393 ms
2021-12-08 13:43:06.688 INFO  --- [main] com.zaxxer.hikari.HikariDataSource : base - Starting...
2021-12-08 13:43:07.250 INFO  --- [main] com.zaxxer.hikari.HikariDataSource : base - Start completed.
2021-12-08 13:43:07.251 INFO  --- [main] com.baomidou.dynamic.datasource.DynamicRoutingDataSource : dynamic-datasource - load a datasource named [base] success
2021-12-08 13:43:07.251 INFO  --- [main] com.baomidou.dynamic.datasource.DynamicRoutingDataSource : dynamic-datasource initial loaded [1] datasource,primary datasource named [base]
2021-12-08 13:43:07.941 ERROR --- [main] com.baomidou.mybatisplus.core.MybatisConfiguration : mapper[com.mt.dictionary.mapper.DictionaryMapper.getListOne] is ignored, because it exists, maybe from xml file
2021-12-08 13:43:08.723 INFO  --- [main] org.springframework.scheduling.concurrent.ThreadPoolTaskExecutor : Initializing ExecutorService 'applicationTaskExecutor'
2021-12-08 13:43:09.026 INFO  --- [main] org.quartz.impl.StdSchedulerFactory : Using default implementation for ThreadExecutor
2021-12-08 13:43:09.035 INFO  --- [main] org.quartz.core.SchedulerSignalerImpl : Initialized Scheduler Signaller of type: class org.quartz.core.SchedulerSignalerImpl
2021-12-08 13:43:09.036 INFO  --- [main] org.quartz.core.QuartzScheduler : Quartz Scheduler v.2.3.0 created.
2021-12-08 13:43:09.036 INFO  --- [main] org.quartz.simpl.RAMJobStore : RAMJobStore initialized.
2021-12-08 13:43:09.037 INFO  --- [main] org.quartz.core.QuartzScheduler : Scheduler meta-data: Quartz Scheduler (v2.3.0) 'quartzScheduler' with instanceId 'NON_CLUSTERED'
  Scheduler class: 'org.quartz.core.QuartzScheduler' - running locally.
  NOT STARTED.
  Currently in standby mode.
  Number of jobs executed: 0
  Using thread pool 'org.quartz.simpl.SimpleThreadPool' - with 10 threads.
  Using job-store 'org.quartz.simpl.RAMJobStore' - which does not support persistence. and is not clustered.

2021-12-08 13:43:09.037 INFO  --- [main] org.quartz.impl.StdSchedulerFactory : Quartz scheduler 'quartzScheduler' initialized from an externally provided properties instance.
2021-12-08 13:43:09.037 INFO  --- [main] org.quartz.impl.StdSchedulerFactory : Quartz scheduler version: 2.3.0
2021-12-08 13:43:09.038 INFO  --- [main] org.quartz.core.QuartzScheduler : JobFactory set to: org.springframework.scheduling.quartz.SpringBeanJobFactory@72543547
2021-12-08 13:43:09.082 INFO  --- [main] org.springframework.boot.autoconfigure.security.servlet.UserDetailsServiceAutoConfiguration : 

Using generated security password: b6e3bf58-fa9a-4d66-a6cd-18b2361000b9

2021-12-08 13:43:09.306 INFO  --- [main] org.springframework.security.web.DefaultSecurityFilterChain : Creating filter chain: any request, [org.springframework.security.web.context.request.async.WebAsyncManagerIntegrationFilter@33e0c716, org.springframework.security.web.context.SecurityContextPersistenceFilter@a1691c0, org.springframework.security.web.header.HeaderWriterFilter@5fed9976, org.springframework.security.web.authentication.logout.LogoutFilter@3375ebd3, org.springframework.security.oauth2.provider.authentication.OAuth2AuthenticationProcessingFilter@528c8c1, org.springframework.security.web.savedrequest.RequestCacheAwareFilter@2f995afc, org.springframework.security.web.servletapi.SecurityContextHolderAwareRequestFilter@4665428b, org.springframework.security.web.authentication.AnonymousAuthenticationFilter@1d6a8386, org.springframework.security.web.session.SessionManagementFilter@6b63abdc, org.springframework.security.web.access.ExceptionTranslationFilter@72ce812e, org.springframework.security.web.access.intercept.FilterSecurityInterceptor@4776e209]
2021-12-08 13:43:09.427 INFO  --- [main] org.apache.coyote.http11.Http11NioProtocol : Starting ProtocolHandler ["http-nio-9010"]
2021-12-08 13:43:09.493 INFO  --- [main] org.springframework.boot.web.embedded.tomcat.TomcatWebServer : Tomcat started on port(s): 9010 (http) with context path ''
2021-12-08 13:43:09.495 INFO  --- [main] org.springframework.scheduling.quartz.SchedulerFactoryBean : Starting Quartz Scheduler now
2021-12-08 13:43:09.495 INFO  --- [main] org.quartz.core.QuartzScheduler : Scheduler quartzScheduler_$_NON_CLUSTERED started.
2021-12-08 13:43:09.514 INFO  --- [main] com.mt.demo2.RunApplication : Started RunApplication in 6.822 seconds (JVM running for 9.592)
2021-12-08 13:43:12.324 INFO  --- [http-nio-9010-exec-2] org.apache.catalina.core.ContainerBase.[Tomcat].[localhost].[/] : Initializing Spring DispatcherServlet 'dispatcherServlet'
2021-12-08 13:43:12.324 INFO  --- [http-nio-9010-exec-2] org.springframework.web.servlet.DispatcherServlet : Initializing Servlet 'dispatcherServlet'
2021-12-08 13:43:12.341 INFO  --- [http-nio-9010-exec-2] org.springframework.web.servlet.DispatcherServlet : Completed initialization in 16 ms
2021-12-08 13:45:35.128 INFO  --- [SpringContextShutdownHook] org.quartz.core.QuartzScheduler : Scheduler quartzScheduler_$_NON_CLUSTERED paused.
2021-12-08 13:45:35.180 INFO  --- [SpringContextShutdownHook] org.springframework.scheduling.quartz.SchedulerFactoryBean : Shutting down Quartz Scheduler
2021-12-08 13:45:35.180 INFO  --- [SpringContextShutdownHook] org.quartz.core.QuartzScheduler : Scheduler quartzScheduler_$_NON_CLUSTERED shutting down.
2021-12-08 13:45:35.180 INFO  --- [SpringContextShutdownHook] org.quartz.core.QuartzScheduler : Scheduler quartzScheduler_$_NON_CLUSTERED paused.
2021-12-08 13:45:35.181 INFO  --- [SpringContextShutdownHook] org.quartz.core.QuartzScheduler : Scheduler quartzScheduler_$_NON_CLUSTERED shutdown complete.
2021-12-08 13:45:35.184 INFO  --- [SpringContextShutdownHook] org.springframework.scheduling.concurrent.ThreadPoolTaskExecutor : Shutting down ExecutorService 'applicationTaskExecutor'
2021-12-08 13:45:35.191 INFO  --- [SpringContextShutdownHook] com.baomidou.dynamic.datasource.DynamicRoutingDataSource : dynamic-datasource start closing ....
2021-12-08 13:45:35.191 INFO  --- [SpringContextShutdownHook] com.zaxxer.hikari.HikariDataSource : base - Shutdown initiated...
2021-12-08 13:45:35.204 INFO  --- [SpringContextShutdownHook] com.zaxxer.hikari.HikariDataSource : base - Shutdown completed.
2021-12-08 13:45:35.204 INFO  --- [SpringContextShutdownHook] com.baomidou.dynamic.datasource.DynamicRoutingDataSource : dynamic-datasource all closed success,bye
2021-12-08 13:45:46.969 INFO  --- [main] com.mt.demo2.RunApplication : Starting RunApplication on wuhaotiandeMacBook-Pro.local with PID 2157 (/Users/wuhaotian/Desktop/My/my-server/target/classes started by wuhaotian in /Users/wuhaotian/Desktop/My/my-server)
2021-12-08 13:45:46.979 INFO  --- [main] com.mt.demo2.RunApplication : No active profile set, falling back to default profiles: default
2021-12-08 13:45:49.691 INFO  --- [main] org.springframework.boot.web.embedded.tomcat.TomcatWebServer : Tomcat initialized with port(s): 9010 (http)
2021-12-08 13:45:49.702 INFO  --- [main] org.apache.coyote.http11.Http11NioProtocol : Initializing ProtocolHandler ["http-nio-9010"]
2021-12-08 13:45:49.704 INFO  --- [main] org.apache.catalina.core.StandardService : Starting service [Tomcat]
2021-12-08 13:45:49.704 INFO  --- [main] org.apache.catalina.core.StandardEngine : Starting Servlet engine: [Apache Tomcat/9.0.36]
2021-12-08 13:45:49.814 INFO  --- [main] org.apache.catalina.core.ContainerBase.[Tomcat].[localhost].[/] : Initializing Spring embedded WebApplicationContext
2021-12-08 13:45:49.814 INFO  --- [main] org.springframework.boot.web.servlet.context.ServletWebServerApplicationContext : Root WebApplicationContext: initialization completed in 2674 ms
2021-12-08 13:45:50.159 INFO  --- [main] com.zaxxer.hikari.HikariDataSource : base - Starting...
2021-12-08 13:45:51.302 INFO  --- [main] com.zaxxer.hikari.HikariDataSource : base - Start completed.
2021-12-08 13:45:51.303 INFO  --- [main] com.baomidou.dynamic.datasource.DynamicRoutingDataSource : dynamic-datasource - load a datasource named [base] success
2021-12-08 13:45:51.304 INFO  --- [main] com.baomidou.dynamic.datasource.DynamicRoutingDataSource : dynamic-datasource initial loaded [1] datasource,primary datasource named [base]
2021-12-08 13:45:52.045 ERROR --- [main] com.baomidou.mybatisplus.core.MybatisConfiguration : mapper[com.mt.dictionary.mapper.DictionaryMapper.getListOne] is ignored, because it exists, maybe from xml file
2021-12-08 13:45:52.970 INFO  --- [main] org.springframework.scheduling.concurrent.ThreadPoolTaskExecutor : Initializing ExecutorService 'applicationTaskExecutor'
2021-12-08 13:45:53.304 INFO  --- [main] org.quartz.impl.StdSchedulerFactory : Using default implementation for ThreadExecutor
2021-12-08 13:45:53.327 INFO  --- [main] org.quartz.core.SchedulerSignalerImpl : Initialized Scheduler Signaller of type: class org.quartz.core.SchedulerSignalerImpl
2021-12-08 13:45:53.328 INFO  --- [main] org.quartz.core.QuartzScheduler : Quartz Scheduler v.2.3.0 created.
2021-12-08 13:45:53.329 INFO  --- [main] org.quartz.simpl.RAMJobStore : RAMJobStore initialized.
2021-12-08 13:45:53.331 INFO  --- [main] org.quartz.core.QuartzScheduler : Scheduler meta-data: Quartz Scheduler (v2.3.0) 'quartzScheduler' with instanceId 'NON_CLUSTERED'
  Scheduler class: 'org.quartz.core.QuartzScheduler' - running locally.
  NOT STARTED.
  Currently in standby mode.
  Number of jobs executed: 0
  Using thread pool 'org.quartz.simpl.SimpleThreadPool' - with 10 threads.
  Using job-store 'org.quartz.simpl.RAMJobStore' - which does not support persistence. and is not clustered.

2021-12-08 13:45:53.331 INFO  --- [main] org.quartz.impl.StdSchedulerFactory : Quartz scheduler 'quartzScheduler' initialized from an externally provided properties instance.
2021-12-08 13:45:53.332 INFO  --- [main] org.quartz.impl.StdSchedulerFactory : Quartz scheduler version: 2.3.0
2021-12-08 13:45:53.332 INFO  --- [main] org.quartz.core.QuartzScheduler : JobFactory set to: org.springframework.scheduling.quartz.SpringBeanJobFactory@24a8e40d
2021-12-08 13:45:53.418 INFO  --- [main] org.springframework.boot.autoconfigure.security.servlet.UserDetailsServiceAutoConfiguration : 

Using generated security password: 4d0be360-88c6-41d8-b8ce-836d19c815a6

2021-12-08 13:45:53.740 INFO  --- [main] org.springframework.security.web.DefaultSecurityFilterChain : Creating filter chain: any request, [org.springframework.security.web.context.request.async.WebAsyncManagerIntegrationFilter@6ed691fd, org.springframework.security.web.context.SecurityContextPersistenceFilter@510e4d79, org.springframework.security.web.header.HeaderWriterFilter@7c69e1e1, org.springframework.security.web.authentication.logout.LogoutFilter@77f03916, org.springframework.security.oauth2.provider.authentication.OAuth2AuthenticationProcessingFilter@5f20b6fe, org.springframework.security.web.savedrequest.RequestCacheAwareFilter@7fcc3745, org.springframework.security.web.servletapi.SecurityContextHolderAwareRequestFilter@261a66b8, org.springframework.security.web.authentication.AnonymousAuthenticationFilter@1efcba00, org.springframework.security.web.session.SessionManagementFilter@1b19712f, org.springframework.security.web.access.ExceptionTranslationFilter@5df7a065, org.springframework.security.web.access.intercept.FilterSecurityInterceptor@4272d8cf]
2021-12-08 13:45:53.813 INFO  --- [main] org.apache.coyote.http11.Http11NioProtocol : Starting ProtocolHandler ["http-nio-9010"]
2021-12-08 13:45:53.855 INFO  --- [main] org.springframework.boot.web.embedded.tomcat.TomcatWebServer : Tomcat started on port(s): 9010 (http) with context path ''
2021-12-08 13:45:53.857 INFO  --- [main] org.springframework.scheduling.quartz.SchedulerFactoryBean : Starting Quartz Scheduler now
2021-12-08 13:45:53.857 INFO  --- [main] org.quartz.core.QuartzScheduler : Scheduler quartzScheduler_$_NON_CLUSTERED started.
2021-12-08 13:45:53.871 INFO  --- [main] com.mt.demo2.RunApplication : Started RunApplication in 8.533 seconds (JVM running for 11.63)
2021-12-08 13:46:16.139 INFO  --- [http-nio-9010-exec-1] org.apache.catalina.core.ContainerBase.[Tomcat].[localhost].[/] : Initializing Spring DispatcherServlet 'dispatcherServlet'
2021-12-08 13:46:16.141 INFO  --- [http-nio-9010-exec-1] org.springframework.web.servlet.DispatcherServlet : Initializing Servlet 'dispatcherServlet'
2021-12-08 13:46:16.154 INFO  --- [http-nio-9010-exec-1] org.springframework.web.servlet.DispatcherServlet : Completed initialization in 12 ms
2021-12-08 13:46:24.677 ERROR --- [http-nio-9010-exec-1] com.mt.common.exception.RRExceptionHandler : For input string: "188.969467163"
java.lang.NumberFormatException: For input string: "188.969467163"
	at java.lang.NumberFormatException.forInputString(NumberFormatException.java:65)
	at java.lang.Integer.parseInt(Integer.java:580)
	at java.lang.Integer.parseInt(Integer.java:615)
	at com.mt.power.controller.PowerController.loadRate(PowerController.java:477)
	at sun.reflect.NativeMethodAccessorImpl.invoke0(Native Method)
	at sun.reflect.NativeMethodAccessorImpl.invoke(NativeMethodAccessorImpl.java:62)
	at sun.reflect.DelegatingMethodAccessorImpl.invoke(DelegatingMethodAccessorImpl.java:43)
	at java.lang.reflect.Method.invoke(Method.java:498)
	at org.springframework.web.method.support.InvocableHandlerMethod.doInvoke(InvocableHandlerMethod.java:190)
	at org.springframework.web.method.support.InvocableHandlerMethod.invokeForRequest(InvocableHandlerMethod.java:138)
	at org.springframework.web.servlet.mvc.method.annotation.ServletInvocableHandlerMethod.invokeAndHandle(ServletInvocableHandlerMethod.java:105)
	at org.springframework.web.servlet.mvc.method.annotation.RequestMappingHandlerAdapter.invokeHandlerMethod(RequestMappingHandlerAdapter.java:879)
	at org.springframework.web.servlet.mvc.method.annotation.RequestMappingHandlerAdapter.handleInternal(RequestMappingHandlerAdapter.java:793)
	at org.springframework.web.servlet.mvc.method.AbstractHandlerMethodAdapter.handle(AbstractHandlerMethodAdapter.java:87)
	at org.springframework.web.servlet.DispatcherServlet.doDispatch(DispatcherServlet.java:1040)
	at org.springframework.web.servlet.DispatcherServlet.doService(DispatcherServlet.java:943)
	at org.springframework.web.servlet.FrameworkServlet.processRequest(FrameworkServlet.java:1006)
	at org.springframework.web.servlet.FrameworkServlet.doGet(FrameworkServlet.java:898)
	at javax.servlet.http.HttpServlet.service(HttpServlet.java:634)
	at org.springframework.web.servlet.FrameworkServlet.service(FrameworkServlet.java:883)
	at javax.servlet.http.HttpServlet.service(HttpServlet.java:741)
	at org.apache.catalina.core.ApplicationFilterChain.internalDoFilter(ApplicationFilterChain.java:231)
	at org.apache.catalina.core.ApplicationFilterChain.doFilter(ApplicationFilterChain.java:166)
	at org.apache.tomcat.websocket.server.WsFilter.doFilter(WsFilter.java:53)
	at org.apache.catalina.core.ApplicationFilterChain.internalDoFilter(ApplicationFilterChain.java:193)
	at org.apache.catalina.core.ApplicationFilterChain.doFilter(ApplicationFilterChain.java:166)
	at org.springframework.security.web.FilterChainProxy$VirtualFilterChain.doFilter(FilterChainProxy.java:320)
	at org.springframework.security.web.access.intercept.FilterSecurityInterceptor.invoke(FilterSecurityInterceptor.java:126)
	at org.springframework.security.web.access.intercept.FilterSecurityInterceptor.doFilter(FilterSecurityInterceptor.java:90)
	at org.springframework.security.web.FilterChainProxy$VirtualFilterChain.doFilter(FilterChainProxy.java:334)
	at org.springframework.security.web.access.ExceptionTranslationFilter.doFilter(ExceptionTranslationFilter.java:118)
	at org.springframework.security.web.FilterChainProxy$VirtualFilterChain.doFilter(FilterChainProxy.java:334)
	at org.springframework.security.web.session.SessionManagementFilter.doFilter(SessionManagementFilter.java:137)
	at org.springframework.security.web.FilterChainProxy$VirtualFilterChain.doFilter(FilterChainProxy.java:334)
	at org.springframework.security.web.authentication.AnonymousAuthenticationFilter.doFilter(AnonymousAuthenticationFilter.java:111)
	at org.springframework.security.web.FilterChainProxy$VirtualFilterChain.doFilter(FilterChainProxy.java:334)
	at org.springframework.security.web.servletapi.SecurityContextHolderAwareRequestFilter.doFilter(SecurityContextHolderAwareRequestFilter.java:158)
	at org.springframework.security.web.FilterChainProxy$VirtualFilterChain.doFilter(FilterChainProxy.java:334)
	at org.springframework.security.web.savedrequest.RequestCacheAwareFilter.doFilter(RequestCacheAwareFilter.java:63)
	at org.springframework.security.web.FilterChainProxy$VirtualFilterChain.doFilter(FilterChainProxy.java:334)
	at org.springframework.security.oauth2.provider.authentication.OAuth2AuthenticationProcessingFilter.doFilter(OAuth2AuthenticationProcessingFilter.java:176)
	at org.springframework.security.web.FilterChainProxy$VirtualFilterChain.doFilter(FilterChainProxy.java:334)
	at org.springframework.security.web.authentication.logout.LogoutFilter.doFilter(LogoutFilter.java:116)
	at org.springframework.security.web.FilterChainProxy$VirtualFilterChain.doFilter(FilterChainProxy.java:334)
	at org.springframework.security.web.header.HeaderWriterFilter.doHeadersAfter(HeaderWriterFilter.java:92)
	at org.springframework.security.web.header.HeaderWriterFilter.doFilterInternal(HeaderWriterFilter.java:77)
	at org.springframework.web.filter.OncePerRequestFilter.doFilter(OncePerRequestFilter.java:119)
	at org.springframework.security.web.FilterChainProxy$VirtualFilterChain.doFilter(FilterChainProxy.java:334)
	at org.springframework.security.web.context.SecurityContextPersistenceFilter.doFilter(SecurityContextPersistenceFilter.java:105)
	at org.springframework.security.web.FilterChainProxy$VirtualFilterChain.doFilter(FilterChainProxy.java:334)
	at org.springframework.security.web.context.request.async.WebAsyncManagerIntegrationFilter.doFilterInternal(WebAsyncManagerIntegrationFilter.java:56)
	at org.springframework.web.filter.OncePerRequestFilter.doFilter(OncePerRequestFilter.java:119)
	at org.springframework.security.web.FilterChainProxy$VirtualFilterChain.doFilter(FilterChainProxy.java:334)
	at org.springframework.security.web.FilterChainProxy.doFilterInternal(FilterChainProxy.java:215)
	at org.springframework.security.web.FilterChainProxy.doFilter(FilterChainProxy.java:178)
	at org.springframework.web.filter.DelegatingFilterProxy.invokeDelegate(DelegatingFilterProxy.java:358)
	at org.springframework.web.filter.DelegatingFilterProxy.doFilter(DelegatingFilterProxy.java:271)
	at org.apache.catalina.core.ApplicationFilterChain.internalDoFilter(ApplicationFilterChain.java:193)
	at org.apache.catalina.core.ApplicationFilterChain.doFilter(ApplicationFilterChain.java:166)
	at org.springframework.web.filter.RequestContextFilter.doFilterInternal(RequestContextFilter.java:100)
	at org.springframework.web.filter.OncePerRequestFilter.doFilter(OncePerRequestFilter.java:119)
	at org.apache.catalina.core.ApplicationFilterChain.internalDoFilter(ApplicationFilterChain.java:193)
	at org.apache.catalina.core.ApplicationFilterChain.doFilter(ApplicationFilterChain.java:166)
	at org.springframework.web.filter.FormContentFilter.doFilterInternal(FormContentFilter.java:93)
	at org.springframework.web.filter.OncePerRequestFilter.doFilter(OncePerRequestFilter.java:119)
	at org.apache.catalina.core.ApplicationFilterChain.internalDoFilter(ApplicationFilterChain.java:193)
	at org.apache.catalina.core.ApplicationFilterChain.doFilter(ApplicationFilterChain.java:166)
	at org.springframework.web.filter.CharacterEncodingFilter.doFilterInternal(CharacterEncodingFilter.java:201)
	at org.springframework.web.filter.OncePerRequestFilter.doFilter(OncePerRequestFilter.java:119)
	at org.apache.catalina.core.ApplicationFilterChain.internalDoFilter(ApplicationFilterChain.java:193)
	at org.apache.catalina.core.ApplicationFilterChain.doFilter(ApplicationFilterChain.java:166)
	at com.mt.auth.config.CorsFilter.doFilter(CorsFilter.java:34)
	at org.apache.catalina.core.ApplicationFilterChain.internalDoFilter(ApplicationFilterChain.java:193)
	at org.apache.catalina.core.ApplicationFilterChain.doFilter(ApplicationFilterChain.java:166)
	at org.apache.catalina.core.StandardWrapperValve.invoke(StandardWrapperValve.java:202)
	at org.apache.catalina.core.StandardContextValve.invoke(StandardContextValve.java:96)
	at org.apache.catalina.authenticator.AuthenticatorBase.invoke(AuthenticatorBase.java:541)
	at org.apache.catalina.core.StandardHostValve.invoke(StandardHostValve.java:139)
	at org.apache.catalina.valves.ErrorReportValve.invoke(ErrorReportValve.java:92)
	at org.apache.catalina.core.StandardEngineValve.invoke(StandardEngineValve.java:74)
	at org.apache.catalina.connector.CoyoteAdapter.service(CoyoteAdapter.java:343)
	at org.apache.coyote.http11.Http11Processor.service(Http11Processor.java:373)
	at org.apache.coyote.AbstractProcessorLight.process(AbstractProcessorLight.java:65)
	at org.apache.coyote.AbstractProtocol$ConnectionHandler.process(AbstractProtocol.java:868)
	at org.apache.tomcat.util.net.NioEndpoint$SocketProcessor.doRun(NioEndpoint.java:1590)
	at org.apache.tomcat.util.net.SocketProcessorBase.run(SocketProcessorBase.java:49)
	at java.util.concurrent.ThreadPoolExecutor.runWorker(ThreadPoolExecutor.java:1149)
	at java.util.concurrent.ThreadPoolExecutor$Worker.run(ThreadPoolExecutor.java:624)
	at org.apache.tomcat.util.threads.TaskThread$WrappingRunnable.run(TaskThread.java:61)
	at java.lang.Thread.run(Thread.java:748)
2021-12-08 13:47:33.586 INFO  --- [SpringContextShutdownHook] org.quartz.core.QuartzScheduler : Scheduler quartzScheduler_$_NON_CLUSTERED paused.
2021-12-08 13:47:33.659 INFO  --- [SpringContextShutdownHook] org.springframework.scheduling.quartz.SchedulerFactoryBean : Shutting down Quartz Scheduler
2021-12-08 13:47:33.660 INFO  --- [SpringContextShutdownHook] org.quartz.core.QuartzScheduler : Scheduler quartzScheduler_$_NON_CLUSTERED shutting down.
2021-12-08 13:47:33.660 INFO  --- [SpringContextShutdownHook] org.quartz.core.QuartzScheduler : Scheduler quartzScheduler_$_NON_CLUSTERED paused.
2021-12-08 13:47:33.661 INFO  --- [SpringContextShutdownHook] org.quartz.core.QuartzScheduler : Scheduler quartzScheduler_$_NON_CLUSTERED shutdown complete.
2021-12-08 13:47:33.663 INFO  --- [SpringContextShutdownHook] org.springframework.scheduling.concurrent.ThreadPoolTaskExecutor : Shutting down ExecutorService 'applicationTaskExecutor'
2021-12-08 13:47:33.667 INFO  --- [SpringContextShutdownHook] com.baomidou.dynamic.datasource.DynamicRoutingDataSource : dynamic-datasource start closing ....
2021-12-08 13:47:33.668 INFO  --- [SpringContextShutdownHook] com.zaxxer.hikari.HikariDataSource : base - Shutdown initiated...
2021-12-08 13:47:33.689 INFO  --- [SpringContextShutdownHook] com.zaxxer.hikari.HikariDataSource : base - Shutdown completed.
2021-12-08 13:47:33.689 INFO  --- [SpringContextShutdownHook] com.baomidou.dynamic.datasource.DynamicRoutingDataSource : dynamic-datasource all closed success,bye
2021-12-08 13:47:48.201 INFO  --- [main] com.mt.demo2.RunApplication : Starting RunApplication on wuhaotiandeMacBook-Pro.local with PID 2297 (/Users/wuhaotian/Desktop/My/my-server/target/classes started by wuhaotian in /Users/wuhaotian/Desktop/My/my-server)
2021-12-08 13:47:48.208 INFO  --- [main] com.mt.demo2.RunApplication : No active profile set, falling back to default profiles: default
2021-12-08 13:47:51.880 INFO  --- [main] org.springframework.boot.web.embedded.tomcat.TomcatWebServer : Tomcat initialized with port(s): 9010 (http)
2021-12-08 13:47:51.892 INFO  --- [main] org.apache.coyote.http11.Http11NioProtocol : Initializing ProtocolHandler ["http-nio-9010"]
2021-12-08 13:47:51.893 INFO  --- [main] org.apache.catalina.core.StandardService : Starting service [Tomcat]
2021-12-08 13:47:51.894 INFO  --- [main] org.apache.catalina.core.StandardEngine : Starting Servlet engine: [Apache Tomcat/9.0.36]
2021-12-08 13:47:52.004 INFO  --- [main] org.apache.catalina.core.ContainerBase.[Tomcat].[localhost].[/] : Initializing Spring embedded WebApplicationContext
2021-12-08 13:47:52.004 INFO  --- [main] org.springframework.boot.web.servlet.context.ServletWebServerApplicationContext : Root WebApplicationContext: initialization completed in 3396 ms
2021-12-08 13:47:52.350 INFO  --- [main] com.zaxxer.hikari.HikariDataSource : base - Starting...
2021-12-08 13:47:53.246 INFO  --- [main] com.zaxxer.hikari.HikariDataSource : base - Start completed.
2021-12-08 13:47:53.247 INFO  --- [main] com.baomidou.dynamic.datasource.DynamicRoutingDataSource : dynamic-datasource - load a datasource named [base] success
2021-12-08 13:47:53.247 INFO  --- [main] com.baomidou.dynamic.datasource.DynamicRoutingDataSource : dynamic-datasource initial loaded [1] datasource,primary datasource named [base]
2021-12-08 13:47:54.016 ERROR --- [main] com.baomidou.mybatisplus.core.MybatisConfiguration : mapper[com.mt.dictionary.mapper.DictionaryMapper.getListOne] is ignored, because it exists, maybe from xml file
2021-12-08 13:47:54.885 INFO  --- [main] org.springframework.scheduling.concurrent.ThreadPoolTaskExecutor : Initializing ExecutorService 'applicationTaskExecutor'
2021-12-08 13:47:55.250 INFO  --- [main] org.quartz.impl.StdSchedulerFactory : Using default implementation for ThreadExecutor
2021-12-08 13:47:55.263 INFO  --- [main] org.quartz.core.SchedulerSignalerImpl : Initialized Scheduler Signaller of type: class org.quartz.core.SchedulerSignalerImpl
2021-12-08 13:47:55.264 INFO  --- [main] org.quartz.core.QuartzScheduler : Quartz Scheduler v.2.3.0 created.
2021-12-08 13:47:55.265 INFO  --- [main] org.quartz.simpl.RAMJobStore : RAMJobStore initialized.
2021-12-08 13:47:55.266 INFO  --- [main] org.quartz.core.QuartzScheduler : Scheduler meta-data: Quartz Scheduler (v2.3.0) 'quartzScheduler' with instanceId 'NON_CLUSTERED'
  Scheduler class: 'org.quartz.core.QuartzScheduler' - running locally.
  NOT STARTED.
  Currently in standby mode.
  Number of jobs executed: 0
  Using thread pool 'org.quartz.simpl.SimpleThreadPool' - with 10 threads.
  Using job-store 'org.quartz.simpl.RAMJobStore' - which does not support persistence. and is not clustered.

2021-12-08 13:47:55.267 INFO  --- [main] org.quartz.impl.StdSchedulerFactory : Quartz scheduler 'quartzScheduler' initialized from an externally provided properties instance.
2021-12-08 13:47:55.267 INFO  --- [main] org.quartz.impl.StdSchedulerFactory : Quartz scheduler version: 2.3.0
2021-12-08 13:47:55.267 INFO  --- [main] org.quartz.core.QuartzScheduler : JobFactory set to: org.springframework.scheduling.quartz.SpringBeanJobFactory@4bf8b77
2021-12-08 13:47:55.332 INFO  --- [main] org.springframework.boot.autoconfigure.security.servlet.UserDetailsServiceAutoConfiguration : 

Using generated security password: 01c722f7-bb12-45cb-9696-9cad142f4a01

2021-12-08 13:47:55.697 INFO  --- [main] org.springframework.security.web.DefaultSecurityFilterChain : Creating filter chain: any request, [org.springframework.security.web.context.request.async.WebAsyncManagerIntegrationFilter@430aae8e, org.springframework.security.web.context.SecurityContextPersistenceFilter@1cdd31a4, org.springframework.security.web.header.HeaderWriterFilter@31082efa, org.springframework.security.web.authentication.logout.LogoutFilter@681311a7, org.springframework.security.oauth2.provider.authentication.OAuth2AuthenticationProcessingFilter@e6e5da4, org.springframework.security.web.savedrequest.RequestCacheAwareFilter@71316cd7, org.springframework.security.web.servletapi.SecurityContextHolderAwareRequestFilter@6c1e40d9, org.springframework.security.web.authentication.AnonymousAuthenticationFilter@78504ce9, org.springframework.security.web.session.SessionManagementFilter@46994f26, org.springframework.security.web.access.ExceptionTranslationFilter@4b61e97, org.springframework.security.web.access.intercept.FilterSecurityInterceptor@3eff6846]
2021-12-08 13:47:55.783 INFO  --- [main] org.apache.coyote.http11.Http11NioProtocol : Starting ProtocolHandler ["http-nio-9010"]
2021-12-08 13:47:55.880 INFO  --- [main] org.springframework.boot.web.embedded.tomcat.TomcatWebServer : Tomcat started on port(s): 9010 (http) with context path ''
2021-12-08 13:47:55.882 INFO  --- [main] org.springframework.scheduling.quartz.SchedulerFactoryBean : Starting Quartz Scheduler now
2021-12-08 13:47:55.882 INFO  --- [main] org.quartz.core.QuartzScheduler : Scheduler quartzScheduler_$_NON_CLUSTERED started.
2021-12-08 13:47:55.896 INFO  --- [main] com.mt.demo2.RunApplication : Started RunApplication in 8.931 seconds (JVM running for 12.131)
2021-12-08 13:47:58.912 INFO  --- [http-nio-9010-exec-2] org.apache.catalina.core.ContainerBase.[Tomcat].[localhost].[/] : Initializing Spring DispatcherServlet 'dispatcherServlet'
2021-12-08 13:47:58.914 INFO  --- [http-nio-9010-exec-2] org.springframework.web.servlet.DispatcherServlet : Initializing Servlet 'dispatcherServlet'
2021-12-08 13:47:58.933 INFO  --- [http-nio-9010-exec-2] org.springframework.web.servlet.DispatcherServlet : Completed initialization in 18 ms
2021-12-08 13:56:10.854 INFO  --- [SpringContextShutdownHook] org.quartz.core.QuartzScheduler : Scheduler quartzScheduler_$_NON_CLUSTERED paused.
2021-12-08 13:56:10.914 INFO  --- [SpringContextShutdownHook] org.springframework.scheduling.quartz.SchedulerFactoryBean : Shutting down Quartz Scheduler
2021-12-08 13:56:10.914 INFO  --- [SpringContextShutdownHook] org.quartz.core.QuartzScheduler : Scheduler quartzScheduler_$_NON_CLUSTERED shutting down.
2021-12-08 13:56:10.915 INFO  --- [SpringContextShutdownHook] org.quartz.core.QuartzScheduler : Scheduler quartzScheduler_$_NON_CLUSTERED paused.
2021-12-08 13:56:10.925 INFO  --- [SpringContextShutdownHook] org.quartz.core.QuartzScheduler : Scheduler quartzScheduler_$_NON_CLUSTERED shutdown complete.
2021-12-08 13:56:10.928 INFO  --- [SpringContextShutdownHook] org.springframework.scheduling.concurrent.ThreadPoolTaskExecutor : Shutting down ExecutorService 'applicationTaskExecutor'
2021-12-08 13:56:10.932 INFO  --- [SpringContextShutdownHook] com.baomidou.dynamic.datasource.DynamicRoutingDataSource : dynamic-datasource start closing ....
2021-12-08 13:56:10.933 INFO  --- [SpringContextShutdownHook] com.zaxxer.hikari.HikariDataSource : base - Shutdown initiated...
2021-12-08 13:56:10.947 INFO  --- [SpringContextShutdownHook] com.zaxxer.hikari.HikariDataSource : base - Shutdown completed.
2021-12-08 13:56:10.947 INFO  --- [SpringContextShutdownHook] com.baomidou.dynamic.datasource.DynamicRoutingDataSource : dynamic-datasource all closed success,bye
2021-12-08 13:56:25.804 INFO  --- [main] com.mt.demo2.RunApplication : Starting RunApplication on wuhaotiandeMacBook-Pro.local with PID 2341 (/Users/wuhaotian/Desktop/My/my-server/target/classes started by wuhaotian in /Users/wuhaotian/Desktop/My/my-server)
2021-12-08 13:56:25.811 INFO  --- [main] com.mt.demo2.RunApplication : No active profile set, falling back to default profiles: default
2021-12-08 13:56:28.410 INFO  --- [main] org.springframework.boot.web.embedded.tomcat.TomcatWebServer : Tomcat initialized with port(s): 9010 (http)
2021-12-08 13:56:28.426 INFO  --- [main] org.apache.coyote.http11.Http11NioProtocol : Initializing ProtocolHandler ["http-nio-9010"]
2021-12-08 13:56:28.427 INFO  --- [main] org.apache.catalina.core.StandardService : Starting service [Tomcat]
2021-12-08 13:56:28.427 INFO  --- [main] org.apache.catalina.core.StandardEngine : Starting Servlet engine: [Apache Tomcat/9.0.36]
2021-12-08 13:56:28.571 INFO  --- [main] org.apache.catalina.core.ContainerBase.[Tomcat].[localhost].[/] : Initializing Spring embedded WebApplicationContext
2021-12-08 13:56:28.571 INFO  --- [main] org.springframework.boot.web.servlet.context.ServletWebServerApplicationContext : Root WebApplicationContext: initialization completed in 2614 ms
2021-12-08 13:56:28.894 INFO  --- [main] com.zaxxer.hikari.HikariDataSource : base - Starting...
2021-12-08 13:56:29.696 INFO  --- [main] com.zaxxer.hikari.HikariDataSource : base - Start completed.
2021-12-08 13:56:29.697 INFO  --- [main] com.baomidou.dynamic.datasource.DynamicRoutingDataSource : dynamic-datasource - load a datasource named [base] success
2021-12-08 13:56:29.697 INFO  --- [main] com.baomidou.dynamic.datasource.DynamicRoutingDataSource : dynamic-datasource initial loaded [1] datasource,primary datasource named [base]
2021-12-08 13:56:30.426 ERROR --- [main] com.baomidou.mybatisplus.core.MybatisConfiguration : mapper[com.mt.dictionary.mapper.DictionaryMapper.getListOne] is ignored, because it exists, maybe from xml file
2021-12-08 13:56:31.252 INFO  --- [main] org.springframework.scheduling.concurrent.ThreadPoolTaskExecutor : Initializing ExecutorService 'applicationTaskExecutor'
2021-12-08 13:56:31.654 INFO  --- [main] org.quartz.impl.StdSchedulerFactory : Using default implementation for ThreadExecutor
2021-12-08 13:56:31.669 INFO  --- [main] org.quartz.core.SchedulerSignalerImpl : Initialized Scheduler Signaller of type: class org.quartz.core.SchedulerSignalerImpl
2021-12-08 13:56:31.670 INFO  --- [main] org.quartz.core.QuartzScheduler : Quartz Scheduler v.2.3.0 created.
2021-12-08 13:56:31.671 INFO  --- [main] org.quartz.simpl.RAMJobStore : RAMJobStore initialized.
2021-12-08 13:56:31.672 INFO  --- [main] org.quartz.core.QuartzScheduler : Scheduler meta-data: Quartz Scheduler (v2.3.0) 'quartzScheduler' with instanceId 'NON_CLUSTERED'
  Scheduler class: 'org.quartz.core.QuartzScheduler' - running locally.
  NOT STARTED.
  Currently in standby mode.
  Number of jobs executed: 0
  Using thread pool 'org.quartz.simpl.SimpleThreadPool' - with 10 threads.
  Using job-store 'org.quartz.simpl.RAMJobStore' - which does not support persistence. and is not clustered.

2021-12-08 13:56:31.673 INFO  --- [main] org.quartz.impl.StdSchedulerFactory : Quartz scheduler 'quartzScheduler' initialized from an externally provided properties instance.
2021-12-08 13:56:31.673 INFO  --- [main] org.quartz.impl.StdSchedulerFactory : Quartz scheduler version: 2.3.0
2021-12-08 13:56:31.673 INFO  --- [main] org.quartz.core.QuartzScheduler : JobFactory set to: org.springframework.scheduling.quartz.SpringBeanJobFactory@194224ca
2021-12-08 13:56:31.734 INFO  --- [main] org.springframework.boot.autoconfigure.security.servlet.UserDetailsServiceAutoConfiguration : 

Using generated security password: 9695572b-b050-4344-898c-ba437a25fb93

2021-12-08 13:56:32.087 INFO  --- [main] org.springframework.security.web.DefaultSecurityFilterChain : Creating filter chain: any request, [org.springframework.security.web.context.request.async.WebAsyncManagerIntegrationFilter@16f4a3c0, org.springframework.security.web.context.SecurityContextPersistenceFilter@72f35a31, org.springframework.security.web.header.HeaderWriterFilter@185339ed, org.springframework.security.web.authentication.logout.LogoutFilter@4407b042, org.springframework.security.oauth2.provider.authentication.OAuth2AuthenticationProcessingFilter@2430cf17, org.springframework.security.web.savedrequest.RequestCacheAwareFilter@6b3b2c34, org.springframework.security.web.servletapi.SecurityContextHolderAwareRequestFilter@f591271, org.springframework.security.web.authentication.AnonymousAuthenticationFilter@26495639, org.springframework.security.web.session.SessionManagementFilter@3eedd0e3, org.springframework.security.web.access.ExceptionTranslationFilter@156ff70f, org.springframework.security.web.access.intercept.FilterSecurityInterceptor@295d54d6]
2021-12-08 13:56:32.173 INFO  --- [main] org.apache.coyote.http11.Http11NioProtocol : Starting ProtocolHandler ["http-nio-9010"]
2021-12-08 13:56:32.217 INFO  --- [main] org.springframework.boot.web.embedded.tomcat.TomcatWebServer : Tomcat started on port(s): 9010 (http) with context path ''
2021-12-08 13:56:32.219 INFO  --- [main] org.springframework.scheduling.quartz.SchedulerFactoryBean : Starting Quartz Scheduler now
2021-12-08 13:56:32.220 INFO  --- [main] org.quartz.core.QuartzScheduler : Scheduler quartzScheduler_$_NON_CLUSTERED started.
2021-12-08 13:56:32.233 INFO  --- [main] com.mt.demo2.RunApplication : Started RunApplication in 7.674 seconds (JVM running for 10.833)
2021-12-08 13:56:36.932 INFO  --- [http-nio-9010-exec-2] org.apache.catalina.core.ContainerBase.[Tomcat].[localhost].[/] : Initializing Spring DispatcherServlet 'dispatcherServlet'
2021-12-08 13:56:36.934 INFO  --- [http-nio-9010-exec-2] org.springframework.web.servlet.DispatcherServlet : Initializing Servlet 'dispatcherServlet'
2021-12-08 13:56:36.951 INFO  --- [http-nio-9010-exec-2] org.springframework.web.servlet.DispatcherServlet : Completed initialization in 17 ms
2021-12-08 14:15:00.165 INFO  --- [SpringContextShutdownHook] org.quartz.core.QuartzScheduler : Scheduler quartzScheduler_$_NON_CLUSTERED paused.
2021-12-08 14:15:00.210 INFO  --- [SpringContextShutdownHook] org.springframework.scheduling.quartz.SchedulerFactoryBean : Shutting down Quartz Scheduler
2021-12-08 14:15:00.212 INFO  --- [SpringContextShutdownHook] org.quartz.core.QuartzScheduler : Scheduler quartzScheduler_$_NON_CLUSTERED shutting down.
2021-12-08 14:15:00.215 INFO  --- [SpringContextShutdownHook] org.quartz.core.QuartzScheduler : Scheduler quartzScheduler_$_NON_CLUSTERED paused.
2021-12-08 14:15:00.227 INFO  --- [SpringContextShutdownHook] org.quartz.core.QuartzScheduler : Scheduler quartzScheduler_$_NON_CLUSTERED shutdown complete.
2021-12-08 14:15:00.231 INFO  --- [SpringContextShutdownHook] org.springframework.scheduling.concurrent.ThreadPoolTaskExecutor : Shutting down ExecutorService 'applicationTaskExecutor'
2021-12-08 14:15:00.235 INFO  --- [SpringContextShutdownHook] com.baomidou.dynamic.datasource.DynamicRoutingDataSource : dynamic-datasource start closing ....
2021-12-08 14:15:00.236 INFO  --- [SpringContextShutdownHook] com.zaxxer.hikari.HikariDataSource : base - Shutdown initiated...
2021-12-08 14:15:00.261 INFO  --- [SpringContextShutdownHook] com.zaxxer.hikari.HikariDataSource : base - Shutdown completed.
2021-12-08 14:15:00.262 INFO  --- [SpringContextShutdownHook] com.baomidou.dynamic.datasource.DynamicRoutingDataSource : dynamic-datasource all closed success,bye
2021-12-08 14:15:15.188 INFO  --- [main] com.mt.demo2.RunApplication : Starting RunApplication on wuhaotiandeMacBook-Pro.local with PID 2419 (/Users/wuhaotian/Desktop/My/my-server/target/classes started by wuhaotian in /Users/wuhaotian/Desktop/My/my-server)
2021-12-08 14:15:15.196 INFO  --- [main] com.mt.demo2.RunApplication : No active profile set, falling back to default profiles: default
2021-12-08 14:15:17.871 INFO  --- [main] org.springframework.boot.web.embedded.tomcat.TomcatWebServer : Tomcat initialized with port(s): 9010 (http)
2021-12-08 14:15:17.880 INFO  --- [main] org.apache.coyote.http11.Http11NioProtocol : Initializing ProtocolHandler ["http-nio-9010"]
2021-12-08 14:15:17.881 INFO  --- [main] org.apache.catalina.core.StandardService : Starting service [Tomcat]
2021-12-08 14:15:17.882 INFO  --- [main] org.apache.catalina.core.StandardEngine : Starting Servlet engine: [Apache Tomcat/9.0.36]
2021-12-08 14:15:17.985 INFO  --- [main] org.apache.catalina.core.ContainerBase.[Tomcat].[localhost].[/] : Initializing Spring embedded WebApplicationContext
2021-12-08 14:15:17.985 INFO  --- [main] org.springframework.boot.web.servlet.context.ServletWebServerApplicationContext : Root WebApplicationContext: initialization completed in 2557 ms
2021-12-08 14:15:18.287 INFO  --- [main] com.zaxxer.hikari.HikariDataSource : base - Starting...
2021-12-08 14:15:19.168 INFO  --- [main] com.zaxxer.hikari.HikariDataSource : base - Start completed.
2021-12-08 14:15:19.169 INFO  --- [main] com.baomidou.dynamic.datasource.DynamicRoutingDataSource : dynamic-datasource - load a datasource named [base] success
2021-12-08 14:15:19.170 INFO  --- [main] com.baomidou.dynamic.datasource.DynamicRoutingDataSource : dynamic-datasource initial loaded [1] datasource,primary datasource named [base]
2021-12-08 14:15:19.849 ERROR --- [main] com.baomidou.mybatisplus.core.MybatisConfiguration : mapper[com.mt.dictionary.mapper.DictionaryMapper.getListOne] is ignored, because it exists, maybe from xml file
2021-12-08 14:15:20.678 INFO  --- [main] org.springframework.scheduling.concurrent.ThreadPoolTaskExecutor : Initializing ExecutorService 'applicationTaskExecutor'
2021-12-08 14:15:21.071 INFO  --- [main] org.quartz.impl.StdSchedulerFactory : Using default implementation for ThreadExecutor
2021-12-08 14:15:21.087 INFO  --- [main] org.quartz.core.SchedulerSignalerImpl : Initialized Scheduler Signaller of type: class org.quartz.core.SchedulerSignalerImpl
2021-12-08 14:15:21.088 INFO  --- [main] org.quartz.core.QuartzScheduler : Quartz Scheduler v.2.3.0 created.
2021-12-08 14:15:21.089 INFO  --- [main] org.quartz.simpl.RAMJobStore : RAMJobStore initialized.
2021-12-08 14:15:21.090 INFO  --- [main] org.quartz.core.QuartzScheduler : Scheduler meta-data: Quartz Scheduler (v2.3.0) 'quartzScheduler' with instanceId 'NON_CLUSTERED'
  Scheduler class: 'org.quartz.core.QuartzScheduler' - running locally.
  NOT STARTED.
  Currently in standby mode.
  Number of jobs executed: 0
  Using thread pool 'org.quartz.simpl.SimpleThreadPool' - with 10 threads.
  Using job-store 'org.quartz.simpl.RAMJobStore' - which does not support persistence. and is not clustered.

2021-12-08 14:15:21.090 INFO  --- [main] org.quartz.impl.StdSchedulerFactory : Quartz scheduler 'quartzScheduler' initialized from an externally provided properties instance.
2021-12-08 14:15:21.090 INFO  --- [main] org.quartz.impl.StdSchedulerFactory : Quartz scheduler version: 2.3.0
2021-12-08 14:15:21.090 INFO  --- [main] org.quartz.core.QuartzScheduler : JobFactory set to: org.springframework.scheduling.quartz.SpringBeanJobFactory@550fa96f
2021-12-08 14:15:21.147 INFO  --- [main] org.springframework.boot.autoconfigure.security.servlet.UserDetailsServiceAutoConfiguration : 

Using generated security password: 253298b8-2464-4a21-bfe1-f24bfa025dd9

2021-12-08 14:15:21.515 INFO  --- [main] org.springframework.security.web.DefaultSecurityFilterChain : Creating filter chain: any request, [org.springframework.security.web.context.request.async.WebAsyncManagerIntegrationFilter@1b485c8b, org.springframework.security.web.context.SecurityContextPersistenceFilter@1c3d9e28, org.springframework.security.web.header.HeaderWriterFilter@7c206b14, org.springframework.security.web.authentication.logout.LogoutFilter@e6e5da4, org.springframework.security.oauth2.provider.authentication.OAuth2AuthenticationProcessingFilter@6da646b8, org.springframework.security.web.savedrequest.RequestCacheAwareFilter@46d148bd, org.springframework.security.web.servletapi.SecurityContextHolderAwareRequestFilter@4470106b, org.springframework.security.web.authentication.AnonymousAuthenticationFilter@59b98ad1, org.springframework.security.web.session.SessionManagementFilter@151a6598, org.springframework.security.web.access.ExceptionTranslationFilter@14239223, org.springframework.security.web.access.intercept.FilterSecurityInterceptor@23a78c77]
2021-12-08 14:15:21.640 INFO  --- [main] org.apache.coyote.http11.Http11NioProtocol : Starting ProtocolHandler ["http-nio-9010"]
2021-12-08 14:15:21.682 INFO  --- [main] org.springframework.boot.web.embedded.tomcat.TomcatWebServer : Tomcat started on port(s): 9010 (http) with context path ''
2021-12-08 14:15:21.684 INFO  --- [main] org.springframework.scheduling.quartz.SchedulerFactoryBean : Starting Quartz Scheduler now
2021-12-08 14:15:21.684 INFO  --- [main] org.quartz.core.QuartzScheduler : Scheduler quartzScheduler_$_NON_CLUSTERED started.
2021-12-08 14:15:21.699 INFO  --- [main] com.mt.demo2.RunApplication : Started RunApplication in 7.696 seconds (JVM running for 10.819)
2021-12-08 14:15:26.009 INFO  --- [http-nio-9010-exec-1] org.apache.catalina.core.ContainerBase.[Tomcat].[localhost].[/] : Initializing Spring DispatcherServlet 'dispatcherServlet'
2021-12-08 14:15:26.010 INFO  --- [http-nio-9010-exec-1] org.springframework.web.servlet.DispatcherServlet : Initializing Servlet 'dispatcherServlet'
2021-12-08 14:15:26.035 INFO  --- [http-nio-9010-exec-1] org.springframework.web.servlet.DispatcherServlet : Completed initialization in 25 ms
2021-12-08 14:15:34.494 ERROR --- [http-nio-9010-exec-1] com.mt.common.exception.RRExceptionHandler : 
### Error updating database.  Cause: java.sql.SQLSyntaxErrorException: Unknown column 'equip_code' in 'field list'
### The error may exist in com/mt/power/dao/LoadRateDao.java (best guess)
### The error may involve com.mt.power.dao.LoadRateDao.insert-Inline
### The error occurred while setting parameters
### SQL: INSERT INTO load_rate  ( time, value, equip_code )  VALUES  ( ?, ?, ? )
### Cause: java.sql.SQLSyntaxErrorException: Unknown column 'equip_code' in 'field list'
; bad SQL grammar []; nested exception is java.sql.SQLSyntaxErrorException: Unknown column 'equip_code' in 'field list'
org.springframework.jdbc.BadSqlGrammarException: 
### Error updating database.  Cause: java.sql.SQLSyntaxErrorException: Unknown column 'equip_code' in 'field list'
### The error may exist in com/mt/power/dao/LoadRateDao.java (best guess)
### The error may involve com.mt.power.dao.LoadRateDao.insert-Inline
### The error occurred while setting parameters
### SQL: INSERT INTO load_rate  ( time, value, equip_code )  VALUES  ( ?, ?, ? )
### Cause: java.sql.SQLSyntaxErrorException: Unknown column 'equip_code' in 'field list'
; bad SQL grammar []; nested exception is java.sql.SQLSyntaxErrorException: Unknown column 'equip_code' in 'field list'
	at org.springframework.jdbc.support.SQLErrorCodeSQLExceptionTranslator.doTranslate(SQLErrorCodeSQLExceptionTranslator.java:235)
	at org.springframework.jdbc.support.AbstractFallbackSQLExceptionTranslator.translate(AbstractFallbackSQLExceptionTranslator.java:72)
	at org.mybatis.spring.MyBatisExceptionTranslator.translateExceptionIfPossible(MyBatisExceptionTranslator.java:88)
	at org.mybatis.spring.SqlSessionTemplate$SqlSessionInterceptor.invoke(SqlSessionTemplate.java:440)
	at com.sun.proxy.$Proxy75.insert(Unknown Source)
	at org.mybatis.spring.SqlSessionTemplate.insert(SqlSessionTemplate.java:271)
	at com.baomidou.mybatisplus.core.override.MybatisMapperMethod.execute(MybatisMapperMethod.java:60)
	at com.baomidou.mybatisplus.core.override.MybatisMapperProxy.invoke(MybatisMapperProxy.java:96)
	at com.sun.proxy.$Proxy116.insert(Unknown Source)
	at com.baomidou.mybatisplus.extension.service.IService.save(IService.java:59)
	at com.baomidou.mybatisplus.extension.service.IService$$FastClassBySpringCGLIB$$f8525d18.invoke(<generated>)
	at org.springframework.cglib.proxy.MethodProxy.invoke(MethodProxy.java:218)
	at org.springframework.aop.framework.CglibAopProxy$DynamicAdvisedInterceptor.intercept(CglibAopProxy.java:687)
	at com.mt.power.service.impl.LoadRateServiceImpl$$EnhancerBySpringCGLIB$$51460b78.save(<generated>)
	at com.mt.power.controller.PowerController.loadRate(PowerController.java:486)
	at sun.reflect.NativeMethodAccessorImpl.invoke0(Native Method)
	at sun.reflect.NativeMethodAccessorImpl.invoke(NativeMethodAccessorImpl.java:62)
	at sun.reflect.DelegatingMethodAccessorImpl.invoke(DelegatingMethodAccessorImpl.java:43)
	at java.lang.reflect.Method.invoke(Method.java:498)
	at org.springframework.web.method.support.InvocableHandlerMethod.doInvoke(InvocableHandlerMethod.java:190)
	at org.springframework.web.method.support.InvocableHandlerMethod.invokeForRequest(InvocableHandlerMethod.java:138)
	at org.springframework.web.servlet.mvc.method.annotation.ServletInvocableHandlerMethod.invokeAndHandle(ServletInvocableHandlerMethod.java:105)
	at org.springframework.web.servlet.mvc.method.annotation.RequestMappingHandlerAdapter.invokeHandlerMethod(RequestMappingHandlerAdapter.java:879)
	at org.springframework.web.servlet.mvc.method.annotation.RequestMappingHandlerAdapter.handleInternal(RequestMappingHandlerAdapter.java:793)
	at org.springframework.web.servlet.mvc.method.AbstractHandlerMethodAdapter.handle(AbstractHandlerMethodAdapter.java:87)
	at org.springframework.web.servlet.DispatcherServlet.doDispatch(DispatcherServlet.java:1040)
	at org.springframework.web.servlet.DispatcherServlet.doService(DispatcherServlet.java:943)
	at org.springframework.web.servlet.FrameworkServlet.processRequest(FrameworkServlet.java:1006)
	at org.springframework.web.servlet.FrameworkServlet.doGet(FrameworkServlet.java:898)
	at javax.servlet.http.HttpServlet.service(HttpServlet.java:634)
	at org.springframework.web.servlet.FrameworkServlet.service(FrameworkServlet.java:883)
	at javax.servlet.http.HttpServlet.service(HttpServlet.java:741)
	at org.apache.catalina.core.ApplicationFilterChain.internalDoFilter(ApplicationFilterChain.java:231)
	at org.apache.catalina.core.ApplicationFilterChain.doFilter(ApplicationFilterChain.java:166)
	at org.apache.tomcat.websocket.server.WsFilter.doFilter(WsFilter.java:53)
	at org.apache.catalina.core.ApplicationFilterChain.internalDoFilter(ApplicationFilterChain.java:193)
	at org.apache.catalina.core.ApplicationFilterChain.doFilter(ApplicationFilterChain.java:166)
	at org.springframework.security.web.FilterChainProxy$VirtualFilterChain.doFilter(FilterChainProxy.java:320)
	at org.springframework.security.web.access.intercept.FilterSecurityInterceptor.invoke(FilterSecurityInterceptor.java:126)
	at org.springframework.security.web.access.intercept.FilterSecurityInterceptor.doFilter(FilterSecurityInterceptor.java:90)
	at org.springframework.security.web.FilterChainProxy$VirtualFilterChain.doFilter(FilterChainProxy.java:334)
	at org.springframework.security.web.access.ExceptionTranslationFilter.doFilter(ExceptionTranslationFilter.java:118)
	at org.springframework.security.web.FilterChainProxy$VirtualFilterChain.doFilter(FilterChainProxy.java:334)
	at org.springframework.security.web.session.SessionManagementFilter.doFilter(SessionManagementFilter.java:137)
	at org.springframework.security.web.FilterChainProxy$VirtualFilterChain.doFilter(FilterChainProxy.java:334)
	at org.springframework.security.web.authentication.AnonymousAuthenticationFilter.doFilter(AnonymousAuthenticationFilter.java:111)
	at org.springframework.security.web.FilterChainProxy$VirtualFilterChain.doFilter(FilterChainProxy.java:334)
	at org.springframework.security.web.servletapi.SecurityContextHolderAwareRequestFilter.doFilter(SecurityContextHolderAwareRequestFilter.java:158)
	at org.springframework.security.web.FilterChainProxy$VirtualFilterChain.doFilter(FilterChainProxy.java:334)
	at org.springframework.security.web.savedrequest.RequestCacheAwareFilter.doFilter(RequestCacheAwareFilter.java:63)
	at org.springframework.security.web.FilterChainProxy$VirtualFilterChain.doFilter(FilterChainProxy.java:334)
	at org.springframework.security.oauth2.provider.authentication.OAuth2AuthenticationProcessingFilter.doFilter(OAuth2AuthenticationProcessingFilter.java:176)
	at org.springframework.security.web.FilterChainProxy$VirtualFilterChain.doFilter(FilterChainProxy.java:334)
	at org.springframework.security.web.authentication.logout.LogoutFilter.doFilter(LogoutFilter.java:116)
	at org.springframework.security.web.FilterChainProxy$VirtualFilterChain.doFilter(FilterChainProxy.java:334)
	at org.springframework.security.web.header.HeaderWriterFilter.doHeadersAfter(HeaderWriterFilter.java:92)
	at org.springframework.security.web.header.HeaderWriterFilter.doFilterInternal(HeaderWriterFilter.java:77)
	at org.springframework.web.filter.OncePerRequestFilter.doFilter(OncePerRequestFilter.java:119)
	at org.springframework.security.web.FilterChainProxy$VirtualFilterChain.doFilter(FilterChainProxy.java:334)
	at org.springframework.security.web.context.SecurityContextPersistenceFilter.doFilter(SecurityContextPersistenceFilter.java:105)
	at org.springframework.security.web.FilterChainProxy$VirtualFilterChain.doFilter(FilterChainProxy.java:334)
	at org.springframework.security.web.context.request.async.WebAsyncManagerIntegrationFilter.doFilterInternal(WebAsyncManagerIntegrationFilter.java:56)
	at org.springframework.web.filter.OncePerRequestFilter.doFilter(OncePerRequestFilter.java:119)
	at org.springframework.security.web.FilterChainProxy$VirtualFilterChain.doFilter(FilterChainProxy.java:334)
	at org.springframework.security.web.FilterChainProxy.doFilterInternal(FilterChainProxy.java:215)
	at org.springframework.security.web.FilterChainProxy.doFilter(FilterChainProxy.java:178)
	at org.springframework.web.filter.DelegatingFilterProxy.invokeDelegate(DelegatingFilterProxy.java:358)
	at org.springframework.web.filter.DelegatingFilterProxy.doFilter(DelegatingFilterProxy.java:271)
	at org.apache.catalina.core.ApplicationFilterChain.internalDoFilter(ApplicationFilterChain.java:193)
	at org.apache.catalina.core.ApplicationFilterChain.doFilter(ApplicationFilterChain.java:166)
	at org.springframework.web.filter.RequestContextFilter.doFilterInternal(RequestContextFilter.java:100)
	at org.springframework.web.filter.OncePerRequestFilter.doFilter(OncePerRequestFilter.java:119)
	at org.apache.catalina.core.ApplicationFilterChain.internalDoFilter(ApplicationFilterChain.java:193)
	at org.apache.catalina.core.ApplicationFilterChain.doFilter(ApplicationFilterChain.java:166)
	at org.springframework.web.filter.FormContentFilter.doFilterInternal(FormContentFilter.java:93)
	at org.springframework.web.filter.OncePerRequestFilter.doFilter(OncePerRequestFilter.java:119)
	at org.apache.catalina.core.ApplicationFilterChain.internalDoFilter(ApplicationFilterChain.java:193)
	at org.apache.catalina.core.ApplicationFilterChain.doFilter(ApplicationFilterChain.java:166)
	at org.springframework.web.filter.CharacterEncodingFilter.doFilterInternal(CharacterEncodingFilter.java:201)
	at org.springframework.web.filter.OncePerRequestFilter.doFilter(OncePerRequestFilter.java:119)
	at org.apache.catalina.core.ApplicationFilterChain.internalDoFilter(ApplicationFilterChain.java:193)
	at org.apache.catalina.core.ApplicationFilterChain.doFilter(ApplicationFilterChain.java:166)
	at com.mt.auth.config.CorsFilter.doFilter(CorsFilter.java:34)
	at org.apache.catalina.core.ApplicationFilterChain.internalDoFilter(ApplicationFilterChain.java:193)
	at org.apache.catalina.core.ApplicationFilterChain.doFilter(ApplicationFilterChain.java:166)
	at org.apache.catalina.core.StandardWrapperValve.invoke(StandardWrapperValve.java:202)
	at org.apache.catalina.core.StandardContextValve.invoke(StandardContextValve.java:96)
	at org.apache.catalina.authenticator.AuthenticatorBase.invoke(AuthenticatorBase.java:541)
	at org.apache.catalina.core.StandardHostValve.invoke(StandardHostValve.java:139)
	at org.apache.catalina.valves.ErrorReportValve.invoke(ErrorReportValve.java:92)
	at org.apache.catalina.core.StandardEngineValve.invoke(StandardEngineValve.java:74)
	at org.apache.catalina.connector.CoyoteAdapter.service(CoyoteAdapter.java:343)
	at org.apache.coyote.http11.Http11Processor.service(Http11Processor.java:373)
	at org.apache.coyote.AbstractProcessorLight.process(AbstractProcessorLight.java:65)
	at org.apache.coyote.AbstractProtocol$ConnectionHandler.process(AbstractProtocol.java:868)
	at org.apache.tomcat.util.net.NioEndpoint$SocketProcessor.doRun(NioEndpoint.java:1590)
	at org.apache.tomcat.util.net.SocketProcessorBase.run(SocketProcessorBase.java:49)
	at java.util.concurrent.ThreadPoolExecutor.runWorker(ThreadPoolExecutor.java:1149)
	at java.util.concurrent.ThreadPoolExecutor$Worker.run(ThreadPoolExecutor.java:624)
	at org.apache.tomcat.util.threads.TaskThread$WrappingRunnable.run(TaskThread.java:61)
	at java.lang.Thread.run(Thread.java:748)
Caused by: java.sql.SQLSyntaxErrorException: Unknown column 'equip_code' in 'field list'
	at com.mysql.cj.jdbc.exceptions.SQLError.createSQLException(SQLError.java:120)
	at com.mysql.cj.jdbc.exceptions.SQLError.createSQLException(SQLError.java:97)
	at com.mysql.cj.jdbc.exceptions.SQLExceptionsMapping.translateException(SQLExceptionsMapping.java:122)
	at com.mysql.cj.jdbc.ClientPreparedStatement.executeInternal(ClientPreparedStatement.java:953)
	at com.mysql.cj.jdbc.ClientPreparedStatement.execute(ClientPreparedStatement.java:370)
	at com.zaxxer.hikari.pool.ProxyPreparedStatement.execute(ProxyPreparedStatement.java:44)
	at com.zaxxer.hikari.pool.HikariProxyPreparedStatement.execute(HikariProxyPreparedStatement.java)
	at sun.reflect.NativeMethodAccessorImpl.invoke0(Native Method)
	at sun.reflect.NativeMethodAccessorImpl.invoke(NativeMethodAccessorImpl.java:62)
	at sun.reflect.DelegatingMethodAccessorImpl.invoke(DelegatingMethodAccessorImpl.java:43)
	at java.lang.reflect.Method.invoke(Method.java:498)
	at org.apache.ibatis.logging.jdbc.PreparedStatementLogger.invoke(PreparedStatementLogger.java:59)
	at com.sun.proxy.$Proxy149.execute(Unknown Source)
	at org.apache.ibatis.executor.statement.PreparedStatementHandler.update(PreparedStatementHandler.java:47)
	at org.apache.ibatis.executor.statement.RoutingStatementHandler.update(RoutingStatementHandler.java:74)
	at sun.reflect.NativeMethodAccessorImpl.invoke0(Native Method)
	at sun.reflect.NativeMethodAccessorImpl.invoke(NativeMethodAccessorImpl.java:62)
	at sun.reflect.DelegatingMethodAccessorImpl.invoke(DelegatingMethodAccessorImpl.java:43)
	at java.lang.reflect.Method.invoke(Method.java:498)
	at org.apache.ibatis.plugin.Plugin.invoke(Plugin.java:63)
	at com.sun.proxy.$Proxy147.update(Unknown Source)
	at com.baomidou.mybatisplus.core.executor.MybatisSimpleExecutor.doUpdate(MybatisSimpleExecutor.java:54)
	at org.apache.ibatis.executor.BaseExecutor.update(BaseExecutor.java:117)
	at com.baomidou.mybatisplus.core.executor.MybatisCachingExecutor.update(MybatisCachingExecutor.java:83)
	at org.apache.ibatis.session.defaults.DefaultSqlSession.update(DefaultSqlSession.java:197)
	at org.apache.ibatis.session.defaults.DefaultSqlSession.insert(DefaultSqlSession.java:184)
	at sun.reflect.NativeMethodAccessorImpl.invoke0(Native Method)
	at sun.reflect.NativeMethodAccessorImpl.invoke(NativeMethodAccessorImpl.java:62)
	at sun.reflect.DelegatingMethodAccessorImpl.invoke(DelegatingMethodAccessorImpl.java:43)
	at java.lang.reflect.Method.invoke(Method.java:498)
	at org.mybatis.spring.SqlSessionTemplate$SqlSessionInterceptor.invoke(SqlSessionTemplate.java:426)
	... 97 common frames omitted
2021-12-08 15:17:26.591 INFO  --- [SpringContextShutdownHook] org.quartz.core.QuartzScheduler : Scheduler quartzScheduler_$_NON_CLUSTERED paused.
2021-12-08 15:17:26.648 INFO  --- [SpringContextShutdownHook] org.springframework.scheduling.quartz.SchedulerFactoryBean : Shutting down Quartz Scheduler
2021-12-08 15:17:26.649 INFO  --- [SpringContextShutdownHook] org.quartz.core.QuartzScheduler : Scheduler quartzScheduler_$_NON_CLUSTERED shutting down.
2021-12-08 15:17:26.649 INFO  --- [SpringContextShutdownHook] org.quartz.core.QuartzScheduler : Scheduler quartzScheduler_$_NON_CLUSTERED paused.
2021-12-08 15:17:26.650 INFO  --- [SpringContextShutdownHook] org.quartz.core.QuartzScheduler : Scheduler quartzScheduler_$_NON_CLUSTERED shutdown complete.
2021-12-08 15:17:26.652 INFO  --- [SpringContextShutdownHook] org.springframework.scheduling.concurrent.ThreadPoolTaskExecutor : Shutting down ExecutorService 'applicationTaskExecutor'
2021-12-08 15:17:26.657 INFO  --- [SpringContextShutdownHook] com.baomidou.dynamic.datasource.DynamicRoutingDataSource : dynamic-datasource start closing ....
2021-12-08 15:17:26.658 INFO  --- [SpringContextShutdownHook] com.zaxxer.hikari.HikariDataSource : base - Shutdown initiated...
2021-12-08 15:17:26.664 INFO  --- [SpringContextShutdownHook] com.zaxxer.hikari.HikariDataSource : base - Shutdown completed.
2021-12-08 15:17:26.664 INFO  --- [SpringContextShutdownHook] com.baomidou.dynamic.datasource.DynamicRoutingDataSource : dynamic-datasource all closed success,bye
2021-12-08 15:17:45.787 INFO  --- [main] com.mt.demo2.RunApplication : Starting RunApplication on wuhaotiandeMacBook-Pro.local with PID 2657 (/Users/wuhaotian/Desktop/My/my-server/target/classes started by wuhaotian in /Users/wuhaotian/Desktop/My/my-server)
2021-12-08 15:17:45.826 INFO  --- [main] com.mt.demo2.RunApplication : No active profile set, falling back to default profiles: default
2021-12-08 15:17:49.434 INFO  --- [main] org.springframework.boot.web.embedded.tomcat.TomcatWebServer : Tomcat initialized with port(s): 9010 (http)
2021-12-08 15:17:49.449 INFO  --- [main] org.apache.coyote.http11.Http11NioProtocol : Initializing ProtocolHandler ["http-nio-9010"]
2021-12-08 15:17:49.450 INFO  --- [main] org.apache.catalina.core.StandardService : Starting service [Tomcat]
2021-12-08 15:17:49.451 INFO  --- [main] org.apache.catalina.core.StandardEngine : Starting Servlet engine: [Apache Tomcat/9.0.36]
2021-12-08 15:17:49.574 INFO  --- [main] org.apache.catalina.core.ContainerBase.[Tomcat].[localhost].[/] : Initializing Spring embedded WebApplicationContext
2021-12-08 15:17:49.575 INFO  --- [main] org.springframework.boot.web.servlet.context.ServletWebServerApplicationContext : Root WebApplicationContext: initialization completed in 3542 ms
2021-12-08 15:17:49.898 INFO  --- [main] com.zaxxer.hikari.HikariDataSource : base - Starting...
2021-12-08 15:17:50.877 INFO  --- [main] com.zaxxer.hikari.HikariDataSource : base - Start completed.
2021-12-08 15:17:50.878 INFO  --- [main] com.baomidou.dynamic.datasource.DynamicRoutingDataSource : dynamic-datasource - load a datasource named [base] success
2021-12-08 15:17:50.878 INFO  --- [main] com.baomidou.dynamic.datasource.DynamicRoutingDataSource : dynamic-datasource initial loaded [1] datasource,primary datasource named [base]
2021-12-08 15:17:51.671 ERROR --- [main] com.baomidou.mybatisplus.core.MybatisConfiguration : mapper[com.mt.dictionary.mapper.DictionaryMapper.getListOne] is ignored, because it exists, maybe from xml file
2021-12-08 15:17:52.674 INFO  --- [main] org.springframework.scheduling.concurrent.ThreadPoolTaskExecutor : Initializing ExecutorService 'applicationTaskExecutor'
2021-12-08 15:17:53.038 INFO  --- [main] org.quartz.impl.StdSchedulerFactory : Using default implementation for ThreadExecutor
2021-12-08 15:17:53.055 INFO  --- [main] org.quartz.core.SchedulerSignalerImpl : Initialized Scheduler Signaller of type: class org.quartz.core.SchedulerSignalerImpl
2021-12-08 15:17:53.055 INFO  --- [main] org.quartz.core.QuartzScheduler : Quartz Scheduler v.2.3.0 created.
2021-12-08 15:17:53.056 INFO  --- [main] org.quartz.simpl.RAMJobStore : RAMJobStore initialized.
2021-12-08 15:17:53.057 INFO  --- [main] org.quartz.core.QuartzScheduler : Scheduler meta-data: Quartz Scheduler (v2.3.0) 'quartzScheduler' with instanceId 'NON_CLUSTERED'
  Scheduler class: 'org.quartz.core.QuartzScheduler' - running locally.
  NOT STARTED.
  Currently in standby mode.
  Number of jobs executed: 0
  Using thread pool 'org.quartz.simpl.SimpleThreadPool' - with 10 threads.
  Using job-store 'org.quartz.simpl.RAMJobStore' - which does not support persistence. and is not clustered.

2021-12-08 15:17:53.057 INFO  --- [main] org.quartz.impl.StdSchedulerFactory : Quartz scheduler 'quartzScheduler' initialized from an externally provided properties instance.
2021-12-08 15:17:53.058 INFO  --- [main] org.quartz.impl.StdSchedulerFactory : Quartz scheduler version: 2.3.0
2021-12-08 15:17:53.058 INFO  --- [main] org.quartz.core.QuartzScheduler : JobFactory set to: org.springframework.scheduling.quartz.SpringBeanJobFactory@965bcbc
2021-12-08 15:17:53.111 INFO  --- [main] org.springframework.boot.autoconfigure.security.servlet.UserDetailsServiceAutoConfiguration : 

Using generated security password: d4bf70f7-77af-4a6a-903d-2fcaf63cc95f

2021-12-08 15:17:53.408 INFO  --- [main] org.springframework.security.web.DefaultSecurityFilterChain : Creating filter chain: any request, [org.springframework.security.web.context.request.async.WebAsyncManagerIntegrationFilter@1a06602f, org.springframework.security.web.context.SecurityContextPersistenceFilter@ab2009f, org.springframework.security.web.header.HeaderWriterFilter@97beeaf, org.springframework.security.web.authentication.logout.LogoutFilter@54556723, org.springframework.security.oauth2.provider.authentication.OAuth2AuthenticationProcessingFilter@67f8f5a6, org.springframework.security.web.savedrequest.RequestCacheAwareFilter@1e4d8770, org.springframework.security.web.servletapi.SecurityContextHolderAwareRequestFilter@8aa5ab4, org.springframework.security.web.authentication.AnonymousAuthenticationFilter@46591e98, org.springframework.security.web.session.SessionManagementFilter@4d8f2cfd, org.springframework.security.web.access.ExceptionTranslationFilter@4c13ca07, org.springframework.security.web.access.intercept.FilterSecurityInterceptor@49a06087]
2021-12-08 15:17:53.484 INFO  --- [main] org.apache.coyote.http11.Http11NioProtocol : Starting ProtocolHandler ["http-nio-9010"]
2021-12-08 15:17:53.526 INFO  --- [main] org.springframework.boot.web.embedded.tomcat.TomcatWebServer : Tomcat started on port(s): 9010 (http) with context path ''
2021-12-08 15:17:53.528 INFO  --- [main] org.springframework.scheduling.quartz.SchedulerFactoryBean : Starting Quartz Scheduler now
2021-12-08 15:17:53.529 INFO  --- [main] org.quartz.core.QuartzScheduler : Scheduler quartzScheduler_$_NON_CLUSTERED started.
2021-12-08 15:17:53.544 INFO  --- [main] com.mt.demo2.RunApplication : Started RunApplication in 9.207 seconds (JVM running for 13.112)
2021-12-08 15:17:59.979 INFO  --- [http-nio-9010-exec-1] org.apache.catalina.core.ContainerBase.[Tomcat].[localhost].[/] : Initializing Spring DispatcherServlet 'dispatcherServlet'
2021-12-08 15:17:59.980 INFO  --- [http-nio-9010-exec-1] org.springframework.web.servlet.DispatcherServlet : Initializing Servlet 'dispatcherServlet'
2021-12-08 15:17:59.993 INFO  --- [http-nio-9010-exec-1] org.springframework.web.servlet.DispatcherServlet : Completed initialization in 13 ms
2021-12-08 21:42:25.540 WARN  --- [base housekeeper] com.zaxxer.hikari.pool.HikariPool : base - Thread starvation or clock leap detected (housekeeper delta=3h13m32s999ms).
